<?xml version="1.0" encoding="UTF-8" ?>
<testsuite errors="1" failures="6" hostname="fit-vm8-239" name="com.ibm.rdm.client.api.tests.AllAutomatedTests" tests="1740" time="14429.64" timestamp="2014-03-18T09:04:22">
  <properties>
    <property name="java.vendor" value="IBM Corporation" />
    <property name="CLOUDSERVER" value="rmtools.raleigh.ibm.com" />
    <property name="sun.java.launcher" value="SUN_STANDARD" />
    <property name="ant.file.JUnits" value="/tmp/tools/RMS_VVC5.0-T20140318_0414/JUNIT/build.xml" />
    <property name="os.name" value="Linux" />
    <property name="sun.boot.class.path" value="/tmp/tools/jre/lib/amd64/default/jclSC160/vm.jar:/tmp/tools/jre/lib/annotation.jar:/tmp/tools/jre/lib/beans.jar:/tmp/tools/jre/lib/java.util.jar:/tmp/tools/jre/lib/jndi.jar:/tmp/tools/jre/lib/logging.jar:/tmp/tools/jre/lib/security.jar:/tmp/tools/jre/lib/sql.jar:/tmp/tools/jre/lib/ibmorb.jar:/tmp/tools/jre/lib/ibmorbapi.jar:/tmp/tools/jre/lib/ibmcfw.jar:/tmp/tools/jre/lib/rt.jar:/tmp/tools/jre/lib/charsets.jar:/tmp/tools/jre/lib/resources.jar:/tmp/tools/jre/lib/ibmpkcs.jar:/tmp/tools/jre/lib/ibmcertpathfw.jar:/tmp/tools/jre/lib/ibmjgssfw.jar:/tmp/tools/jre/lib/ibmjssefw.jar:/tmp/tools/jre/lib/ibmsaslfw.jar:/tmp/tools/jre/lib/ibmjcefw.jar:/tmp/tools/jre/lib/ibmjgssprovider.jar:/tmp/tools/jre/lib/ibmjsseprovider2.jar:/tmp/tools/jre/lib/ibmcertpathprovider.jar:/tmp/tools/jre/lib/management-agent.jar:/tmp/tools/jre/lib/xml.jar:/tmp/tools/jre/lib/jlm.jar:/tmp/tools/jre/lib/javascript.jar" />
    <property name="latestGoodBuild" value="RMS_VVC5.0-T20140318_0414" />
    <property name="sun.java2d.fontpath" value="" />
    <property name="java.vm.specification.vendor" value="Sun Microsystems Inc." />
    <property name="java.runtime.version" value="pxa6460sr12-20121025_01 (SR12)" />
    <property name="test.classpath" value="/tmp/tools/RMS_VVC5.0-T20140318_0414/JUNIT/rdm-junit-tests-RMS_VVC5.0-T20140318_0414/eclipse/plugins/com.google.guava_13.0.0/guava-13.0.jar:/tmp/tools/RMS_VVC5.0-T20140318_0414/JUNIT/rdm-junit-tests-RMS_VVC5.0-T20140318_0414/eclipse/plugins/com.hp.hpl.jena.rdf_2.7.2000.v20140124_0046/lib/jena-arq-2.9.4_patch_September24_2013.jar:/tmp/tools/RMS_VVC5.0-T20140318_0414/JUNIT/rdm-junit-tests-RMS_VVC5.0-T20140318_0414/eclipse/plugins/com.hp.hpl.jena.rdf_2.7.2000.v20140124_0046/lib/jena-core-2.7.4_patch_January22_2014.jar:/tmp/tools/RMS_VVC5.0-T20140318_0414/JUNIT/rdm-junit-tests-RMS_VVC5.0-T20140318_0414/eclipse/plugins/com.hp.hpl.jena.rdf_2.7.2000.v20140124_0046/lib/jena-iri-0.9.4.jar:/tmp/tools/RMS_VVC5.0-T20140318_0414/JUNIT/rdm-junit-tests-RMS_VVC5.0-T20140318_0414/eclipse/plugins/com.hp.hpl.jena.rdf_2.7.2000.v20140124_0046/lib/slf4j-api-1.6.4.jar:/tmp/tools/RMS_VVC5.0-T20140318_0414/JUNIT/rdm-junit-tests-RMS_VVC5.0-T20140318_0414/eclipse/plugins/com.hp.hpl.jena.rdf_2.7.2000.v20140124_0046/lib/slf4j-log4j12-1.6.4.jar:/tmp/tools/RMS_VVC5.0-T20140318_0414/JUNIT/rdm-junit-tests-RMS_VVC5.0-T20140318_0414/eclipse/plugins/com.hp.hpl.jena.rdf_2.7.2000.v20140124_0046/lib/xercesImpl-2.10.0-patched.jar:/tmp/tools/RMS_VVC5.0-T20140318_0414/JUNIT/rdm-junit-tests-RMS_VVC5.0-T20140318_0414/eclipse/plugins/com.hp.hpl.jena.rdf_2.7.2000.v20140124_0046/lib/xml-apis-1.4.01.jar:/tmp/tools/RMS_VVC5.0-T20140318_0414/JUNIT/rdm-junit-tests-RMS_VVC5.0-T20140318_0414/eclipse/plugins/com.hp.hpl.jena_2.7.4.v20130320_1901/lib/jena-tdb-0.9.4.jar:/tmp/tools/RMS_VVC5.0-T20140318_0414/JUNIT/rdm-junit-tests-RMS_VVC5.0-T20140318_0414/eclipse/plugins/com.ibm.icu_4.2.1.v20100412.jar:/tmp/tools/RMS_VVC5.0-T20140318_0414/JUNIT/rdm-junit-tests-RMS_VVC5.0-T20140318_0414/eclipse/plugins/com.ibm.rdm.client.api.tests_4.0.600.v20140318_0533.jar:/tmp/tools/RMS_VVC5.0-T20140318_0414/JUNIT/rdm-junit-tests-RMS_VVC5.0-T20140318_0414/eclipse/plugins/com.ibm.rdm.client.oauth_1.0.100.v20140226_2012.jar:/tmp/tools/RMS_VVC5.0-T20140318_0414/JUNIT/rdm-junit-tests-RMS_VVC5.0-T20140318_0414/eclipse/plugins/com.ibm.rdm.common_5.0.0.v20140318_0533.jar:/tmp/tools/RMS_VVC5.0-T20140318_0414/JUNIT/rdm-junit-tests-RMS_VVC5.0-T20140318_0414/eclipse/plugins/com.ibm.rdm.fronting.server.repotools_4.0.0.v20140313_1729.jar:/tmp/tools/RMS_VVC5.0-T20140318_0414/JUNIT/rdm-junit-tests-RMS_VVC5.0-T20140318_0414/eclipse/plugins/com.ibm.rdm.fronting.server.rrs.etl_1.0.4000.v20140318_0533.jar:/tmp/tools/RMS_VVC5.0-T20140318_0414/JUNIT/rdm-junit-tests-RMS_VVC5.0-T20140318_0414/eclipse/plugins/com.ibm.rdm.fronting.server.rrs.glossary_4.0.500.v20140130_1643.jar:/tmp/tools/RMS_VVC5.0-T20140318_0414/JUNIT/rdm-junit-tests-RMS_VVC5.0-T20140318_0414/eclipse/plugins/com.ibm.rdm.fronting.server.rrs.importer_5.0.0.v20140318_0533.jar:/tmp/tools/RMS_VVC5.0-T20140318_0414/JUNIT/rdm-junit-tests-RMS_VVC5.0-T20140318_0414/eclipse/plugins/com.ibm.rdm.fronting.server.rrs.linkconstraints_4.0.400.v20131023_1759.jar:/tmp/tools/RMS_VVC5.0-T20140318_0414/JUNIT/rdm-junit-tests-RMS_VVC5.0-T20140318_0414/eclipse/plugins/com.ibm.rdm.fronting.server.rrs.links_4.0.600.v20140318_0533.jar:/tmp/tools/RMS_VVC5.0-T20140318_0414/JUNIT/rdm-junit-tests-RMS_VVC5.0-T20140318_0414/eclipse/plugins/com.ibm.rdm.fronting.server.rrs.migration.reqpro_5.0.0.v20140313_1729.jar:/tmp/tools/RMS_VVC5.0-T20140318_0414/JUNIT/rdm-junit-tests-RMS_VVC5.0-T20140318_0414/eclipse/plugins/com.ibm.rdm.fronting.server.rrs.operations_4.0.300.v20131023_1759.jar:/tmp/tools/RMS_VVC5.0-T20140318_0414/JUNIT/rdm-junit-tests-RMS_VVC5.0-T20140318_0414/eclipse/plugins/com.ibm.rdm.fronting.server.rrs.publish_5.0.0.v20140317_0917.jar:/tmp/tools/RMS_VVC5.0-T20140318_0414/JUNIT/rdm-junit-tests-RMS_VVC5.0-T20140318_0414/eclipse/plugins/com.ibm.rdm.fronting.server.rrs.reqif_5.0.0.v20140313_1729.jar:/tmp/tools/RMS_VVC5.0-T20140318_0414/JUNIT/rdm-junit-tests-RMS_VVC5.0-T20140318_0414/eclipse/plugins/com.ibm.rdm.fronting.server.rrs.suspectlinks_5.0.0.v20140313_1729.jar:/tmp/tools/RMS_VVC5.0-T20140318_0414/JUNIT/rdm-junit-tests-RMS_VVC5.0-T20140318_0414/eclipse/plugins/com.ibm.rdm.fronting.server.rrs.templates_5.0.0.v20140313_1729.jar:/tmp/tools/RMS_VVC5.0-T20140318_0414/JUNIT/rdm-junit-tests-RMS_VVC5.0-T20140318_0414/eclipse/plugins/com.ibm.rdm.fronting.server.rrs.tests_4.0.400.v20140313_1426.jar:/tmp/tools/RMS_VVC5.0-T20140318_0414/JUNIT/rdm-junit-tests-RMS_VVC5.0-T20140318_0414/eclipse/plugins/com.ibm.rdm.fronting.server.rrs.views_5.0.0.v20140318_0533.jar:/tmp/tools/RMS_VVC5.0-T20140318_0414/JUNIT/rdm-junit-tests-RMS_VVC5.0-T20140318_0414/eclipse/plugins/com.ibm.rdm.fronting.server.rrs.vvcproxy_4.0.600.v20140318_0533.jar:/tmp/tools/RMS_VVC5.0-T20140318_0414/JUNIT/rdm-junit-tests-RMS_VVC5.0-T20140318_0414/eclipse/plugins/com.ibm.rdm.fronting.server.scripts_4.0.500.v20131023_1759.jar:/tmp/tools/RMS_VVC5.0-T20140318_0414/JUNIT/rdm-junit-tests-RMS_VVC5.0-T20140318_0414/eclipse/plugins/com.ibm.rdm.fronting.server_5.0.0.v20140318_0814.jar:/tmp/tools/RMS_VVC5.0-T20140318_0414/JUNIT/rdm-junit-tests-RMS_VVC5.0-T20140318_0414/eclipse/plugins/com.ibm.rdm.oslc.query_5.0.0.v20140313_1729.jar:/tmp/tools/RMS_VVC5.0-T20140318_0414/JUNIT/rdm-junit-tests-RMS_VVC5.0-T20140318_0414/eclipse/plugins/com.ibm.rdm.rest_5.0.0.v20140313_1729.jar:/tmp/tools/RMS_VVC5.0-T20140318_0414/JUNIT/rdm-junit-tests-RMS_VVC5.0-T20140318_0414/eclipse/plugins/com.ibm.rdm.rql_4.0.500.v20131023_1759.jar:/tmp/tools/RMS_VVC5.0-T20140318_0414/JUNIT/rdm-junit-tests-RMS_VVC5.0-T20140318_0414/eclipse/plugins/com.ibm.team.jfs.app.cache_1.1.1100.v20120901_0511.jar:/tmp/tools/RMS_VVC5.0-T20140318_0414/JUNIT/rdm-junit-tests-RMS_VVC5.0-T20140318_0414/eclipse/plugins/com.ibm.team.jfs.app.distributed_2.3.0.v20140307_1622.jar:/tmp/tools/RMS_VVC5.0-T20140318_0414/JUNIT/rdm-junit-tests-RMS_VVC5.0-T20140318_0414/eclipse/plugins/com.ibm.team.jfs.app.http.client_1.2.0.v20140307_1622.jar:/tmp/tools/RMS_VVC5.0-T20140318_0414/JUNIT/rdm-junit-tests-RMS_VVC5.0-T20140318_0414/eclipse/plugins/com.ibm.team.jfs.app.http_1.3.4000.v20131217_0302.jar:/tmp/tools/RMS_VVC5.0-T20140318_0414/JUNIT/rdm-junit-tests-RMS_VVC5.0-T20140318_0414/eclipse/plugins/com.ibm.team.jfs.app.oauth_1.3.0.v20140307_1622.jar:/tmp/tools/RMS_VVC5.0-T20140318_0414/JUNIT/rdm-junit-tests-RMS_VVC5.0-T20140318_0414/eclipse/plugins/com.ibm.team.jfs.app.resource_1.3.0.v20140307_1622.jar:/tmp/tools/RMS_VVC5.0-T20140318_0414/JUNIT/rdm-junit-tests-RMS_VVC5.0-T20140318_0414/eclipse/plugins/com.ibm.team.jfs.app.util_1.2.3000.v20131217_0302.jar:/tmp/tools/RMS_VVC5.0-T20140318_0414/JUNIT/rdm-junit-tests-RMS_VVC5.0-T20140318_0414/eclipse/plugins/com.ibm.team.jfs.app_1.2.1000.v20131120_0202.jar:/tmp/tools/RMS_VVC5.0-T20140318_0414/JUNIT/rdm-junit-tests-RMS_VVC5.0-T20140318_0414/eclipse/plugins/com.ibm.team.json_1.2.0.v20140307_1622.jar:/tmp/tools/RMS_VVC5.0-T20140318_0414/JUNIT/rdm-junit-tests-RMS_VVC5.0-T20140318_0414/eclipse/plugins/com.ibm.team.process.service.migration_1.3.0.v20140310_2357.jar:/tmp/tools/RMS_VVC5.0-T20140318_0414/JUNIT/rdm-junit-tests-RMS_VVC5.0-T20140318_0414/eclipse/plugins/com.ibm.team.process.service.shared_1.1.1200.v20121019_2347.jar:/tmp/tools/RMS_VVC5.0-T20140318_0414/JUNIT/rdm-junit-tests-RMS_VVC5.0-T20140318_0414/eclipse/plugins/com.ibm.team.process.service_1.3.0.v20140310_2357.jar:/tmp/tools/RMS_VVC5.0-T20140318_0414/JUNIT/rdm-junit-tests-RMS_VVC5.0-T20140318_0414/eclipse/plugins/com.ibm.team.process.web_1.3.0.v20140307_1622.jar:/tmp/tools/RMS_VVC5.0-T20140318_0414/JUNIT/rdm-junit-tests-RMS_VVC5.0-T20140318_0414/eclipse/plugins/com.ibm.team.repository.common_1.4.0.v20140313_2351.jar:/tmp/tools/RMS_VVC5.0-T20140318_0414/JUNIT/rdm-junit-tests-RMS_VVC5.0-T20140318_0414/eclipse/plugins/com.ibm.team.vvc.shared.common_1.0.700.v20140304_2301.jar:/tmp/tools/RMS_VVC5.0-T20140318_0414/JUNIT/rdm-junit-tests-RMS_VVC5.0-T20140318_0414/eclipse/plugins/com.ibm.team.vvc.shared.core_1.0.700.v20140311_2202.jar:/tmp/tools/RMS_VVC5.0-T20140318_0414/JUNIT/rdm-junit-tests-RMS_VVC5.0-T20140318_0414/eclipse/plugins/com.ibm.trl.acf_2.5.0.11/acf-2.5.0.11.jar:/tmp/tools/RMS_VVC5.0-T20140318_0414/JUNIT/rdm-junit-tests-RMS_VVC5.0-T20140318_0414/eclipse/plugins/com.ibm.trl.acf_2.5.0.11/html-parser-2.5.0.11.jar:/tmp/tools/RMS_VVC5.0-T20140318_0414/JUNIT/rdm-junit-tests-RMS_VVC5.0-T20140318_0414/eclipse/plugins/javax.servlet.jsp_2.1.0.v20130827_0011.jar:/tmp/tools/RMS_VVC5.0-T20140318_0414/JUNIT/rdm-junit-tests-RMS_VVC5.0-T20140318_0414/eclipse/plugins/javax.servlet_2.5.0.v200910301333.jar:/tmp/tools/RMS_VVC5.0-T20140318_0414/JUNIT/rdm-junit-tests-RMS_VVC5.0-T20140318_0414/eclipse/plugins/net.oauth_0.2.2000.v20131217_0302.jar:/tmp/tools/RMS_VVC5.0-T20140318_0414/JUNIT/rdm-junit-tests-RMS_VVC5.0-T20140318_0414/eclipse/plugins/org.apache.commons.beanutils_1.8.3/lib/commons-beanutils-1.8.3.jar:/tmp/tools/RMS_VVC5.0-T20140318_0414/JUNIT/rdm-junit-tests-RMS_VVC5.0-T20140318_0414/eclipse/plugins/org.apache.commons.beanutils_1.8.3/lib/commons-beanutils-bean-collections-1.8.3.jar:/tmp/tools/RMS_VVC5.0-T20140318_0414/JUNIT/rdm-junit-tests-RMS_VVC5.0-T20140318_0414/eclipse/plugins/org.apache.commons.beanutils_1.8.3/lib/commons-beanutils-core-1.8.3.jar:/tmp/tools/RMS_VVC5.0-T20140318_0414/JUNIT/rdm-junit-tests-RMS_VVC5.0-T20140318_0414/eclipse/plugins/org.apache.commons.codec_1.3.0.v20100518-1140.jar:/tmp/tools/RMS_VVC5.0-T20140318_0414/JUNIT/rdm-junit-tests-RMS_VVC5.0-T20140318_0414/eclipse/plugins/org.apache.commons.digester_2.0.0/lib/commons-digester-2.0.jar:/tmp/tools/RMS_VVC5.0-T20140318_0414/JUNIT/rdm-junit-tests-RMS_VVC5.0-T20140318_0414/eclipse/plugins/org.apache.commons.fileupload_1.3.0.v20140311_2355/org.apache.commons.fileupload_1.3.1.jar:/tmp/tools/RMS_VVC5.0-T20140318_0414/JUNIT/rdm-junit-tests-RMS_VVC5.0-T20140318_0414/eclipse/plugins/org.apache.commons.io_1.2.1100.v20120901_0511/lib/commons-io-1.2.jar:/tmp/tools/RMS_VVC5.0-T20140318_0414/JUNIT/rdm-junit-tests-RMS_VVC5.0-T20140318_0414/eclipse/plugins/org.apache.commons.lang3_3.1.0/commons-lang3-3.1.jar:/tmp/tools/RMS_VVC5.0-T20140318_0414/JUNIT/rdm-junit-tests-RMS_VVC5.0-T20140318_0414/eclipse/plugins/org.apache.commons.lang_2.1.0.v201005080500.jar:/tmp/tools/RMS_VVC5.0-T20140318_0414/JUNIT/rdm-junit-tests-RMS_VVC5.0-T20140318_0414/eclipse/plugins/org.apache.http.client_4.1.2.20120424/lib/httpclient-4.1.2.jar:/tmp/tools/RMS_VVC5.0-T20140318_0414/JUNIT/rdm-junit-tests-RMS_VVC5.0-T20140318_0414/eclipse/plugins/org.apache.http.client_4.1.2.20120424/lib/httpmime-4.1.2.jar:/tmp/tools/RMS_VVC5.0-T20140318_0414/JUNIT/rdm-junit-tests-RMS_VVC5.0-T20140318_0414/eclipse/plugins/org.apache.http_4.1.100.v20120901_0511/lib/httpcore-4.1.3.jar:/tmp/tools/RMS_VVC5.0-T20140318_0414/JUNIT/rdm-junit-tests-RMS_VVC5.0-T20140318_0414/eclipse/plugins/org.apache.http_4.1.100.v20120901_0511/lib/httpcore-nio-4.1.3.jar:/tmp/tools/RMS_VVC5.0-T20140318_0414/JUNIT/rdm-junit-tests-RMS_VVC5.0-T20140318_0414/eclipse/plugins/org.apache.log4j_1.2.15.v201005080500.jar:/tmp/tools/RMS_VVC5.0-T20140318_0414/JUNIT/rdm-junit-tests-RMS_VVC5.0-T20140318_0414/eclipse/plugins/org.eclipse.core.commands_3.6.0.I20100512-1500.jar:/tmp/tools/RMS_VVC5.0-T20140318_0414/JUNIT/rdm-junit-tests-RMS_VVC5.0-T20140318_0414/eclipse/plugins/org.eclipse.core.contenttype_3.4.100.v20100505-1235.jar:/tmp/tools/RMS_VVC5.0-T20140318_0414/JUNIT/rdm-junit-tests-RMS_VVC5.0-T20140318_0414/eclipse/plugins/org.eclipse.core.jobs_3.5.2.R36x_v20110419.jar:/tmp/tools/RMS_VVC5.0-T20140318_0414/JUNIT/rdm-junit-tests-RMS_VVC5.0-T20140318_0414/eclipse/plugins/org.eclipse.core.resources_3.6.2.R36x_v20120712-1700.jar:/tmp/tools/RMS_VVC5.0-T20140318_0414/JUNIT/rdm-junit-tests-RMS_VVC5.0-T20140318_0414/eclipse/plugins/org.eclipse.core.runtime_3.6.0.v20100505.jar:/tmp/tools/RMS_VVC5.0-T20140318_0414/JUNIT/rdm-junit-tests-RMS_VVC5.0-T20140318_0414/eclipse/plugins/org.eclipse.emf.common_2.6.0.v20100914-1218.jar:/tmp/tools/RMS_VVC5.0-T20140318_0414/JUNIT/rdm-junit-tests-RMS_VVC5.0-T20140318_0414/eclipse/plugins/org.eclipse.emf.ecore.xmi_2.5.0.v20100521-1846.jar:/tmp/tools/RMS_VVC5.0-T20140318_0414/JUNIT/rdm-junit-tests-RMS_VVC5.0-T20140318_0414/eclipse/plugins/org.eclipse.emf.ecore_2.6.1.v20100914-1218.jar:/tmp/tools/RMS_VVC5.0-T20140318_0414/JUNIT/rdm-junit-tests-RMS_VVC5.0-T20140318_0414/eclipse/plugins/org.eclipse.equinox.common_3.6.0.v20100503.jar:/tmp/tools/RMS_VVC5.0-T20140318_0414/JUNIT/rdm-junit-tests-RMS_VVC5.0-T20140318_0414/eclipse/plugins/org.eclipse.equinox.event_1.2.0.v20100503.jar:/tmp/tools/RMS_VVC5.0-T20140318_0414/JUNIT/rdm-junit-tests-RMS_VVC5.0-T20140318_0414/eclipse/plugins/org.eclipse.equinox.preferences_3.3.1.R36x_v20110302.jar:/tmp/tools/RMS_VVC5.0-T20140318_0414/JUNIT/rdm-junit-tests-RMS_VVC5.0-T20140318_0414/eclipse/plugins/org.eclipse.jdt.core_3.6.51.v_B83_R36x_J7.jar:/tmp/tools/RMS_VVC5.0-T20140318_0414/JUNIT/rdm-junit-tests-RMS_VVC5.0-T20140318_0414/eclipse/plugins/org.eclipse.osgi_3.6.50.R36x_v20120315-1500.jar:/tmp/tools/RMS_VVC5.0-T20140318_0414/JUNIT/rdm-junit-tests-RMS_VVC5.0-T20140318_0414/eclipse/plugins/org.eclipse.text_3.5.0.v20100601-1300.jar:/tmp/tools/RMS_VVC5.0-T20140318_0414/JUNIT/rdm-junit-tests-RMS_VVC5.0-T20140318_0414/eclipse/plugins/org.eclipse.xsd_2.6.0.v20100914-1218.jar:/tmp/tools/RMS_VVC5.0-T20140318_0414/JUNIT/rdm-junit-tests-RMS_VVC5.0-T20140318_0414/eclipse/plugins/org.jfree_1.0.14.jar:/tmp/tools/RMS_VVC5.0-T20140318_0414/JUNIT/rdm-junit-tests-RMS_VVC5.0-T20140318_0414/eclipse/plugins/org.outerj.daisy.diff_1.2.0.jar:/tmp/tools/RMS_VVC5.0-T20140318_0414/JUNIT/bin" />
    <property name="RM_LIB" value="/tmp/tools/RMS_VVC5.0-T20140318_0414/JUNIT\rdm-junit-tests-RMS_VVC5.0-T20140318_0414\eclipse\plugins" />
    <property name="SERVER.HOST" value="fit-vm8-239.rtp.raleigh.ibm.com" />
    <property name="user.name" value="root" />
    <property name="java.compiler" value="j9jit24" />
    <property name="CLOUDUSER" value="rrc" />
    <property name="userName" value="TestJazzAdmin1" />
    <property name="SERVER.DEPLOYPATH" value="/tmp/tools/RMS_VVC5.0-T20140318_0414/JUNIT" />
    <property name="os.encoding" value="UTF-8" />
    <property name="com.ibm.util.extralibs.properties" value="" />
    <property name="reports" value="/tmp/tools/RMS_VVC5.0-T20140318_0414/JUNIT/reports/RMS_VVC5.0-T20140318_0414" />
    <property name="com.ibm.jcl.checkClassPath" value="" />
    <property name="user.language" value="en" />
    <property name="com.ibm.oti.vm.bootstrap.library.path" value="/tmp/tools/jre/lib/amd64/default:/tmp/tools/jre/lib/amd64" />
    <property name="sun.boot.library.path" value="/tmp/tools/jre/lib/amd64/default:/tmp/tools/jre/lib/amd64" />
    <property name="com.ibm.team.jfs.app.http.client.dispatchingEnabled" value="false" />
    <property name="ant.project.default-target" value="main" />
    <property name="ant.project.name" value="JUnits" />
    <property name="java.version" value="1.6.0" />
    <property name="user.timezone" value="America/New_York" />
    <property name="sun.arch.data.model" value="64" />
    <property name="java.endorsed.dirs" value="/tmp/tools/jre/lib/endorsed" />
    <property name="com.ibm.oti.vm.library.version" value="24" />
    <property name="CLOUDPASS" value="Password1" />
    <property name="sun.jnu.encoding" value="UTF-8" />
    <property name="jxe.current.romimage.version" value="15" />
    <property name="RMTOOLSDIR" value="/tmp/tools/" />
    <property name="file.separator" value="/" />
    <property name="java.specification.name" value="Java Platform API Specification" />
    <property name="java.class.version" value="50.0" />
    <property name="ZIPNAME" value="rdm-junit-tests-RMS_VVC5.0-T20140318_0414" />
    <property name="ant.file.type.JUnits" value="file" />
    <property name="user.country" value="US" />
    <property name="java.home" value="/tmp/tools/jre" />
    <property name="java.vm.info" value="JRE 1.6.0 IBM J9 2.4 Linux amd64-64 jvmxa6460sr12-20121024_126067 (JIT enabled, AOT enabled)&#xa;J9VM - 20121024_126067&#xa;JIT  - r9_20120914_26057&#xa;GC   - 20120928_AA" />
    <property name="ant.file" value="/tmp/tools/RMS_VVC5.0-T20140318_0414/JUNIT/build.xml" />
    <property name="os.version" value="2.6.32-220.13.1.el6.x86_64" />
    <property name="java.awt.fonts" value="" />
    <property name="path.separator" value=":" />
    <property name="java.vm.version" value="2.4" />
    <property name="java.util.prefs.PreferencesFactory" value="java.util.prefs.FileSystemPreferencesFactory" />
    <property name="user.variant" value="" />
    <property name="testsToRun" value="**/AllAutomatedTests.class" />
    <property name="ibmuser" value="chris.mcgraw@uk.ibm.com" />
    <property name="inProgress" value="In Progress..." />
    <property name="java.awt.printerjob" value="sun.print.PSPrinterJob" />
    <property name="sun.io.unicode.encoding" value="UnicodeLittle" />
    <property name="ibm.signalhandling.sigint" value="true" />
    <property name="SERVER.PORT" value="9443" />
    <property name="java.assistive" value="ON" />
    <property name="user.home" value="/root" />
    <property name="com.ibm.cpu.endian" value="little" />
    <property name="java.specification.vendor" value="Sun Microsystems Inc." />
    <property name="ibm.signalhandling.sigchain" value="true" />
    <property name="java.library.path" value="/tmp/tools/jre/lib/amd64/default:/tmp/tools/jre/lib/amd64:/usr/lib" />
    <property name="java.vendor.url" value="http://www.ibm.com/" />
    <property name="java.vm.vendor" value="IBM Corporation" />
    <property name="java.fullversion" value="JRE 1.6.0 IBM J9 2.4 Linux amd64-64 jvmxa6460sr12-20121024_126067 (JIT enabled, AOT enabled)&#xa;J9VM - 20121024_126067&#xa;JIT  - r9_20120914_26057&#xa;GC   - 20120928_AA" />
    <property name="tempDir" value="/tmp/tools/RMS_VVC5.0-T20140318_0414/JUNIT/tmp" />
    <property name="java.runtime.name" value="Java(TM) SE Runtime Environment" />
    <property name="ant.version" value="Apache Ant(TM) version 1.8.4 compiled on May 22 2012" />
    <property name="java.class.path" value="RMTools.jar" />
    <property name="sun.java.command" value="RMTools.jar -skipPrompts true -primaryApp RM -rmtoolsServer http://rmtools.raleigh.ibm.com/WEB -d /tmp/tools -b RMS_VVC5.0-T20140318_0414 -bu https://jazzweb.ratl.swg.usma.ibm.com/RMS_VVC/5.0/T/T.html -s rmVvcSetup.properties -rmpass TestJazzAdmin1 TestJazzAdmin1 -t **/AllAutomatedTests.class -time 0318_0846 -i chris.mcgraw@uk.ibm.com DeepB1996 -j chrismcgraw60 DeepB1996 -c Download Configure SendEmail RunJunits" />
    <property name="RM_TESTS" value="/tmp/tools/RMS_VVC5.0-T20140318_0414/JUNIT/rdm-junit-tests-RMS_VVC5.0-T20140318_0414/eclipse/plugins/com.ibm.rdm.client.api.tests_4.0.600.v20140318_0533.jar" />
    <property name="TOOL.CLASSPATH" value="/tmp/tools/RMTools.jar" />
    <property name="testtime" value="0318_0846" />
    <property name="userPwd" value="TestJazzAdmin1" />
    <property name="java.vm.specification.name" value="Java Virtual Machine Specification" />
    <property name="sun.java.launcher.pid" value="5636" />
    <property name="testtype" value="AllAutomatedTests" />
    <property name="java.vm.specification.version" value="1.0" />
    <property name="sun.cpu.endian" value="little" />
    <property name="java.io.tmpdir" value="/tmp" />
    <property name="java.jcl.version" value="20121014_01" />
    <property name="ibm.system.encoding" value="UTF-8" />
    <property name="ibm.signalhandling.rs" value="false" />
    <property name="os.arch" value="amd64" />
    <property name="java.awt.graphicsenv" value="sun.awt.X11GraphicsEnvironment" />
    <property name="java.ext.dirs" value="/tmp/tools/jre/lib/ext" />
    <property name="user.dir" value="/tmp/tools" />
    <property name="line.separator" value="&#xa;" />
    <property name="JUNIT.DIR" value="/tmp/tools/RMS_VVC5.0-T20140318_0414/JUNIT/junit4.11" />
    <property name="java.vm.name" value="IBM J9 VM" />
    <property name="com.ibm.oti.shared.enabled" value="false" />
    <property name="com.ibm.vm.bitmode" value="64" />
    <property name="basedir" value="/tmp/tools/RMS_VVC5.0-T20140318_0414/JUNIT" />
    <property name="ant.java.version" value="1.6" />
    <property name="ant.core.lib" value="/tmp/tools/RMTools.jar" />
    <property name="jxe.lowest.romimage.version" value="15" />
    <property name="file.encoding" value="UTF-8" />
    <property name="JUNIT.JAR" value="junit4.11/junit-4.11.jar" />
    <property name="java.specification.version" value="1.6" />
    <property name="com.ibm.oti.configuration" value="scar" />
    <property name="com.ibm.oti.jcl.build" value="20120915_0846" />
    <property name="ant.project.invoked-targets" value="runtests" />
  </properties>
  <testcase classname="com.ibm.rdm.client.api.tests.LicenseAvailabilityTest" endTimestamp="2014-03-18T09:04:23" id="cda56593-f848-4299-b68e-a76105811a6e" name="testLicenseAvailability" startTimestamp="2014-03-18T09:04:23" time="0.374" />
  <testcase classname="com.ibm.rdm.client.api.tests.vvc.VVCResourceTests" endTimestamp="2014-03-18T09:04:47" id="4a0981c5-6742-40aa-bf25-89e6ac9d6b6f" name="testTagCRUD" startTimestamp="2014-03-18T09:04:23" time="23.583" />
  <testcase classname="com.ibm.rdm.client.api.tests.vvc.VVCResourceTests" endTimestamp="2014-03-18T09:05:50" id="dcf567c8-ffba-4df0-b40f-6f263284dd50" name="testTagging" startTimestamp="2014-03-18T09:04:47" time="63.229" />
  <testcase classname="com.ibm.rdm.client.api.tests.vvc.VVCResourceTests" endTimestamp="2014-03-18T09:05:54" id="6664440d-aebc-44db-b08b-47925fc52dcb" name="testBulkUpdate" startTimestamp="2014-03-18T09:05:50" time="4.117" />
  <testcase classname="com.ibm.rdm.client.api.tests.vvc.VVCResourceTests" endTimestamp="2014-03-18T09:06:17" id="d5fbaed6-fe8c-40c3-817b-7ca256b6db61" name="testCRUD" startTimestamp="2014-03-18T09:05:54" time="22.599" />
  <testcase classname="com.ibm.rdm.client.api.tests.vvc.VVCResourceTests" endTimestamp="2014-03-18T09:06:17" id="09bfea21-8ee9-4bb5-8b22-ad5c361c1929" name="testManualSteps" startTimestamp="2014-03-18T09:06:17" time="0.054" />
  <testcase classname="com.ibm.rdm.client.api.tests.vvc.VVCResourceTests" endTimestamp="2014-03-18T09:06:34" id="07bd7014-3cdf-4b85-afad-ed593bc830dc" name="testRecentCommentFeeds" startTimestamp="2014-03-18T09:06:17" time="17.29" />
  <testcase classname="com.ibm.rdm.client.api.tests.vvc.VVCResourceTests" endTimestamp="2014-03-18T09:06:38" id="6be1cc24-28b6-41c8-8e89-0ed5ead73b9d" name="testRetrieveResourceVersion" startTimestamp="2014-03-18T09:06:34" time="3.58" />
  <testcase classname="com.ibm.rdm.client.api.tests.vvc.VVCResourceTests" endTimestamp="2014-03-18T09:06:39" id="76049f7c-e748-488b-a62d-2bd790d6e751" name="testComment" startTimestamp="2014-03-18T09:06:38" time="1.07" />
  <testcase classname="com.ibm.rdm.client.api.tests.vvc.VVCResourceTests" endTimestamp="2014-03-18T09:06:41" id="fbe09876-63fd-4320-b3e8-ce7d83f86ef6" name="testCreate" startTimestamp="2014-03-18T09:06:39" time="1.936" />
  <testcase classname="com.ibm.rdm.client.api.tests.vvc.VVCResourceTests" endTimestamp="2014-03-18T09:08:27" id="4b18f1cf-9cc7-456a-90f3-476f31901272" name="testCreateNewVersion" startTimestamp="2014-03-18T09:06:41" time="106.108" />
  <testcase classname="com.ibm.rdm.client.api.tests.vvc.VVCResourceTests" endTimestamp="2014-03-18T09:11:11" id="d8747118-c933-40a4-bb95-cd6f27e1f377" name="testRecentRequirementsFeeds" startTimestamp="2014-03-18T09:08:27" time="164.114" />
  <testcase classname="com.ibm.rdm.client.api.tests.vvc.VVCResourceTests" endTimestamp="2014-03-18T09:11:16" id="1e9045f0-8ac8-4b6b-ab04-15db1b913a7b" name="testIdentifier" startTimestamp="2014-03-18T09:11:11" time="4.932" />
  <testcase classname="com.ibm.rdm.client.api.tests.vvc.VVCFolderTests" endTimestamp="2014-03-18T09:11:38" id="5dfd886e-3a31-46f5-887c-2cf7bebed4bd" name="testFolderCRUD" startTimestamp="2014-03-18T09:11:16" time="22.229" />
  <testcase classname="com.ibm.rdm.client.api.tests.vvc.VVCFolderTests" endTimestamp="2014-03-18T09:11:40" id="0276c2f6-b09c-44aa-b3ca-372a63afd604" name="testResourceUpdate" startTimestamp="2014-03-18T09:11:38" time="2.075" />
  <testcase classname="com.ibm.rdm.client.api.tests.vvc.VVCFolderTests" endTimestamp="2014-03-18T09:12:04" id="25be6c11-befe-44c3-809c-0d95b58764e8" name="testResourceMoveChild" startTimestamp="2014-03-18T09:11:40" time="23.961" />
  <testcase classname="com.ibm.rdm.client.api.tests.vvc.VVCFolderTests" endTimestamp="2014-03-18T09:12:25" id="1ea66852-7d2c-46d7-892c-32c4c3cc9667" name="testFolderRename" startTimestamp="2014-03-18T09:12:04" time="20.414" />
  <testcase classname="com.ibm.rdm.client.api.tests.vvc.VVCFolderTests" endTimestamp="2014-03-18T09:12:48" id="938b6eef-f699-4c2d-847d-f7e61c45b0e5" name="testResourceMove" startTimestamp="2014-03-18T09:12:25" time="23.553" />
  <testcase classname="com.ibm.rdm.client.api.tests.vvc.VVCModuleTests" endTimestamp="2014-03-18T09:13:15" id="45a73440-18a3-437a-9325-93e9c6841c5a" name="testModuleTemplate" startTimestamp="2014-03-18T09:12:48" time="27.178" />
  <testcase classname="com.ibm.rdm.client.api.tests.vvc.VVCModuleTests" endTimestamp="2014-03-18T09:14:05" id="83eedd54-f079-4201-bbfe-edb73026d978" name="testModuleCRUD" startTimestamp="2014-03-18T09:13:15" time="49.929" />
  <testcase classname="com.ibm.rdm.client.api.tests.vvc.VVCModuleTests" endTimestamp="2014-03-18T09:15:00" id="ac2544e7-a68c-48a9-adfd-6ed1e0f99f2b" name="testModuleViewResultsInChildConfiguration" startTimestamp="2014-03-18T09:14:05" time="54.925" />
  <testcase classname="com.ibm.rdm.client.api.tests.vvc.VVCModuleTests" endTimestamp="2014-03-18T09:16:04" id="2347b5d0-eb00-42d6-9c62-6d1d3e19ee5a" name="testShouldAcquireLockOnModuleStructureIfLockedInChildWorkspace" startTimestamp="2014-03-18T09:15:00" time="64.027" />
  <testcase classname="com.ibm.rdm.client.api.tests.vvc.VVCModuleTests" endTimestamp="2014-03-18T09:16:23" id="a2bd01ab-6905-4edb-943a-65dc27cae4ed" name="testModuleUpdateBinding" startTimestamp="2014-03-18T09:16:04" time="18.698" />
  <testcase classname="com.ibm.rdm.client.api.tests.vvc.VVCModuleTests" endTimestamp="2014-03-18T09:17:06" id="eaee7f5f-0f52-45d3-a09a-1f6a4796fc17" name="testShouldAcquireLockOnModuleStructureIfLockedInParentWorkspace" startTimestamp="2014-03-18T09:16:23" time="43.045" />
  <testcase classname="com.ibm.rdm.client.api.tests.vvc.VVCModuleTests" endTimestamp="2014-03-18T09:17:39" id="21ee9d7b-fc40-4d02-a3f1-59d3822743c7" name="testModuleCreateBindings" startTimestamp="2014-03-18T09:17:06" time="32.998" />
  <testcase classname="com.ibm.rdm.client.api.tests.vvc.VVCModuleTests" endTimestamp="2014-03-18T09:18:02" id="77e4dd91-83fa-43cd-97af-78cc227eeb43" name="testModuleCreateHierarchy" startTimestamp="2014-03-18T09:17:39" time="22.975" />
  <testcase classname="com.ibm.rdm.client.api.tests.vvc.VVCModuleTests" endTimestamp="2014-03-18T09:19:10" id="8805bedb-cf91-4fb0-a800-2f9b3c24a346" name="testVerifySideBySide" startTimestamp="2014-03-18T09:18:02" time="67.488" />
  <testcase classname="com.ibm.rdm.client.api.tests.vvc.VVCModuleTests" endTimestamp="2014-03-18T09:20:06" id="2e7fc9d2-bb27-4c99-8a87-f43a3f01d734" name="testModuleBindingDemoteIsNotVisibleInParentConfiguration" startTimestamp="2014-03-18T09:19:10" time="56.278" />
  <testcase classname="com.ibm.rdm.client.api.tests.vvc.VVCModuleTests" endTimestamp="2014-03-18T09:21:42" id="3a32a96b-f7b0-4fad-81e5-c474a40327c2" name="testViewServiceShouldNotReturnOrphanBinding" startTimestamp="2014-03-18T09:20:06" time="95.937" />
  <testcase classname="com.ibm.rdm.client.api.tests.vvc.VVCQueryTests" endTimestamp="2014-03-18T09:22:04" id="039ef122-c657-457d-b3ea-9cc7dafc580d" name="testQuery" startTimestamp="2014-03-18T09:21:42" time="22.303" />
  <testcase classname="com.ibm.rdm.client.api.tests.vvc.VVCQueryTests" endTimestamp="2014-03-18T09:22:06" id="1f8644ce-c65c-4cb2-a521-5613505410bf" name="testQueryResourceURI" startTimestamp="2014-03-18T09:22:04" time="1.591" />
  <testcase classname="com.ibm.rdm.client.api.tests.vvc.VVCQueryTests" endTimestamp="2014-03-18T09:22:07" id="05161ca0-c3ae-41f4-b95a-524414d355b8" name="testDescribeURI" startTimestamp="2014-03-18T09:22:06" time="1.436" />
  <testcase classname="com.ibm.rdm.client.api.tests.vvc.VVCWrapperTests" endTimestamp="2014-03-18T09:22:09" id="712dc97c-0c79-4a31-9f7c-1b8424f82d04" name="testWrapperResource" startTimestamp="2014-03-18T09:22:07" time="1.626" />
  <testcase classname="com.ibm.rdm.client.api.tests.vvc.VVCWrapperTests" endTimestamp="2014-03-18T09:22:31" id="5cb136d0-fa83-49fa-96a0-d9601f00fffa" name="testWrappedResource" startTimestamp="2014-03-18T09:22:09" time="22.359" />
  <testcase classname="com.ibm.rdm.client.api.tests.vvc.VVCLinkTests" endTimestamp="2014-03-18T09:23:15" id="ee131371-1dc1-4eb3-910d-c378bf2a60ca" name="testCRUD" startTimestamp="2014-03-18T09:22:31" time="43.549" />
  <testcase classname="com.ibm.rdm.client.api.tests.vvc.VVCLinkTests" endTimestamp="2014-03-18T09:23:39" id="2b156732-32fb-404c-b5cd-22d2f4aa6600" name="testUpdateTarget" startTimestamp="2014-03-18T09:23:15" time="24.427" />
  <testcase classname="com.ibm.rdm.client.api.tests.vvc.VVCTypeTests" endTimestamp="2014-03-18T09:24:43" id="24f8c091-2850-405e-9172-13c98235606b" name="testObjectType" startTimestamp="2014-03-18T09:23:39" time="64.25" />
  <testcase classname="com.ibm.rdm.client.api.tests.vvc.VVCChangesetTests" endTimestamp="2014-03-18T09:24:44" id="58656ebc-a7b7-4eff-a6e8-98470bdedc03" name="testCreateChangeset" startTimestamp="2014-03-18T09:24:43" time="0.532" />
  <testcase classname="com.ibm.rdm.client.api.tests.vvc.VVCChangesetTests" endTimestamp="2014-03-18T09:26:47" id="e5554518-c69a-4922-a756-1a66778bda64" name="testVersionPropagation" startTimestamp="2014-03-18T09:24:44" time="123.124" />
  <testcase classname="com.ibm.rdm.client.api.tests.vvc.VVCProjectTests" endTimestamp="2014-03-18T09:26:50" id="a06c7ddf-23d1-4490-9f24-0f7947bba510" name="testCreateProjectInNewSpace" startTimestamp="2014-03-18T09:26:47" time="3.074" />
  <testcase classname="com.ibm.rdm.client.api.tests.vvc.VVCLinkPreferencesTests" endTimestamp="2014-03-18T09:27:31" id="2a944eba-0c11-4403-a739-cdd93d912d5e" name="testLinkPreferenceCreationInChildConfigIsNotVisibleInParentConfig" startTimestamp="2014-03-18T09:26:50" time="41.032" />
  <testcase classname="com.ibm.rdm.client.api.tests.vvc.VVCLinkPreferencesTests" endTimestamp="2014-03-18T09:28:13" id="1eb6f5b7-997a-49bf-9bc9-3b20c51c7082" name="testLinkPreferenceCreationInParentConfigIsVisibleInChildConfig" startTimestamp="2014-03-18T09:27:31" time="41.547" />
  <testcase classname="com.ibm.rdm.client.api.tests.vvc.VVCLinkPreferencesTests" endTimestamp="2014-03-18T09:28:15" id="d8e21b90-17a9-418d-831f-0266b2b71385" name="testLinkPreferenceCreationAndDeletionInAConfig" startTimestamp="2014-03-18T09:28:13" time="2.158" />
  <testcase classname="com.ibm.rdm.client.api.tests.vvc.VVCLinkPreferencesTests" endTimestamp="2014-03-18T09:28:17" id="a63fa097-7293-4a0a-ae0e-0e947e152869" name="testLinkPreferenceQueryResultsAreAllConceptUris" startTimestamp="2014-03-18T09:28:15" time="1.928" />
  <testcase classname="com.ibm.rdm.client.api.tests.vvc.VVCLinkPreferencesTests" endTimestamp="2014-03-18T09:28:59" id="d3bd5710-86b4-491a-bc1f-a48d5ee8a6b4" name="testLinkPreferenceUpdateInParentConfigIsVisibleInChildConfig" startTimestamp="2014-03-18T09:28:17" time="42.584" />
  <testcase classname="com.ibm.rdm.client.api.tests.vvc.VVCLinkPreferencesTests" endTimestamp="2014-03-18T09:29:02" id="fb9869a1-55da-4ebd-ac86-fff978d23f40" name="testLinkPreferenceMultipleUpdates" startTimestamp="2014-03-18T09:28:59" time="2.457" />
  <testcase classname="com.ibm.rdm.client.api.tests.vvc.VVCLinkPreferencesTests" endTimestamp="2014-03-18T09:29:44" id="607bff5f-1970-4db8-a4be-36287c04870c" name="testLinkPreferenceUpdateInChildConfigIsNotVisibleInParentConfig" startTimestamp="2014-03-18T09:29:02" time="42.509" />
  <testcase classname="com.ibm.rdm.client.api.tests.vvc.VVCDefaultProjectConfigurationTests" endTimestamp="2014-03-18T09:29:47" id="e982144c-0a34-4aa2-a312-049e13c66382" name="testDefaultConfigurationSetAfterCreatingProject" startTimestamp="2014-03-18T09:29:44" time="2.917" />
  <testcase classname="com.ibm.rdm.client.api.tests.vvc.VVCGlossaryTests" endTimestamp="2014-03-18T09:31:14" id="56c0fa16-2a25-479c-a720-dcd2b81ed208" name="testGlossaryTermQueryResultsAreAllConceptUris" startTimestamp="2014-03-18T09:29:47" time="86.599" />
  <testcase classname="com.ibm.rdm.client.api.tests.vvc.VVCGlossaryTests" endTimestamp="2014-03-18T09:32:37" id="885299c5-ffc1-41a3-88a2-772a17d60afd" name="testCreateGlossaryTermInAConfigIsNotVisibleInSiblingConfig" startTimestamp="2014-03-18T09:31:14" time="82.758" />
  <testcase classname="com.ibm.rdm.client.api.tests.vvc.VVCGlossaryTests" endTimestamp="2014-03-18T09:34:00" id="1bbd6bea-6d86-48fe-99fc-abe7858f1b1e" name="testModifyGlossaryTermInParentConfigIsNotVisibleInChildConfig" startTimestamp="2014-03-18T09:32:37" time="83.025">
    <failure type="junit.framework.AssertionFailedError">junit.framework.AssertionFailedError
	at com.ibm.rdm.client.api.tests.fixture.GlossaryFixture.assertNotInQueryResponse(GlossaryFixture.java:808)
	at com.ibm.rdm.client.api.tests.vvc.VVCGlossaryTests.testModifyGlossaryTermInParentConfigIsNotVisibleInChildConfig(VVCGlossaryTests.java:574)
	at com.ibm.rdm.client.api.tests.ReportingTestCase.runTest(ReportingTestCase.java:41)
	at com.ibm.rdm.client.api.tests.AcceptanceTestCase.runBare(AcceptanceTestCase.java:106)
	at com.ibm.rdm.client.api.tests.AllAutomatedTests.runTest(AllAutomatedTests.java:129)
	at com.ibm.rm.tools.headless.commands.RunJunits.executeAntScript(RunJunits.java:310)
	at com.ibm.rm.tools.headless.commands.RunJunits.doAntScript(RunJunits.java:183)
	at com.ibm.rm.tools.headless.commands.RunJunits.run(RunJunits.java:101)
	at com.ibm.rm.tools.core.commands.AbstractBuildCommand.execute(AbstractBuildCommand.java:49)
	at com.ibm.rm.tools.headless.service.extensions.ConsoleCommandRunner$1.call(ConsoleCommandRunner.java:31)
	at com.ibm.rm.tools.headless.service.extensions.ConsoleCommandRunner$1.call(ConsoleCommandRunner.java:1)
	at java.util.concurrent.FutureTask$Sync.innerRun(FutureTask.java:314)
	at java.util.concurrent.FutureTask.run(FutureTask.java:149)
	at java.util.concurrent.ThreadPoolExecutor$Worker.runTask(ThreadPoolExecutor.java:897)
	at java.util.concurrent.ThreadPoolExecutor$Worker.run(ThreadPoolExecutor.java:919)
	at java.lang.Thread.run(Thread.java:738)
</failure>
  </testcase>
  <testcase classname="com.ibm.rdm.client.api.tests.vvc.VVCGlossaryTests" endTimestamp="2014-03-18T09:34:22" id="0a830f45-c782-470a-9ca6-2deac89979c1" name="testModifyGlossaryTermInChildConfigIsNotVisibleInParentConfig" startTimestamp="2014-03-18T09:34:00" time="22.727">
    <failure message="Expected 0 Terms to be returned expected:&lt;0&gt; but was:&lt;1&gt;" type="junit.framework.AssertionFailedError">junit.framework.AssertionFailedError: Expected 0 Terms to be returned expected:&lt;0&gt; but was:&lt;1&gt;
	at com.ibm.rdm.client.api.tests.fixture.GlossaryFixture.assertExpectedTermsCountInQueryResponse(GlossaryFixture.java:825)
	at com.ibm.rdm.client.api.tests.vvc.VVCGlossaryTests.testModifyGlossaryTermInChildConfigIsNotVisibleInParentConfig(VVCGlossaryTests.java:483)
	at com.ibm.rdm.client.api.tests.ReportingTestCase.runTest(ReportingTestCase.java:41)
	at com.ibm.rdm.client.api.tests.AcceptanceTestCase.runBare(AcceptanceTestCase.java:106)
	at com.ibm.rdm.client.api.tests.AllAutomatedTests.runTest(AllAutomatedTests.java:129)
	at com.ibm.rm.tools.headless.commands.RunJunits.executeAntScript(RunJunits.java:310)
	at com.ibm.rm.tools.headless.commands.RunJunits.doAntScript(RunJunits.java:183)
	at com.ibm.rm.tools.headless.commands.RunJunits.run(RunJunits.java:101)
	at com.ibm.rm.tools.core.commands.AbstractBuildCommand.execute(AbstractBuildCommand.java:49)
	at com.ibm.rm.tools.headless.service.extensions.ConsoleCommandRunner$1.call(ConsoleCommandRunner.java:31)
	at com.ibm.rm.tools.headless.service.extensions.ConsoleCommandRunner$1.call(ConsoleCommandRunner.java:1)
	at java.util.concurrent.FutureTask$Sync.innerRun(FutureTask.java:314)
	at java.util.concurrent.FutureTask.run(FutureTask.java:149)
	at java.util.concurrent.ThreadPoolExecutor$Worker.runTask(ThreadPoolExecutor.java:897)
	at java.util.concurrent.ThreadPoolExecutor$Worker.run(ThreadPoolExecutor.java:919)
	at java.lang.Thread.run(Thread.java:738)
</failure>
  </testcase>
  <testcase classname="com.ibm.rdm.client.api.tests.vvc.VVCGlossaryTests" endTimestamp="2014-03-18T09:34:45" id="005e6d4c-ad62-4dcd-a63b-3f590ad79d27" name="testCreateGlossaryTermInParentConfigIsVisibleInChildConfig" startTimestamp="2014-03-18T09:34:22" time="22.666" />
  <testcase classname="com.ibm.rdm.client.api.tests.vvc.VVCGlossaryTests" endTimestamp="2014-03-18T09:35:06" id="2022537a-f4d2-4a2f-a9de-30db60a8cc52" name="testCreateAndDeleteGlossaryTermInAConfig" startTimestamp="2014-03-18T09:34:45" time="21.481" />
  <testcase classname="com.ibm.rdm.client.api.tests.vvc.VVCGlossaryTests" endTimestamp="2014-03-18T09:35:49" id="d21b05eb-d82d-4770-9824-e486bb106c04" name="testCreateModifyAndDeleteGlossaryTermInAConfig" startTimestamp="2014-03-18T09:35:06" time="42.227" />
  <testcase classname="com.ibm.rdm.client.api.tests.vvc.VVCGlossaryTests" endTimestamp="2014-03-18T09:36:30" id="311fe0b7-24d4-4878-9e2d-6ff3e99d69e7" name="testCreateGlossaryTermInAChildConfigIsNotVisibleInParentConfig" startTimestamp="2014-03-18T09:35:49" time="41.561" />
  <testcase classname="com.ibm.rdm.client.api.tests.vvc.VVCTextSearchTests" endTimestamp="2014-03-18T09:36:33" id="da19eb81-5784-4df0-a499-98a754a8a7dc" name="testSimpleTextSearchShouldFindModifiedArtifact" startTimestamp="2014-03-18T09:36:30" time="3.085" />
  <testcase classname="com.ibm.rdm.client.api.tests.vvc.VVCTextSearchTests" endTimestamp="2014-03-18T09:36:35" id="486156d6-6d74-4b4f-82bf-7438a54c2569" name="testSimpleTextSearchShouldFindCreatedArtifact" startTimestamp="2014-03-18T09:36:33" time="2.039" />
  <testcase classname="com.ibm.rdm.client.api.tests.vvc.VVCCollectionTests" endTimestamp="2014-03-18T09:37:02" id="f6647136-cb9e-47b9-864c-3aeb9537b91b" name="testCRUD" startTimestamp="2014-03-18T09:36:35" time="26.456" />
  <testcase classname="com.ibm.rdm.client.api.tests.vvc.VVCTRSTests" endTimestamp="2014-03-18T09:38:34" id="9b30c623-e077-4daf-a47f-f6daaa496908" name="testEventsInDefaultConfiguration" startTimestamp="2014-03-18T09:37:02" time="92.638" />
  <testcase classname="com.ibm.rdm.client.api.tests.vvc.VVCTRSTests" endTimestamp="2014-03-18T09:39:56" id="fcddd622-24e0-45e7-93f3-4d5f92a38e5f" name="testNoEventsInChangeset" startTimestamp="2014-03-18T09:38:34" time="81.79" />
  <testcase classname="com.ibm.rdm.client.api.tests.vvc.VVCRevisionsTests" endTimestamp="2014-03-18T09:41:20" id="44d52363-fe76-4891-8b07-af69d9a8dd86" name="testGetRevisionsForAConceptUri" startTimestamp="2014-03-18T09:39:56" time="83.725" />
  <testcase classname="com.ibm.rdm.client.api.tests.diff.DiffServiceArtifactAttributeTest" endTimestamp="2014-03-18T09:41:25" id="4f70be55-520e-417d-ac3b-f276a5b3a3ab" name="testGetArtifactDiffWithVVC" startTimestamp="2014-03-18T09:41:20" time="5.393" />
  <testcase classname="com.ibm.rdm.client.api.tests.diff.DiffServiceArtifactAttributeTest" endTimestamp="2014-03-18T09:41:27" id="2b273a65-2729-4a76-b379-d5769934ff6d" name="testGetArtifactDiff_resolvesToIdenticalVersions" startTimestamp="2014-03-18T09:41:25" time="1.971" />
  <testcase classname="com.ibm.rdm.client.api.tests.diff.DiffServiceModuleStructureTest" endTimestamp="2014-03-18T09:41:42" id="b93acb3f-94b1-481b-a19b-043171dfed09" name="testGetModuleDiffWithVVC" startTimestamp="2014-03-18T09:41:27" time="14.436" />
  <testcase classname="com.ibm.rdm.client.api.tests.views.execution.AutoPageFilterViewServiceExecutionTest" endTimestamp="2014-03-18T09:43:06" id="546b49a8-d9b3-4d53-aae2-2e546097bbf5" name="testStubbedCLMFilterExecution" startTimestamp="2014-03-18T09:41:42" time="83.491" />
  <testcase classname="com.ibm.rdm.client.api.tests.views.execution.AutoPageFilterViewServiceExecutionTest" endTimestamp="2014-03-18T09:43:06" id="085aea4e-98f6-417a-bb7f-5141f17eafe2" name="testFilterPageSize3" startTimestamp="2014-03-18T09:43:06" time="0.581" />
  <testcase classname="com.ibm.rdm.client.api.tests.views.execution.AutoPageFilterViewServiceExecutionTest" endTimestamp="2014-03-18T09:43:07" id="4da588e4-b9c2-4e50-a2d4-edf7b06570d6" name="testFilterPageSize6" startTimestamp="2014-03-18T09:43:06" time="0.318" />
  <testcase classname="com.ibm.rdm.client.api.tests.views.execution.AutoPageFilterViewServiceExecutionTest" endTimestamp="2014-03-18T09:43:07" id="906a3dcc-e71e-4cc4-874c-cccd2fd88eee" name="testFilterNoPaging" startTimestamp="2014-03-18T09:43:07" time="0.329" />
  <testcase classname="com.ibm.rdm.client.api.tests.views.execution.AutoPageFilterViewServiceExecutionTest" endTimestamp="2014-03-18T09:43:08" id="2d817770-2f61-461f-8b1b-b9d7033cd9e1" name="testNoFilterNoPaging" startTimestamp="2014-03-18T09:43:07" time="0.572" />
  <testcase classname="com.ibm.rdm.client.api.tests.views.execution.DerivedLinksViewServiceExecutionTest" endTimestamp="2014-03-18T09:43:09" id="7e8229e8-ce93-4cf7-8bb3-1fc99fc96186" name="testGridViewDrillDownR6ToDerivedReferencesLinkConstrainRoles" startTimestamp="2014-03-18T09:43:08" time="0.923" />
  <testcase classname="com.ibm.rdm.client.api.tests.views.execution.DerivedLinksViewServiceExecutionTest" endTimestamp="2014-03-18T09:43:09" id="ad0a763d-713f-489a-a9c5-9be19b1718cb" name="testGridViewDrillDownR3ToDerivedReferencesLink" startTimestamp="2014-03-18T09:43:09" time="0.761" />
  <testcase classname="com.ibm.rdm.client.api.tests.views.execution.DerivedLinksViewServiceExecutionTest" endTimestamp="2014-03-18T09:43:09" id="c56e830a-98a7-423c-bd5f-c6293cf07f3d" name="testGridViewDrillDownR3ToDerivedReferencesLinkConstrainLinkQueryRolesOutForbidden" startTimestamp="2014-03-18T09:43:09" time="0.064" />
  <testcase classname="com.ibm.rdm.client.api.tests.views.execution.DerivedLinksViewServiceExecutionTest" endTimestamp="2014-03-18T09:43:09" id="c28b8b05-9e78-4cb8-9b70-26a49a2e4cfa" name="testGridViewDrillDownR3ToDerivedReferencesLinkConstrainLinkQueryRolesForbidden" startTimestamp="2014-03-18T09:43:09" time="0.057" />
  <testcase classname="com.ibm.rdm.client.api.tests.views.execution.DerivedLinksViewServiceExecutionTest" endTimestamp="2014-03-18T09:43:10" id="da22203a-48f3-48f5-bf71-4d214406f889" name="testFetchDerivedLinksFromR3" startTimestamp="2014-03-18T09:43:09" time="0.686" />
  <testcase classname="com.ibm.rdm.client.api.tests.views.execution.DerivedLinksViewServiceExecutionTest" endTimestamp="2014-03-18T09:43:11" id="ec95afe6-fe00-46ee-85b5-794893137d16" name="testFetchDerivedLinksFromR6" startTimestamp="2014-03-18T09:43:10" time="0.744" />
  <testcase classname="com.ibm.rdm.client.api.tests.views.execution.DerivedLinksViewServiceExecutionTest" endTimestamp="2014-03-18T09:43:11" id="9a8d1b0f-bc0f-49b2-ba6f-cae1291dcb46" name="testGridViewDrillDownR3ToDerivedReferencesLinkConstrainLinkQueryRolesInForbidden" startTimestamp="2014-03-18T09:43:11" time="0.06" />
  <testcase classname="com.ibm.rdm.client.api.tests.views.execution.DerivedLinksViewServiceExecutionTest" endTimestamp="2014-03-18T09:43:12" id="1653639f-a31b-4346-b3e4-731a4c3945e6" name="testGridViewDrillDownSummaryLinkToCalmQueryFetchLocalEnabled" startTimestamp="2014-03-18T09:43:11" time="0.765" />
  <testcase classname="com.ibm.rdm.client.api.tests.views.execution.DerivedLinksViewServiceExecutionTest" endTimestamp="2014-03-18T09:43:12" id="5a2d15f0-977d-463b-8d72-4d8b6dd49db7" name="testGridViewDrillDownR3ReferencesAndHierarchy" startTimestamp="2014-03-18T09:43:12" time="0.683" />
  <testcase classname="com.ibm.rdm.client.api.tests.views.execution.DerivedLinksViewServiceExecutionTest" endTimestamp="2014-03-18T09:43:13" id="2949e792-cfcd-4d00-b58d-8624129790c3" name="testGridViewDrillDownR3" startTimestamp="2014-03-18T09:43:12" time="0.734" />
  <testcase classname="com.ibm.rdm.client.api.tests.views.execution.DerivedLinksViewServiceExecutionTest" endTimestamp="2014-03-18T09:43:14" id="257e6a4c-2fa6-4b94-ae4a-892b0631f516" name="testGridViewDrillDownR6" startTimestamp="2014-03-18T09:43:13" time="0.714" />
  <testcase classname="com.ibm.rdm.client.api.tests.views.execution.DerivedLinksViewServiceExecutionTest" endTimestamp="2014-03-18T09:43:14" id="20fd440d-ddce-4b3b-bda7-e6770abc1348" name="testGridViewDrillDownR3ToDerivedReferencesLinkConstrainRoles" startTimestamp="2014-03-18T09:43:14" time="0.655" />
  <testcase classname="com.ibm.rdm.client.api.tests.views.execution.MaterializedViewServiceQueryTest" endTimestamp="2014-03-18T09:43:15" id="e8fb7643-15bf-493f-a6dc-7ca855e4a62f" name="testQueryForMaterializedViewsPrivate" startTimestamp="2014-03-18T09:43:14" time="0.129" />
  <testcase classname="com.ibm.rdm.client.api.tests.views.execution.MaterializedViewServiceQueryTest" endTimestamp="2014-03-18T09:43:15" id="2a22fba6-53e3-4a99-9a78-7900931f1e08" name="testQueryForMaterializedViewsOSLC" startTimestamp="2014-03-18T09:43:15" time="0.261" />
  <testcase classname="com.ibm.rdm.client.api.tests.views.persistence.ViewServicePersistenceTest" endTimestamp="2014-03-18T09:43:15" id="bed3c46a-8c5b-4133-9f2a-1c6143c3d17c" name="testPostViewOslcForbidden" startTimestamp="2014-03-18T09:43:15" time="0.042" />
  <testcase classname="com.ibm.rdm.client.api.tests.views.persistence.ViewServicePersistenceTest" endTimestamp="2014-03-18T09:43:15" id="b4fe3527-ed36-4db8-9fdf-a15132847eca" name="testCreateViewAsRdfXml" startTimestamp="2014-03-18T09:43:15" time="0.557" />
  <testcase classname="com.ibm.rdm.client.api.tests.views.persistence.ViewServicePersistenceTest" endTimestamp="2014-03-18T09:43:16" id="687800cd-a619-44fb-9af8-51d933ae3594" name="testDeleteViewOslcForbidden" startTimestamp="2014-03-18T09:43:15" time="0.449" />
  <testcase classname="com.ibm.rdm.client.api.tests.views.persistence.ViewServicePersistenceTest" endTimestamp="2014-03-18T09:43:19" id="bec29852-af0e-4bd1-a496-4828a5c71405" name="testQueryViews" startTimestamp="2014-03-18T09:43:16" time="3.383" />
  <testcase classname="com.ibm.rdm.client.api.tests.views.persistence.ViewServicePersistenceTest" endTimestamp="2014-03-18T09:43:20" id="b631ccf4-7ec5-48cd-b118-c3d5811ce03a" name="testUpdateViewAsRdfJson" startTimestamp="2014-03-18T09:43:19" time="0.639" />
  <testcase classname="com.ibm.rdm.client.api.tests.views.persistence.ViewServicePersistenceTest" endTimestamp="2014-03-18T09:43:20" id="47385047-d8b6-4f73-90b1-1619d2a1d3f5" name="testGetViewNoAcceptContentType" startTimestamp="2014-03-18T09:43:20" time="0.517" />
  <testcase classname="com.ibm.rdm.client.api.tests.views.persistence.ViewServicePersistenceTest" endTimestamp="2014-03-18T09:43:21" id="78d04aad-5448-4868-a9b5-0412504dd1d9" name="testUpdateViewAsRdfXml" startTimestamp="2014-03-18T09:43:20" time="0.843" />
  <testcase classname="com.ibm.rdm.client.api.tests.views.persistence.ViewServicePersistenceTest" endTimestamp="2014-03-18T09:43:22" id="83cd0f74-0618-424f-85a2-aba1f28f9a76" name="testGetViewAsRdfJsonIfNoneMatch" startTimestamp="2014-03-18T09:43:21" time="0.476" />
  <testcase classname="com.ibm.rdm.client.api.tests.views.persistence.ViewServicePersistenceTest" endTimestamp="2014-03-18T09:43:22" id="612dc9e1-2e83-4f35-bdec-869129c2ed94" name="testQueryViewOslcForbidden" startTimestamp="2014-03-18T09:43:22" time="0.014" />
  <testcase classname="com.ibm.rdm.client.api.tests.views.persistence.ViewServicePersistenceTest" endTimestamp="2014-03-18T09:43:22" id="eb595f29-8e49-4568-a75a-7038717c1396" name="testPutViewOslcForbidden" startTimestamp="2014-03-18T09:43:22" time="0.349" />
  <testcase classname="com.ibm.rdm.client.api.tests.views.persistence.ViewServicePersistenceTest" endTimestamp="2014-03-18T09:43:23" id="c1090226-6787-4083-bc2e-bc8a0d1c3d2b" name="testGetViewOslcForbidden" startTimestamp="2014-03-18T09:43:22" time="0.445" />
  <testcase classname="com.ibm.rdm.client.api.tests.views.persistence.ViewServicePersistenceTest" endTimestamp="2014-03-18T09:43:23" id="852a3366-f9b3-429f-8249-786de70fb4d3" name="testCreateViewAsRdfJson" startTimestamp="2014-03-18T09:43:23" time="0.376" />
  <testcase classname="com.ibm.rdm.client.api.tests.views.persistence.ViewServicePersistenceTest" endTimestamp="2014-03-18T09:43:23" id="c3664fda-aa6a-440c-80be-95a6e49fe20c" name="testHeadViewOslcForbidden" startTimestamp="2014-03-18T09:43:23" time="0.465" />
  <testcase classname="com.ibm.rdm.client.api.tests.views.execution.ViewServiceExecutionTestServiceOnly" endTimestamp="2014-03-18T09:43:24" id="87f19460-0b86-4bb5-9920-d5dfbee0c802" name="testGridRowQueryTextSearchAllIncludingModule" startTimestamp="2014-03-18T09:43:23" time="0.872" />
  <testcase classname="com.ibm.rdm.client.api.tests.views.execution.ViewServiceExecutionTestServiceOnly" endTimestamp="2014-03-18T09:43:30" id="97a28a9a-316e-4a98-a469-a3d1e83722da" name="testCsvExportServiceSpecificationsProject2" startTimestamp="2014-03-18T09:43:24" time="6.129" />
  <testcase classname="com.ibm.rdm.client.api.tests.views.execution.ViewServiceExecutionTestServiceOnly" endTimestamp="2014-03-18T09:43:31" id="8ee4f8dc-7893-4f8a-9931-3da396e75aab" name="testGridRowQueryTextSearchOslcWithWildcard" startTimestamp="2014-03-18T09:43:30" time="0.619" />
  <testcase classname="com.ibm.rdm.client.api.tests.views.execution.ViewServiceExecutionTestServiceOnly" endTimestamp="2014-03-18T09:43:31" id="60db5f83-3713-4503-a66b-b6ba3e98b7d9" name="testExecuteRqlQueryGETInvalidHeaderForbidden" startTimestamp="2014-03-18T09:43:31" time="0.026" />
  <testcase classname="com.ibm.rdm.client.api.tests.views.execution.ViewServiceExecutionTestServiceOnly" endTimestamp="2014-03-18T09:43:31" id="da777bbc-c6fa-40e3-ae85-65c933ca0336" name="testOslcQueryDiscoveryPOST" startTimestamp="2014-03-18T09:43:31" time="0.142" />
  <testcase classname="com.ibm.rdm.client.api.tests.views.execution.ViewServiceExecutionTestServiceOnly" endTimestamp="2014-03-18T09:43:37" id="324bf5b6-faaf-4557-b0bf-67ecf4ce7cf6" name="testCsvExportServiceSpecifications" startTimestamp="2014-03-18T09:43:31" time="6.264" />
  <testcase classname="com.ibm.rdm.client.api.tests.views.execution.ViewServiceExecutionTestServiceOnly" endTimestamp="2014-03-18T09:43:38" id="45024096-c14b-4489-a274-b93841804820" name="testGridRowQuerySearchForPrimaryTextSummary" startTimestamp="2014-03-18T09:43:37" time="0.135" />
  <testcase classname="com.ibm.rdm.client.api.tests.views.execution.ViewServiceExecutionTestServiceOnly" endTimestamp="2014-03-18T09:43:38" id="1dafe2ed-2496-485d-a038-325259c8da0c" name="testExecutePersistedGridViewJson" startTimestamp="2014-03-18T09:43:38" time="0.548" />
  <testcase classname="com.ibm.rdm.client.api.tests.views.execution.ViewServiceExecutionTestServiceOnly" endTimestamp="2014-03-18T09:43:38" id="f31186d8-4ade-4e79-9bff-8e0caccdabad" name="testFullResultsForTextSearch" startTimestamp="2014-03-18T09:43:38" time="0.269" />
  <testcase classname="com.ibm.rdm.client.api.tests.views.execution.ViewServiceExecutionTestServiceOnly" endTimestamp="2014-03-18T09:43:39" id="56d19b4f-96f2-45dd-aa81-3d66a7df0d20" name="testGridRowQueryTextSearchOslc" startTimestamp="2014-03-18T09:43:38" time="0.191" />
  <testcase classname="com.ibm.rdm.client.api.tests.views.execution.ViewServiceExecutionTestServiceOnly" endTimestamp="2014-03-18T09:43:39" id="11d38276-f5c9-4ac1-8c4c-48dd9a442962" name="testGridRowQueryTextSearchRequirement" startTimestamp="2014-03-18T09:43:39" time="0.244" />
  <testcase classname="com.ibm.rdm.client.api.tests.views.execution.ViewServiceExecutionTestServiceOnly" endTimestamp="2014-03-18T09:43:39" id="07b16d24-8a2a-4a9d-a3c4-af5bf401b9af" name="testGridRowQueryTextSearchRequirement2" startTimestamp="2014-03-18T09:43:39" time="0.118" />
  <testcase classname="com.ibm.rdm.client.api.tests.views.execution.ViewServiceExecutionTestServiceOnly" endTimestamp="2014-03-18T09:43:39" id="f1a21585-0b5d-4bec-b4bf-af42978eaf07" name="testOslcQueryDiscoveryGET" startTimestamp="2014-03-18T09:43:39" time="0.144" />
  <testcase classname="com.ibm.rdm.client.api.tests.views.execution.ViewServiceExecutionTestServiceOnly" endTimestamp="2014-03-18T09:43:39" id="8400d6a3-3609-49fc-a72f-49a9da2b8248" name="testExecuteOslcQueryGETInvalidHeaderForbidden" startTimestamp="2014-03-18T09:43:39" time="0.243" />
  <testcase classname="com.ibm.rdm.client.api.tests.views.execution.ViewServiceExecutionTestServiceOnly" endTimestamp="2014-03-18T09:43:40" id="1ee2d108-4171-43f6-a24f-f724750ae5de" name="testExecutePersistedGridViewRdfXml" startTimestamp="2014-03-18T09:43:39" time="0.563" />
  <testcase classname="com.ibm.rdm.client.api.tests.views.execution.ViewServiceExecutionTestServiceOnly" endTimestamp="2014-03-18T09:43:40" id="d33258ca-cab3-4ffb-b7ee-6a3197ae61a5" name="testGridRowQueryTextSearch" startTimestamp="2014-03-18T09:43:40" time="0.272" />
  <testcase classname="com.ibm.rdm.client.api.tests.views.execution.ViewServiceExecutionTestServiceOnly" endTimestamp="2014-03-18T09:43:40" id="d2067288-8a3e-4c0b-ae59-bb625cc21882" name="testExecuteOslcQueryPOSTInvalidHeaderForbidden" startTimestamp="2014-03-18T09:43:40" time="0.258" />
  <testcase classname="com.ibm.rdm.client.api.tests.views.execution.ViewServiceExecutionTestServiceOnly" endTimestamp="2014-03-18T09:43:41" id="4a8b7d67-c876-46f1-b12a-cfdebc535824" name="testPartialResultsForTextSearch" startTimestamp="2014-03-18T09:43:40" time="0.201" />
  <testcase classname="com.ibm.rdm.client.api.tests.views.execution.ViewServiceExecutionTestServiceOnly" endTimestamp="2014-03-18T09:43:44" id="be28cef7-83cf-45b6-8090-e8b0e9b8c685" name="testExecutePersistedGridViewJsonAgainstEmptyProject" startTimestamp="2014-03-18T09:43:41" time="3.059" />
  <testcase classname="com.ibm.rdm.client.api.tests.views.execution.ViewServiceExecutionTestServiceOnly" endTimestamp="2014-03-18T09:43:44" id="d4fd9723-5769-457d-897c-c7cc2c260be8" name="testExecutePersistedGridViewJsonFullFetch" startTimestamp="2014-03-18T09:43:44" time="0.585" />
  <testcase classname="com.ibm.rdm.client.api.tests.views.execution.ViewServiceExecutionTestServiceOnly" endTimestamp="2014-03-18T09:43:45" id="0b877f81-10a7-4f40-a198-47be41b51f9d" name="testViewQueryExecutionCap" startTimestamp="2014-03-18T09:43:44" time="0.262" />
  <testcase classname="com.ibm.rdm.client.api.tests.views.execution.UniversalTypesViewServiceExecutionTest" endTimestamp="2014-03-18T09:43:45" id="298f876f-3c18-4f11-8a6a-e7ff94aaac04" name="testUniversalLinkOut" startTimestamp="2014-03-18T09:43:45" time="0.134" />
  <testcase classname="com.ibm.rdm.client.api.tests.views.execution.UniversalTypesViewServiceExecutionTest" endTimestamp="2014-03-18T09:43:45" id="0166da55-c0c5-41c6-86a4-729898a84ad2" name="testUniversalPriorityFieldIsLowValue" startTimestamp="2014-03-18T09:43:45" time="0.142" />
  <testcase classname="com.ibm.rdm.client.api.tests.views.execution.UniversalTypesViewServiceExecutionTest" endTimestamp="2014-03-18T09:43:45" id="c1345ab7-7e26-4f03-8cef-7c33fa4a84ea" name="testUniversalPriorityFieldIsLowResource" startTimestamp="2014-03-18T09:43:45" time="0.111" />
  <testcase classname="com.ibm.rdm.client.api.tests.views.execution.BasicViewServiceExecutionTest" endTimestamp="2014-03-18T09:43:45" id="0d25f114-2b29-40fe-8042-e155b8ce6961" name="testGridViewSelectEverythingCollection1NoOrder" startTimestamp="2014-03-18T09:43:45" time="0.219" />
  <testcase classname="com.ibm.rdm.client.api.tests.views.execution.BasicViewServiceExecutionTest" endTimestamp="2014-03-18T09:43:45" id="e9dd7747-dd99-431c-8bb7-56547fb6863e" name="testGridViewByFolder" startTimestamp="2014-03-18T09:43:45" time="0.12" />
  <testcase classname="com.ibm.rdm.client.api.tests.views.execution.BasicViewServiceExecutionTest" endTimestamp="2014-03-18T09:43:46" id="a69ae346-e0f7-4ad2-a1c6-ccbeae5f692b" name="testGridViewSelectEverything" startTimestamp="2014-03-18T09:43:45" time="0.787" />
  <testcase classname="com.ibm.rdm.client.api.tests.views.execution.BasicViewServiceExecutionTest" endTimestamp="2014-03-18T09:43:46" id="a7dfaf04-f0cc-4439-be83-7b2cabb611f9" name="testGridViewRowQueryUriOnly" startTimestamp="2014-03-18T09:43:46" time="0.101" />
  <testcase classname="com.ibm.rdm.client.api.tests.views.execution.BasicViewServiceExecutionTest" endTimestamp="2014-03-18T09:43:46" id="f66f78e2-67d0-4fb5-984e-68af89953086" name="testGridViewSimpleRowQuery" startTimestamp="2014-03-18T09:43:46" time="0.146" />
  <testcase classname="com.ibm.rdm.client.api.tests.views.execution.BasicViewServiceExecutionTest" endTimestamp="2014-03-18T09:43:46" id="cfe3ad5a-be41-4a33-8f18-2ce594be5dde" name="testGridViewByIdentifierIndividualAttributes" startTimestamp="2014-03-18T09:43:46" time="0.116" />
  <testcase classname="com.ibm.rdm.client.api.tests.views.execution.BasicViewServiceExecutionTest" endTimestamp="2014-03-18T09:43:47" id="f09b3948-4227-4c19-81ec-5ff4dd93564c" name="testGridViewRowQuery" startTimestamp="2014-03-18T09:43:46" time="0.22" />
  <testcase classname="com.ibm.rdm.client.api.tests.views.execution.BasicViewServiceExecutionTest" endTimestamp="2014-03-18T09:43:47" id="b5ec254c-0de5-47d3-b708-8c40db08113b" name="testGridViewRestrictViaParam" startTimestamp="2014-03-18T09:43:47" time="0.098" />
  <testcase classname="com.ibm.rdm.client.api.tests.views.execution.LockViewServiceExecutionTest" endTimestamp="2014-03-18T09:43:48" id="b39803d0-fdee-407f-b69b-6c0efcc67cc3" name="testSelectLockedByCurrentUserCoreView" startTimestamp="2014-03-18T09:43:47" time="1.08" />
  <testcase classname="com.ibm.rdm.client.api.tests.views.execution.LockViewServiceExecutionTest" endTimestamp="2014-03-18T09:43:48" id="d060e7ad-09bf-466c-b7a2-d40c07ee689c" name="testDeleteModuleForbiddenWhenLocked" startTimestamp="2014-03-18T09:43:48" time="0.455" />
  <testcase classname="com.ibm.rdm.client.api.tests.views.execution.LockViewServiceExecutionTest" endTimestamp="2014-03-18T09:43:49" id="f6e02d3a-5e33-4e7d-9ec9-d35198865067" name="testAcquireAndReleaseLocksCoreView" startTimestamp="2014-03-18T09:43:48" time="0.812" />
  <testcase classname="com.ibm.rdm.client.api.tests.views.execution.LockViewServiceExecutionTest" endTimestamp="2014-03-18T09:43:49" id="a70f7774-3e13-4976-9e24-39220c08fb96" name="testSelectLocksModuleViewWithoutBoundArtifactSelected" startTimestamp="2014-03-18T09:43:49" time="0.128" />
  <testcase classname="com.ibm.rdm.client.api.tests.views.execution.LockViewServiceExecutionTest" endTimestamp="2014-03-18T09:43:53" id="c4b3ff02-5381-4724-8080-3df4554354e9" name="testCreateAndQueryViewsContainingLockInformationDiffClientVersionsScenarios" startTimestamp="2014-03-18T09:43:49" time="3.52" />
  <testcase classname="com.ibm.rdm.client.api.tests.views.execution.LockViewServiceExecutionTest" endTimestamp="2014-03-18T09:43:53" id="fe2e7b1b-581e-4b20-bc4e-e0a61c21fc52" name="testSelectLockedByUserModuleView" startTimestamp="2014-03-18T09:43:53" time="0.609" />
  <testcase classname="com.ibm.rdm.client.api.tests.views.execution.LockViewServiceExecutionTest" endTimestamp="2014-03-18T09:43:54" id="a11dac4b-45ba-471b-be05-e621c0d41c3e" name="testSelectLockedByCurrentUserModuleView" startTimestamp="2014-03-18T09:43:53" time="1.001" />
  <testcase classname="com.ibm.rdm.client.api.tests.views.execution.LockViewServiceExecutionTest" endTimestamp="2014-03-18T09:43:55" id="307b0105-0265-424b-b896-c70b20b9d3eb" name="testDeleteModuleBindingForbiddenWhenLocked" startTimestamp="2014-03-18T09:43:54" time="0.57" />
  <testcase classname="com.ibm.rdm.client.api.tests.views.execution.LockViewServiceExecutionTest" endTimestamp="2014-03-18T09:43:56" id="00219a2d-e6af-4450-970a-22ef126184ea" name="testSelectLockedModuleView" startTimestamp="2014-03-18T09:43:55" time="0.586" />
  <testcase classname="com.ibm.rdm.client.api.tests.views.execution.LockViewServiceExecutionTest" endTimestamp="2014-03-18T09:43:56" id="c2705dfb-27c1-4ba6-bfb3-1f04298d69bd" name="testAcquireAndReleaseLocksModuleView" startTimestamp="2014-03-18T09:43:56" time="0.758" />
  <testcase classname="com.ibm.rdm.client.api.tests.views.execution.LockViewServiceExecutionTest" endTimestamp="2014-03-18T09:43:57" id="25684040-5772-4274-a89b-ae8b5353709e" name="testSelectLockedByUserCoreView" startTimestamp="2014-03-18T09:43:56" time="0.785" />
  <testcase classname="com.ibm.rdm.client.api.tests.views.execution.LockViewServiceExecutionTest" endTimestamp="2014-03-18T09:43:58" id="523378ef-3cf6-49ed-87af-3a7b114267dc" name="testSelectLockedCoreView" startTimestamp="2014-03-18T09:43:57" time="0.838" />
  <testcase classname="com.ibm.rdm.client.api.tests.views.execution.AggregateViewServiceExecutionTest" endTimestamp="2014-03-18T09:43:58" id="84a54dc0-cf15-4c57-924b-0a4b37c4bd70" name="testTagCountExtrinsicReuseEnabled" startTimestamp="2014-03-18T09:43:58" time="0.216" />
  <testcase classname="com.ibm.rdm.client.api.tests.views.execution.AggregateViewServiceExecutionTest" endTimestamp="2014-03-18T09:43:58" id="1a1c5373-a72c-484c-b8bd-be45ac74d774" name="testUnresolvedCommentCount" startTimestamp="2014-03-18T09:43:58" time="0.107" />
  <testcase classname="com.ibm.rdm.client.api.tests.views.execution.AggregateViewServiceExecutionTest" endTimestamp="2014-03-18T09:43:58" id="3e8d29f8-b244-41c9-b7d8-504feb2b2498" name="testMostRecentUnresolvedCommentExtrinsicReuseDisabled" startTimestamp="2014-03-18T09:43:58" time="0.196" />
  <testcase classname="com.ibm.rdm.client.api.tests.views.execution.AggregateViewServiceExecutionTest" endTimestamp="2014-03-18T09:43:59" id="05bf9ea3-2148-4282-9cd2-800476954982" name="testCommentCountExtrinsicReuseDisabled" startTimestamp="2014-03-18T09:43:58" time="0.149" />
  <testcase classname="com.ibm.rdm.client.api.tests.views.execution.AggregateViewServiceExecutionTest" endTimestamp="2014-03-18T09:43:59" id="173fa839-3f1b-46b7-b455-cd08ddadcbd7" name="testRecentCommentCountExtrinsicReuseEnabled" startTimestamp="2014-03-18T09:43:59" time="0.142" />
  <testcase classname="com.ibm.rdm.client.api.tests.views.execution.AggregateViewServiceExecutionTest" endTimestamp="2014-03-18T09:43:59" id="aa356fc5-a852-4a1e-87d5-06ef634ae15e" name="testLinkCount" startTimestamp="2014-03-18T09:43:59" time="0.107" />
  <testcase classname="com.ibm.rdm.client.api.tests.views.execution.AggregateViewServiceExecutionTest" endTimestamp="2014-03-18T09:43:59" id="e092ecd3-f23c-4ca1-8e71-d9a763beffb2" name="testLinkCountExtrinsicReuseEnabled" startTimestamp="2014-03-18T09:43:59" time="0.151" />
  <testcase classname="com.ibm.rdm.client.api.tests.views.execution.AggregateViewServiceExecutionTest" endTimestamp="2014-03-18T09:43:59" id="2e003937-7258-47a6-a383-196a7634bdf1" name="testCommentCountExtrinsicReuseEnabled" startTimestamp="2014-03-18T09:43:59" time="0.196" />
  <testcase classname="com.ibm.rdm.client.api.tests.views.execution.AggregateViewServiceExecutionTest" endTimestamp="2014-03-18T09:43:59" id="2da342b8-7ea3-434c-957a-58d304e3732e" name="testTagCount" startTimestamp="2014-03-18T09:43:59" time="0.129" />
  <testcase classname="com.ibm.rdm.client.api.tests.views.execution.AggregateViewServiceExecutionTest" endTimestamp="2014-03-18T09:43:59" id="25887b59-974f-4a03-8198-dc52dfb8974a" name="testMostRecentUnresolvedComment" startTimestamp="2014-03-18T09:43:59" time="0.144" />
  <testcase classname="com.ibm.rdm.client.api.tests.views.execution.AggregateViewServiceExecutionTest" endTimestamp="2014-03-18T09:44:00" id="50fc0d9d-f280-45fa-9500-24c79d58fa5b" name="testRecentCommentCount" startTimestamp="2014-03-18T09:43:59" time="0.093" />
  <testcase classname="com.ibm.rdm.client.api.tests.views.execution.AggregateViewServiceExecutionTest" endTimestamp="2014-03-18T09:44:00" id="888474f8-5d23-46ce-9286-03e65850b223" name="testRecentCommentCountExtrinsicReuseDisabled" startTimestamp="2014-03-18T09:44:00" time="0.143" />
  <testcase classname="com.ibm.rdm.client.api.tests.views.execution.AggregateViewServiceExecutionTest" endTimestamp="2014-03-18T09:44:00" id="d0be5168-2b4c-4012-b7ed-8b7821a062f8" name="testReuseCount" startTimestamp="2014-03-18T09:44:00" time="0.272" />
  <testcase classname="com.ibm.rdm.client.api.tests.views.execution.AggregateViewServiceExecutionTest" endTimestamp="2014-03-18T09:44:00" id="b122983c-fe80-4f7a-aafd-dc354c3ae67d" name="testMostRecentComment" startTimestamp="2014-03-18T09:44:00" time="0.128" />
  <testcase classname="com.ibm.rdm.client.api.tests.views.execution.AggregateViewServiceExecutionTest" endTimestamp="2014-03-18T09:44:00" id="d0fafdaa-969d-47b3-9a1c-8f3a68716369" name="testMostRecentCommentExtrinsicReuseDisabled" startTimestamp="2014-03-18T09:44:00" time="0.144" />
  <testcase classname="com.ibm.rdm.client.api.tests.views.execution.AggregateViewServiceExecutionTest" endTimestamp="2014-03-18T09:44:00" id="3e96888e-b387-40ce-b826-b40aafdfbfed" name="testReuseCountWhereInSortByReuseCount" startTimestamp="2014-03-18T09:44:00" time="0.134" />
  <testcase classname="com.ibm.rdm.client.api.tests.views.execution.AggregateViewServiceExecutionTest" endTimestamp="2014-03-18T09:44:00" id="f37c9eaf-2564-4667-a24e-e2ba055c0e92" name="testTagCountExtrinsicReuseDisabled" startTimestamp="2014-03-18T09:44:00" time="0.139" />
  <testcase classname="com.ibm.rdm.client.api.tests.views.execution.AggregateViewServiceExecutionTest" endTimestamp="2014-03-18T09:44:01" id="7d0add6d-83c7-44e7-99f4-2a1c616c2017" name="testRecentUnresolvedCommentCount" startTimestamp="2014-03-18T09:44:00" time="0.102" />
  <testcase classname="com.ibm.rdm.client.api.tests.views.execution.AggregateViewServiceExecutionTest" endTimestamp="2014-03-18T09:44:01" id="f3181d83-e160-4688-9335-b167b7674652" name="testReuseCountAndTitle" startTimestamp="2014-03-18T09:44:01" time="0.349" />
  <testcase classname="com.ibm.rdm.client.api.tests.views.execution.AggregateViewServiceExecutionTest" endTimestamp="2014-03-18T09:44:01" id="892a866a-cbcd-43a8-95d2-753e45c3983e" name="testLinkCountExtrinsicReuseDisabled" startTimestamp="2014-03-18T09:44:01" time="0.151" />
  <testcase classname="com.ibm.rdm.client.api.tests.views.execution.AggregateViewServiceExecutionTest" endTimestamp="2014-03-18T09:44:01" id="6c58569b-232f-4160-9fdd-62dc20951e5a" name="testResolvedCommentCount" startTimestamp="2014-03-18T09:44:01" time="0.102" />
  <testcase classname="com.ibm.rdm.client.api.tests.views.execution.AggregateViewServiceExecutionTest" endTimestamp="2014-03-18T09:44:01" id="c6767ba6-8e91-485e-9b0a-10e83bcf4e3c" name="testReuseCountSelectAndWhere" startTimestamp="2014-03-18T09:44:01" time="0.1" />
  <testcase classname="com.ibm.rdm.client.api.tests.views.execution.AggregateViewServiceExecutionTest" endTimestamp="2014-03-18T09:44:01" id="1e24e6ce-1241-4f85-864c-e70ac1a3cb3c" name="testCommentCount" startTimestamp="2014-03-18T09:44:01" time="0.089" />
  <testcase classname="com.ibm.rdm.client.api.tests.views.execution.AggregateViewServiceExecutionTest" endTimestamp="2014-03-18T09:44:01" id="7f527359-2fbb-47b1-a9a0-b68ea6ea1c39" name="testRecentResolvedCommentCount" startTimestamp="2014-03-18T09:44:01" time="0.122" />
  <testcase classname="com.ibm.rdm.client.api.tests.views.execution.AggregateViewServiceExecutionTest" endTimestamp="2014-03-18T09:44:02" id="01df8a94-8495-4f19-af4e-e2e0d9426ce2" name="testMostRecentCommentExtrinsicReuseEnabled" startTimestamp="2014-03-18T09:44:01" time="0.143" />
  <testcase classname="com.ibm.rdm.client.api.tests.views.execution.AggregateViewServiceExecutionTest" endTimestamp="2014-03-18T09:44:02" id="af5112cf-ddad-4bd0-90fd-f8ce564b5494" name="testMostRecentUnresolvedCommentExtrinsicReuseEnabled" startTimestamp="2014-03-18T09:44:02" time="0.148" />
  <testcase classname="com.ibm.rdm.client.api.tests.views.execution.AggregateViewServiceExecutionTest" endTimestamp="2014-03-18T09:44:02" id="e54dd994-faf8-4c3a-9a60-d7ac5c4b7867" name="testMostRecentResolvedComment" startTimestamp="2014-03-18T09:44:02" time="0.108" />
  <testcase classname="com.ibm.rdm.client.api.tests.views.execution.ModuleViewServiceExecutionTest" endTimestamp="2014-03-18T09:44:02" id="43734065-ca5c-478f-bf05-a949793ef3ea" name="testFindCoreArtifactsByModule" startTimestamp="2014-03-18T09:44:02" time="0.313" />
  <testcase classname="com.ibm.rdm.client.api.tests.views.execution.ModuleViewServiceExecutionTest" endTimestamp="2014-03-18T09:44:02" id="622dbaef-a7b6-458b-b120-ddcd951f9edc" name="testArtifactsInModule1LinkingToModule2ExtrinsicReuseDisabled" startTimestamp="2014-03-18T09:44:02" time="0.184" />
  <testcase classname="com.ibm.rdm.client.api.tests.views.execution.ModuleViewServiceExecutionTest" endTimestamp="2014-03-18T09:44:03" id="2548c170-0fdb-4de9-a0ec-40b46c2e0101" name="testGridViewEverythingInModule1" startTimestamp="2014-03-18T09:44:02" time="0.291" />
  <testcase classname="com.ibm.rdm.client.api.tests.views.execution.ModuleViewServiceExecutionTest" endTimestamp="2014-03-18T09:44:03" id="036839cd-37ec-48c8-8381-a7207a0223bc" name="testGridViewEverythingInModule1DoNotSelectBookOrder" startTimestamp="2014-03-18T09:44:03" time="0.24" />
  <testcase classname="com.ibm.rdm.client.api.tests.views.execution.ModuleViewServiceExecutionTest" endTimestamp="2014-03-18T09:44:03" id="981152ce-d64a-4f2d-96b1-2d5e541d24e0" name="testBoundArtifactEquals" startTimestamp="2014-03-18T09:44:03" time="0.134" />
  <testcase classname="com.ibm.rdm.client.api.tests.views.execution.ModuleViewServiceExecutionTest" endTimestamp="2014-03-18T09:44:03" id="cf21196d-7a39-499d-8a48-f5b91c709e6c" name="testDominicDefect56962Slow" startTimestamp="2014-03-18T09:44:03" time="0.169" />
  <testcase classname="com.ibm.rdm.client.api.tests.views.execution.ModuleViewServiceExecutionTest" endTimestamp="2014-03-18T09:44:03" id="b8cc5cde-faa1-41a4-88eb-75f1e3078e85" name="testArtifactsInModule1LinkingToModule2" startTimestamp="2014-03-18T09:44:03" time="0.216" />
  <testcase classname="com.ibm.rdm.client.api.tests.views.execution.ModuleViewServiceExecutionTest" endTimestamp="2014-03-18T09:44:03" id="1f703576-cbf5-4876-ba58-3853572ea0bd" name="testBoundArtifactInMultipleForbidden" startTimestamp="2014-03-18T09:44:03" time="0.031" />
  <testcase classname="com.ibm.rdm.client.api.tests.views.execution.ModuleViewServiceExecutionTest" endTimestamp="2014-03-18T09:44:04" id="758a19e2-fbcb-4b7c-844a-e4315fbe87cc" name="testBoundCreatorInMatches" startTimestamp="2014-03-18T09:44:03" time="0.183" />
  <testcase classname="com.ibm.rdm.client.api.tests.views.execution.ModuleViewServiceExecutionTest" endTimestamp="2014-03-18T09:44:04" id="5be4d571-5f1e-4917-ab20-5ec730be4a04" name="testBoundArtifactIn" startTimestamp="2014-03-18T09:44:04" time="0.121" />
  <testcase classname="com.ibm.rdm.client.api.tests.views.execution.ModuleViewServiceExecutionTest" endTimestamp="2014-03-18T09:44:04" id="2cab3e2c-d1dc-468c-a53a-5393212d04ae" name="testFindCoreArtifactsByModuleViaBinding" startTimestamp="2014-03-18T09:44:04" time="0.247" />
  <testcase classname="com.ibm.rdm.client.api.tests.views.execution.ModuleViewServiceExecutionTest" endTimestamp="2014-03-18T09:44:04" id="83a8ac00-14ea-43cb-92d4-f1ca66de690c" name="testBoundCreatorDoesNotMatch" startTimestamp="2014-03-18T09:44:04" time="0.057" />
  <testcase classname="com.ibm.rdm.client.api.tests.views.execution.LargeValueViewServiceExecutionTest" endTimestamp="2014-03-18T09:44:04" id="abe2158b-4588-4d7e-abf3-c8e37737870c" name="testSelectLongPrimaryText" startTimestamp="2014-03-18T09:44:04" time="0.095" />
  <testcase classname="com.ibm.rdm.client.api.tests.views.execution.MultiValueViewServiceExecutionTest" endTimestamp="2014-03-18T09:44:04" id="37db82a5-6d56-4752-b13e-bf6ffc078eee" name="testGridViewSelectTagsAndAnotherMultiValueAttributeOslc" startTimestamp="2014-03-18T09:44:04" time="0.191" />
  <testcase classname="com.ibm.rdm.client.api.tests.views.execution.MultiValueViewServiceExecutionTest" endTimestamp="2014-03-18T09:44:04" id="c9530b27-a28b-4d2e-8a69-9a86f47d2f68" name="testFetchLinkBothDirections" startTimestamp="2014-03-18T09:44:04" time="0.096" />
  <testcase classname="com.ibm.rdm.client.api.tests.views.execution.MultiValueViewServiceExecutionTest" endTimestamp="2014-03-18T09:44:05" id="568ea576-e2c5-4634-8fab-245e33a116ef" name="testGridViewSelectTraceLink" startTimestamp="2014-03-18T09:44:04" time="0.122" />
  <testcase classname="com.ibm.rdm.client.api.tests.views.execution.MultiValueViewServiceExecutionTest" endTimestamp="2014-03-18T09:44:05" id="8acacb87-b6b4-42b8-9641-3b0fd3a9ff71" name="testGridViewSelectMvEnumWhereMvEqualsOrderByMvDescAndDwDesc" startTimestamp="2014-03-18T09:44:05" time="0.219" />
  <testcase classname="com.ibm.rdm.client.api.tests.views.execution.MultiValueViewServiceExecutionTest" endTimestamp="2014-03-18T09:44:05" id="3cff8450-5445-4319-aeee-984e2bcd3499" name="testGridViewSelectMvEnumInAll" startTimestamp="2014-03-18T09:44:05" time="0.169" />
  <testcase classname="com.ibm.rdm.client.api.tests.views.execution.MultiValueViewServiceExecutionTest" endTimestamp="2014-03-18T09:44:05" id="fada32dd-0888-440c-9974-391e5c46eb41" name="testGridViewSelectMvEnumNotInAll" startTimestamp="2014-03-18T09:44:05" time="0.23" />
  <testcase classname="com.ibm.rdm.client.api.tests.views.execution.MultiValueViewServiceExecutionTest" endTimestamp="2014-03-18T09:44:05" id="9ab2cf81-e669-4c0a-a945-5d46fb8f6520" name="testGridViewSelectMvUserInAll" startTimestamp="2014-03-18T09:44:05" time="0.172" />
  <testcase classname="com.ibm.rdm.client.api.tests.views.execution.MultiValueViewServiceExecutionTest" endTimestamp="2014-03-18T09:44:06" id="353a128f-9c57-4b45-8cf3-7a769e0a201a" name="testGridViewSelectMvUserNotInAll" startTimestamp="2014-03-18T09:44:05" time="0.218" />
  <testcase classname="com.ibm.rdm.client.api.tests.views.execution.MultiValueViewServiceExecutionTest" endTimestamp="2014-03-18T09:44:06" id="c50a78ff-f5ec-4b82-8ba7-beb0d7ed0363" name="testGridViewSelectTraceLinkWithTargetIdAndTitle" startTimestamp="2014-03-18T09:44:06" time="0.139" />
  <testcase classname="com.ibm.rdm.client.api.tests.views.execution.MultiValueViewServiceExecutionTest" endTimestamp="2014-03-18T09:44:06" id="08e76e4e-c778-47aa-a34c-665c0e79bd74" name="testGridViewSelectMultiValueEnum" startTimestamp="2014-03-18T09:44:06" time="0.127" />
  <testcase classname="com.ibm.rdm.client.api.tests.views.execution.MultiValueViewServiceExecutionTest" endTimestamp="2014-03-18T09:44:06" id="e7179b6a-79d8-408c-b41c-fe7fab71ed0d" name="testGridViewSelectMultiValueUser" startTimestamp="2014-03-18T09:44:06" time="0.137" />
  <testcase classname="com.ibm.rdm.client.api.tests.views.execution.MultiValueViewServiceExecutionTest" endTimestamp="2014-03-18T09:44:06" id="85ecb9ff-4ac8-4e7e-9a15-c4369b66d1c6" name="testGridViewSelectMvUserNotInAllForModule" startTimestamp="2014-03-18T09:44:06" time="0.146" />
  <testcase classname="com.ibm.rdm.client.api.tests.views.execution.MultiValueViewServiceExecutionTest" endTimestamp="2014-03-18T09:44:06" id="0e61f058-8204-47fb-8bd7-d2619421c119" name="testGridViewSelectMvEnumWhereMvEqualsOrderByMvAscDwAsc" startTimestamp="2014-03-18T09:44:06" time="0.219" />
  <testcase classname="com.ibm.rdm.client.api.tests.views.execution.MultiValueViewServiceExecutionTest" endTimestamp="2014-03-18T09:44:06" id="37f9cfa2-cbab-4a08-a0d6-8f9ea8b384e5" name="testFetchOutgoingLink" startTimestamp="2014-03-18T09:44:06" time="0.09" />
  <testcase classname="com.ibm.rdm.client.api.tests.views.execution.MultiValueViewServiceExecutionTest" endTimestamp="2014-03-18T09:44:07" id="9f9babb7-55ba-4b63-a6e9-73fc4745a755" name="testGridViewByTagOrderByMvAndDaysWorkDesc" startTimestamp="2014-03-18T09:44:06" time="0.209" />
  <testcase classname="com.ibm.rdm.client.api.tests.views.execution.MultiValueViewServiceExecutionTest" endTimestamp="2014-03-18T09:44:07" id="fc8c59b5-7e5f-4457-8b8b-f24eb4b9ffd6" name="testGridViewByTagOrderByMvAndDaysWorkAsc" startTimestamp="2014-03-18T09:44:07" time="0.201" />
  <testcase classname="com.ibm.rdm.client.api.tests.views.execution.MultiValueViewServiceExecutionTest" endTimestamp="2014-03-18T09:44:07" id="1d399782-a7a6-40c2-a45e-7aed1949c27f" name="testGridViewSelectTagsAndAnotherMultiValueAttribute" startTimestamp="2014-03-18T09:44:07" time="0.202" />
  <testcase classname="com.ibm.rdm.client.api.tests.views.execution.MultiValueViewServiceExecutionTest" endTimestamp="2014-03-18T09:44:07" id="42d3acf8-30a7-44a1-8ebc-f7cbf937bb8e" name="testGridViewSelectMvEnumWhereMvEqualsOrderByMvDescAndDwAsc" startTimestamp="2014-03-18T09:44:07" time="0.214" />
  <testcase classname="com.ibm.rdm.client.api.tests.views.execution.MultiValueViewServiceExecutionTest" endTimestamp="2014-03-18T09:44:07" id="dc538205-5ac7-4eb5-800d-0f9e7111d687" name="testGridViewSelectMvEnumWhereMvInOrderByMvAscDwAsc" startTimestamp="2014-03-18T09:44:07" time="0.203" />
  <testcase classname="com.ibm.rdm.client.api.tests.views.execution.MultiValueViewServiceExecutionTest" endTimestamp="2014-03-18T09:44:08" id="379df5ba-5bcc-43fb-9208-07a9b7a7f859" name="testFetchIncomingLink" startTimestamp="2014-03-18T09:44:07" time="0.13" />
  <testcase classname="com.ibm.rdm.client.api.tests.views.execution.MultiValueViewServiceExecutionTest" endTimestamp="2014-03-18T09:44:08" id="9ede3d4d-f106-43b5-a9b3-c50c09f96011" name="testDrillDownThenFetchMvAttribute" startTimestamp="2014-03-18T09:44:08" time="0.756" />
  <testcase classname="com.ibm.rdm.client.api.tests.views.execution.MultiValueViewServiceExecutionTest" endTimestamp="2014-03-18T09:44:09" id="552d3a54-42cf-4bc9-8de6-6603bb35eb7a" name="testFilterByMvEnumWithReuseCountWithReuseEnabled" startTimestamp="2014-03-18T09:44:08" time="0.536" />
  <testcase classname="com.ibm.rdm.client.api.tests.views.execution.MultiValueViewServiceExecutionTest" endTimestamp="2014-03-18T09:44:09" id="b181a139-b5b3-4522-81b2-5f8959b599e5" name="testGridViewSelectArtifactsWithMultipleValuesInMVEnum" startTimestamp="2014-03-18T09:44:09" time="0.071" />
  <testcase classname="com.ibm.rdm.client.api.tests.views.execution.MultiValueViewServiceExecutionTest" endTimestamp="2014-03-18T09:44:09" id="a548ea75-c0a4-44ea-b834-1c9de97f3ecf" name="testGridViewSelectMvEnumWhereMvInOrderByMvDescDwDesc" startTimestamp="2014-03-18T09:44:09" time="0.202" />
  <testcase classname="com.ibm.rdm.client.api.tests.views.execution.MultiValueViewServiceExecutionTest" endTimestamp="2014-03-18T09:44:09" id="0a6b1230-8d5f-4eff-99cb-be8c87fb61a8" name="testGridViewSelectMultiValueEnumOslc" startTimestamp="2014-03-18T09:44:09" time="0.139" />
  <testcase classname="com.ibm.rdm.client.api.tests.views.execution.MultiValueViewServiceExecutionTest" endTimestamp="2014-03-18T09:44:10" id="2e202f03-c217-4685-a115-c691b5ee3e7f" name="testMultiFetchGroupings" startTimestamp="2014-03-18T09:44:09" time="0.2" />
  <testcase classname="com.ibm.rdm.client.api.tests.views.execution.MultiValueViewServiceExecutionTest" endTimestamp="2014-03-18T09:44:10" id="0eef3064-50e8-4566-81e1-f7702d70c383" name="testGridViewSelectMultiValueEnumInModule" startTimestamp="2014-03-18T09:44:10" time="0.084" />
  <testcase classname="com.ibm.rdm.client.api.tests.views.execution.MultiValueViewServiceExecutionTest" endTimestamp="2014-03-18T09:44:10" id="9fea91a6-3149-4c37-8e7e-31e2dcfbbbe8" name="testGridViewSelectMvEnumWhereMvInOrderByMvDescDwAsc" startTimestamp="2014-03-18T09:44:10" time="0.215" />
  <testcase classname="com.ibm.rdm.client.api.tests.views.execution.WildcardViewServiceExecutionTest" endTimestamp="2014-03-18T09:44:10" id="9cdaee35-f6f5-4fb1-8b09-67167d186014" name="testSelectWildcardAsOslc" startTimestamp="2014-03-18T09:44:10" time="0.618" />
  <testcase classname="com.ibm.rdm.client.api.tests.views.execution.WildcardViewServiceExecutionTest" endTimestamp="2014-03-18T09:44:11" id="78120cb4-ef44-460d-9f43-75550b60c666" name="testSelectWildcard" startTimestamp="2014-03-18T09:44:10" time="0.664" />
  <testcase classname="com.ibm.rdm.client.api.tests.views.execution.NestViewServiceExecutionTest" endTimestamp="2014-03-18T09:44:13" id="f5f1bf96-34aa-422d-9e74-ba7ba6f7421a" name="testNestedSelectAndOrderByWhere1Oslc" startTimestamp="2014-03-18T09:44:11" time="1.445" />
  <testcase classname="com.ibm.rdm.client.api.tests.views.execution.NestViewServiceExecutionTest" endTimestamp="2014-03-18T09:44:13" id="35b56ca6-d9e7-4775-8b31-587002794b43" name="testNestedSelectAndOrderByOslc" startTimestamp="2014-03-18T09:44:13" time="0.29" />
  <testcase classname="com.ibm.rdm.client.api.tests.views.execution.NestViewServiceExecutionTest" endTimestamp="2014-03-18T09:44:14" id="41d619c9-fe70-4b21-a6b8-e2a42a2ebd16" name="testNestedSelectAndOrderByWhere1Rql" startTimestamp="2014-03-18T09:44:13" time="1.44" />
  <testcase classname="com.ibm.rdm.client.api.tests.views.execution.NestViewServiceExecutionTest" endTimestamp="2014-03-18T09:44:16" id="32db898d-bcf9-4fc1-8bf6-1aa2d55edd2c" name="testNestedSelectAndOrderByWhere2Rql" startTimestamp="2014-03-18T09:44:14" time="1.326" />
  <testcase classname="com.ibm.rdm.client.api.tests.views.execution.NestViewServiceExecutionTest" endTimestamp="2014-03-18T09:44:16" id="a62987d8-b9ce-48c8-bf55-92acf1645388" name="testNestedSelectAndOrderByRql" startTimestamp="2014-03-18T09:44:16" time="0.321" />
  <testcase classname="com.ibm.rdm.client.api.tests.views.execution.NestViewServiceExecutionTest" endTimestamp="2014-03-18T09:44:16" id="63a5b302-9e56-4d8f-a4c5-cec0c39e963c" name="testSelectHierarchyTraceIdentifierRql" startTimestamp="2014-03-18T09:44:16" time="0.256" />
  <testcase classname="com.ibm.rdm.client.api.tests.views.execution.NestViewServiceExecutionTest" endTimestamp="2014-03-18T09:44:16" id="c3c64dcc-83b3-43ef-a11f-2a1925aa9c33" name="testSelectHierarchyTraceIdentifierOslc" startTimestamp="2014-03-18T09:44:16" time="0.182" />
  <testcase classname="com.ibm.rdm.client.api.tests.views.execution.NestViewServiceExecutionTest" endTimestamp="2014-03-18T09:44:16" id="6b716951-8fc1-447e-a759-def45538dd32" name="testSelectHierarchyTitleOslc" startTimestamp="2014-03-18T09:44:16" time="0.125" />
  <testcase classname="com.ibm.rdm.client.api.tests.views.execution.NestViewServiceExecutionTest" endTimestamp="2014-03-18T09:44:17" id="06c5549b-6e99-4f8f-8a6d-35f499a38515" name="testSelectTraceIdentifierModuleBindingToModuleBindingRql" startTimestamp="2014-03-18T09:44:16" time="0.222" />
  <testcase classname="com.ibm.rdm.client.api.tests.views.execution.NestViewServiceExecutionTest" endTimestamp="2014-03-18T09:44:17" id="266cfa9d-9d82-462c-941d-1d53f6f48b24" name="testSelectHierarchyTitleRql" startTimestamp="2014-03-18T09:44:17" time="0.122" />
  <testcase classname="com.ibm.rdm.client.api.tests.views.execution.NestViewServiceExecutionTest" endTimestamp="2014-03-18T09:44:17" id="bd4b98e1-8d72-4f97-854e-94e4e10f6bc7" name="testSelectLinkObjectProperties" startTimestamp="2014-03-18T09:44:17" time="0.152" />
  <testcase classname="com.ibm.rdm.client.api.tests.views.execution.OslcOnlyViewServiceExecutionTest" endTimestamp="2014-03-18T09:44:17" id="d1f8e565-1c7a-49eb-b123-ec6d1b642aa7" name="testWhereWithUsesThroughCollection1" startTimestamp="2014-03-18T09:44:17" time="0.241" />
  <testcase classname="com.ibm.rdm.client.api.tests.views.execution.OslcOnlyViewServiceExecutionTest" endTimestamp="2014-03-18T09:44:18" id="30569dc9-4f8b-4f63-86fd-2d042b86c2b7" name="testSelectWhereRdfTypeRequirement" startTimestamp="2014-03-18T09:44:17" time="0.453" />
  <testcase classname="com.ibm.rdm.client.api.tests.views.execution.OslcOnlyViewServiceExecutionTest" endTimestamp="2014-03-18T09:44:18" id="7cca6ebb-5e0e-4df6-8366-c6e185f89ab6" name="testSelectWhereRdfTypeRequirementOrRequirementCollection" startTimestamp="2014-03-18T09:44:18" time="0.558" />
  <testcase classname="com.ibm.rdm.client.api.tests.views.execution.OslcOnlyViewServiceExecutionTest" endTimestamp="2014-03-18T09:44:18" id="41327075-c318-4b0b-a68e-2626edac0ba2" name="testWherePrimaryText" startTimestamp="2014-03-18T09:44:18" time="0.208" />
  <testcase classname="com.ibm.rdm.client.api.tests.views.execution.OslcOnlyViewServiceExecutionTest" endTimestamp="2014-03-18T09:44:19" id="4d5f2232-2a5c-4b69-966c-e0eda22d77e2" name="testWhereInstanceShape" startTimestamp="2014-03-18T09:44:18" time="0.159" />
  <testcase classname="com.ibm.rdm.client.api.tests.views.execution.OslcOnlyViewServiceExecutionTest" endTimestamp="2014-03-18T09:44:19" id="6189a3b4-b90e-49b2-a5bc-2760af14dadd" name="testSelectThroughCollection1" startTimestamp="2014-03-18T09:44:19" time="0.134" />
  <testcase classname="com.ibm.rdm.client.api.tests.views.execution.OslcOnlyViewServiceExecutionTest" endTimestamp="2014-03-18T09:44:19" id="957bdbec-14bf-4aa5-9269-19d31fb8d09d" name="testSelectThroughCollection2" startTimestamp="2014-03-18T09:44:19" time="0.141" />
  <testcase classname="com.ibm.rdm.client.api.tests.views.execution.OslcOnlyViewServiceExecutionTest" endTimestamp="2014-03-18T09:44:19" id="a0266b7f-dd6b-4637-b8f1-032381970b18" name="testSelectUsesFromRequirementCollection" startTimestamp="2014-03-18T09:44:19" time="0.221" />
  <testcase classname="com.ibm.rdm.client.api.tests.views.execution.OslcOnlyViewServiceExecutionTest" endTimestamp="2014-03-18T09:44:19" id="31ab1811-aa7c-465e-b714-04ab084dfafa" name="testSelectWhereRdfTypeRequirementCollection" startTimestamp="2014-03-18T09:44:19" time="0.194" />
  <testcase classname="com.ibm.rdm.client.api.tests.views.execution.OslcOnlyViewServiceExecutionTest" endTimestamp="2014-03-18T09:44:19" id="734e917e-58d1-4409-8535-af5fcfc6927b" name="testSelectMultiLevelNestedInlineThroughCollection1" startTimestamp="2014-03-18T09:44:19" time="0.127" />
  <testcase classname="com.ibm.rdm.client.api.tests.views.execution.OslcOnlyViewServiceExecutionTest" endTimestamp="2014-03-18T09:44:20" id="4c7fdd1b-9369-4edf-bf57-e244e972d889" name="testSelectLinkThroughCollection1" startTimestamp="2014-03-18T09:44:19" time="0.157" />
  <testcase classname="com.ibm.rdm.client.api.tests.views.execution.OslcOnlyViewServiceExecutionTest" endTimestamp="2014-03-18T09:44:20" id="271093ce-79f0-46bc-be98-c51ed1cabd88" name="testSelectWildcardOnRequirementRetrieveOslcLink" startTimestamp="2014-03-18T09:44:20" time="0.621" />
  <testcase classname="com.ibm.rdm.client.api.tests.views.execution.OslcOnlyViewServiceExecutionTest" endTimestamp="2014-03-18T09:44:20" id="4e9b5b76-5af2-4ea7-a9ff-f4eca702b4d0" name="testSelectPropertiesFromResourceBaseUrl" startTimestamp="2014-03-18T09:44:20" time="0.077" />
  <testcase classname="com.ibm.rdm.client.api.tests.views.execution.OslcOnlyViewServiceExecutionTest" endTimestamp="2014-03-18T09:44:20" id="e8f1d02f-d6cd-4ff6-9635-66bf78a22add" name="testSelectWhereRdfTypeUnknown" startTimestamp="2014-03-18T09:44:20" time="0.05" />
  <testcase classname="com.ibm.rdm.client.api.tests.views.execution.OslcOnlyViewServiceExecutionTest" endTimestamp="2014-03-18T09:44:20" id="c4f8cf98-4341-4a02-97c5-b6e7fe875700" name="testSelectNestedInlineThroughCollection1" startTimestamp="2014-03-18T09:44:20" time="0.102" />
  <testcase classname="com.ibm.rdm.client.api.tests.views.execution.OslcOnlyViewServiceExecutionTest" endTimestamp="2014-03-18T09:44:21" id="32ef7e7e-c7ef-411d-97f1-9202d3a8db3f" name="testSelectValidatedByOslcLink" startTimestamp="2014-03-18T09:44:20" time="0.124" />
  <testcase classname="com.ibm.rdm.client.api.tests.views.execution.BetweenViewServiceExecutionTest" endTimestamp="2014-03-18T09:44:21" id="66c131d0-c4f7-4f6f-a3a4-e32b1901310b" name="testGridViewFloatBetween" startTimestamp="2014-03-18T09:44:21" time="0.122" />
  <testcase classname="com.ibm.rdm.client.api.tests.views.execution.BetweenViewServiceExecutionTest" endTimestamp="2014-03-18T09:44:21" id="6a5309d3-8e4f-4cab-991b-2f7b34692d72" name="testGridViewDateNotBetween" startTimestamp="2014-03-18T09:44:21" time="0.173" />
  <testcase classname="com.ibm.rdm.client.api.tests.views.execution.BetweenViewServiceExecutionTest" endTimestamp="2014-03-18T09:44:21" id="01fd5c5e-5ff3-418b-a684-3a67f4b2048a" name="testGridViewDateBetween" startTimestamp="2014-03-18T09:44:21" time="0.118" />
  <testcase classname="com.ibm.rdm.client.api.tests.views.execution.BetweenViewServiceExecutionTest" endTimestamp="2014-03-18T09:44:21" id="2a58f07e-868a-44a0-ac2c-b41f7e2dce97" name="testGridViewXmlLiteralFieldBetween" startTimestamp="2014-03-18T09:44:21" time="0.102" />
  <testcase classname="com.ibm.rdm.client.api.tests.views.execution.BetweenViewServiceExecutionTest" endTimestamp="2014-03-18T09:44:21" id="9457bf90-2490-4822-9ae1-b2c5ebcecc46" name="testGridViewIntegerBetween" startTimestamp="2014-03-18T09:44:21" time="0.184" />
  <testcase classname="com.ibm.rdm.client.api.tests.views.execution.CrossProjectViewServiceExecutionTest" endTimestamp="2014-03-18T09:44:21" id="2dbcd724-0498-4f2a-bb0d-55900cddd1a6" name="testGridViewCrossProjectWithProjectLevelArtifactFormatEquals" startTimestamp="2014-03-18T09:44:21" time="0.214" />
  <testcase classname="com.ibm.rdm.client.api.tests.views.execution.CrossProjectViewServiceExecutionTest" endTimestamp="2014-03-18T09:44:22" id="1dbc3414-ab5d-46a0-b648-2cef8114ba79" name="testGridRowQueryTracedOutOrHeirarchyInCrossProject" startTimestamp="2014-03-18T09:44:21" time="0.211" />
  <testcase classname="com.ibm.rdm.client.api.tests.views.execution.CrossProjectViewServiceExecutionTest" endTimestamp="2014-03-18T09:44:22" id="0467682f-6dcb-484e-a132-15cf5d191d50" name="testGridViewCrossProjectFormatCollection" startTimestamp="2014-03-18T09:44:22" time="0.149" />
  <testcase classname="com.ibm.rdm.client.api.tests.views.execution.CrossProjectViewServiceExecutionTest" endTimestamp="2014-03-18T09:44:22" id="cadfc623-2e7a-4730-ba41-6c06834ea6e6" name="testGridViewByDescriptionAndIdentifierCrossProject" startTimestamp="2014-03-18T09:44:22" time="0.093" />
  <testcase classname="com.ibm.rdm.client.api.tests.views.execution.CrossProjectViewServiceExecutionTest" endTimestamp="2014-03-18T09:44:22" id="38238b74-935a-401d-9cc0-777d2a18c2c0" name="testGridRowQueryTracedInOrHeirarchyOutCrossProject" startTimestamp="2014-03-18T09:44:22" time="0.256" />
  <testcase classname="com.ibm.rdm.client.api.tests.views.execution.CrossProjectViewServiceExecutionTest" endTimestamp="2014-03-18T09:44:22" id="6f093321-d324-4b40-bbc0-080a53ad2736" name="testGridViewByIdentifierCrossProject" startTimestamp="2014-03-18T09:44:22" time="0.098" />
  <testcase classname="com.ibm.rdm.client.api.tests.views.execution.CrossProjectViewServiceExecutionTest" endTimestamp="2014-03-18T09:44:22" id="8eaebf55-5096-4901-8735-4517e8ad5263" name="testGridViewCrossProject" startTimestamp="2014-03-18T09:44:22" time="0.178" />
  <testcase classname="com.ibm.rdm.client.api.tests.views.execution.CrossProjectViewServiceExecutionTest" endTimestamp="2014-03-18T09:44:23" id="8b6a8511-b3aa-4011-8e8a-c8ed75e3885f" name="testGridViewByTitleAndIdentifierCrossProject" startTimestamp="2014-03-18T09:44:22" time="0.113" />
  <testcase classname="com.ibm.rdm.client.api.tests.views.execution.CrossProjectViewServiceExecutionTest" endTimestamp="2014-03-18T09:44:23" id="76f0297e-e7b5-4844-b6d2-e840b7529a91" name="testGridRowQueryTracedOutCrossProject" startTimestamp="2014-03-18T09:44:23" time="0.176" />
  <testcase classname="com.ibm.rdm.client.api.tests.views.execution.DrillDownViewServiceExecutionTest" endTimestamp="2014-03-18T09:44:24" id="07be1842-d2dd-487c-9430-0f801d4715eb" name="testGridViewDrillDownR2toR1andR3" startTimestamp="2014-03-18T09:44:23" time="0.855" />
  <testcase classname="com.ibm.rdm.client.api.tests.views.execution.DrillDownViewServiceExecutionTest" endTimestamp="2014-03-18T09:44:25" id="f936d5ca-799b-435c-a665-3a173a4c3f62" name="testGridViewDrillDownCrossProjectR4toR6ThenBack" startTimestamp="2014-03-18T09:44:24" time="1.839" />
  <testcase classname="com.ibm.rdm.client.api.tests.views.execution.DrillDownViewServiceExecutionTest" endTimestamp="2014-03-18T09:44:28" id="cfad43fe-3810-43a5-8a5c-d7dcdc7019f7" name="testGridViewDrillDownShowTraceInForSourceUserReqAndTargetServiceSpec" startTimestamp="2014-03-18T09:44:25" time="2.083" />
  <testcase classname="com.ibm.rdm.client.api.tests.views.execution.DrillDownViewServiceExecutionTest" endTimestamp="2014-03-18T09:44:28" id="9071a53c-a8a2-4888-a9be-cbc1d116408a" name="testGridViewDrillDownR1andR2TraceOut" startTimestamp="2014-03-18T09:44:28" time="0.84" />
  <testcase classname="com.ibm.rdm.client.api.tests.views.execution.DrillDownViewServiceExecutionTest" endTimestamp="2014-03-18T09:44:30" id="dcadd25c-8154-4d62-a36a-633f3a0436e9" name="testGridViewDrillDownShowHierarchyForSourceUserReq" startTimestamp="2014-03-18T09:44:28" time="2.061" />
  <testcase classname="com.ibm.rdm.client.api.tests.views.execution.DrillDownViewServiceExecutionTest" endTimestamp="2014-03-18T09:44:32" id="e45bfc32-9960-4ede-a567-6564d53154f9" name="testGridViewDrillDownShowHierarchyForSourceServiceSpecAndTargetServiceSpecShowTraceOutForSourceUserReqAndTargetServiceSpecWithDefaultShowTraceInSameAsVersion" startTimestamp="2014-03-18T09:44:30" time="1.895" />
  <testcase classname="com.ibm.rdm.client.api.tests.views.execution.DrillDownViewServiceExecutionTest" endTimestamp="2014-03-18T09:44:34" id="34455715-ca7d-4a92-a61b-172dc5a002f2" name="testGridViewDrillDownShowHierarchyForTargetUserReqWithUnmatchableLinkDefault" startTimestamp="2014-03-18T09:44:32" time="1.681" />
  <testcase classname="com.ibm.rdm.client.api.tests.views.execution.DrillDownViewServiceExecutionTest" endTimestamp="2014-03-18T09:44:35" id="fa9e3f82-c6ef-4c47-b584-f153879432f9" name="testGridViewDrillDownR1toR3" startTimestamp="2014-03-18T09:44:34" time="0.742" />
  <testcase classname="com.ibm.rdm.client.api.tests.views.execution.DrillDownViewServiceExecutionTest" endTimestamp="2014-03-18T09:44:35" id="1d0661ec-696a-47bb-ae00-e5d3a5879ed4" name="testGridViewDrillDownR6ToExternal" startTimestamp="2014-03-18T09:44:35" time="0.766" />
  <testcase classname="com.ibm.rdm.client.api.tests.views.execution.DrillDownViewServiceExecutionTest" endTimestamp="2014-03-18T09:44:37" id="4369d3b2-eea5-4c77-9ff5-21695ac29adb" name="testGridViewDrillDownShowHierarchyForSourceServiceSpecAndTargetServiceSpecShowTraceOutForSourceUserReqAndTargetServiceSpecWithDefaultShowTraceIn" startTimestamp="2014-03-18T09:44:35" time="1.873" />
  <testcase classname="com.ibm.rdm.client.api.tests.views.execution.DrillDownViewServiceExecutionTest" endTimestamp="2014-03-18T09:44:38" id="8ea0f4d1-c9ff-4769-b740-a026d0a615bd" name="testGridViewDrillUpR3toR4" startTimestamp="2014-03-18T09:44:37" time="0.766" />
  <testcase classname="com.ibm.rdm.client.api.tests.views.execution.DrillDownViewServiceExecutionTest" endTimestamp="2014-03-18T09:44:38" id="13de2082-b6b9-4110-ad5c-d9ddaae2e982" name="testGridViewDrillDownR2toR1andR3PageThrough" startTimestamp="2014-03-18T09:44:38" time="0.165" />
  <testcase classname="com.ibm.rdm.client.api.tests.views.execution.DrillDownViewServiceExecutionTest" endTimestamp="2014-03-18T09:44:41" id="dd487d89-6f61-47d3-8e28-849feb3b94c8" name="testGridViewDrillDown" startTimestamp="2014-03-18T09:44:38" time="2.406" />
  <testcase classname="com.ibm.rdm.client.api.tests.views.execution.DrillDownViewServiceExecutionTest" endTimestamp="2014-03-18T09:44:43" id="33115b18-4acf-422b-9c55-8ac79da3443a" name="testGridViewDrillDownShowAllRolesForSourceServiceSpecAndTargetServiceSpec" startTimestamp="2014-03-18T09:44:41" time="2.266" />
  <testcase classname="com.ibm.rdm.client.api.tests.views.execution.DrillDownViewServiceExecutionTest" endTimestamp="2014-03-18T09:44:45" id="c7d99b99-65b0-4cbc-835e-835b4344ce0b" name="testGridViewDrillDownShowHierarchyForSourceServiceSpecAndTargetServiceSpec" startTimestamp="2014-03-18T09:44:43" time="2.335" />
  <testcase classname="com.ibm.rdm.client.api.tests.views.execution.DrillDownViewServiceExecutionTest" endTimestamp="2014-03-18T09:44:47" id="4ae38c3a-78fa-412b-a343-32bad840eea9" name="testGridViewDrillDownShowHierarchyForSourceServiceSpecAndTargetServiceSpecShowTraceOutForSourceUserReqAndTargetServiceSpec" startTimestamp="2014-03-18T09:44:45" time="1.976" />
  <testcase classname="com.ibm.rdm.client.api.tests.views.execution.DrillDownViewServiceExecutionTest" endTimestamp="2014-03-18T09:44:49" id="aca5a167-1b46-491f-aa6d-4bfb5ccaf1e6" name="testGridViewDrillDownShowHierarchyForTargetUserReq" startTimestamp="2014-03-18T09:44:47" time="2.199" />
  <testcase classname="com.ibm.rdm.client.api.tests.views.execution.DrillDownViewServiceExecutionTest" endTimestamp="2014-03-18T09:44:51" id="988c5ae2-0122-4c5a-9262-479ccc43eb48" name="testGridViewDrillDownShowHierarchyForSourceServiceSpecAndTargetServiceSpecShowTraceOutForSourceUserReqAndTargetServiceSpecWithDefaultShowHierarchyOut" startTimestamp="2014-03-18T09:44:49" time="1.816" />
  <testcase classname="com.ibm.rdm.client.api.tests.views.execution.DrillDownViewServiceExecutionTest" endTimestamp="2014-03-18T09:44:53" id="5ff405f6-ccb3-40dc-8076-8c0cf7dc9593" name="testGridViewDrillDownShowTraceOutForSourceUserReqAndTargetServiceSpec" startTimestamp="2014-03-18T09:44:51" time="1.995" />
  <testcase classname="com.ibm.rdm.client.api.tests.views.execution.DrillDownSummaryViewServiceExecutionTest" endTimestamp="2014-03-18T09:44:53" id="ed459bcc-a774-48bb-a651-9593f188c24c" name="testGridViewDrillDownSummaryLinkToCalmQuery" startTimestamp="2014-03-18T09:44:53" time="0.13" />
  <testcase classname="com.ibm.rdm.client.api.tests.views.execution.DrillDownSummaryViewServiceExecutionTest" endTimestamp="2014-03-18T09:44:54" id="cf59ff4d-e18f-49e5-8d44-7d0284c87398" name="testGridViewDrillDownSummaryHierarchyOut" startTimestamp="2014-03-18T09:44:53" time="0.4" />
  <testcase classname="com.ibm.rdm.client.api.tests.views.execution.DrillDownSummaryViewServiceExecutionTest" endTimestamp="2014-03-18T09:44:54" id="83f74020-2b58-4fd2-9b38-f6aba98b02e1" name="testGridViewDrillDownSummaryShowOnlyHierarchyForUserReq" startTimestamp="2014-03-18T09:44:54" time="0.594" />
  <testcase classname="com.ibm.rdm.client.api.tests.views.execution.DrillDownSummaryViewServiceExecutionTest" endTimestamp="2014-03-18T09:44:55" id="50d6b05e-55fa-48a2-8fb8-a04260ffb2f4" name="testGridViewDrillDownSummaryShowHierarchyForUserReqAndTraceForServiceSpecWithDefault" startTimestamp="2014-03-18T09:44:54" time="0.472" />
  <testcase classname="com.ibm.rdm.client.api.tests.views.execution.DrillDownSummaryViewServiceExecutionTest" endTimestamp="2014-03-18T09:44:56" id="08fd378c-836c-4b5a-9b6a-bc560811ce74" name="testGridViewDrillDownSummaryShowOnlyTraceForServiceSpec" startTimestamp="2014-03-18T09:44:55" time="0.627" />
  <testcase classname="com.ibm.rdm.client.api.tests.views.execution.DrillDownSummaryViewServiceExecutionTest" endTimestamp="2014-03-18T09:44:56" id="d5c043f1-c971-4f58-b393-982e23486881" name="testGridViewDrillDownSummaryShowOnlyTraceForUserReq" startTimestamp="2014-03-18T09:44:56" time="0.612" />
  <testcase classname="com.ibm.rdm.client.api.tests.views.execution.DrillDownSummaryViewServiceExecutionTest" endTimestamp="2014-03-18T09:44:57" id="2085717d-58cd-400a-9d27-82576cf57d8a" name="testGridViewDrillDownSummaryShowHierarchyForUserReqAndTraceForServiceSpec" startTimestamp="2014-03-18T09:44:56" time="0.468" />
  <testcase classname="com.ibm.rdm.client.api.tests.views.execution.DrillDownSummaryViewServiceExecutionTest" endTimestamp="2014-03-18T09:44:57" id="882fe2f0-6db1-49d4-9b1a-ffe9d223f0e9" name="testGridViewDrillDownSummaryTraceIn" startTimestamp="2014-03-18T09:44:57" time="0.361" />
  <testcase classname="com.ibm.rdm.client.api.tests.views.execution.DrillDownSummaryViewServiceExecutionTest" endTimestamp="2014-03-18T09:44:58" id="0ac5fe21-0df6-4da5-a532-c871f3e78675" name="testGridViewDrillDownSummaryShowOnlyHierarchyForServiceSpec" startTimestamp="2014-03-18T09:44:57" time="0.643" />
  <testcase classname="com.ibm.rdm.client.api.tests.views.execution.DrillDownSummaryViewServiceExecutionTest" endTimestamp="2014-03-18T09:44:58" id="f117dea6-b36a-4e55-8d97-e161b3852d95" name="testGridViewDrillDownSummary" startTimestamp="2014-03-18T09:44:58" time="0.793" />
  <testcase classname="com.ibm.rdm.client.api.tests.views.execution.DrillDownSummaryViewServiceExecutionTest" endTimestamp="2014-03-18T09:44:59" id="8af893ea-cba9-4d0f-a809-b17e9ec92772" name="testGridViewDrillDownSummaryTraceInHierarchyOut" startTimestamp="2014-03-18T09:44:58" time="0.417" />
  <testcase classname="com.ibm.rdm.client.api.tests.views.execution.EqualsViewServiceExecutionTest" endTimestamp="2014-03-18T09:44:59" id="a62c038f-9417-4c3b-9b94-001ed0004190" name="testGridRowQueryPriorityGreaterThanZero" startTimestamp="2014-03-18T09:44:59" time="0.155" />
  <testcase classname="com.ibm.rdm.client.api.tests.views.execution.EqualsViewServiceExecutionTest" endTimestamp="2014-03-18T09:44:59" id="9577dd70-34f9-4b62-80bc-5f4641dfe2b5" name="testGridViewDateTimeFieldNotEquals" startTimestamp="2014-03-18T09:44:59" time="0.203" />
  <testcase classname="com.ibm.rdm.client.api.tests.views.execution.EqualsViewServiceExecutionTest" endTimestamp="2014-03-18T09:44:59" id="eca847d2-a1fc-4ec9-bf8a-1f2d6e9c8256" name="testGridRowQueryPriorityEqualsHigh" startTimestamp="2014-03-18T09:44:59" time="0.142" />
  <testcase classname="com.ibm.rdm.client.api.tests.views.execution.EqualsViewServiceExecutionTest" endTimestamp="2014-03-18T09:44:59" id="239f05f3-02a9-4f57-93f9-8f5c3cbb88e0" name="testGridViewIntegerFieldEqualsAndIntegerFieldNotEqualsOtherValue" startTimestamp="2014-03-18T09:44:59" time="0.114" />
  <testcase classname="com.ibm.rdm.client.api.tests.views.execution.EqualsViewServiceExecutionTest" endTimestamp="2014-03-18T09:45:00" id="9e50125a-d119-4d0d-bc37-1f2330c3dc9b" name="testGridViewBooleanFieldEqualsFalse" startTimestamp="2014-03-18T09:44:59" time="0.138" />
  <testcase classname="com.ibm.rdm.client.api.tests.views.execution.EqualsViewServiceExecutionTest" endTimestamp="2014-03-18T09:45:00" id="c552b3d4-70a5-455d-a10f-5875a358d1ca" name="testGridViewFloatFieldNotNotEquals" startTimestamp="2014-03-18T09:45:00" time="0.123" />
  <testcase classname="com.ibm.rdm.client.api.tests.views.execution.EqualsViewServiceExecutionTest" endTimestamp="2014-03-18T09:45:00" id="51c3a370-54de-4b8f-b464-723d76c8ddcf" name="testGridViewIntegerFieldNotEquals" startTimestamp="2014-03-18T09:45:00" time="0.192" />
  <testcase classname="com.ibm.rdm.client.api.tests.views.execution.EqualsViewServiceExecutionTest" endTimestamp="2014-03-18T09:45:00" id="7d176eba-1e14-4a5a-8f8d-92ad8aaa16b2" name="testGridViewDurationFieldEquals" startTimestamp="2014-03-18T09:45:00" time="0.116" />
  <testcase classname="com.ibm.rdm.client.api.tests.views.execution.EqualsViewServiceExecutionTest" endTimestamp="2014-03-18T09:45:00" id="94fd0295-f40a-48d5-b696-b8c406ec22d4" name="testGridViewIntegerFieldEqualsAndIntegerFieldNotEqualsSameValue" startTimestamp="2014-03-18T09:45:00" time="0.057" />
  <testcase classname="com.ibm.rdm.client.api.tests.views.execution.EqualsViewServiceExecutionTest" endTimestamp="2014-03-18T09:45:00" id="b1394f93-cb63-4d91-8fcc-14d5711be8dc" name="testGridViewTimeFieldEquals" startTimestamp="2014-03-18T09:45:00" time="0.099" />
  <testcase classname="com.ibm.rdm.client.api.tests.views.execution.EqualsViewServiceExecutionTest" endTimestamp="2014-03-18T09:45:00" id="3e8f2491-c82b-48cb-aa8b-8048493b0b99" name="testGridViewIntegerFieldEquals" startTimestamp="2014-03-18T09:45:00" time="0.123" />
  <testcase classname="com.ibm.rdm.client.api.tests.views.execution.EqualsViewServiceExecutionTest" endTimestamp="2014-03-18T09:45:00" id="eb8c28ad-f524-4a2b-b19d-d6ca2b72c029" name="testGridViewContributorEquals" startTimestamp="2014-03-18T09:45:00" time="0.204" />
  <testcase classname="com.ibm.rdm.client.api.tests.views.execution.EqualsViewServiceExecutionTest" endTimestamp="2014-03-18T09:45:01" id="e228edb9-c4da-4a9d-898f-14f9728e0573" name="testGridRowQueryPriorityEqualsLow" startTimestamp="2014-03-18T09:45:00" time="0.172" />
  <testcase classname="com.ibm.rdm.client.api.tests.views.execution.EqualsViewServiceExecutionTest" endTimestamp="2014-03-18T09:45:01" id="ee26d405-d953-448e-9b72-5df47d3eb7d8" name="testGridViewXmlLiteralFieldNotEquals" startTimestamp="2014-03-18T09:45:01" time="0.176" />
  <testcase classname="com.ibm.rdm.client.api.tests.views.execution.EqualsViewServiceExecutionTest" endTimestamp="2014-03-18T09:45:01" id="cfd23fa4-767f-4cc0-b0fd-53df9da71b90" name="testGridViewDecimalFieldEquals" startTimestamp="2014-03-18T09:45:01" time="0.141" />
  <testcase classname="com.ibm.rdm.client.api.tests.views.execution.EqualsViewServiceExecutionTest" endTimestamp="2014-03-18T09:45:01" id="d5b43c26-e20c-49ae-8996-38d70db00b2d" name="testGridViewBooleanFieldEqualsTrue" startTimestamp="2014-03-18T09:45:01" time="0.137" />
  <testcase classname="com.ibm.rdm.client.api.tests.views.execution.EqualsViewServiceExecutionTest" endTimestamp="2014-03-18T09:45:01" id="fcd6bfde-fe21-4b2c-827d-c27f5db026d7" name="testGridViewFloatFieldNotWithEquals" startTimestamp="2014-03-18T09:45:01" time="0.168" />
  <testcase classname="com.ibm.rdm.client.api.tests.views.execution.EqualsViewServiceExecutionTest" endTimestamp="2014-03-18T09:45:01" id="cd1a6c56-e140-4c06-a039-8c18f19f5196" name="testGridViewDurationFieldNotEquals" startTimestamp="2014-03-18T09:45:01" time="0.175" />
  <testcase classname="com.ibm.rdm.client.api.tests.views.execution.EqualsViewServiceExecutionTest" endTimestamp="2014-03-18T09:45:02" id="7d423b6b-1cfc-44b6-8074-ce387b7c2250" name="testGridViewDateTimeFieldEquals" startTimestamp="2014-03-18T09:45:01" time="0.103" />
  <testcase classname="com.ibm.rdm.client.api.tests.views.execution.EqualsViewServiceExecutionTest" endTimestamp="2014-03-18T09:45:02" id="dc773143-facb-4f21-b8b1-e1e0ac4fd1b3" name="testGridViewXmlLiteralFieldEquals" startTimestamp="2014-03-18T09:45:02" time="0.125" />
  <testcase classname="com.ibm.rdm.client.api.tests.views.execution.EqualsViewServiceExecutionTest" endTimestamp="2014-03-18T09:45:02" id="a24752dd-618c-4652-85af-3cbcee2ee388" name="testUserNotEqualsWhereValueDoesNotAlwaysExist" startTimestamp="2014-03-18T09:45:02" time="0.174" />
  <testcase classname="com.ibm.rdm.client.api.tests.views.execution.EqualsViewServiceExecutionTest" endTimestamp="2014-03-18T09:45:02" id="d9a0173b-4204-425c-b884-e9f507f1a228" name="testGridViewFloatFieldNotEquals" startTimestamp="2014-03-18T09:45:02" time="0.173" />
  <testcase classname="com.ibm.rdm.client.api.tests.views.execution.EqualsViewServiceExecutionTest" endTimestamp="2014-03-18T09:45:02" id="a645ebf2-c22a-44f5-b13d-64c9b66eb918" name="testGridRowQueryPriorityNotEqualsLow" startTimestamp="2014-03-18T09:45:02" time="0.138" />
  <testcase classname="com.ibm.rdm.client.api.tests.views.execution.EqualsViewServiceExecutionTest" endTimestamp="2014-03-18T09:45:02" id="28887311-5eff-40b8-b067-b79ca7a63487" name="testUserEqualsWhereValueDoesNotAlwaysExist" startTimestamp="2014-03-18T09:45:02" time="0.132" />
  <testcase classname="com.ibm.rdm.client.api.tests.views.execution.EqualsViewServiceExecutionTest" endTimestamp="2014-03-18T09:45:02" id="32a32b69-70b4-4a84-9002-9cabf3872baa" name="testGridViewFloatFieldEquals" startTimestamp="2014-03-18T09:45:02" time="0.106" />
  <testcase classname="com.ibm.rdm.client.api.tests.views.execution.ExistsViewServiceExecutionTest" endTimestamp="2014-03-18T09:45:02" id="9d891562-fda1-4bfc-94ea-71ae777f4602" name="testGridViewObjectNotExists" startTimestamp="2014-03-18T09:45:02" time="0.071" />
  <testcase classname="com.ibm.rdm.client.api.tests.views.execution.ExistsViewServiceExecutionTest" endTimestamp="2014-03-18T09:45:03" id="555a1f80-4888-451e-891d-ad04939a99a3" name="testGridViewObjectExists" startTimestamp="2014-03-18T09:45:02" time="0.191" />
  <testcase classname="com.ibm.rdm.client.api.tests.views.execution.ExistsViewServiceExecutionTest" endTimestamp="2014-03-18T09:45:03" id="080b04e8-a289-4605-bedf-5e6bd8f5950b" name="testGridViewFieldExists" startTimestamp="2014-03-18T09:45:03" time="0.186" />
  <testcase classname="com.ibm.rdm.client.api.tests.views.execution.ExistsViewServiceExecutionTest" endTimestamp="2014-03-18T09:45:03" id="8e3b113a-9d75-46d4-88c1-ff550656fa2c" name="testGridViewIdentifierExists" startTimestamp="2014-03-18T09:45:03" time="0.226" />
  <testcase classname="com.ibm.rdm.client.api.tests.views.execution.ExistsViewServiceExecutionTest" endTimestamp="2014-03-18T09:45:03" id="c476d035-51cb-481a-8883-c419721ea671" name="testGridViewFieldNotExists" startTimestamp="2014-03-18T09:45:03" time="0.135" />
  <testcase classname="com.ibm.rdm.client.api.tests.views.execution.FormatViewServiceExecutionTest" endTimestamp="2014-03-18T09:45:04" id="5203681d-57f9-4118-88e5-9e087a35bdf3" name="testFormatTextCollectionOrImageJpeg" startTimestamp="2014-03-18T09:45:03" time="0.68" />
  <testcase classname="com.ibm.rdm.client.api.tests.views.execution.FormatViewServiceExecutionTest" endTimestamp="2014-03-18T09:45:05" id="c5212795-cd6b-41b0-ae80-d67a925ede48" name="testNotFormatImageJpeg" startTimestamp="2014-03-18T09:45:04" time="0.629" />
  <testcase classname="com.ibm.rdm.client.api.tests.views.execution.FormatViewServiceExecutionTest" endTimestamp="2014-03-18T09:45:05" id="edbc1e67-e24b-4106-a33f-38139aec29b4" name="testNotFormatTextOrCollection" startTimestamp="2014-03-18T09:45:05" time="0.178" />
  <testcase classname="com.ibm.rdm.client.api.tests.views.execution.FormatViewServiceExecutionTest" endTimestamp="2014-03-18T09:45:05" id="effcb13e-a5dc-4b45-8c7f-20e4a11957ee" name="testGridViewByFormatAndFolder" startTimestamp="2014-03-18T09:45:05" time="0.094" />
  <testcase classname="com.ibm.rdm.client.api.tests.views.execution.FormatViewServiceExecutionTest" endTimestamp="2014-03-18T09:45:05" id="80baca7d-07a5-4aa8-9b21-cec266d2ef92" name="testFormatText" startTimestamp="2014-03-18T09:45:05" time="0.611" />
  <testcase classname="com.ibm.rdm.client.api.tests.views.execution.FormatViewServiceExecutionTest" endTimestamp="2014-03-18T09:45:06" id="24fab8a6-38d0-4292-8350-b906b8782fbd" name="testFormatTextOrCollection" startTimestamp="2014-03-18T09:45:05" time="0.643" />
  <testcase classname="com.ibm.rdm.client.api.tests.views.execution.FormatViewServiceExecutionTest" endTimestamp="2014-03-18T09:45:07" id="2848fb20-b885-4861-b007-cca314091641" name="testNotFormatCollection" startTimestamp="2014-03-18T09:45:06" time="0.677" />
  <testcase classname="com.ibm.rdm.client.api.tests.views.execution.FormatViewServiceExecutionTest" endTimestamp="2014-03-18T09:45:07" id="f247b18d-6274-44af-a4b8-21073ffc1e2d" name="testNotFormatTextOrImageGif" startTimestamp="2014-03-18T09:45:07" time="0.187" />
  <testcase classname="com.ibm.rdm.client.api.tests.views.execution.FormatViewServiceExecutionTest" endTimestamp="2014-03-18T09:45:08" id="74b7d6bb-83d4-4279-87a6-70bafabf8f1b" name="testNotCollectionOrJpeg" startTimestamp="2014-03-18T09:45:07" time="0.607" />
  <testcase classname="com.ibm.rdm.client.api.tests.views.execution.FormatViewServiceExecutionTest" endTimestamp="2014-03-18T09:45:08" id="8a3734bc-7829-4ffd-bcaf-0c145aa055fd" name="testNotFormatTextCollectionOrImageJpeg" startTimestamp="2014-03-18T09:45:08" time="0.109" />
  <testcase classname="com.ibm.rdm.client.api.tests.views.execution.FormatViewServiceExecutionTest" endTimestamp="2014-03-18T09:45:08" id="4ce3c323-5659-44b8-ad55-d8523bed702d" name="testFormatCollection" startTimestamp="2014-03-18T09:45:08" time="0.099" />
  <testcase classname="com.ibm.rdm.client.api.tests.views.execution.FormatViewServiceExecutionTest" endTimestamp="2014-03-18T09:45:08" id="ebfbb555-7f7b-40ae-98dc-46bf2e188916" name="testNotFormatTextOrImageJpeg" startTimestamp="2014-03-18T09:45:08" time="0.161" />
  <testcase classname="com.ibm.rdm.client.api.tests.views.execution.FormatViewServiceExecutionTest" endTimestamp="2014-03-18T09:45:08" id="b02896df-43d3-4151-99de-36320f2a9329" name="testGridViewByJpegFormatAndFolder" startTimestamp="2014-03-18T09:45:08" time="0.08" />
  <testcase classname="com.ibm.rdm.client.api.tests.views.execution.FormatViewServiceExecutionTest" endTimestamp="2014-03-18T09:45:08" id="b8de52bf-ce97-401e-b59f-2d9350e7a3ef" name="testNotFormatText" startTimestamp="2014-03-18T09:45:08" time="0.181" />
  <testcase classname="com.ibm.rdm.client.api.tests.views.execution.FormatViewServiceExecutionTest" endTimestamp="2014-03-18T09:45:08" id="3c52bbd6-2a0c-4b55-a3cd-eec8ad512c05" name="testCollectionOrJpeg" startTimestamp="2014-03-18T09:45:08" time="0.153" />
  <testcase classname="com.ibm.rdm.client.api.tests.views.execution.FormatViewServiceExecutionTest" endTimestamp="2014-03-18T09:45:08" id="c99b64ea-a97c-4a64-b499-b0b09a8d56b7" name="testGridViewForWrappedJpegResources" startTimestamp="2014-03-18T09:45:08" time="0.12" />
  <testcase classname="com.ibm.rdm.client.api.tests.views.execution.InViewServiceExecutionTest" endTimestamp="2014-03-18T09:45:09" id="69185c0b-93fc-4d8a-8f8a-8c6b7e5ec557" name="testGridRowQueryInHoursWork" startTimestamp="2014-03-18T09:45:08" time="0.227" />
  <testcase classname="com.ibm.rdm.client.api.tests.views.execution.InViewServiceExecutionTest" endTimestamp="2014-03-18T09:45:09" id="0033929c-cff5-4228-8513-674a1a5b48d8" name="testGridRowQueryPriorityInHighLowOrderByPriorityAsc" startTimestamp="2014-03-18T09:45:09" time="0.204" />
  <testcase classname="com.ibm.rdm.client.api.tests.views.execution.InViewServiceExecutionTest" endTimestamp="2014-03-18T09:45:09" id="09b292a3-e5c2-4d1c-a4cd-6ee0da758acf" name="testGridViewXmlLiteralFieldIn" startTimestamp="2014-03-18T09:45:09" time="0.168" />
  <testcase classname="com.ibm.rdm.client.api.tests.views.execution.InViewServiceExecutionTest" endTimestamp="2014-03-18T09:45:09" id="379218ff-c9d1-413f-abb3-94b48d9f03b9" name="testWhereUrlIn" startTimestamp="2014-03-18T09:45:09" time="0.134" />
  <testcase classname="com.ibm.rdm.client.api.tests.views.execution.InViewServiceExecutionTest" endTimestamp="2014-03-18T09:45:09" id="2c9fb529-34cf-4f47-a612-4a8e036ae554" name="testGridRowQueryPriorityNotInLowAndSelectPriority" startTimestamp="2014-03-18T09:45:09" time="0.059" />
  <testcase classname="com.ibm.rdm.client.api.tests.views.execution.InViewServiceExecutionTest" endTimestamp="2014-03-18T09:45:09" id="97d7026c-fa77-47d5-b22d-d86ca77746e2" name="testGridRowQueryPriorityInHighLow" startTimestamp="2014-03-18T09:45:09" time="0.207" />
  <testcase classname="com.ibm.rdm.client.api.tests.views.execution.InViewServiceExecutionTest" endTimestamp="2014-03-18T09:45:10" id="e3176e8a-9099-4ced-8b73-a05a1fec6fdb" name="testGridRowQueryPriorityNotInLow" startTimestamp="2014-03-18T09:45:09" time="0.141" />
  <testcase classname="com.ibm.rdm.client.api.tests.views.execution.InViewServiceExecutionTest" endTimestamp="2014-03-18T09:45:10" id="ebfd0ea2-e968-4b13-98be-09e143231ae8" name="testGridRowQueryPriorityInHighLowOrderByPriorityDesc" startTimestamp="2014-03-18T09:45:10" time="0.247" />
  <testcase classname="com.ibm.rdm.client.api.tests.views.execution.InViewServiceExecutionTest" endTimestamp="2014-03-18T09:45:10" id="36718318-31ae-4ba2-8a21-7f6eb26f4ab8" name="testGridViewXmlLiteralFieldInNewPrimaryTextModel" startTimestamp="2014-03-18T09:45:10" time="0.142" />
  <testcase classname="com.ibm.rdm.client.api.tests.views.execution.InViewServiceExecutionTest" endTimestamp="2014-03-18T09:45:10" id="69679919-1415-496c-ba8d-33f5c0619a30" name="testUserInWhereValueDoesNotAlwaysExist" startTimestamp="2014-03-18T09:45:10" time="0.106" />
  <testcase classname="com.ibm.rdm.client.api.tests.views.execution.InViewServiceExecutionTest" endTimestamp="2014-03-18T09:45:10" id="e4306c12-23a3-49d4-aebd-dd5ecb6056db" name="testGridRowQueryPriorityInHigh" startTimestamp="2014-03-18T09:45:10" time="0.138" />
  <testcase classname="com.ibm.rdm.client.api.tests.views.execution.InViewServiceExecutionTest" endTimestamp="2014-03-18T09:45:10" id="d86100ff-4870-4450-a1db-57c1cd243e21" name="testGridRowQueryPriorityNotInHigh" startTimestamp="2014-03-18T09:45:10" time="0.131" />
  <testcase classname="com.ibm.rdm.client.api.tests.views.execution.InViewServiceExecutionTest" endTimestamp="2014-03-18T09:45:10" id="d5163f0c-a1ca-409e-b6b0-1cb02c67b4bf" name="testGridRowQueryNotInHoursWork" startTimestamp="2014-03-18T09:45:10" time="0.1" />
  <testcase classname="com.ibm.rdm.client.api.tests.views.execution.InViewServiceExecutionTest" endTimestamp="2014-03-18T09:45:11" id="33333f4f-0e4a-417c-b83a-d900a2310ab2" name="testGridRowQueryInDaysWork" startTimestamp="2014-03-18T09:45:10" time="0.199" />
  <testcase classname="com.ibm.rdm.client.api.tests.views.execution.InViewServiceExecutionTest" endTimestamp="2014-03-18T09:45:11" id="d6aaf9eb-b6cf-4efa-8988-ce37fe22063c" name="testGridRowQueryPriorityNotInHighLow" startTimestamp="2014-03-18T09:45:11" time="0.085" />
  <testcase classname="com.ibm.rdm.client.api.tests.views.execution.InViewServiceExecutionTest" endTimestamp="2014-03-18T09:45:11" id="2b378eb5-20a3-4699-96dc-fad56c8fd881" name="testGridRowQueryNotInDaysWork" startTimestamp="2014-03-18T09:45:11" time="0.097" />
  <testcase classname="com.ibm.rdm.client.api.tests.views.execution.InViewServiceExecutionTest" endTimestamp="2014-03-18T09:45:11" id="3b234128-418c-4119-8b69-0c40cda4d420" name="testUserNotInWhereValueDoesNotAlwaysExist" startTimestamp="2014-03-18T09:45:11" time="0.159" />
  <testcase classname="com.ibm.rdm.client.api.tests.views.execution.InViewServiceExecutionTest" endTimestamp="2014-03-18T09:45:11" id="4ae8e541-b49a-4688-83d1-faf308371f04" name="testGridRowQueryPriorityInLow" startTimestamp="2014-03-18T09:45:11" time="0.136" />
  <testcase classname="com.ibm.rdm.client.api.tests.views.execution.MemberViewServiceExecutionTest" endTimestamp="2014-03-18T09:45:11" id="788b4edd-2adf-4a9f-a06b-06ad543ce3ce" name="testGridViewEverythingInCollection1" startTimestamp="2014-03-18T09:45:11" time="0.223" />
  <testcase classname="com.ibm.rdm.client.api.tests.views.execution.MemberViewServiceExecutionTest" endTimestamp="2014-03-18T09:45:11" id="7e84fd22-81d9-4fda-969c-d7bad8c05a57" name="testGridViewEverythingInCollection2" startTimestamp="2014-03-18T09:45:11" time="0.129" />
  <testcase classname="com.ibm.rdm.client.api.tests.views.execution.MemberViewServiceExecutionTest" endTimestamp="2014-03-18T09:45:12" id="af8157c7-f392-4f57-9022-f67e12224aa9" name="testGridViewEverythingNotInCollection1" startTimestamp="2014-03-18T09:45:11" time="0.542" />
  <testcase classname="com.ibm.rdm.client.api.tests.views.execution.MemberViewServiceExecutionTest" endTimestamp="2014-03-18T09:45:13" id="283e0985-3f84-4bb1-bbe9-72d1b4f7e935" name="testGridViewEverythingNotInCollection2" startTimestamp="2014-03-18T09:45:12" time="0.644" />
  <testcase classname="com.ibm.rdm.client.api.tests.views.execution.IsViewServiceExecutionTest" endTimestamp="2014-03-18T09:45:13" id="9fbcb320-8830-4580-bd99-ad570b42b16c" name="testGridRowQueryIsUserRequirementOrServiceSpecification" startTimestamp="2014-03-18T09:45:13" time="0.581" />
  <testcase classname="com.ibm.rdm.client.api.tests.views.execution.IsViewServiceExecutionTest" endTimestamp="2014-03-18T09:45:13" id="1190351c-d5c5-4f98-ad54-2dc7a1171f8c" name="testGridRowQueryIsNotUserRequirement" startTimestamp="2014-03-18T09:45:13" time="0.128" />
  <testcase classname="com.ibm.rdm.client.api.tests.views.execution.IsViewServiceExecutionTest" endTimestamp="2014-03-18T09:45:13" id="ce3f86f3-0bab-4b37-977d-b3e2eb36e389" name="testGridRowQueryIsServiceSpecification" startTimestamp="2014-03-18T09:45:13" time="0.127" />
  <testcase classname="com.ibm.rdm.client.api.tests.views.execution.IsViewServiceExecutionTest" endTimestamp="2014-03-18T09:45:14" id="c1c622e6-dc11-425d-b135-797ab37f9ddb" name="testGridRowQueryIsUserRequirement" startTimestamp="2014-03-18T09:45:13" time="0.153" />
  <testcase classname="com.ibm.rdm.client.api.tests.views.execution.LessThanViewServiceExecutionTest" endTimestamp="2014-03-18T09:45:14" id="46ec9ac8-62fa-4e6c-bcc6-1de51a771c06" name="testGridRowQueryXmlLiteralLessThan" startTimestamp="2014-03-18T09:45:14" time="0.152" />
  <testcase classname="com.ibm.rdm.client.api.tests.views.execution.LessThanViewServiceExecutionTest" endTimestamp="2014-03-18T09:45:14" id="73c66e41-1f98-4b7a-ad23-1e70c678d9d2" name="testGridRowQueryGreaterThanNegativeInteger" startTimestamp="2014-03-18T09:45:14" time="0.204" />
  <testcase classname="com.ibm.rdm.client.api.tests.views.execution.LessThanViewServiceExecutionTest" endTimestamp="2014-03-18T09:45:14" id="0cbeac84-c2e5-45db-8bf6-a3663719c0f6" name="testGridRowQueryLessThanNegativeInteger" startTimestamp="2014-03-18T09:45:14" time="0.056" />
  <testcase classname="com.ibm.rdm.client.api.tests.views.execution.LessThanViewServiceExecutionTest" endTimestamp="2014-03-18T09:45:14" id="e936366c-41bf-41c7-a90b-cbf2c23420d2" name="testGridRowQueryNotGreaterThan" startTimestamp="2014-03-18T09:45:14" time="0.098" />
  <testcase classname="com.ibm.rdm.client.api.tests.views.execution.LessThanViewServiceExecutionTest" endTimestamp="2014-03-18T09:45:14" id="6ddb1db0-48b7-44b3-aeb1-5674b0ea8c2f" name="testGridRowQueryWithin" startTimestamp="2014-03-18T09:45:14" time="0.134" />
  <testcase classname="com.ibm.rdm.client.api.tests.views.execution.LessThanViewServiceExecutionTest" endTimestamp="2014-03-18T09:45:14" id="465a0bf6-275d-4cec-992e-da49eeee1117" name="testGridRowQueryNotEquals" startTimestamp="2014-03-18T09:45:14" time="0.195" />
  <testcase classname="com.ibm.rdm.client.api.tests.views.execution.LessThanViewServiceExecutionTest" endTimestamp="2014-03-18T09:45:15" id="a6b1720c-10e8-4c06-aa57-19ddb8cb6d37" name="testGridViewPriorityFieldGreaterThan" startTimestamp="2014-03-18T09:45:14" time="0.171" />
  <testcase classname="com.ibm.rdm.client.api.tests.views.execution.LessThanViewServiceExecutionTest" endTimestamp="2014-03-18T09:45:15" id="ab33458e-8b44-4def-b574-89dd995e5495" name="testGridRowQueryLessThanEquals" startTimestamp="2014-03-18T09:45:15" time="0.162" />
  <testcase classname="com.ibm.rdm.client.api.tests.views.execution.LessThanViewServiceExecutionTest" endTimestamp="2014-03-18T09:45:15" id="fd4e3016-410b-4ce5-a0c6-1bf86251034e" name="testGridRowQueryLessThan" startTimestamp="2014-03-18T09:45:15" time="0.176" />
  <testcase classname="com.ibm.rdm.client.api.tests.views.execution.LessThanViewServiceExecutionTest" endTimestamp="2014-03-18T09:45:15" id="69f62c86-c46f-46a5-83bc-1320a44b07c6" name="testGridRowQueryNotNotEquals" startTimestamp="2014-03-18T09:45:15" time="0.097" />
  <testcase classname="com.ibm.rdm.client.api.tests.views.execution.LessThanViewServiceExecutionTest" endTimestamp="2014-03-18T09:45:15" id="05ba0e82-13c1-41a2-ac43-9879bf6ace19" name="testGridViewDurationFieldLessThan" startTimestamp="2014-03-18T09:45:15" time="0.144" />
  <testcase classname="com.ibm.rdm.client.api.tests.views.execution.LessThanViewServiceExecutionTest" endTimestamp="2014-03-18T09:45:15" id="a572423e-a2c2-4990-9d5f-deb188bd63c4" name="testGridRowQueryGreaterThanEquals" startTimestamp="2014-03-18T09:45:15" time="0.195" />
  <testcase classname="com.ibm.rdm.client.api.tests.views.execution.LessThanViewServiceExecutionTest" endTimestamp="2014-03-18T09:45:16" id="8e131de2-8161-40c8-a0ed-880d34e7a156" name="testGridRowQueryGreaterThan" startTimestamp="2014-03-18T09:45:15" time="0.169" />
  <testcase classname="com.ibm.rdm.client.api.tests.views.execution.LessThanViewServiceExecutionTest" endTimestamp="2014-03-18T09:45:16" id="bd95fbb1-e921-4437-9f8d-88b9bc2b83fa" name="testGridViewFloatFieldGreaterThanEqZero" startTimestamp="2014-03-18T09:45:16" time="0.203" />
  <testcase classname="com.ibm.rdm.client.api.tests.views.execution.LessThanViewServiceExecutionTest" endTimestamp="2014-03-18T09:45:16" id="fba12c25-61c6-4278-b32b-392a7bf0601d" name="testGridViewPriorityFieldLessThan" startTimestamp="2014-03-18T09:45:16" time="0.138" />
  <testcase classname="com.ibm.rdm.client.api.tests.views.execution.LessThanViewServiceExecutionTest" endTimestamp="2014-03-18T09:45:16" id="7faee696-3111-46c6-bee6-65b5089ac516" name="testGridRowQueryLessThanFloat" startTimestamp="2014-03-18T09:45:16" time="0.167" />
  <testcase classname="com.ibm.rdm.client.api.tests.views.execution.LessThanViewServiceExecutionTest" endTimestamp="2014-03-18T09:45:16" id="06f7afc1-4e3c-47d5-b513-84423a0df569" name="testGridViewFloatFieldGreaterThan" startTimestamp="2014-03-18T09:45:16" time="0.13" />
  <testcase classname="com.ibm.rdm.client.api.tests.views.execution.LessThanViewServiceExecutionTest" endTimestamp="2014-03-18T09:45:16" id="40dd2707-a68a-47ba-9f46-9553b15d0ec1" name="testGridRowQueryNotLessThanEquals" startTimestamp="2014-03-18T09:45:16" time="0.125" />
  <testcase classname="com.ibm.rdm.client.api.tests.views.execution.LessThanViewServiceExecutionTest" endTimestamp="2014-03-18T09:45:16" id="d01c3f4b-bda5-4958-8a63-077fe0491deb" name="testGridRowQueryNotGreaterThanEquals" startTimestamp="2014-03-18T09:45:16" time="0.096" />
  <testcase classname="com.ibm.rdm.client.api.tests.views.execution.LessThanViewServiceExecutionTest" endTimestamp="2014-03-18T09:45:17" id="f30f1865-ddce-4747-9bff-a63cbbc73620" name="testGridRowQueryNotLessThan" startTimestamp="2014-03-18T09:45:16" time="0.093" />
  <testcase classname="com.ibm.rdm.client.api.tests.views.execution.LessThanViewServiceExecutionTest" endTimestamp="2014-03-18T09:45:17" id="c977f1c0-b46a-483e-8c8b-c717c541f3c5" name="testGridViewFloatFieldLessThan" startTimestamp="2014-03-18T09:45:17" time="0.137" />
  <testcase classname="com.ibm.rdm.client.api.tests.views.execution.LessThanViewServiceExecutionTest" endTimestamp="2014-03-18T09:45:17" id="a1352c32-f708-4528-bc0f-936c598784b3" name="testGridViewDurationFieldGreaterThan" startTimestamp="2014-03-18T09:45:17" time="0.137" />
  <testcase classname="com.ibm.rdm.client.api.tests.views.execution.LessThanViewServiceExecutionTest" endTimestamp="2014-03-18T09:45:17" id="f2260d30-bcdf-408f-8184-2671c2e7d8c2" name="testGridRowQueryGreaterThanFloat" startTimestamp="2014-03-18T09:45:17" time="0.131" />
  <testcase classname="com.ibm.rdm.client.api.tests.views.execution.BasicLinkViewServiceExecutionTest" endTimestamp="2014-03-18T09:45:17" id="9eae06b1-8567-425a-a776-51c6092a76ed" name="testGridRowQueryHierarchyInNonDir" startTimestamp="2014-03-18T09:45:17" time="0.146" />
  <testcase classname="com.ibm.rdm.client.api.tests.views.execution.BasicLinkViewServiceExecutionTest" endTimestamp="2014-03-18T09:45:17" id="b6d9e7fa-19e8-49c8-8334-f0b7c17bfeda" name="testGridRowQueryTracedInOrOut" startTimestamp="2014-03-18T09:45:17" time="0.175" />
  <testcase classname="com.ibm.rdm.client.api.tests.views.execution.BasicLinkViewServiceExecutionTest" endTimestamp="2014-03-18T09:45:17" id="7aa45d4f-8e66-47c5-aa1d-9b1579dec975" name="testGridRowQueryLinkFromWhere" startTimestamp="2014-03-18T09:45:17" time="0.136" />
  <testcase classname="com.ibm.rdm.client.api.tests.views.execution.BasicLinkViewServiceExecutionTest" endTimestamp="2014-03-18T09:45:18" id="ec02a8f8-26d1-4fda-a746-4e4215ed845d" name="testGridRowQueryLinkTo" startTimestamp="2014-03-18T09:45:17" time="0.165" />
  <testcase classname="com.ibm.rdm.client.api.tests.views.execution.BasicLinkViewServiceExecutionTest" endTimestamp="2014-03-18T09:45:18" id="b4f1343a-6bbd-48d6-a11c-7f535cc7bfef" name="testGridRowQueryTracedAndHierarchyOutTo" startTimestamp="2014-03-18T09:45:18" time="0.112" />
  <testcase classname="com.ibm.rdm.client.api.tests.views.execution.BasicLinkViewServiceExecutionTest" endTimestamp="2014-03-18T09:45:18" id="0c317e1d-046c-4478-92cb-b41667abc478" name="testGridRowQueryNonDir" startTimestamp="2014-03-18T09:45:18" time="0.225" />
  <testcase classname="com.ibm.rdm.client.api.tests.views.execution.BasicLinkViewServiceExecutionTest" endTimestamp="2014-03-18T09:45:18" id="7255f12d-3ccb-41af-8bf6-eced06809fd1" name="testGridRowQueryLinkFrom" startTimestamp="2014-03-18T09:45:18" time="0.165" />
  <testcase classname="com.ibm.rdm.client.api.tests.views.execution.BasicLinkViewServiceExecutionTest" endTimestamp="2014-03-18T09:45:18" id="9a42b416-7297-4218-bdb2-82cdbb7a67f5" name="testGridRowQueryTracedIn" startTimestamp="2014-03-18T09:45:18" time="0.138" />
  <testcase classname="com.ibm.rdm.client.api.tests.views.execution.BasicLinkViewServiceExecutionTest" endTimestamp="2014-03-18T09:45:18" id="3419b107-42ec-4ea5-a28b-d0250992115c" name="testGridRowQueryTracedOrHierarchyIn" startTimestamp="2014-03-18T09:45:18" time="0.18" />
  <testcase classname="com.ibm.rdm.client.api.tests.views.execution.BasicLinkViewServiceExecutionTest" endTimestamp="2014-03-18T09:45:19" id="0e1ab961-d2bf-4e8a-9c2a-31d14bfd452f" name="testGridRowQueryTracedOut" startTimestamp="2014-03-18T09:45:18" time="0.256" />
  <testcase classname="com.ibm.rdm.client.api.tests.views.execution.BasicLinkViewServiceExecutionTest" endTimestamp="2014-03-18T09:45:19" id="5b74293f-aee8-4301-b1a0-d806151fca79" name="testGridRowQueryTracedOrHierarchyOut" startTimestamp="2014-03-18T09:45:19" time="0.191" />
  <testcase classname="com.ibm.rdm.client.api.tests.views.execution.BasicLinkViewServiceExecutionTest" endTimestamp="2014-03-18T09:45:19" id="a81c98a3-55e3-46ab-9ca9-00aa626dd8f3" name="testGridRowQueryNotHierarchyIn" startTimestamp="2014-03-18T09:45:19" time="0.206" />
  <testcase classname="com.ibm.rdm.client.api.tests.views.execution.BasicLinkViewServiceExecutionTest" endTimestamp="2014-03-18T09:45:19" id="3249c280-ba3b-4d2f-8fe5-913624eb156a" name="testGridRowQueryHierarchyInOrTracedOut" startTimestamp="2014-03-18T09:45:19" time="0.18" />
  <testcase classname="com.ibm.rdm.client.api.tests.views.execution.BasicLinkViewServiceExecutionTest" endTimestamp="2014-03-18T09:45:19" id="20bc56f4-0c2e-4d33-a650-a865a5d3bc20" name="testGridRowQueryNotHierarchyOut" startTimestamp="2014-03-18T09:45:19" time="0.136" />
  <testcase classname="com.ibm.rdm.client.api.tests.views.execution.BasicLinkViewServiceExecutionTest" endTimestamp="2014-03-18T09:45:19" id="da89632a-5e39-4565-9600-64177a50bcdf" name="testGridRowQueryNotLinkTo" startTimestamp="2014-03-18T09:45:19" time="0.095" />
  <testcase classname="com.ibm.rdm.client.api.tests.views.execution.BasicLinkViewServiceExecutionTest" endTimestamp="2014-03-18T09:45:20" id="0030befb-599b-4ffe-8bb3-8321c7e2f99c" name="testGridRowQueryTracedAndHierarchyWellKnownOutTo" startTimestamp="2014-03-18T09:45:19" time="0.116" />
  <testcase classname="com.ibm.rdm.client.api.tests.views.execution.BasicLinkViewServiceExecutionTest" endTimestamp="2014-03-18T09:45:20" id="b417653f-587f-4be9-965c-003124194eb0" name="testGridRowQueryNotTracedOut" startTimestamp="2014-03-18T09:45:20" time="0.139" />
  <testcase classname="com.ibm.rdm.client.api.tests.views.execution.BasicLinkViewServiceExecutionTest" endTimestamp="2014-03-18T09:45:20" id="143bc8c7-b139-4a0e-bc06-98020c448c01" name="testGridRowQueryHierarchyOut" startTimestamp="2014-03-18T09:45:20" time="0.185" />
  <testcase classname="com.ibm.rdm.client.api.tests.views.execution.BasicLinkViewServiceExecutionTest" endTimestamp="2014-03-18T09:45:20" id="b031218e-a671-48f3-87bc-64cd4be79b26" name="testGridRowQueryHierarchyOutNonDir" startTimestamp="2014-03-18T09:45:20" time="0.143" />
  <testcase classname="com.ibm.rdm.client.api.tests.views.execution.BasicLinkViewServiceExecutionTest" endTimestamp="2014-03-18T09:45:20" id="ba495d0c-7513-4a2d-8808-ed507bf7ae31" name="testGridRowQueryNotTracedOrHierarchyOut" startTimestamp="2014-03-18T09:45:20" time="0.104" />
  <testcase classname="com.ibm.rdm.client.api.tests.views.execution.BasicLinkViewServiceExecutionTest" endTimestamp="2014-03-18T09:45:20" id="20692b5e-f749-42f8-9cbb-465d4e593a3f" name="testGridRowQueryHierarchyIn" startTimestamp="2014-03-18T09:45:20" time="0.139" />
  <testcase classname="com.ibm.rdm.client.api.tests.views.execution.BasicLinkViewServiceExecutionTest" endTimestamp="2014-03-18T09:45:20" id="13edd315-b1c3-4627-8eda-135e5233af32" name="testGridRowQueryHierarchyOutTo" startTimestamp="2014-03-18T09:45:20" time="0.108" />
  <testcase classname="com.ibm.rdm.client.api.tests.views.execution.BasicLinkViewServiceExecutionTest" endTimestamp="2014-03-18T09:45:20" id="57e675fd-647f-481e-9fb1-4b0bb97ee49e" name="testGridRowQueryNotLinkFrom" startTimestamp="2014-03-18T09:45:20" time="0.095" />
  <testcase classname="com.ibm.rdm.client.api.tests.views.execution.BasicLinkViewServiceExecutionTest" endTimestamp="2014-03-18T09:45:21" id="17b97b35-8aab-455e-b83b-8e954cb9ed24" name="testGridRowQueryNotTracedIn" startTimestamp="2014-03-18T09:45:20" time="0.143" />
  <testcase classname="com.ibm.rdm.client.api.tests.views.execution.BasicLinkViewServiceExecutionTest" endTimestamp="2014-03-18T09:45:21" id="9dfe3e21-60a1-4ffe-bef0-35439d97d1fe" name="testGridRowQueryHierarchyInOrOut" startTimestamp="2014-03-18T09:45:21" time="0.25" />
  <testcase classname="com.ibm.rdm.client.api.tests.views.execution.BasicLinkViewServiceExecutionTest" endTimestamp="2014-03-18T09:45:21" id="96e800b0-dc4a-410d-ad22-b030089ab58c" name="testGridRowQueryHierarchyWellKnownOutTo" startTimestamp="2014-03-18T09:45:21" time="0.107" />
  <testcase classname="com.ibm.rdm.client.api.tests.views.execution.BasicLinkViewServiceExecutionTest" endTimestamp="2014-03-18T09:45:21" id="f8a3108b-70ad-44c1-a749-365d0df1f158" name="testGridRowQueryHierarchyOutOrTracedIn" startTimestamp="2014-03-18T09:45:21" time="0.168" />
  <testcase classname="com.ibm.rdm.client.api.tests.views.execution.ComplexLinkViewServiceExecutionTest" endTimestamp="2014-03-18T09:45:21" id="00775484-a67a-4506-b275-412f65e76b0f" name="testGridRowQueryHierarchyLinkToWhereHigh" startTimestamp="2014-03-18T09:45:21" time="0.175" />
  <testcase classname="com.ibm.rdm.client.api.tests.views.execution.ComplexLinkViewServiceExecutionTest" endTimestamp="2014-03-18T09:45:21" id="5a0ebfaa-f561-423c-8506-b7d39bb38350" name="testGridRowQueryLinkToHierarchyAndNotLinkToTraceViaTwoLinks" startTimestamp="2014-03-18T09:45:21" time="0.124" />
  <testcase classname="com.ibm.rdm.client.api.tests.views.execution.ComplexLinkViewServiceExecutionTest" endTimestamp="2014-03-18T09:45:22" id="20e65cdf-3432-435e-b938-18b32f5077b8" name="testGridRowQueryNotTracedInAndExistsR2" startTimestamp="2014-03-18T09:45:21" time="0.156" />
  <testcase classname="com.ibm.rdm.client.api.tests.views.execution.ComplexLinkViewServiceExecutionTest" endTimestamp="2014-03-18T09:45:22" id="25957abf-b228-4010-8a11-ac35efc0f896" name="testGridRowQueryLinkToWhereNot" startTimestamp="2014-03-18T09:45:22" time="0.176" />
  <testcase classname="com.ibm.rdm.client.api.tests.views.execution.ComplexLinkViewServiceExecutionTest" endTimestamp="2014-03-18T09:45:22" id="bcb13de4-7d0a-4904-842a-2d09f7f255e6" name="testGridRowQueryNotLinkToWhere" startTimestamp="2014-03-18T09:45:22" time="0.174" />
  <testcase classname="com.ibm.rdm.client.api.tests.views.execution.ComplexLinkViewServiceExecutionTest" endTimestamp="2014-03-18T09:45:22" id="7aa6f5de-55bb-4b92-aaa4-56f64bea2911" name="testGridRowQueryDoubleLinkToWhere" startTimestamp="2014-03-18T09:45:22" time="0.211" />
  <testcase classname="com.ibm.rdm.client.api.tests.views.execution.ComplexLinkViewServiceExecutionTest" endTimestamp="2014-03-18T09:45:22" id="85894e28-94c6-4d76-8986-7a80fb68fde1" name="testGridViewLinkToCalmQuery" startTimestamp="2014-03-18T09:45:22" time="0.102" />
  <testcase classname="com.ibm.rdm.client.api.tests.views.execution.ComplexLinkViewServiceExecutionTest" endTimestamp="2014-03-18T09:45:22" id="1916b33a-7578-4a73-a6d1-7c864aa4eb10" name="testGridRowQueryNotLinkToHierarchyAndNotLinkToTraceViaTwoLinks" startTimestamp="2014-03-18T09:45:22" time="0.111" />
  <testcase classname="com.ibm.rdm.client.api.tests.views.execution.ComplexLinkViewServiceExecutionTest" endTimestamp="2014-03-18T09:45:22" id="7fe1f82a-3b6d-4b3a-a45b-9c68f756af17" name="testGridRowQueryTracedInAndExists" startTimestamp="2014-03-18T09:45:22" time="0.135" />
  <testcase classname="com.ibm.rdm.client.api.tests.views.execution.ComplexLinkViewServiceExecutionTest" endTimestamp="2014-03-18T09:45:23" id="7a5df90f-a588-4b28-9068-5554969a57c6" name="testGridRowQueryLinkToHierarchyAndTraceViaTwoLinksWhere" startTimestamp="2014-03-18T09:45:22" time="0.129" />
  <testcase classname="com.ibm.rdm.client.api.tests.views.execution.ComplexLinkViewServiceExecutionTest" endTimestamp="2014-03-18T09:45:23" id="e2dd675e-7083-4815-a5aa-59a786f89ff7" name="testGridRowQueryLinkFromHierarchyAndTraceViaTwoLinks" startTimestamp="2014-03-18T09:45:23" time="0.103" />
  <testcase classname="com.ibm.rdm.client.api.tests.views.execution.ComplexLinkViewServiceExecutionTest" endTimestamp="2014-03-18T09:45:23" id="4c38c880-1104-419f-aaaf-ea45672137de" name="testGridRowQueryLinkToDirectionalWhere" startTimestamp="2014-03-18T09:45:23" time="0.182" />
  <testcase classname="com.ibm.rdm.client.api.tests.views.execution.ComplexLinkViewServiceExecutionTest" endTimestamp="2014-03-18T09:45:23" id="f9334cca-d8c8-4bdd-8570-18e48b77eb82" name="testGridRowQueryHierarchyLinkToWhereLow" startTimestamp="2014-03-18T09:45:23" time="0.146" />
  <testcase classname="com.ibm.rdm.client.api.tests.views.execution.ComplexLinkViewServiceExecutionTest" endTimestamp="2014-03-18T09:45:23" id="46169992-a462-4203-961d-820a96a56022" name="testGridRowQueryNotLinkToWhereNot" startTimestamp="2014-03-18T09:45:23" time="0.104" />
  <testcase classname="com.ibm.rdm.client.api.tests.views.execution.ComplexLinkViewServiceExecutionTest" endTimestamp="2014-03-18T09:45:23" id="44925ac9-0452-41a8-989f-c965dc28f8c2" name="testGridRowQuerByObjectTypeNotLinkToWhereObjectType2" startTimestamp="2014-03-18T09:45:23" time="0.145" />
  <testcase classname="com.ibm.rdm.client.api.tests.views.execution.ComplexLinkViewServiceExecutionTest" endTimestamp="2014-03-18T09:45:24" id="486095df-1a5e-4fe4-93ba-f63616ccd5bf" name="testGridRowQuerByObjectTypeNotLinkToWhereObjectType3" startTimestamp="2014-03-18T09:45:23" time="0.193" />
  <testcase classname="com.ibm.rdm.client.api.tests.views.execution.ComplexLinkViewServiceExecutionTest" endTimestamp="2014-03-18T09:45:24" id="222255e7-43a9-4a4b-afbd-fb294d7b5f97" name="testGridRowQuerByObjectTypeNotLinkToWhereObjectType" startTimestamp="2014-03-18T09:45:24" time="0.065" />
  <testcase classname="com.ibm.rdm.client.api.tests.views.execution.ComplexLinkViewServiceExecutionTest" endTimestamp="2014-03-18T09:45:24" id="8773d2b4-4d59-48d3-8dcb-67faa2d39b8f" name="testGridRowQueryNotTracedInAndExists" startTimestamp="2014-03-18T09:45:24" time="0.137" />
  <testcase classname="com.ibm.rdm.client.api.tests.views.execution.ComplexLinkViewServiceExecutionTest" endTimestamp="2014-03-18T09:45:24" id="6c311c3a-c391-445d-b0f1-9c244d778540" name="testGridRowQueryNotLinkFromWhere" startTimestamp="2014-03-18T09:45:24" time="0.144" />
  <testcase classname="com.ibm.rdm.client.api.tests.views.execution.ComplexLinkViewServiceExecutionTest" endTimestamp="2014-03-18T09:45:24" id="b5711000-0dca-4bc4-8d20-2902ab4dfd0e" name="testGridRowQueryLinkToHierarchyAndTraceViaTwoLinks" startTimestamp="2014-03-18T09:45:24" time="0.148" />
  <testcase classname="com.ibm.rdm.client.api.tests.views.execution.MatchesViewServiceExecutionTest" endTimestamp="2014-03-18T09:45:24" id="f3a4aeb7-e322-4020-a048-138eaa43e733" name="testGridRowQueryMatchesTitleLuceneOptEndsWith" startTimestamp="2014-03-18T09:45:24" time="0.14" />
  <testcase classname="com.ibm.rdm.client.api.tests.views.execution.MatchesViewServiceExecutionTest" endTimestamp="2014-03-18T09:45:24" id="3f3428c0-17cf-4a03-a57c-d962f6433d63" name="testGridRowQueryMatchesTitleLuceneOptDoesNotContain" startTimestamp="2014-03-18T09:45:24" time="0.169" />
  <testcase classname="com.ibm.rdm.client.api.tests.views.execution.MatchesViewServiceExecutionTest" endTimestamp="2014-03-18T09:45:25" id="4908e432-0913-427d-8f69-ff9b97f0eeec" name="testGridRowQueryMatchesTitleLuceneOptStartsWith" startTimestamp="2014-03-18T09:45:24" time="0.229" />
  <testcase classname="com.ibm.rdm.client.api.tests.views.execution.MatchesViewServiceExecutionTest" endTimestamp="2014-03-18T09:45:25" id="e5916b41-16be-4472-ac8f-05689fd25062" name="testGridRowQueryMatchesCaseInsensitive" startTimestamp="2014-03-18T09:45:25" time="0.161" />
  <testcase classname="com.ibm.rdm.client.api.tests.views.execution.MatchesViewServiceExecutionTest" endTimestamp="2014-03-18T09:45:25" id="7196fb88-15b3-403a-93d0-d7bbfd95f6c8" name="testGridRowQueryNotMatches" startTimestamp="2014-03-18T09:45:25" time="0.156" />
  <testcase classname="com.ibm.rdm.client.api.tests.views.execution.MatchesViewServiceExecutionTest" endTimestamp="2014-03-18T09:45:25" id="a91e07a5-6286-47ab-97b7-7a0ce10f94ea" name="testGridRowQueryMatchesWhereValueDoesNotAlwaysExist" startTimestamp="2014-03-18T09:45:25" time="0.098" />
  <testcase classname="com.ibm.rdm.client.api.tests.views.execution.MatchesViewServiceExecutionTest" endTimestamp="2014-03-18T09:45:25" id="9acf65ca-2b28-4cba-949c-7e58dd198f87" name="testGridRowQueryNotMatchesWhereValueDoesNotAlwaysExist" startTimestamp="2014-03-18T09:45:25" time="0.206" />
  <testcase classname="com.ibm.rdm.client.api.tests.views.execution.MatchesViewServiceExecutionTest" endTimestamp="2014-03-18T09:45:25" id="ba4aebec-63d9-4f0a-94df-77489c1a9b17" name="testGridRowQueryMatchesUnicodeRegexp" startTimestamp="2014-03-18T09:45:25" time="0.098" />
  <testcase classname="com.ibm.rdm.client.api.tests.views.execution.MatchesViewServiceExecutionTest" endTimestamp="2014-03-18T09:45:25" id="bd652696-a36d-4b90-8ec8-7504fc57f743" name="testGridRowQueryMatchesTitleLuceneOptContains" startTimestamp="2014-03-18T09:45:25" time="0.236" />
  <testcase classname="com.ibm.rdm.client.api.tests.views.execution.MatchesViewServiceExecutionTest" endTimestamp="2014-03-18T09:45:26" id="9d063cce-34fc-43b1-9b14-a978cd6fc387" name="testGridRowQueryNotMatchesCaseInsensitive" startTimestamp="2014-03-18T09:45:25" time="0.128" />
  <testcase classname="com.ibm.rdm.client.api.tests.views.execution.MatchesViewServiceExecutionTest" endTimestamp="2014-03-18T09:45:26" id="d4066af5-e05a-426c-b76f-e66b4b9cae40" name="testGridRowQueryMatchesTitleOnLinkToArtifactLuceneOptContains" startTimestamp="2014-03-18T09:45:26" time="0.204" />
  <testcase classname="com.ibm.rdm.client.api.tests.views.execution.MatchesViewServiceExecutionTest" endTimestamp="2014-03-18T09:45:26" id="050c98b9-3a7a-43cf-b097-f30a1ebc7344" name="testGridRowQueryMatches" startTimestamp="2014-03-18T09:45:26" time="0.129" />
  <testcase classname="com.ibm.rdm.client.api.tests.views.execution.PagingViewServiceExecutionTest" endTimestamp="2014-03-18T09:45:27" id="789cf9cf-6eb2-4334-8a52-19fcd32cb9e1" name="testGridViewRowQueryPageThrough" startTimestamp="2014-03-18T09:45:26" time="0.616" />
  <testcase classname="com.ibm.rdm.client.api.tests.views.execution.PagingViewServiceExecutionTest" endTimestamp="2014-03-18T09:45:27" id="51e5c532-c301-4721-9fce-9170a6d5efa8" name="testGridViewRowQueryPageSizeGreaterThanResults" startTimestamp="2014-03-18T09:45:27" time="0.192" />
  <testcase classname="com.ibm.rdm.client.api.tests.views.execution.PagingViewServiceExecutionTest" endTimestamp="2014-03-18T09:45:27" id="80bebefb-8f33-4a65-92d9-4d60acc2c0de" name="testGridViewRowQueryPageThroughPartialPage" startTimestamp="2014-03-18T09:45:27" time="0.135" />
  <testcase classname="com.ibm.rdm.client.api.tests.views.execution.SortViewServiceExecutionTest" endTimestamp="2014-03-18T09:45:27" id="f4ff1dd5-1371-4c70-b473-0dd182466f87" name="testGridViewSortByUrlAsc" startTimestamp="2014-03-18T09:45:27" time="0.194" />
  <testcase classname="com.ibm.rdm.client.api.tests.views.execution.SortViewServiceExecutionTest" endTimestamp="2014-03-18T09:45:27" id="4e1f58da-3893-4650-902f-6f188e00931b" name="testGridViewSortByNonCommonFieldDesc" startTimestamp="2014-03-18T09:45:27" time="0.235" />
  <testcase classname="com.ibm.rdm.client.api.tests.views.execution.SortViewServiceExecutionTest" endTimestamp="2014-03-18T09:45:28" id="4be43c1c-8d49-4be8-81ac-2214d215bacf" name="testGridViewSortByUrlDesc" startTimestamp="2014-03-18T09:45:27" time="0.189" />
  <testcase classname="com.ibm.rdm.client.api.tests.views.execution.SortViewServiceExecutionTest" endTimestamp="2014-03-18T09:45:28" id="e34bf5ea-2491-4da7-951a-44a616897298" name="testGridViewSortByNonCommonFieldAsc" startTimestamp="2014-03-18T09:45:28" time="0.241" />
  <testcase classname="com.ibm.rdm.client.api.tests.views.execution.TagViewServiceExecutionTest" endTimestamp="2014-03-18T09:45:28" id="aa21b921-20b2-4a02-9a03-ca0b15856e84" name="testGridViewByTagMatchAllMilestone1" startTimestamp="2014-03-18T09:45:28" time="0.145" />
  <testcase classname="com.ibm.rdm.client.api.tests.views.execution.TagViewServiceExecutionTest" endTimestamp="2014-03-18T09:45:28" id="2fa886e2-eff1-4e7e-abf9-f40fe96b91cf" name="testGridViewByTagMatchAllMilestone2" startTimestamp="2014-03-18T09:45:28" time="0.105" />
  <testcase classname="com.ibm.rdm.client.api.tests.views.execution.TagViewServiceExecutionTest" endTimestamp="2014-03-18T09:45:28" id="b8bc3dd9-a1cf-4062-bc37-9bca50ee706a" name="testGridViewByTagMatchAllMilestone1AndMilestone2" startTimestamp="2014-03-18T09:45:28" time="0.103" />
  <testcase classname="com.ibm.rdm.client.api.tests.views.execution.TagViewServiceExecutionTest" endTimestamp="2014-03-18T09:45:28" id="84f5e169-6699-4e84-9492-8bb7a0008a63" name="testGridViewByTagNotMatchMilestone2" startTimestamp="2014-03-18T09:45:28" time="0.167" />
  <testcase classname="com.ibm.rdm.client.api.tests.views.execution.TagViewServiceExecutionTest" endTimestamp="2014-03-18T09:45:28" id="2155eb07-3132-4b87-8377-e02fabc80086" name="testGridViewByTagMatchNotMilestone1OrMilestone2" startTimestamp="2014-03-18T09:45:28" time="0.168" />
  <testcase classname="com.ibm.rdm.client.api.tests.views.execution.TagViewServiceExecutionTest" endTimestamp="2014-03-18T09:45:29" id="0a907330-464f-49b9-bfbf-5dbc4abc148f" name="testGridViewSelectTagNames" startTimestamp="2014-03-18T09:45:28" time="0.131" />
  <testcase classname="com.ibm.rdm.client.api.tests.views.execution.TagViewServiceExecutionTest" endTimestamp="2014-03-18T09:45:29" id="8ad80660-4a3c-4751-b801-4f9a335cf48d" name="testSelectWhereTagsFromModuleExtrinsicReuseFalse" startTimestamp="2014-03-18T09:45:29" time="0.165" />
  <testcase classname="com.ibm.rdm.client.api.tests.views.execution.TagViewServiceExecutionTest" endTimestamp="2014-03-18T09:45:29" id="5a2b7486-9b30-45a6-ab0f-0805d15a03eb" name="testSelectWhereTagsFromModuleExtrinsicReuseTrue" startTimestamp="2014-03-18T09:45:29" time="0.176" />
  <testcase classname="com.ibm.rdm.client.api.tests.views.execution.TagViewServiceExecutionTest" endTimestamp="2014-03-18T09:45:29" id="f4da11e0-76ce-4e2b-9641-2ccb7f3b93fe" name="testGridViewByTagMatchNotAllMilestone1AndMilestone2" startTimestamp="2014-03-18T09:45:29" time="0.197" />
  <testcase classname="com.ibm.rdm.client.api.tests.views.execution.TagViewServiceExecutionTest" endTimestamp="2014-03-18T09:45:29" id="fc65f5fe-edf0-40dd-a282-88c906a613b1" name="testGridViewByTagMatchMilestone1OrMilestone2" startTimestamp="2014-03-18T09:45:29" time="0.134" />
  <testcase classname="com.ibm.rdm.client.api.tests.views.execution.TagViewServiceExecutionTest" endTimestamp="2014-03-18T09:45:29" id="da11edff-0c56-42db-a040-e362dc8933b5" name="testSelectTagsFromModuleWithSubject" startTimestamp="2014-03-18T09:45:29" time="0.166" />
  <testcase classname="com.ibm.rdm.client.api.tests.views.execution.TagViewServiceExecutionTest" endTimestamp="2014-03-18T09:45:29" id="753630ed-75cd-4b77-afd4-2a69fd291e5c" name="testGridViewSelectTags" startTimestamp="2014-03-18T09:45:29" time="0.081" />
  <testcase classname="com.ibm.rdm.client.api.tests.views.execution.TagViewServiceExecutionTest" endTimestamp="2014-03-18T09:45:30" id="97c98495-ef26-4fe7-a5c4-5d80b0e6f8c2" name="testGridViewByUnknownTag" startTimestamp="2014-03-18T09:45:29" time="0.049" />
  <testcase classname="com.ibm.rdm.client.api.tests.views.execution.TagViewServiceExecutionTest" endTimestamp="2014-03-18T09:45:30" id="d2ae8704-bb1c-4706-b86c-162a0d55bc68" name="testGridViewByTagMatchNotAllMilestone1" startTimestamp="2014-03-18T09:45:30" time="0.226" />
  <testcase classname="com.ibm.rdm.client.api.tests.views.execution.TagViewServiceExecutionTest" endTimestamp="2014-03-18T09:45:30" id="1a6cb7de-484a-4efa-8ff8-5fedc1671e41" name="testGridViewByTagMatchNotAllMilestone2" startTimestamp="2014-03-18T09:45:30" time="0.17" />
  <testcase classname="com.ibm.rdm.client.api.tests.views.execution.TagViewServiceExecutionTest" endTimestamp="2014-03-18T09:45:30" id="5f37612c-bbe8-4cb5-9255-0ccb8330b72b" name="testGridViewByTagMatchMilestone1" startTimestamp="2014-03-18T09:45:30" time="0.135" />
  <testcase classname="com.ibm.rdm.client.api.tests.views.execution.TagViewServiceExecutionTest" endTimestamp="2014-03-18T09:45:30" id="24fa18ad-2c9c-40f5-bf3b-b1904901e6de" name="testGridViewByTagMatchMilestone2" startTimestamp="2014-03-18T09:45:30" time="0.098" />
  <testcase classname="com.ibm.rdm.client.api.tests.views.execution.TagViewServiceExecutionTest" endTimestamp="2014-03-18T09:45:30" id="8ef14ca1-c193-4a19-adb4-a3d26e1101dc" name="testGridViewByTagMatchNotMilestone1" startTimestamp="2014-03-18T09:45:30" time="0.13" />
  <testcase classname="com.ibm.rdm.client.api.tests.views.execution.TypeManipulationViewServiceExecutionTest" endTimestamp="2014-03-18T09:45:32" id="0bb61518-e393-4a86-98d7-b5d10299f5ac" name="testRemoveAttributeFromObjectTypeUsingUniversalURI" startTimestamp="2014-03-18T09:45:30" time="2.022" />
  <testcase classname="com.ibm.rdm.client.api.tests.views.execution.TypeManipulationViewServiceExecutionTest" endTimestamp="2014-03-18T09:45:34" id="e254dc6a-b0d9-4bfd-b52e-ad6862826125" name="testRemoveAttributeFromObjectType" startTimestamp="2014-03-18T09:45:32" time="1.815" />
  <testcase classname="com.ibm.rdm.client.api.tests.views.execution.ViewScheduleTest" endTimestamp="2014-03-18T09:45:38" id="0b174ec3-9027-4e4e-82f6-58cfc0956458" name="testCRUDViewSchedule" startTimestamp="2014-03-18T09:45:34" time="4.165" />
  <testcase classname="com.ibm.rdm.client.api.tests.views.execution.ViewScheduleTest" endTimestamp="2014-03-18T09:45:42" id="e91273a2-42b4-47c7-aec2-7e6862a5d353" name="testCRUDViewScheduleWithoutPermission" startTimestamp="2014-03-18T09:45:38" time="3.672" />
  <testcase classname="com.ibm.rdm.client.api.tests.views.execution.ViewScheduleTest" endTimestamp="2014-03-18T09:45:49" id="11e64a73-d068-495c-903f-470faf7b374b" name="testScheduleAndWaitForViewToUpdate" startTimestamp="2014-03-18T09:45:42" time="7.311" />
  <testcase classname="com.ibm.rdm.client.api.tests.views.execution.RevisionViewServiceExecutionTest" endTimestamp="2014-03-18T09:45:54" id="8e1798bb-916e-4d81-89d4-d5be4e4bd8fe" name="testSelectContentLocationForCoreArtifact" startTimestamp="2014-03-18T09:45:49" time="4.302" />
  <testcase classname="com.ibm.rdm.client.api.tests.views.execution.RevisionViewServiceExecutionTest" endTimestamp="2014-03-18T09:45:58" id="db6739a8-f2e6-4883-988c-637f52e411cb" name="testSelectContentLocationForModuleBinding" startTimestamp="2014-03-18T09:45:54" time="4.67" />
  <testcase classname="com.ibm.rdm.client.api.tests.views.execution.RevisionViewServiceExecutionTest" endTimestamp="2014-03-18T09:46:02" id="89ee1f10-5b00-42ed-a4e7-13ff3889994b" name="testSelectRevisionInformationForCoreArtifact" startTimestamp="2014-03-18T09:45:58" time="4.228" />
  <testcase classname="com.ibm.rdm.client.api.tests.views.execution.RevisionViewServiceExecutionTest" endTimestamp="2014-03-18T09:46:07" id="95460e36-e2d5-45ea-b70c-073a7e2252b6" name="testSelectEtagForModuleBindingWhenNotConstrainingByModule" startTimestamp="2014-03-18T09:46:02" time="4.793" />
  <testcase classname="com.ibm.rdm.client.api.tests.views.execution.RevisionViewServiceExecutionTest" endTimestamp="2014-03-18T09:46:12" id="ad0d7fa8-5328-4d5e-8ec9-9dd22525ee9f" name="testSelectEtagForCoreArtifact" startTimestamp="2014-03-18T09:46:07" time="4.405" />
  <testcase classname="com.ibm.rdm.client.api.tests.views.execution.RevisionViewServiceExecutionTest" endTimestamp="2014-03-18T09:46:16" id="6f9e9179-640c-42d9-9d77-98bdf73aa628" name="testSelectEtagForModuleBinding" startTimestamp="2014-03-18T09:46:12" time="4.553" />
  <testcase classname="com.ibm.rdm.client.api.tests.modules.ModuleLinksTest" endTimestamp="2014-03-18T09:47:40" id="6c9a2549-bc9c-44ba-b06d-0058ffcebbad" name="testSelectLinksExtrinsicReuseEnabled" startTimestamp="2014-03-18T09:46:17" time="82.727" />
  <testcase classname="com.ibm.rdm.client.api.tests.modules.ModuleLinksTest" endTimestamp="2014-03-18T09:47:40" id="48d7b664-50b7-443b-9583-891d693078de" name="testSelectNestedLinkPropertiesExtrinsicReuseEnabled" startTimestamp="2014-03-18T09:47:40" time="0.438" />
  <testcase classname="com.ibm.rdm.client.api.tests.modules.ModuleLinksTest" endTimestamp="2014-03-18T09:47:41" id="4ddfaf07-179e-4500-832e-54db577de5cc" name="testSelectLinksExtrinsicReuseDisabled" startTimestamp="2014-03-18T09:47:40" time="0.358" />
  <testcase classname="com.ibm.rdm.client.api.tests.modules.ModuleLinksTest" endTimestamp="2014-03-18T09:47:41" id="af2426fd-5a98-4038-b6dd-c35ce654ef55" name="testSelectTargetIdentifierExtrinsicReuseEnabled" startTimestamp="2014-03-18T09:47:41" time="0.453" />
  <testcase classname="com.ibm.rdm.client.api.tests.modules.ModuleLinksTest" endTimestamp="2014-03-18T09:47:42" id="30efa2d0-dd7e-4fc9-9ef9-11cda1205a9b" name="testReproducePetru60951ImplementedBy" startTimestamp="2014-03-18T09:47:41" time="0.265" />
  <testcase classname="com.ibm.rdm.client.api.tests.modules.ModuleLinksTest" endTimestamp="2014-03-18T09:47:42" id="d1ed3bc7-1d4f-47f6-b086-c2650faa19c5" name="testReproducePetru60951Trace" startTimestamp="2014-03-18T09:47:42" time="0.205" />
  <testcase classname="com.ibm.rdm.client.api.tests.modules.ModuleLinksTest" endTimestamp="2014-03-18T09:47:42" id="985df75f-fa15-423d-a578-823e2baf3c58" name="testLinkTo" startTimestamp="2014-03-18T09:47:42" time="0.147" />
  <testcase classname="com.ibm.rdm.client.api.tests.modules.ModuleLinksTest" endTimestamp="2014-03-18T09:47:42" id="6eb1289e-812f-43f0-8847-a9fa9d29934f" name="testLinkToExtrinsicReuseDisabled" startTimestamp="2014-03-18T09:47:42" time="0.113" />
  <testcase classname="com.ibm.rdm.client.api.tests.modules.ModuleLinksTest" endTimestamp="2014-03-18T09:47:42" id="852fdc99-f964-459b-9b75-fa5d687b80b1" name="testLinkToWhereDaysWork11" startTimestamp="2014-03-18T09:47:42" time="0.152" />
  <testcase classname="com.ibm.rdm.client.api.tests.modules.ModuleLinksTest" endTimestamp="2014-03-18T09:47:42" id="dcf38b48-f597-4aed-af36-89bb39d7a7ff" name="testLinkToWhereDaysWork8" startTimestamp="2014-03-18T09:47:42" time="0.166" />
  <testcase classname="com.ibm.rdm.client.api.tests.modules.ModuleLinksTest" endTimestamp="2014-03-18T09:47:42" id="9f8ae3ea-4266-490a-bd84-ce5165f03d80" name="testLinkToWhereDaysWork7" startTimestamp="2014-03-18T09:47:42" time="0.154" />
  <testcase classname="com.ibm.rdm.client.api.tests.modules.ModuleLinksTest" endTimestamp="2014-03-18T09:47:43" id="4e74fdff-61cd-4775-a4b6-85e6badbcfda" name="testHierLinkFromArtifactWhereDaysWork7ExtrinsicReuse" startTimestamp="2014-03-18T09:47:42" time="0.126" />
  <testcase classname="com.ibm.rdm.client.api.tests.modules.ModuleLinksTest" endTimestamp="2014-03-18T09:47:43" id="2bfba450-8eb0-49f4-87bf-005394949ae6" name="testHierLinkFromArtifactWhereDaysWork7ExtrinsicReuseDisabled" startTimestamp="2014-03-18T09:47:43" time="0.118" />
  <testcase classname="com.ibm.rdm.client.api.tests.modules.ModuleProjectTemplateTest" endTimestamp="2014-03-18T09:48:17" id="732ff760-5944-4d97-a1ee-a525004bf16e" name="testCreateProjectTemplate" startTimestamp="2014-03-18T09:47:43" time="34.114" />
  <testcase classname="com.ibm.rdm.client.api.tests.modules.ModuleProjectTemplateTest" endTimestamp="2014-03-18T09:49:13" id="96834693-c5f3-4c7b-a1ec-0a20c56617ed" name="testProjectTemplateWithModuleTemplate" startTimestamp="2014-03-18T09:48:17" time="56.043">
    <failure type="junit.framework.AssertionFailedError">junit.framework.AssertionFailedError
	at com.ibm.rdm.client.api.tests.modules.ModuleProjectTemplateTest.testProjectTemplateWithModuleTemplate(ModuleProjectTemplateTest.java:410)
	at com.ibm.rdm.client.api.tests.ReportingTestCase.runTest(ReportingTestCase.java:41)
	at com.ibm.rdm.client.api.tests.AcceptanceTestCase.runBare(AcceptanceTestCase.java:106)
	at com.ibm.rdm.client.api.tests.modules.ModuleServiceTestSuite.run(ModuleServiceTestSuite.java:125)
	at com.ibm.rdm.client.api.tests.AllAutomatedTests.runTest(AllAutomatedTests.java:129)
	at com.ibm.rm.tools.headless.commands.RunJunits.executeAntScript(RunJunits.java:310)
	at com.ibm.rm.tools.headless.commands.RunJunits.doAntScript(RunJunits.java:183)
	at com.ibm.rm.tools.headless.commands.RunJunits.run(RunJunits.java:101)
	at com.ibm.rm.tools.core.commands.AbstractBuildCommand.execute(AbstractBuildCommand.java:49)
	at com.ibm.rm.tools.headless.service.extensions.ConsoleCommandRunner$1.call(ConsoleCommandRunner.java:31)
	at com.ibm.rm.tools.headless.service.extensions.ConsoleCommandRunner$1.call(ConsoleCommandRunner.java:1)
	at java.util.concurrent.FutureTask$Sync.innerRun(FutureTask.java:314)
	at java.util.concurrent.FutureTask.run(FutureTask.java:149)
	at java.util.concurrent.ThreadPoolExecutor$Worker.runTask(ThreadPoolExecutor.java:897)
	at java.util.concurrent.ThreadPoolExecutor$Worker.run(ThreadPoolExecutor.java:919)
	at java.lang.Thread.run(Thread.java:738)
</failure>
  </testcase>
  <testcase classname="com.ibm.rdm.client.api.tests.modules.ModuleMultiUserTest" endTimestamp="2014-03-18T09:49:25" id="d9aa962c-9cd2-45e8-8765-005f2a95690e" name="testMultiUserAddBindings" startTimestamp="2014-03-18T09:49:13" time="12.524">
    <failure message=" does not have 18 rows expected:&lt;18&gt; but was:&lt;1&gt;" type="junit.framework.AssertionFailedError">junit.framework.AssertionFailedError:  does not have 18 rows expected:&lt;18&gt; but was:&lt;1&gt;
	at com.ibm.rdm.client.api.tests.views.fixture.ViewExecutionFixture.assertGridRowCountEquals(ViewExecutionFixture.java:158)
	at com.ibm.rdm.client.api.tests.modules.ModuleMultiUserTest.testMultiUserAddBindings(ModuleMultiUserTest.java:132)
	at com.ibm.rdm.client.api.tests.ReportingTestCase.runTest(ReportingTestCase.java:41)
	at com.ibm.rdm.client.api.tests.AcceptanceTestCase.runBare(AcceptanceTestCase.java:106)
	at com.ibm.rdm.client.api.tests.modules.ModuleServiceTestSuite.run(ModuleServiceTestSuite.java:125)
	at com.ibm.rdm.client.api.tests.AllAutomatedTests.runTest(AllAutomatedTests.java:129)
	at com.ibm.rm.tools.headless.commands.RunJunits.executeAntScript(RunJunits.java:310)
	at com.ibm.rm.tools.headless.commands.RunJunits.doAntScript(RunJunits.java:183)
	at com.ibm.rm.tools.headless.commands.RunJunits.run(RunJunits.java:101)
	at com.ibm.rm.tools.core.commands.AbstractBuildCommand.execute(AbstractBuildCommand.java:49)
	at com.ibm.rm.tools.headless.service.extensions.ConsoleCommandRunner$1.call(ConsoleCommandRunner.java:31)
	at com.ibm.rm.tools.headless.service.extensions.ConsoleCommandRunner$1.call(ConsoleCommandRunner.java:1)
	at java.util.concurrent.FutureTask$Sync.innerRun(FutureTask.java:314)
	at java.util.concurrent.FutureTask.run(FutureTask.java:149)
	at java.util.concurrent.ThreadPoolExecutor$Worker.runTask(ThreadPoolExecutor.java:897)
	at java.util.concurrent.ThreadPoolExecutor$Worker.run(ThreadPoolExecutor.java:919)
	at java.lang.Thread.run(Thread.java:738)
</failure>
  </testcase>
  <testcase classname="com.ibm.rdm.client.api.tests.modules.ModuleHeadingTest" endTimestamp="2014-03-18T09:49:35" id="cc735c67-02ac-434a-870b-81c4608374c6" name="testModuleHeading" startTimestamp="2014-03-18T09:49:25" time="9.442" />
  <testcase classname="com.ibm.rdm.client.api.tests.modules.ModuleHeadingTest" endTimestamp="2014-03-18T09:49:52" id="8d16f950-33b2-4912-94a7-5102eab64e83" name="testModuleSectionNumbering" startTimestamp="2014-03-18T09:49:35" time="17.202" />
  <testcase classname="com.ibm.rdm.client.api.tests.modules.ModuleHeadingTest" endTimestamp="2014-03-18T09:49:56" id="a3d9ad02-18ce-4272-8544-27dacdc46e5b" name="testUpdateHeadingFlagToTrue" startTimestamp="2014-03-18T09:49:52" time="3.951" />
  <testcase classname="com.ibm.rdm.client.api.tests.modules.ModuleHeadingTest" endTimestamp="2014-03-18T09:50:00" id="cc429589-d328-4bd3-a97f-5a989d1010b4" name="testUpdateHeadingFlagAndGetWithIfNoneMatch" startTimestamp="2014-03-18T09:49:56" time="4.445" />
  <testcase classname="com.ibm.rdm.client.api.tests.modules.ModuleHeadingTest" endTimestamp="2014-03-18T09:50:25" id="84d78d89-41e0-4c66-b262-c767980e3de8" name="testUpdateHeadingFlagToFalse" startTimestamp="2014-03-18T09:50:00" time="25.035" />
  <testcase classname="com.ibm.rdm.client.api.tests.modules.ModuleStoryTest" endTimestamp="2014-03-18T09:50:47" id="20d5f2a5-f116-4ac1-97ba-cab54b9c95fd" name="testBasicModuleInteraction" startTimestamp="2014-03-18T09:50:25" time="21.204" />
  <testcase classname="com.ibm.rdm.client.api.tests.modules.ModuleUncontrolledReuseTest" endTimestamp="2014-03-18T09:51:00" id="b6a85160-684f-4d0d-8cef-a2070b27dc93" name="testUncontrolledReuse" startTimestamp="2014-03-18T09:50:47" time="13.106" />
  <testcase classname="com.ibm.rdm.client.api.tests.modules.ModuleFilterByModuleTest" endTimestamp="2014-03-18T09:51:06" id="ad2c9a14-98b1-4006-aba7-dc8e3be55d73" name="testFilterByModule" startTimestamp="2014-03-18T09:51:00" time="6.603" />
  <testcase classname="com.ibm.rdm.client.api.tests.modules.ModuleCompactRenderingTest" endTimestamp="2014-03-18T09:51:41" id="620fe96b-ae2a-453c-84f2-ce46a060424c" name="testModuleCompactRendering" startTimestamp="2014-03-18T09:51:06" time="34.698" />
  <testcase classname="com.ibm.rdm.client.api.tests.modules.ModuleRecentFeedsTest" endTimestamp="2014-03-18T09:52:06" id="20f4da2a-928d-4b0f-bd3c-bd0cc07fcbca" name="testRecentFeeds" startTimestamp="2014-03-18T09:51:41" time="24.666" />
  <testcase classname="com.ibm.rdm.client.api.tests.modules.ModuleImportExportTest" endTimestamp="2014-03-18T09:52:14" id="5ea96e0d-a2d7-4c45-8885-96968ba6a808" name="testExportModuleContentsToCSV" startTimestamp="2014-03-18T09:52:06" time="8.381" />
  <testcase classname="com.ibm.rdm.client.api.tests.modules.ModuleImportExportTest" endTimestamp="2014-03-18T09:52:24" id="ffce684b-11ae-42f7-ac87-51a906e575b9" name="testImportBindingsIntoModule" startTimestamp="2014-03-18T09:52:14" time="9.581" />
  <testcase classname="com.ibm.rdm.client.api.tests.modules.ModuleImportExportTest" endTimestamp="2014-03-18T09:52:29" id="1c17bfeb-eca5-48d5-b637-a08bd49a6886" name="testImportMultipleModulesIntoFolder" startTimestamp="2014-03-18T09:52:24" time="5.081" />
  <testcase classname="com.ibm.rdm.client.api.tests.modules.ModuleImportExportTest" endTimestamp="2014-03-18T09:52:37" id="f2eb6247-d6a2-4b13-a920-2ca3f9e09971" name="testCombineModulesIntoModuleUsingCSVImport" startTimestamp="2014-03-18T09:52:29" time="8.699" />
  <testcase classname="com.ibm.rdm.client.api.tests.modules.ModuleAssociatedViewsTest" endTimestamp="2014-03-18T09:52:42" id="f12b5e2a-fdb9-41d7-94f0-07e271b192cc" name="testCreateUpdateDeletePublicModuleSpecificView" startTimestamp="2014-03-18T09:52:37" time="4.417" />
  <testcase classname="com.ibm.rdm.client.api.tests.modules.ModuleAssociatedViewsTest" endTimestamp="2014-03-18T09:52:46" id="e8c6c77a-6dff-4999-bb32-4f3650c8e67e" name="testDefaultViewDiscoveryAndExecution" startTimestamp="2014-03-18T09:52:42" time="3.706" />
  <testcase classname="com.ibm.rdm.client.api.tests.modules.ModuleAssociatedViewsTest" endTimestamp="2014-03-18T09:52:52" id="fd755020-ae53-4245-a0c6-b821a3e2684f" name="testViewCreationDiscoveryAndExecution" startTimestamp="2014-03-18T09:52:46" time="6.469" />
  <testcase classname="com.ibm.rdm.client.api.tests.modules.ModuleAssociatedViewsTest" endTimestamp="2014-03-18T09:52:56" id="bfdcc3f0-e4af-48da-9083-dcd260bdb24a" name="testPrivateViewFeedQueryRejectedWhenCreatorNotCurrentUser" startTimestamp="2014-03-18T09:52:52" time="3.437" />
  <testcase classname="com.ibm.rdm.client.api.tests.modules.ModuleAssociatedViewsTest" endTimestamp="2014-03-18T09:53:00" id="2959dd7f-3bc5-4882-b4f3-9bda285e1921" name="testDefaultViewAssignmentFromAssociatedPublicView" startTimestamp="2014-03-18T09:52:56" time="4.488" />
  <testcase classname="com.ibm.rdm.client.api.tests.modules.ModuleAssociatedViewsTest" endTimestamp="2014-03-18T09:53:05" id="af4ec64f-e512-4c2b-9492-5b801da64b25" name="testUpdateExistingViewToAssociateModule" startTimestamp="2014-03-18T09:53:00" time="5.269" />
  <testcase classname="com.ibm.rdm.client.api.tests.modules.ModuleAssociatedViewsTest" endTimestamp="2014-03-18T09:53:10" id="044e988c-177a-44b2-b879-30eab3ac3c72" name="testUpdateViewScope" startTimestamp="2014-03-18T09:53:05" time="4.332" />
  <testcase classname="com.ibm.rdm.client.api.tests.modules.ModuleAssociatedViewsTest" endTimestamp="2014-03-18T09:53:14" id="0742dabb-efe7-4876-aaeb-4809a7ce25ae" name="testUpdateViewScopeWithAllModules" startTimestamp="2014-03-18T09:53:10" time="4.445" />
  <testcase classname="com.ibm.rdm.client.api.tests.modules.ModuleAssociatedViewsTest" endTimestamp="2014-03-18T09:53:18" id="b835781a-c41a-4174-821d-d9d442299e52" name="testCannotAssignPrivateViewAsDefault" startTimestamp="2014-03-18T09:53:14" time="4.336" />
  <testcase classname="com.ibm.rdm.client.api.tests.modules.ModuleAssociatedViewsTest" endTimestamp="2014-03-18T09:53:23" id="f73a6861-a5aa-44da-a786-e35c42624924" name="testCannotAssignUnassociatedViewAsDefault" startTimestamp="2014-03-18T09:53:18" time="4.376" />
  <testcase classname="com.ibm.rdm.client.api.tests.modules.ModuleAssociatedViewsTest" endTimestamp="2014-03-18T09:53:27" id="65e5ab74-008d-467b-b3cb-21751d7091a4" name="testCannotAssignNonViewUrlAsDefault" startTimestamp="2014-03-18T09:53:23" time="3.878" />
  <testcase classname="com.ibm.rdm.client.api.tests.modules.ModuleAssociatedViewsTest" endTimestamp="2014-03-18T09:53:30" id="6533e66b-ce23-4866-8a1a-4e4959db3508" name="testAssociateViewWithWhereModuleClause" startTimestamp="2014-03-18T09:53:27" time="3.384" />
  <testcase classname="com.ibm.rdm.client.api.tests.modules.ModuleUpdateAllBindingsTest" endTimestamp="2014-03-18T09:53:37" id="2c5d87ea-0c94-4b67-8833-032a11e4248f" name="testUpdateAllModuleBindings1" startTimestamp="2014-03-18T09:53:30" time="6.692" />
  <testcase classname="com.ibm.rdm.client.api.tests.modules.ModuleUpdateAllBindingsTest" endTimestamp="2014-03-18T09:53:44" id="a1648f6f-692f-4cdf-bdd1-abd96e7cd8b3" name="testUpdateAllModuleBindings2" startTimestamp="2014-03-18T09:53:37" time="7.004" />
  <testcase classname="com.ibm.rdm.client.api.tests.modules.ModuleUpdateAllBindingsTest" endTimestamp="2014-03-18T09:53:48" id="8f830eaa-fb15-4f62-b4de-c346943a754c" name="testUpdateEmptyStructure" startTimestamp="2014-03-18T09:53:44" time="3.833" />
  <testcase classname="com.ibm.rdm.client.api.tests.modules.ModuleUpdateAllBindingsTest" endTimestamp="2014-03-18T09:54:38" id="d3d337f6-742b-4fd7-8bf4-c21f5ac9b18f" name="testUpdateAllModuleBindingRandomCRUD" startTimestamp="2014-03-18T09:53:48" time="50.019" />
  <testcase classname="com.ibm.rdm.client.api.tests.modules.ModuleUpdateTest" endTimestamp="2014-03-18T09:54:42" id="0f5f20f3-a356-477a-8b5c-b3b8458a89f8" name="testUpdateModule" startTimestamp="2014-03-18T09:54:38" time="4.123" />
  <testcase classname="com.ibm.rdm.client.api.tests.modules.ModuleUpdateTest" endTimestamp="2014-03-18T09:54:46" id="5d16a728-9ae3-45c6-bcb7-af9bdf813039" name="testUpdateModuleWithProcessArea" startTimestamp="2014-03-18T09:54:42" time="3.886" />
  <testcase classname="com.ibm.rdm.client.api.tests.modules.ModuleUpdateTest" endTimestamp="2014-03-18T09:55:01" id="128b7a29-4e31-4a51-bc81-4f9534b8a2ae" name="testUpdateModuleArtifact" startTimestamp="2014-03-18T09:54:46" time="15.549" />
  <testcase classname="com.ibm.rdm.client.api.tests.modules.ModuleUpdateTest" endTimestamp="2014-03-18T09:55:07" id="8f6e4e07-71b5-4ea3-b801-ac97793bdc4a" name="testArtifactTitleBehavior" startTimestamp="2014-03-18T09:55:01" time="6.172" />
  <testcase classname="com.ibm.rdm.client.api.tests.modules.ModuleUpdateTest" endTimestamp="2014-03-18T09:55:13" id="48de42b8-ec7f-4207-b041-c421bd358dbe" name="testReorderChildrenAtLevel1" startTimestamp="2014-03-18T09:55:07" time="5.404" />
  <testcase classname="com.ibm.rdm.client.api.tests.modules.ModuleUpdateTest" endTimestamp="2014-03-18T09:55:17" id="d48a66e0-6db9-4f8c-98b3-21dcb0174ec1" name="testModuleStructureRootEtags" startTimestamp="2014-03-18T09:55:13" time="3.883" />
  <testcase classname="com.ibm.rdm.client.api.tests.modules.ModuleUpdateTest" endTimestamp="2014-03-18T09:55:21" id="62659835-8a01-43aa-873c-9ccf6dbb7156" name="testReverseChildrenAtRoot" startTimestamp="2014-03-18T09:55:17" time="4.096" />
  <testcase classname="com.ibm.rdm.client.api.tests.modules.ModuleUpdateTest" endTimestamp="2014-03-18T09:55:25" id="6cf3ab19-4c49-4418-8877-24fe0f957860" name="testReorderChildrenAtRoot123456To125634" startTimestamp="2014-03-18T09:55:21" time="4.424" />
  <testcase classname="com.ibm.rdm.client.api.tests.modules.ModuleUpdateTest" endTimestamp="2014-03-18T09:55:35" id="bec7f205-9c00-47bf-a12b-cbc00b215e08" name="testReparentChild" startTimestamp="2014-03-18T09:55:25" time="9.972" />
  <testcase classname="com.ibm.rdm.client.api.tests.modules.ModuleUpdateTest" endTimestamp="2014-03-18T09:55:40" id="eb5112aa-0c77-45c2-887e-c01ddb942e69" name="testDeleteChild_FirstNodeUnderRoot_HasChildren" startTimestamp="2014-03-18T09:55:35" time="4.776" />
  <testcase classname="com.ibm.rdm.client.api.tests.modules.ModuleUpdateTest" endTimestamp="2014-03-18T09:55:45" id="33c67c2e-96c8-46e2-b71d-e22a976ad4dd" name="testDeleteChild_SecondNodeUnderRoot_HasChildren_AllHeadings" startTimestamp="2014-03-18T09:55:40" time="4.84" />
  <testcase classname="com.ibm.rdm.client.api.tests.modules.ModuleUpdateTest" endTimestamp="2014-03-18T09:55:50" id="40532f5f-32ed-44e6-8e7d-24251e5fe504" name="testReorderReusedChild" startTimestamp="2014-03-18T09:55:45" time="4.902" />
  <testcase classname="com.ibm.rdm.client.api.tests.modules.ModuleUpdateTest" endTimestamp="2014-03-18T09:55:54" id="2cdde7e0-b219-4185-9dc5-71d745a35968" name="testNoopRootBindingUpdate" startTimestamp="2014-03-18T09:55:50" time="3.928" />
  <testcase classname="com.ibm.rdm.client.api.tests.modules.ModuleUpdateTest" endTimestamp="2014-03-18T09:55:57" id="53482a85-4fc8-4f24-abb4-7129ba856117" name="testNoopChildBindingUpdate" startTimestamp="2014-03-18T09:55:54" time="3.797" />
  <testcase classname="com.ibm.rdm.client.api.tests.modules.ModuleReparentTest" endTimestamp="2014-03-18T09:56:05" id="0c0de48e-a611-4bb8-bbfd-76a636db6701" name="testInitialModel" startTimestamp="2014-03-18T09:55:57" time="7.529" />
  <testcase classname="com.ibm.rdm.client.api.tests.modules.ModuleReparentTest" endTimestamp="2014-03-18T09:56:14" id="dd29c097-9fa9-497f-bf7b-2a67fcb99def" name="testSingleNodeUpUnderShallowerNode" startTimestamp="2014-03-18T09:56:05" time="8.815" />
  <testcase classname="com.ibm.rdm.client.api.tests.modules.ModuleReparentTest" endTimestamp="2014-03-18T09:56:22" id="b6591b3a-b61f-4b7b-86ce-d4f5015bdf1d" name="testSingleNodeDownUnderShallowerNode" startTimestamp="2014-03-18T09:56:14" time="8.418" />
  <testcase classname="com.ibm.rdm.client.api.tests.modules.ModuleReparentTest" endTimestamp="2014-03-18T09:56:31" id="32603c2c-75fc-4d36-8e52-7db939fe36ed" name="testSingleNodeUpUnderDeeperNode" startTimestamp="2014-03-18T09:56:22" time="8.447" />
  <testcase classname="com.ibm.rdm.client.api.tests.modules.ModuleReparentTest" endTimestamp="2014-03-18T09:56:39" id="02339eaf-cd9d-43ba-8a12-4f040f7b668b" name="testSingleNodeDownUnderDeeperNode" startTimestamp="2014-03-18T09:56:31" time="8.344" />
  <testcase classname="com.ibm.rdm.client.api.tests.modules.ModuleReparentTest" endTimestamp="2014-03-18T09:56:47" id="813c8888-6a62-4e41-924a-048f27bbb83a" name="testHierarchyDownUnderSibling" startTimestamp="2014-03-18T09:56:39" time="8.553" />
  <testcase classname="com.ibm.rdm.client.api.tests.modules.ModuleReparentTest" endTimestamp="2014-03-18T09:56:56" id="e8d99390-0de0-4a14-99f0-648c7ce44f6a" name="testHierarchyUpUnderSibling" startTimestamp="2014-03-18T09:56:47" time="8.61" />
  <testcase classname="com.ibm.rdm.client.api.tests.modules.ModuleReparentTest" endTimestamp="2014-03-18T09:57:05" id="6d3efe14-cbe1-4347-b614-a72ce38eb132" name="testHierarchyUpUnderShallowerNode" startTimestamp="2014-03-18T09:56:56" time="8.577" />
  <testcase classname="com.ibm.rdm.client.api.tests.modules.ModuleReparentTest" endTimestamp="2014-03-18T09:57:13" id="e6b64788-40fd-4a59-92d5-0bdd5d12da07" name="testHierarchyDownUnderShallowerNode" startTimestamp="2014-03-18T09:57:05" time="8.663" />
  <testcase classname="com.ibm.rdm.client.api.tests.modules.ModuleReparentTest" endTimestamp="2014-03-18T09:57:22" id="f76c656f-b431-4c6d-b5dc-9919ba0a5303" name="testHierarchyUpUnderDeeperNode" startTimestamp="2014-03-18T09:57:13" time="8.907" />
  <testcase classname="com.ibm.rdm.client.api.tests.modules.ModuleReparentTest" endTimestamp="2014-03-18T09:57:31" id="17c1c991-a0fb-4762-81d6-5db346ef6df9" name="testHierarchyDownUnderDeeperNodeWithPartialUpdate" startTimestamp="2014-03-18T09:57:22" time="8.334" />
  <testcase classname="com.ibm.rdm.client.api.tests.modules.ModuleReparentTest" endTimestamp="2014-03-18T09:57:39" id="6cfa94df-5b80-4643-b063-fd77f3693d7e" name="testHierarchyDownUnderDeeperNode" startTimestamp="2014-03-18T09:57:31" time="8.803" />
  <testcase classname="com.ibm.rdm.client.api.tests.modules.ModuleReparentTest" endTimestamp="2014-03-18T09:57:48" id="fa12b2d9-40a8-4c97-96dc-9b4b9ddd53ec" name="testUpUnderRootNode" startTimestamp="2014-03-18T09:57:39" time="8.457" />
  <testcase classname="com.ibm.rdm.client.api.tests.modules.ModuleReparentTest" endTimestamp="2014-03-18T09:57:57" id="94adafd7-6d8e-479d-a89c-a5a99c2f14b3" name="testDownUnderRootNode" startTimestamp="2014-03-18T09:57:48" time="8.829" />
  <testcase classname="com.ibm.rdm.client.api.tests.modules.ModuleDeleteTest" endTimestamp="2014-03-18T09:58:07" id="1590c8fd-053a-4622-a739-09c955b724ec" name="testDeleteModule" startTimestamp="2014-03-18T09:57:57" time="10.55" />
  <testcase classname="com.ibm.rdm.client.api.tests.modules.ModuleDeleteTest" endTimestamp="2014-03-18T09:58:25" id="8aa9cfcb-215a-421c-87b1-ac46ace2f3dd" name="testDeleteModuleScopedArtifact" startTimestamp="2014-03-18T09:58:07" time="17.532" />
  <testcase classname="com.ibm.rdm.client.api.tests.modules.ModuleDeleteTest" endTimestamp="2014-03-18T09:58:30" id="e424a7a9-7ff4-4acc-9778-c0b0b415bbc3" name="testDeleteModuleDemotedArtifact" startTimestamp="2014-03-18T09:58:25" time="5.059" />
  <testcase classname="com.ibm.rdm.client.api.tests.modules.ModuleDeleteTest" endTimestamp="2014-03-18T09:58:44" id="60af51ff-210f-4999-8717-7cf5fe73ffbd" name="testRecursiveDeleteFolderWithModule" startTimestamp="2014-03-18T09:58:30" time="14.042" />
  <testcase classname="com.ibm.rdm.client.api.tests.modules.ModuleDeleteTest" endTimestamp="2014-03-18T09:58:50" id="d2c6adc8-721f-470f-baff-610aca0d17e0" name="testDeleteWrappedResourceInModule" startTimestamp="2014-03-18T09:58:44" time="6.099" />
  <testcase classname="com.ibm.rdm.client.api.tests.modules.ModuleValidationTest" endTimestamp="2014-03-18T09:58:51" id="45118c20-42cb-404f-a3b2-ddeb83fa3c6e" name="testModuleArtifactCreationWithInvalidPrimaryText" startTimestamp="2014-03-18T09:58:50" time="1.027" />
  <testcase classname="com.ibm.rdm.client.api.tests.modules.ModuleValidationTest" endTimestamp="2014-03-18T09:58:55" id="a0fd8510-4ae9-4865-b1db-95483fc1cd64" name="testModuleArtifactUpdateWithInvalidPrimaryText" startTimestamp="2014-03-18T09:58:51" time="3.798" />
  <testcase classname="com.ibm.rdm.client.api.tests.modules.ModuleFailureTest" endTimestamp="2014-03-18T09:58:55" id="3a6fc66c-7091-41ac-9978-a983912f06b4" name="testGetModuleWhichDoesNotExist" startTimestamp="2014-03-18T09:58:55" time="0.087" />
  <testcase classname="com.ibm.rdm.client.api.tests.modules.ModuleConcurrencyTest" endTimestamp="2014-03-18T09:58:58" id="da824f0e-c684-439a-9b5f-3891e5f905bd" name="testNotModifiedOnModuleScopedArtifactGET" startTimestamp="2014-03-18T09:58:55" time="3.669" />
  <testcase classname="com.ibm.rdm.client.api.tests.modules.ModuleConcurrencyTest" endTimestamp="2014-03-18T09:59:05" id="2dc9c6f8-d241-4078-a1c8-b14bfe3331ac" name="testIfMatchModuleScopedArtifactPUT" startTimestamp="2014-03-18T09:58:58" time="6.562" />
  <testcase classname="com.ibm.rdm.client.api.tests.modules.ModuleConcurrencyTest" endTimestamp="2014-03-18T09:59:10" id="4c47cb4f-51a0-4b95-8b28-bf0b127f48cf" name="testUpdatedModuleScopedArtifactPropertiesDoesNotChangeOtherEtags" startTimestamp="2014-03-18T09:59:05" time="4.507" />
  <testcase classname="com.ibm.rdm.client.api.tests.modules.ModuleWrappedResourcesTest" endTimestamp="2014-03-18T09:59:15" id="2d7d9b0a-322a-42ac-b1ed-42847b9b3232" name="testReuseExistingWrappedResourceInModule" startTimestamp="2014-03-18T09:59:10" time="5.157" />
  <testcase classname="com.ibm.rdm.client.api.tests.modules.ModuleWrappedResourcesTest" endTimestamp="2014-03-18T09:59:17" id="dfc157a0-da13-4a5b-9874-756f6f5317d9" name="testMultiPartWebWithText" startTimestamp="2014-03-18T09:59:15" time="2.159" />
  <testcase classname="com.ibm.rdm.client.api.tests.modules.ModuleWrappedResourcesTest" endTimestamp="2014-03-18T09:59:19" id="8e95a589-6df0-4ace-8edf-eb96bfc36526" name="testMultiPartWebWithImage" startTimestamp="2014-03-18T09:59:17" time="2.186" />
  <testcase classname="com.ibm.rdm.client.api.tests.modules.ModuleTemplateTest" endTimestamp="2014-03-18T09:59:32" id="3a29a1aa-70b6-4f7c-b790-1a6dd4768a31" name="testModuleTemplateWithFilterCopyPolicyThatDoesNotSelectAnything" startTimestamp="2014-03-18T09:59:19" time="13.341" />
  <testcase classname="com.ibm.rdm.client.api.tests.modules.ModuleTemplateTest" endTimestamp="2014-03-18T10:00:09" id="1e4cf0f1-ad92-46b2-a42b-fe4892973320" name="testModuleTemplateWithDefaultCopyPolicy" startTimestamp="2014-03-18T09:59:32" time="36.742" />
  <testcase classname="com.ibm.rdm.client.api.tests.modules.ModuleTemplateTest" endTimestamp="2014-03-18T10:00:31" id="68a3fa52-56ed-4b67-ade8-48a101fd44d3" name="testTemplateDoesNotShowUpInContainedResources" startTimestamp="2014-03-18T10:00:09" time="21.69" />
  <testcase classname="com.ibm.rdm.client.api.tests.modules.ModuleTemplateTest" endTimestamp="2014-03-18T10:00:38" id="79cf7491-5c68-4169-9190-a152d05f4ee5" name="testModuleTemplateDelete" startTimestamp="2014-03-18T10:00:31" time="7.223" />
  <testcase classname="com.ibm.rdm.client.api.tests.modules.ModuleTemplateTest" endTimestamp="2014-03-18T10:01:01" id="26a29685-35c9-4b69-8b12-01ad87b64b1f" name="testApplyArtifactTemplateDirectlyIntoModule_DefaultParams" startTimestamp="2014-03-18T10:00:38" time="23.386" />
  <testcase classname="com.ibm.rdm.client.api.tests.modules.ModuleTemplateTest" endTimestamp="2014-03-18T10:01:26" id="55792243-d30a-407d-841d-e27745ec2cd3" name="testApplyArtifactTemplateDirectlyIntoModule_CustomFolder_PositionAfter_DEPRECATED" startTimestamp="2014-03-18T10:01:01" time="24.812" />
  <testcase classname="com.ibm.rdm.client.api.tests.modules.ModuleTemplateTest" endTimestamp="2014-03-18T10:01:52" id="47384092-9daf-47f5-b850-b9c4c36600a6" name="testApplyArtifactTemplateDirectlyIntoModule_PositionBefore_DEPRECATED" startTimestamp="2014-03-18T10:01:26" time="26.097" />
  <testcase classname="com.ibm.rdm.client.api.tests.modules.ModuleTemplateTest" endTimestamp="2014-03-18T10:02:19" id="a48de2b1-b387-41f7-96f9-5783a6e1d9ca" name="testApplyArtifactTemplateDirectlyIntoModule_CustomFolder_PositionAfter2" startTimestamp="2014-03-18T10:01:52" time="26.354" />
  <testcase classname="com.ibm.rdm.client.api.tests.modules.ModuleTemplateTest" endTimestamp="2014-03-18T10:02:45" id="d0488749-fedc-41e8-818d-0bf288a51733" name="testApplyArtifactTemplateDirectlyIntoModule_PositionBefore2" startTimestamp="2014-03-18T10:02:19" time="26.601" />
  <testcase classname="com.ibm.rdm.client.api.tests.modules.ModuleCopyTest" endTimestamp="2014-03-18T10:03:04" id="83a65b61-e2ed-4e56-bfa7-4ed7b6782f04" name="testCopyModuleWithPresetDuplicateAllPolicy" startTimestamp="2014-03-18T10:02:45" time="18.538" />
  <testcase classname="com.ibm.rdm.client.api.tests.modules.ModuleCopyTest" endTimestamp="2014-03-18T10:03:14" id="da06f75d-20d9-448e-ace7-decb26ce6eb2" name="testCopyModuleWithReuseAllPolicy" startTimestamp="2014-03-18T10:03:04" time="9.707" />
  <testcase classname="com.ibm.rdm.client.api.tests.modules.ModuleCopyTest" endTimestamp="2014-03-18T10:03:30" id="ee525262-a146-4afc-bec8-0812e52bb9ae" name="testCopyModuleWithDuplicateHeadersPolicy" startTimestamp="2014-03-18T10:03:14" time="16.456" />
  <testcase classname="com.ibm.rdm.client.api.tests.modules.ModuleCopyTest" endTimestamp="2014-03-18T10:03:54" id="a0d230a6-fa4c-412c-bb16-c792902a4140" name="testCopyModuleWithReuseHeadersPolicyAndCopyLinksEnabled" startTimestamp="2014-03-18T10:03:30" time="23.627" />
  <testcase classname="com.ibm.rdm.client.api.tests.modules.ModuleCopyTest" endTimestamp="2014-03-18T10:04:11" id="a000e3cf-1b55-4abd-af99-b753c2a508c8" name="testCopyModuleWithReuseHeadersPolicyAndCopyLinksBetweenBindings" startTimestamp="2014-03-18T10:03:54" time="17.423" />
  <testcase classname="com.ibm.rdm.client.api.tests.modules.ModuleCopyTest" endTimestamp="2014-03-18T10:04:26" id="9a09ad2a-b97d-43d6-a66a-aa2db0493dd7" name="testCopyModuleWithDefaultPolicyAndAssetFolderOverride" startTimestamp="2014-03-18T10:04:11" time="14.547" />
  <testcase classname="com.ibm.rdm.client.api.tests.modules.ModuleCopyTest" endTimestamp="2014-03-18T10:04:40" id="20aabe9a-0a7b-4302-9b52-5fd5b2514eef" name="testCopyModuleWithDefaultPolicyAndTitlerOverride" startTimestamp="2014-03-18T10:04:26" time="13.991" />
  <testcase classname="com.ibm.rdm.client.api.tests.modules.ModuleCopyTest" endTimestamp="2014-03-18T10:04:52" id="04550f56-b242-4d93-99ec-e195c1a3466f" name="testModuleCopyWithStoredFilterCopyPolicy" startTimestamp="2014-03-18T10:04:40" time="12.343" />
  <testcase classname="com.ibm.rdm.client.api.tests.modules.ModuleCopyTest" endTimestamp="2014-03-18T10:05:02" id="edefb313-80c0-4b8e-8994-fe2e6d91fab9" name="testModuleCopyWithCoreStoredFilterCopyPolicy_FilterWhereNoModuleExists" startTimestamp="2014-03-18T10:04:52" time="10.532" />
  <testcase classname="com.ibm.rdm.client.api.tests.modules.ModuleCopyTest" endTimestamp="2014-03-18T10:05:14" id="9c368f53-5bcd-407d-b0df-48d06a34c877" name="testCopyModuleWithEmbeddedFilterPolicy" startTimestamp="2014-03-18T10:05:02" time="11.205" />
  <testcase classname="com.ibm.rdm.client.api.tests.modules.ModuleCopyTest" endTimestamp="2014-03-18T10:05:35" id="ce4d9ce7-d2ac-409b-b0cc-4a9df4159c2b" name="testCopyModuleWithReuseHeadersPolicyAndCopyLinksEnabled_ArtifactPage2_LinkCreateBatchSize3" startTimestamp="2014-03-18T10:05:14" time="20.962" />
  <testcase classname="com.ibm.rdm.client.api.tests.modules.ModuleCopyTest" endTimestamp="2014-03-18T10:05:55" id="85a63284-823d-40ff-849d-44ef0149a5e0" name="testCopyModuleWithReuseHeadersPolicyAndCopyLinksEnabled_ArtifactPage3_LinkCreateBatchSize2" startTimestamp="2014-03-18T10:05:35" time="20.539" />
  <testcase classname="com.ibm.rdm.client.api.tests.modules.ModuleCopyTest" endTimestamp="2014-03-18T10:06:12" id="4e1c29db-8d74-4fbf-8255-dd87c37670eb" name="testCopyAssociatedModuleViews" startTimestamp="2014-03-18T10:05:55" time="16.953" />
  <testcase classname="com.ibm.rdm.client.api.tests.modules.ModuleSubHierarchyCreationTest" endTimestamp="2014-03-18T10:06:20" id="34ad1a7b-a441-4bc2-bb62-62440a88ed38" name="testCreateSubHierarchyInModuleRoot" startTimestamp="2014-03-18T10:06:12" time="7.603" />
  <testcase classname="com.ibm.rdm.client.api.tests.modules.ModuleSubHierarchyCreationTest" endTimestamp="2014-03-18T10:06:27" id="30039d61-ead5-4fe4-b834-325e0db516b7" name="testCopySingleStructureIntoOtherModuleRootWithArtifactCopier_ReuseAll" startTimestamp="2014-03-18T10:06:20" time="7.588" />
  <testcase classname="com.ibm.rdm.client.api.tests.modules.ModuleSubHierarchyCreationTest" endTimestamp="2014-03-18T10:06:35" id="3a26c7cc-2086-438e-8676-b0787ae68c64" name="testCopySingleStructureIntoOtherModuleRootWithArtifactCopier_ReuseAll_WithCreateLinkOption" startTimestamp="2014-03-18T10:06:27" time="8.125" />
  <testcase classname="com.ibm.rdm.client.api.tests.modules.ModuleSubHierarchyCreationTest" endTimestamp="2014-03-18T10:06:45" id="30bac019-508e-4665-a8ff-fbfcd90e3bdc" name="testCopySingleStructureIntoOtherModuleRootWithArtifactCopier_DuplicateAll" startTimestamp="2014-03-18T10:06:35" time="9.433" />
  <testcase classname="com.ibm.rdm.client.api.tests.modules.ModuleSubHierarchyCreationTest" endTimestamp="2014-03-18T10:06:55" id="681a908c-3a61-4743-b9c0-abf789777782" name="testCopySingleStructureIntoOtherModuleRootWithArtifactCopier_DuplicateAll2" startTimestamp="2014-03-18T10:06:45" time="9.91" />
  <testcase classname="com.ibm.rdm.client.api.tests.modules.ModuleSubHierarchyCreationTest" endTimestamp="2014-03-18T10:07:04" id="d73a9fc0-60f4-4830-9020-3aee2defeca9" name="testCopySingleStructureIntoOtherModule1stLevelWithArtifactCopier_DuplicateAll_RelativeTargetAfter" startTimestamp="2014-03-18T10:06:55" time="9.206" />
  <testcase classname="com.ibm.rdm.client.api.tests.modules.ModuleSubHierarchyCreationTest" endTimestamp="2014-03-18T10:07:25" id="12dfe727-8f0f-4269-ab0a-6f4036e24050" name="testCopySingleStructureIntoOtherModule2ndLevelWithArtifactCopier_DuplicateAll_RelativeTargetBefore_CopyLinks" startTimestamp="2014-03-18T10:07:04" time="21.081" />
  <testcase classname="com.ibm.rdm.client.api.tests.modules.ModuleSubHierarchyCreationTest" endTimestamp="2014-03-18T10:07:35" id="f1838093-f96d-4ac7-9d2e-17a30c27a13c" name="testCopySingleStructureIntoOtherModule1stLevelWithArtifactCopier_DuplicateAll_RelativeTargetAfter2" startTimestamp="2014-03-18T10:07:25" time="9.608" />
  <testcase classname="com.ibm.rdm.client.api.tests.modules.ModuleSubHierarchyCreationTest" endTimestamp="2014-03-18T10:07:40" id="9aae0ae0-eb0d-404f-ba71-bd298f996d11" name="testInvalidCopy_EmptyRelativeSiblingUrl" startTimestamp="2014-03-18T10:07:35" time="5.31" />
  <testcase classname="com.ibm.rdm.client.api.tests.modules.ModuleSubHierarchyCreationTest" endTimestamp="2014-03-18T10:08:02" id="943d1de2-8978-49f0-a92c-88d762e0e179" name="testCopySingleStructureIntoOtherModule2ndLevelWithArtifactCopier_DuplicateAll_RelativeTargetBefore_CopyLinks2" startTimestamp="2014-03-18T10:07:40" time="22.08" />
  <testcase classname="com.ibm.rdm.client.api.tests.modules.ModuleSubHierarchyCreationTest" endTimestamp="2014-03-18T10:08:25" id="61f18996-6d00-41e4-ad04-ecb8d0cc33cc" name="testCopySingleStructureIntoOtherModule2ndLevelWithArtifactCopier_DuplicateAll_RelativeTargetBefore_CreateGenericLinksWithOriginal_Out" startTimestamp="2014-03-18T10:08:02" time="23.106" />
  <testcase classname="com.ibm.rdm.client.api.tests.modules.ModuleSubHierarchyCreationTest" endTimestamp="2014-03-18T10:08:46" id="49a9bb6c-5f51-48ec-8107-c016b1a169ca" name="testCopySingleStructureIntoOtherModule2ndLevelWithArtifactCopier_DuplicateAll_RelativeTargetBefore_CreateGenericLinksWithOriginal_In" startTimestamp="2014-03-18T10:08:25" time="20.617" />
  <testcase classname="com.ibm.rdm.client.api.tests.modules.ModuleSubHierarchyCreationTest" endTimestamp="2014-03-18T10:09:00" id="ff996900-3c13-4e99-99fa-d39d238c9351" name="testCopySingleStructureIntoOtherModule2ndLevelWithArtifactCopier_DuplicateAll_CreateLinksWithOriginal_InValidLinkType" startTimestamp="2014-03-18T10:08:46" time="14.162" />
  <testcase classname="com.ibm.rdm.client.api.tests.modules.ModuleSubHierarchyCreationTest" endTimestamp="2014-03-18T10:09:19" id="5625ce01-621e-4a97-83a1-86d81f0f210e" name="testCopySingleStructureIntoOtherModule2ndLevelWithArtifactCopier_DuplicateAll_RelativeTargetBefore_CreateChildOfLinksWithOriginal" startTimestamp="2014-03-18T10:09:00" time="18.808" />
  <testcase classname="com.ibm.rdm.client.api.tests.modules.ModuleSubHierarchyCreationTest" endTimestamp="2014-03-18T10:09:30" id="e9a9e07d-f30c-4577-9faf-d3f779ed7956" name="testCopyMultiBindingsIntoOtherModuleRootWithArtifactCopier_DefaultPolicy" startTimestamp="2014-03-18T10:09:19" time="11.527" />
  <testcase classname="com.ibm.rdm.client.api.tests.modules.ModuleSubHierarchyCreationTest" endTimestamp="2014-03-18T10:11:06" id="baa96e6d-31e9-4c79-9daa-da570f9b93a9" name="testRedundantCopyMultiBindingsFromSameHierarchyWithArtifactCopier" startTimestamp="2014-03-18T10:09:30" time="96.174" />
  <testcase classname="com.ibm.rdm.client.api.tests.modules.ModuleSubHierarchyCreationTest" endTimestamp="2014-03-18T10:11:20" id="ab5177d4-19b6-4823-b369-151aad05b22c" name="testCopyMultiBindingsIntoOtherModuleRootWithArtifactCopier_DuplicateAll_RelativeAfter" startTimestamp="2014-03-18T10:11:06" time="13.233" />
  <testcase classname="com.ibm.rdm.client.api.tests.modules.ModuleSubHierarchyCreationTest" endTimestamp="2014-03-18T10:11:30" id="92f4ec9c-1a40-408b-b1f9-d7620563ce47" name="testCopyMultiBindingsIntoOtherModuleRootWithArtifactCopier_DuplicateAll_RelativeBefore" startTimestamp="2014-03-18T10:11:20" time="10.291" />
  <testcase classname="com.ibm.rdm.client.api.tests.modules.ModuleCreationTest" endTimestamp="2014-03-18T10:11:38" id="1e8cc561-20e0-483a-bcf5-bd688efba8af" name="testCreateModuleArtifactWithAssetFolderOverride" startTimestamp="2014-03-18T10:11:30" time="7.915" />
  <testcase classname="com.ibm.rdm.client.api.tests.modules.ModuleCreationTest" endTimestamp="2014-03-18T10:11:42" id="49da2bbc-ed82-4ce9-adc7-011a18b63c95" name="testCreateModuleArtifactWithAsset_IllegalRelativePositionOnRoot" startTimestamp="2014-03-18T10:11:38" time="4.517" />
  <testcase classname="com.ibm.rdm.client.api.tests.modules.ModuleCreationTest" endTimestamp="2014-03-18T10:11:49" id="530ffac1-404a-4464-b1d2-69384c40c8cf" name="testCreateModuleArtifactWithAsset_IllegalExplicitRelativePositionOnRoot" startTimestamp="2014-03-18T10:11:42" time="6.273" />
  <testcase classname="com.ibm.rdm.client.api.tests.modules.ModuleCreationTest" endTimestamp="2014-03-18T10:11:57" id="38337a99-4e7c-48fb-a99c-8f79e276a46e" name="testCreateModuleArtifactWithAsset_FolderOverride_PositionOverrides_before" startTimestamp="2014-03-18T10:11:49" time="8.701" />
  <testcase classname="com.ibm.rdm.client.api.tests.modules.ModuleCreationTest" endTimestamp="2014-03-18T10:12:06" id="2e6e6017-b97a-497f-b91a-333376af6626" name="testCreateModuleArtifactWithAsset_FolderOverride_explicitPlacement" startTimestamp="2014-03-18T10:11:57" time="8.659" />
  <testcase classname="com.ibm.rdm.client.api.tests.modules.ModuleCreationTest" endTimestamp="2014-03-18T10:12:14" id="8befd750-b796-45aa-8568-7c4fc49a965f" name="testCreateModuleArtifactWithAsset_FolderOverride_explicitPlacement_bindingResponse" startTimestamp="2014-03-18T10:12:06" time="7.795" />
  <testcase classname="com.ibm.rdm.client.api.tests.modules.ModuleCreationTest" endTimestamp="2014-03-18T10:12:19" id="b1c66841-bcf8-42cc-9b6e-3ebbcfc8733d" name="testCreateModuleArtifactWithAsset_WithSlug" startTimestamp="2014-03-18T10:12:14" time="5.503" />
  <testcase classname="com.ibm.rdm.client.api.tests.modules.ModuleCreationTest" endTimestamp="2014-03-18T10:12:32" id="93228795-7254-4b4c-94f0-fae892cff3e6" name="testDefaultAssetFolderCreation" startTimestamp="2014-03-18T10:12:19" time="12.969" />
  <testcase classname="com.ibm.rdm.client.api.tests.modules.ModuleCreationTest" endTimestamp="2014-03-18T10:12:37" id="91e070d8-1ece-4068-8cce-f348b5b54d3f" name="testPostModuleDirectlyToFolder" startTimestamp="2014-03-18T10:12:32" time="4.945" />
  <testcase classname="com.ibm.rdm.client.api.tests.modules.ModuleCreationTest" endTimestamp="2014-03-18T10:12:41" id="6820bcd0-3cba-4ab5-a90b-17a4e8996701" name="testDeleteAssetFolderImmeditelyAfterModuleCreation" startTimestamp="2014-03-18T10:12:37" time="3.72" />
  <testcase classname="com.ibm.rdm.client.api.tests.modules.ModuleCreationTest" endTimestamp="2014-03-18T10:12:48" id="cf28b877-f7e9-4e62-b147-0d35bc160138" name="testCreateFolderPermissionNotRequiredForAssetFolderCreation" startTimestamp="2014-03-18T10:12:41" time="6.904" />
  <testcase classname="com.ibm.rdm.client.api.tests.modules.ModuleCreationTest" endTimestamp="2014-03-18T10:12:57" id="4b47ec3e-c9bf-4af0-a4ae-20725b81e8a4" name="testCreateModuleInFolderWithoutThink" startTimestamp="2014-03-18T10:12:48" time="8.765" />
  <testcase classname="com.ibm.rdm.client.api.tests.modules.ModuleCreationTest" endTimestamp="2014-03-18T10:12:59" id="65154f99-59a0-4af4-a6fd-3d53d9e0b455" name="testCreateModuleThenAddToFolder" startTimestamp="2014-03-18T10:12:57" time="2.511" />
  <testcase classname="com.ibm.rdm.client.api.tests.modules.ModuleCreationTest" endTimestamp="2014-03-18T10:13:04" id="ef00ff33-2173-4df5-bb7a-143dec847689" name="testCreationDetailsAfterUpdateOfBoundArtifact" startTimestamp="2014-03-18T10:12:59" time="5.2" />
  <testcase classname="com.ibm.rdm.client.api.tests.modules.ModuleHistoryTest" endTimestamp="2014-03-18T10:13:09" id="7a3bfaf2-361d-4815-8c66-3ec698de90ff" name="testUpdateHistoryForModule" startTimestamp="2014-03-18T10:13:04" time="4.394" />
  <testcase classname="com.ibm.rdm.client.api.tests.modules.ModuleHistoryTest" endTimestamp="2014-03-18T10:13:14" id="b01e7413-6c41-47c2-b895-157c30d823d0" name="testUpdateHistoryForModuleArtifact" startTimestamp="2014-03-18T10:13:09" time="4.937" />
  <testcase classname="com.ibm.rdm.client.api.tests.modules.ModuleHistoryTest" endTimestamp="2014-03-18T10:13:20" id="c14ce35f-3307-4ab1-97d7-c0a1714a4896" name="testAddForModuleStructureHistory" startTimestamp="2014-03-18T10:13:14" time="5.899" />
  <testcase classname="com.ibm.rdm.client.api.tests.modules.ModuleHistoryTest" endTimestamp="2014-03-18T10:13:25" id="435e9980-053e-413a-a978-d7346be67568" name="testMoveForModuleStructureHistory" startTimestamp="2014-03-18T10:13:20" time="5.63" />
  <testcase classname="com.ibm.rdm.client.api.tests.modules.ModuleHistoryTest" endTimestamp="2014-03-18T10:13:30" id="b4708fc3-c6f0-4e05-ab0e-5702a4f06488" name="testRemoveForModuleStructureHistory" startTimestamp="2014-03-18T10:13:25" time="4.686" />
  <testcase classname="com.ibm.rdm.client.api.tests.modules.bulk.ModuleBulkUpdateServiceTest_Complete" endTimestamp="2014-03-18T10:13:38" id="c7a3a23e-88c5-4f9d-842c-4b545ec3fea6" name="testSingleBindingCreation" startTimestamp="2014-03-18T10:13:30" time="8.31" />
  <testcase classname="com.ibm.rdm.client.api.tests.modules.bulk.ModuleBulkUpdateServiceTest_Complete" endTimestamp="2014-03-18T10:13:50" id="0932cfb6-db5f-43f6-8611-2d46bba98123" name="testMultiBindingCreation" startTimestamp="2014-03-18T10:13:38" time="11.594" />
  <testcase classname="com.ibm.rdm.client.api.tests.modules.bulk.ModuleBulkUpdateServiceTest_Complete" endTimestamp="2014-03-18T10:13:58" id="9d9d2292-8fae-442c-b51c-e74f17beb1b6" name="testSingleBindingUpdate" startTimestamp="2014-03-18T10:13:50" time="8.426" />
  <testcase classname="com.ibm.rdm.client.api.tests.modules.bulk.ModuleBulkUpdateServiceTest_Complete" endTimestamp="2014-03-18T10:14:09" id="d270d762-7224-4d33-80c5-2f31dfc059a3" name="testMultiBindingUpdate" startTimestamp="2014-03-18T10:13:58" time="10.492" />
  <testcase classname="com.ibm.rdm.client.api.tests.modules.bulk.ModuleBulkUpdateServiceTest_Complete" endTimestamp="2014-03-18T10:14:16" id="d6cef7ea-3f54-4034-ade7-779bea8e0b17" name="testSingleBindingDelete" startTimestamp="2014-03-18T10:14:09" time="7.159" />
  <testcase classname="com.ibm.rdm.client.api.tests.modules.bulk.ModuleBulkUpdateServiceTest_Complete" endTimestamp="2014-03-18T10:14:24" id="c942dcd3-5127-4186-ba55-45b6e55d9d5d" name="testMultiBindingDelete" startTimestamp="2014-03-18T10:14:16" time="7.732" />
  <testcase classname="com.ibm.rdm.client.api.tests.modules.bulk.ModuleBulkUpdateServiceTest_Complete" endTimestamp="2014-03-18T10:14:31" id="d61fc563-06e6-454c-897a-5e26dd60154a" name="testInvalidExectionHeader" startTimestamp="2014-03-18T10:14:24" time="6.981" />
  <testcase classname="com.ibm.rdm.client.api.tests.modules.bulk.ModuleBulkUpdateServiceTest_Complete" endTimestamp="2014-03-18T10:14:55" id="41d12794-7d46-409b-a3cc-3277154594cc" name="testMultiUpdateIntegratedWithBulkUrlAllocation" startTimestamp="2014-03-18T10:14:31" time="24.525" />
  <testcase classname="com.ibm.rdm.client.api.tests.modules.bulk.ModuleBulkUpdateServiceTest_Complete" endTimestamp="2014-03-18T10:15:08" id="e70253e5-1e4d-4b19-875c-f3c6da5fbcf4" name="testLargeRandomisedUpdates" startTimestamp="2014-03-18T10:14:55" time="13.124" />
  <testcase classname="com.ibm.rdm.client.api.tests.modules.bulk.ModuleBulkUpdateServiceTest_Complete" endTimestamp="2014-03-18T10:15:18" id="2e709c46-3b1a-4d26-b3f9-0f85284683bb" name="testMultiMethodUpdate" startTimestamp="2014-03-18T10:15:08" time="10.114" />
  <testcase classname="com.ibm.rdm.client.api.tests.modules.bulk.ModuleBulkUpdateServiceTest_Complete" endTimestamp="2014-03-18T10:15:28" id="c26f4759-56f2-4c39-bbb2-8ec959c77c7a" name="testMultiUpdate_CompleteMode_IntegratedWithBulkUrlAllocation_SequencedByHeader" startTimestamp="2014-03-18T10:15:18" time="9.532" />
  <testcase classname="com.ibm.rdm.client.api.tests.modules.bulk.ModuleBulkUpdateServiceTest_Complete" endTimestamp="2014-03-18T10:15:35" id="4a222e8a-3747-488e-9de5-1adb41d9f82f" name="testMultiPut_AffectingSameBindingChildList_1" startTimestamp="2014-03-18T10:15:28" time="6.787" />
  <testcase classname="com.ibm.rdm.client.api.tests.modules.bulk.ModuleBulkUpdateServiceTest_Complete" endTimestamp="2014-03-18T10:15:40" id="427cc0ea-d9d3-4502-9477-f3f7d8e89675" name="testMultiPut_AffectingSameBindingChildList_2" startTimestamp="2014-03-18T10:15:35" time="4.892" />
  <testcase classname="com.ibm.rdm.client.api.tests.modules.bulk.ModuleBulkUpdateServiceTest_Complete" endTimestamp="2014-03-18T10:15:44" id="004bbebe-a3cf-46dd-9a06-85a81a93ab5c" name="testMultiPut_AffectingSameBindingChildList_3" startTimestamp="2014-03-18T10:15:40" time="4.771" />
  <testcase classname="com.ibm.rdm.client.api.tests.modules.bulk.BulkOperationBuilderTest" endTimestamp="2014-03-18T10:15:44" id="6e3dfa50-fcfc-4a3e-9eea-29e57981af82" name="testBulkedBindingUpdateGeneratedFromPUT" startTimestamp="2014-03-18T10:15:44" time="0.0020" />
  <testcase classname="com.ibm.rdm.client.api.tests.modules.bulk.BulkOperationBuilderTest" endTimestamp="2014-03-18T10:15:44" id="49e980df-7348-4f31-9863-92889b3f4a06" name="testBulkedBindingRemovalGeneratedFromDELETE" startTimestamp="2014-03-18T10:15:44" time="0.0" />
  <testcase classname="com.ibm.rdm.client.api.tests.modules.bulk.BulkOperationBuilderTest" endTimestamp="2014-03-18T10:15:44" id="4c44c98f-f06a-4edc-8c0f-1395f6f80eaf" name="testBulkedBindingCreationGeneratedFromPOST" startTimestamp="2014-03-18T10:15:44" time="0.0010" />
  <testcase classname="com.ibm.rdm.client.api.tests.modules.bulk.BulkOperationAnalyserTest" endTimestamp="2014-03-18T10:15:44" id="a6a8f0be-1e47-4dfc-9ec3-3f78fc33510e" name="testAnalyserWithSortMode_SingleUrlRestriction_PUT_then_DELETE" startTimestamp="2014-03-18T10:15:44" time="0.0050" />
  <testcase classname="com.ibm.rdm.client.api.tests.modules.bulk.BulkOperationAnalyserTest" endTimestamp="2014-03-18T10:15:44" id="c96439fd-4276-4dcc-99d3-40e3aefe92ca" name="testAnalyserWithMultiplePOST_DELETE" startTimestamp="2014-03-18T10:15:44" time="0.0060" />
  <testcase classname="com.ibm.rdm.client.api.tests.modules.bulk.BulkOperationAnalyserTest" endTimestamp="2014-03-18T10:15:44" id="3bbc261d-7a44-4202-994d-b89bed1b7e3e" name="testAnalyserWithDependentPOSTs_2Levels" startTimestamp="2014-03-18T10:15:44" time="0.0050" />
  <testcase classname="com.ibm.rdm.client.api.tests.modules.bulk.BulkOperationAnalyserTest" endTimestamp="2014-03-18T10:15:44" id="b844af66-1abb-4990-9312-4782562c967f" name="testAnalyserWithMultiplePUTs" startTimestamp="2014-03-18T10:15:44" time="0.0020" />
  <testcase classname="com.ibm.rdm.client.api.tests.modules.bulk.BulkOperationAnalyserTest" endTimestamp="2014-03-18T10:15:44" id="a9941e2d-0991-4d4d-a8da-f1bd6138114f" name="testAnalyserWithMultiplePOST_PUT_DELETE" startTimestamp="2014-03-18T10:15:44" time="0.0070" />
  <testcase classname="com.ibm.rdm.client.api.tests.modules.bulk.BulkOperationAnalyserTest" endTimestamp="2014-03-18T10:15:44" id="624a9f42-b527-4638-9673-c66526514659" name="testAnalyserWithMultipleDELETEs" startTimestamp="2014-03-18T10:15:44" time="0.0" />
  <testcase classname="com.ibm.rdm.client.api.tests.modules.bulk.BulkOperationAnalyserTest" endTimestamp="2014-03-18T10:15:44" id="a0d1341f-9059-4c63-be62-7a78a40ed204" name="testAnalyserWithSortMode_SingleUrlRestriction_POST_then_PUT" startTimestamp="2014-03-18T10:15:44" time="0.0020" />
  <testcase classname="com.ibm.rdm.client.api.tests.modules.bulk.BulkOperationAnalyserTest" endTimestamp="2014-03-18T10:15:44" id="475ee120-87ab-4cdf-87ed-316aa2ad57fb" name="testAnalyserWithDependentPOSTs_3Levels" startTimestamp="2014-03-18T10:15:44" time="0.0060" />
  <testcase classname="com.ibm.rdm.client.api.tests.modules.bulk.BulkOperationAnalyserTest" endTimestamp="2014-03-18T10:15:44" id="6b6c1f54-ead5-4e3b-baaa-048a56446335" name="testAnalyserWithMultiplePUT_POST" startTimestamp="2014-03-18T10:15:44" time="0.0050" />
  <testcase classname="com.ibm.rdm.client.api.tests.modules.bulk.BulkOperationAnalyserTest" endTimestamp="2014-03-18T10:15:44" id="8718e9c9-dd05-4dbd-aba2-ca25d589b89a" name="testAnalyserWithSortMode_ByContentId_InvalidSequenceNum" startTimestamp="2014-03-18T10:15:44" time="0.0010" />
  <testcase classname="com.ibm.rdm.client.api.tests.modules.bulk.BulkOperationAnalyserTest" endTimestamp="2014-03-18T10:15:44" id="ed6ba1b0-813f-4628-a5f7-ca2e74648691" name="testAnalyserWithMultiplePUT_DELETE" startTimestamp="2014-03-18T10:15:44" time="0.0020" />
  <testcase classname="com.ibm.rdm.client.api.tests.modules.bulk.BulkOperationAnalyserTest" endTimestamp="2014-03-18T10:15:44" id="40cb77ed-f3b9-4585-89f0-8f9e10fdf159" name="testAnalyserWithSortMode_ByContentId_NoSeqHEader" startTimestamp="2014-03-18T10:15:44" time="0.0010" />
  <testcase classname="com.ibm.rdm.client.api.tests.modules.bulk.BulkOperationAnalyserTest" endTimestamp="2014-03-18T10:15:44" id="2a719946-aa07-4d30-91db-b3e67c8a1973" name="testAnalyserWithSortMode_ByHeader" startTimestamp="2014-03-18T10:15:44" time="0.0030" />
  <testcase classname="com.ibm.rdm.client.api.tests.modules.bulk.BulkOperationAnalyserTest" endTimestamp="2014-03-18T10:15:44" id="b47c6abf-fa5d-4069-ac7e-2748f9be7c57" name="testAnalyserWithSortMode_SingleUrlRestriction_POST_then_DELETE" startTimestamp="2014-03-18T10:15:44" time="0.0010" />
  <testcase classname="com.ibm.rdm.client.api.tests.modules.bulk.ModuleBulkUpdateRequestTest" endTimestamp="2014-03-18T10:15:44" id="3b001d2c-8bf4-4e05-914c-d3df58658912" name="testMultipleModuleOperations" startTimestamp="2014-03-18T10:15:44" time="0.0070" />
  <testcase classname="com.ibm.rdm.client.api.tests.modules.bulk.ModuleBulkUpdateRequestTest" endTimestamp="2014-03-18T10:15:44" id="237c45fb-d3f3-497b-8b55-e97906ac79ea" name="testSingleBindingCreateNew" startTimestamp="2014-03-18T10:15:44" time="0.0020" />
  <testcase classname="com.ibm.rdm.client.api.tests.modules.bulk.ModuleBulkUpdateRequestTest" endTimestamp="2014-03-18T10:15:44" id="ed2844ab-10fb-4716-91ad-00ec5ccbac88" name="testSingleBindingCreateFromExistingArtifact" startTimestamp="2014-03-18T10:15:44" time="0.0010" />
  <testcase classname="com.ibm.rdm.client.api.tests.modules.bulk.ModuleBulkUpdateRequestTest" endTimestamp="2014-03-18T10:15:44" id="8263d072-450e-45d3-9858-0a528e517019" name="testSingleBindingDelete" startTimestamp="2014-03-18T10:15:44" time="0.0" />
  <testcase classname="com.ibm.rdm.client.api.tests.modules.bulk.ModuleBulkUpdateRequestTest" endTimestamp="2014-03-18T10:15:44" id="3a8ca8bb-9200-4176-952f-a57a1eab2393" name="testSingleBindingUpdate" startTimestamp="2014-03-18T10:15:44" time="0.0020" />
  <testcase classname="com.ibm.rdm.client.api.tests.modules.bulk.ModuleBulkUpdateResponseTest" endTimestamp="2014-03-18T10:15:44" id="ded6e4bd-e70d-40ad-8cfe-17343027b174" name="testEntityBuilder" startTimestamp="2014-03-18T10:15:44" time="0.0010" />
  <testcase classname="com.ibm.rdm.client.api.tests.modules.bulk.BulkOperationToModuleApplicationTest" endTimestamp="2014-03-18T10:15:44" id="80f07f61-6c5a-40a8-a26e-98e1835250fb" name="testSinglePUTOperation_Move_B2_2_After_B2" startTimestamp="2014-03-18T10:15:44" time="0.0040" />
  <testcase classname="com.ibm.rdm.client.api.tests.modules.bulk.BulkOperationToModuleApplicationTest" endTimestamp="2014-03-18T10:15:44" id="8a99853a-2000-4718-928e-6a15df4d57ef" name="testSinglePostOpertationToRoot_NoSlug" startTimestamp="2014-03-18T10:15:44" time="0.0010" />
  <testcase classname="com.ibm.rdm.client.api.tests.modules.bulk.BulkOperationToModuleApplicationTest" endTimestamp="2014-03-18T10:15:44" id="f7d405db-c4e2-44f6-b88c-0e2ee2005a1a" name="testSingleDELETEOperationToRoot" startTimestamp="2014-03-18T10:15:44" time="0.0" />
  <testcase classname="com.ibm.rdm.client.api.tests.modules.bulk.BulkOperationToModuleApplicationTest" endTimestamp="2014-03-18T10:15:44" id="b9dbc736-e30b-4857-bdbf-aae0ce667002" name="testSinglePUTOperation_UpdateB2_setProperties" startTimestamp="2014-03-18T10:15:44" time="0.0020" />
  <testcase classname="com.ibm.rdm.client.api.tests.modules.bulk.BulkOperationToModuleApplicationTest" endTimestamp="2014-03-18T10:15:44" id="48af06a6-2d51-4416-b77b-04733b9122dd" name="testSinglePostOpertation_withSlug" startTimestamp="2014-03-18T10:15:44" time="0.0010" />
  <testcase classname="com.ibm.rdm.client.api.tests.modules.bulk.BulkOperationToModuleApplicationTest" endTimestamp="2014-03-18T10:15:47" id="c91ca0be-557c-4402-8902-d60f83fd0f4e" name="testLargeRandomisedUpdates" startTimestamp="2014-03-18T10:15:44" time="3.02" />
  <testcase classname="com.ibm.rdm.client.api.tests.modules.bulk.BulkOperationToModuleApplicationTest" endTimestamp="2014-03-18T10:15:47" id="8f060ba8-8b6e-4c97-8fbe-bba13c1c2a91" name="testSinglePUTOperationToB2_childListOnly" startTimestamp="2014-03-18T10:15:47" time="0.0020" />
  <testcase classname="com.ibm.rdm.client.api.tests.BinaryStorageServiceTest" endTimestamp="2014-03-18T10:16:03" id="bd0da735-7689-483d-8433-ae40f451f666" name="testBinaryResource" startTimestamp="2014-03-18T10:15:48" time="14.899" />
  <testcase classname="com.ibm.rdm.client.api.tests.BinaryStorageServiceTest" endTimestamp="2014-03-18T10:16:03" id="a08968c8-dd81-4653-b9f8-7e37236868f1" name="testGetResourceIfNoneMatchBug" startTimestamp="2014-03-18T10:16:03" time="0.0" />
  <testcase classname="com.ibm.rdm.client.api.tests.BinaryStorageServiceTest" endTimestamp="2014-03-18T10:16:04" id="7ad8bc90-72ea-4a98-b4b3-591929676607" name="testGetResourceWithFragmentInRequest" startTimestamp="2014-03-18T10:16:03" time="0.299" />
  <testcase classname="com.ibm.rdm.client.api.tests.BinaryStorageServiceTest" endTimestamp="2014-03-18T10:16:04" id="1398b7a4-88b9-4fa2-9158-b63932cd2c0e" name="testGetResourceIfNoneMatch" startTimestamp="2014-03-18T10:16:04" time="0.519" />
  <testcase classname="com.ibm.rdm.client.api.tests.BinaryStorageServiceTest" endTimestamp="2014-03-18T10:16:04" id="3f6a2438-44ad-4521-8dee-87907eb6b5c7" name="testResourceCRUD" startTimestamp="2014-03-18T10:16:04" time="0.264" />
  <testcase classname="com.ibm.rdm.client.api.tests.BinaryStorageServiceTest" endTimestamp="2014-03-18T10:16:05" id="bf6bfb23-27de-4bf5-82d8-44e21340f915" name="testGetProperties" startTimestamp="2014-03-18T10:16:04" time="0.272" />
  <testcase classname="com.ibm.rdm.client.api.tests.BinaryStorageServiceTest" endTimestamp="2014-03-18T10:16:05" id="0595c9c2-7efa-4c90-ab88-1e1f788a9238" name="testResourceDeleteDojo" startTimestamp="2014-03-18T10:16:05" time="0.617" />
  <testcase classname="com.ibm.rdm.client.api.tests.ClientAuthenticationTest" endTimestamp="2014-03-18T10:16:09" id="aa762e54-3f68-4536-91a4-b9b977621373" name="testDeprecated" startTimestamp="2014-03-18T10:16:05" time="3.318" />
  <testcase classname="com.ibm.rdm.client.api.tests.CLMSampleProjectServiceTest" endTimestamp="2014-03-18T10:17:04" id="e86ad431-6dae-4657-8c4f-d23b75d4ae3a" name="testCreateClmSampleWithoutRTCAndRQMUrls" startTimestamp="2014-03-18T10:16:09" time="55.922" />
  <testcase classname="com.ibm.rdm.client.api.tests.CLMSampleProjectServiceTest" endTimestamp="2014-03-18T10:17:59" id="37c3de14-5aeb-4b83-86a9-da119d542c56" name="testCreateClmSampleWithoutRQMUrls" startTimestamp="2014-03-18T10:17:04" time="54.709" />
  <testcase classname="com.ibm.rdm.client.api.tests.CLMSampleProjectServiceTest" endTimestamp="2014-03-18T10:22:51" id="a6a2257a-2a33-4313-8f81-6ed1d79c4458" name="testCreateClmSampleWithoutRTCUrls" startTimestamp="2014-03-18T10:17:59" time="291.586" />
  <testcase classname="com.ibm.rdm.client.api.tests.CLMSampleProjectServiceTest" endTimestamp="2014-03-18T10:22:51" id="39acc0e6-4398-4b8f-9ef3-f9c285d41880" name="testGetCLMSampleProjectTemplate" startTimestamp="2014-03-18T10:22:51" time="0.298" />
  <testcase classname="com.ibm.rdm.client.api.tests.CLMSampleProjectServiceTest" endTimestamp="2014-03-18T10:23:52" id="39dc67ea-854f-43da-b5ab-dccfc473567c" name="testCreateClmSampleProject" startTimestamp="2014-03-18T10:22:51" time="61.427" />
  <testcase classname="com.ibm.rdm.client.api.tests.CommentsServiceTest" endTimestamp="2014-03-18T10:24:01" id="76a64a69-8d3e-4697-8b7b-daf0c1f1a9b9" name="testUpdateCommentWithoutAddingOrRemovingResources" startTimestamp="2014-03-18T10:23:52" time="8.115" />
  <testcase classname="com.ibm.rdm.client.api.tests.CommentsServiceTest" endTimestamp="2014-03-18T10:24:11" id="4689a20d-fb92-4021-aeec-d38ffe01ff4f" name="testDeleteComment" startTimestamp="2014-03-18T10:24:01" time="10.608" />
  <testcase classname="com.ibm.rdm.client.api.tests.CommentsServiceTest" endTimestamp="2014-03-18T10:24:16" id="e7f9dd2f-4b2d-40ce-b0f8-f7d527c78555" name="testCreateCommentWithReplyToReply" startTimestamp="2014-03-18T10:24:11" time="5.002" />
  <testcase classname="com.ibm.rdm.client.api.tests.CommentsServiceTest" endTimestamp="2014-03-18T10:24:21" id="52566108-6cf2-44d5-a4a8-05953d8d668c" name="testGetCommentWithUTF8" startTimestamp="2014-03-18T10:24:16" time="5.156" />
  <testcase classname="com.ibm.rdm.client.api.tests.CommentsServiceTest" endTimestamp="2014-03-18T10:24:33" id="161c360a-5dfa-4f85-8dea-58d29c89b305" name="testCreateMultipleComments" startTimestamp="2014-03-18T10:24:21" time="11.787" />
  <testcase classname="com.ibm.rdm.client.api.tests.CommentsServiceTest" endTimestamp="2014-03-18T10:24:37" id="c9081ddc-816b-4b65-9ebd-43898c148380" name="testUpdateCommentAndTryToRemoveNonAssociatedResource" startTimestamp="2014-03-18T10:24:33" time="4.234" />
  <testcase classname="com.ibm.rdm.client.api.tests.CommentsServiceTest" endTimestamp="2014-03-18T10:24:42" id="997d88fe-04aa-4117-b415-eda26abe9b31" name="testGetCommentsForResourceAfterModification" startTimestamp="2014-03-18T10:24:37" time="4.636" />
  <testcase classname="com.ibm.rdm.client.api.tests.CommentsServiceTest" endTimestamp="2014-03-18T10:24:45" id="a78517ea-b9f4-430b-98e9-05e1d25ac9a5" name="testCreateCommentWithInvalidXhtml" startTimestamp="2014-03-18T10:24:42" time="3.237" />
  <testcase classname="com.ibm.rdm.client.api.tests.CommentsServiceTest" endTimestamp="2014-03-18T10:24:50" id="b236eec0-15bb-4aae-8f79-44ad57240743" name="testCreateCommentWithReply" startTimestamp="2014-03-18T10:24:45" time="4.441" />
  <testcase classname="com.ibm.rdm.client.api.tests.CommentsServiceTest" endTimestamp="2014-03-18T10:24:53" id="7e0a966d-5edd-4ec0-9ae4-6a48be91a19b" name="testGetCommentsForResourceWithNoComments" startTimestamp="2014-03-18T10:24:50" time="3.414" />
  <testcase classname="com.ibm.rdm.client.api.tests.CommentsServiceTest" endTimestamp="2014-03-18T10:24:57" id="c9b52fdc-3e8d-4642-95c6-26a389cbf5d3" name="testHeadComment" startTimestamp="2014-03-18T10:24:53" time="3.819" />
  <testcase classname="com.ibm.rdm.client.api.tests.CommentsServiceTest" endTimestamp="2014-03-18T10:25:01" id="349e7df9-1efd-4fe8-a712-842337522a1e" name="testGetDeletedComment" startTimestamp="2014-03-18T10:24:57" time="3.952" />
  <testcase classname="com.ibm.rdm.client.api.tests.CommentsServiceTest" endTimestamp="2014-03-18T10:25:05" id="bc89680d-96a4-421f-8d18-1344f5a2fae9" name="testGetCommentsForResource" startTimestamp="2014-03-18T10:25:01" time="4.415" />
  <testcase classname="com.ibm.rdm.client.api.tests.CommentsServiceTest" endTimestamp="2014-03-18T10:25:09" id="90490d1a-3c4e-4f4e-bafb-a4e6db7ccb04" name="testCreateComment" startTimestamp="2014-03-18T10:25:05" time="3.603" />
  <testcase classname="com.ibm.rdm.client.api.tests.CommentsServiceTest" endTimestamp="2014-03-18T10:25:13" id="ca2198ab-3cfd-4097-90e0-37d9b680ee23" name="testGetComment" startTimestamp="2014-03-18T10:25:09" time="3.848" />
  <testcase classname="com.ibm.rdm.client.api.tests.CommentsServiceTest" endTimestamp="2014-03-18T10:25:17" id="1e8d58f8-1549-4aca-ad4c-e69bbb8e8d0d" name="testUpdateComment" startTimestamp="2014-03-18T10:25:13" time="4.549" />
  <testcase classname="com.ibm.rdm.client.api.tests.CommentsServiceTest" endTimestamp="2014-03-18T10:25:18" id="76c636d1-9585-4caf-9861-1a7e7f8d3a7b" name="testGetCommentsInBaseline" startTimestamp="2014-03-18T10:25:17" time="0.514" />
  <testcase classname="com.ibm.rdm.client.api.tests.DataURLRedirectTest" endTimestamp="2014-03-18T10:25:22" id="1a33a2c5-9754-41fb-93da-1913a6432835" name="testDataRedirectionWithReviewId" startTimestamp="2014-03-18T10:25:18" time="3.742" />
  <testcase classname="com.ibm.rdm.client.api.tests.DataURLRedirectTest" endTimestamp="2014-03-18T10:25:22" id="e8031498-e80c-4217-8739-bdae75f17785" name="testDataRedirectionWithQueryString" startTimestamp="2014-03-18T10:25:22" time="0.234" />
  <testcase classname="com.ibm.rdm.client.api.tests.DataURLRedirectTest" endTimestamp="2014-03-18T10:25:22" id="31373d47-b500-4955-b726-8d94571cfd07" name="testDataBaselineRedirection" startTimestamp="2014-03-18T10:25:22" time="0.0010" />
  <testcase classname="com.ibm.rdm.client.api.tests.DataURLRedirectTest" endTimestamp="2014-03-18T10:25:22" id="1ebc7228-1abe-4260-8744-1c87a2db78bf" name="testDataRevisionRedirectionwithFullURI" startTimestamp="2014-03-18T10:25:22" time="0.452" />
  <testcase classname="com.ibm.rdm.client.api.tests.DataURLRedirectTest" endTimestamp="2014-03-18T10:25:22" id="c871326a-df83-4ad9-91b2-4729c0d8bfff" name="testDataRevisionRedirection" startTimestamp="2014-03-18T10:25:22" time="0.189" />
  <testcase classname="com.ibm.rdm.client.api.tests.DataURLRedirectTest" endTimestamp="2014-03-18T10:25:23" id="f06dc2d6-4bfd-418d-8713-bcbd16299746" name="testRevisionedRedirectionWithReviewId" startTimestamp="2014-03-18T10:25:22" time="0.275" />
  <testcase classname="com.ibm.rdm.client.api.tests.DataURLRedirectTest" endTimestamp="2014-03-18T10:25:23" id="5471ec7d-a159-4ec4-9947-9df414107b49" name="testDataRedirection" startTimestamp="2014-03-18T10:25:23" time="0.621" />
  <testcase classname="com.ibm.rdm.client.api.tests.DenormalizedAttributesTest" endTimestamp="2014-03-18T10:25:30" id="09c9c1a7-d3c8-4612-acbd-cfab4dbae5c0" name="testUpdateAttributeDefinitionKeepMatchingProperty" startTimestamp="2014-03-18T10:25:23" time="6.973" />
  <testcase classname="com.ibm.rdm.client.api.tests.DenormalizedAttributesTest" endTimestamp="2014-03-18T10:25:31" id="4956fb5b-3053-4737-8be4-c1fb63d70af6" name="testQueryForUserAttributeOnLink" startTimestamp="2014-03-18T10:25:30" time="0.975" />
  <testcase classname="com.ibm.rdm.client.api.tests.DenormalizedAttributesTest" endTimestamp="2014-03-18T10:25:33" id="9f4c0dba-eaad-4c8d-81fc-32e60c40a8d3" name="testPrimaryTextShortTextSpecified" startTimestamp="2014-03-18T10:25:31" time="1.454" />
  <testcase classname="com.ibm.rdm.client.api.tests.DenormalizedAttributesTest" endTimestamp="2014-03-18T10:25:35" id="4c0774f4-bfe8-460a-aaa4-7bd28a06d363" name="testQueryForUserEnumAttributeOnRequirement" startTimestamp="2014-03-18T10:25:33" time="2.677" />
  <testcase classname="com.ibm.rdm.client.api.tests.DenormalizedAttributesTest" endTimestamp="2014-03-18T10:25:36" id="9c5b4101-8052-4546-a5c8-7fb3eb0ef675" name="testQueryForSystemEnumAttributeOnRequirement" startTimestamp="2014-03-18T10:25:35" time="0.474" />
  <testcase classname="com.ibm.rdm.client.api.tests.DenormalizedAttributesTest" endTimestamp="2014-03-18T10:25:41" id="18336dc4-ba65-4e48-8003-ba15423e3d06" name="testQueryForUserAttributeOnRequirement" startTimestamp="2014-03-18T10:25:36" time="5.299" />
  <testcase classname="com.ibm.rdm.client.api.tests.DenormalizedAttributesTest" endTimestamp="2014-03-18T10:25:42" id="20a6cb9b-786e-4742-a123-073d5ccb248b" name="testPrimaryTextNotSpecified" startTimestamp="2014-03-18T10:25:41" time="0.554" />
  <testcase classname="com.ibm.rdm.client.api.tests.DenormalizedAttributesTest" endTimestamp="2014-03-18T10:25:45" id="6cb854ff-cdd1-41e2-adae-16d224787bff" name="testUpdateAttributeDefinitionRemoveMatchingProperty" startTimestamp="2014-03-18T10:25:42" time="3.715" />
  <testcase classname="com.ibm.rdm.client.api.tests.DenormalizedAttributesTest" endTimestamp="2014-03-18T10:25:46" id="9140c960-07b7-4e98-9b49-85e20c6ce2a1" name="testPrimaryTextLongTextSpecified" startTimestamp="2014-03-18T10:25:45" time="0.822" />
  <testcase classname="com.ibm.rdm.client.api.tests.DenormalizedAttributesTest" endTimestamp="2014-03-18T10:25:48" id="458ba6b4-f008-455f-b6fc-6180504170ea" name="testQueryForSystemAttributeOnRequirement" startTimestamp="2014-03-18T10:25:46" time="1.441" />
  <testcase classname="com.ibm.rdm.client.api.tests.DenormalizedAttributesTest" endTimestamp="2014-03-18T10:26:02" id="cc6acc87-60ef-471f-a508-c7b0a32feb7b" name="testDenormalizedAttributesInProjectTemplates" startTimestamp="2014-03-18T10:25:48" time="14.763" />
  <testcase classname="com.ibm.rdm.client.api.tests.DiscoveryDocumentsTest" endTimestamp="2014-03-18T10:26:06" id="48816cb2-4b33-437f-a8e8-0d30128a3939" name="testWalkDiscoveryDocumentsToPreV10ServiceDescriptor" startTimestamp="2014-03-18T10:26:02" time="3.306" />
  <testcase classname="com.ibm.rdm.client.api.tests.DiscoveryDocumentsTest" endTimestamp="2014-03-18T10:26:06" id="aebc9faf-f561-49ad-a421-e0f649de2a1e" name="testGetApplicationServicesDocument" startTimestamp="2014-03-18T10:26:06" time="0.011" />
  <testcase classname="com.ibm.rdm.client.api.tests.DiscoveryDocumentsTest" endTimestamp="2014-03-18T10:26:06" id="d6926856-a715-481c-8871-ade31398eb3c" name="testHeadRootServicesDocument" startTimestamp="2014-03-18T10:26:06" time="0.0030" />
  <testcase classname="com.ibm.rdm.client.api.tests.DiscoveryDocumentsTest" endTimestamp="2014-03-18T10:26:06" id="ba7a27a0-5b3f-4711-b4a0-22fd92f73c44" name="testHeadApplicationServicesDocument" startTimestamp="2014-03-18T10:26:06" time="0.0030" />
  <testcase classname="com.ibm.rdm.client.api.tests.DiscoveryDocumentsTest" endTimestamp="2014-03-18T10:26:06" id="2a49a856-471a-42b1-a0e2-e5907a2783d4" name="testGetRootServicesDocument" startTimestamp="2014-03-18T10:26:06" time="0.0040" />
  <testcase classname="com.ibm.rdm.client.api.tests.DiscoveryDocumentsTest" endTimestamp="2014-03-18T10:26:06" id="1a25d34d-814f-4f98-8245-a13fb1449e29" name="testWalkDiscoveryDocumentsToV20ServiceDescriptor" startTimestamp="2014-03-18T10:26:06" time="0.06" />
  <testcase classname="com.ibm.rdm.client.api.tests.DiscoveryDocumentsTest" endTimestamp="2014-03-18T10:26:06" id="be540f42-b11b-4641-ae20-18cb5b5efae3" name="testWalkDiscoveryDocumentsToV10ServiceDescriptor" startTimestamp="2014-03-18T10:26:06" time="0.077" />
  <testcase classname="com.ibm.rdm.client.api.tests.DiscoveryDocumentsTest" endTimestamp="2014-03-18T10:26:06" id="1ba32b9c-948d-4cca-9495-d443d8302d92" name="testHeadMalformedPaths" startTimestamp="2014-03-18T10:26:06" time="0.357" />
  <testcase classname="com.ibm.rdm.client.api.tests.GlossaryServiceTest" endTimestamp="2014-03-18T10:26:11" id="7495d01d-92e9-4b30-a238-03c649b4de9e" name="testTermsLookupDiscoverableFromRootServices" startTimestamp="2014-03-18T10:26:06" time="4.598" />
  <testcase classname="com.ibm.rdm.client.api.tests.GlossaryServiceTest" endTimestamp="2014-03-18T10:26:13" id="ce2ac611-a6b1-4de1-a1db-94b552d3ed8b" name="testGlossaryTermInfoResource" startTimestamp="2014-03-18T10:26:11" time="2.089" />
  <testcase classname="com.ibm.rdm.client.api.tests.GlossaryServiceTest" endTimestamp="2014-03-18T10:26:17" id="23fca40c-c7d3-4682-8763-a8a6b07e68a7" name="testTermLookupOccursAfterObjectIsSwitchedFromNonTermToTerm" startTimestamp="2014-03-18T10:26:13" time="3.645" />
  <testcase classname="com.ibm.rdm.client.api.tests.GlossaryServiceTest" endTimestamp="2014-03-18T10:26:18" id="4037c51b-39ab-4b47-b32b-e8ac2ed28774" name="testTermLookupInBaselineContext" startTimestamp="2014-03-18T10:26:17" time="0.897" />
  <testcase classname="com.ibm.rdm.client.api.tests.GlossaryServiceTest" endTimestamp="2014-03-18T10:26:40" id="a2bed2df-59f6-4fac-a842-ade63d00c22f" name="testTermLookupSingleProject" startTimestamp="2014-03-18T10:26:18" time="22.502" />
  <testcase classname="com.ibm.rdm.client.api.tests.GlossaryServiceTest" endTimestamp="2014-03-18T10:27:04" id="bddf7ec2-b641-44a7-b7eb-3f97914416f2" name="testSynonymLookup" startTimestamp="2014-03-18T10:26:40" time="24.24" />
  <testcase classname="com.ibm.rdm.client.api.tests.GlossaryServiceTest" endTimestamp="2014-03-18T10:27:05" id="1de4a2d3-befd-449f-965b-9f0bd909919f" name="testTermWithInvalidBlankTitle" startTimestamp="2014-03-18T10:27:04" time="1.051" />
  <testcase classname="com.ibm.rdm.client.api.tests.GlossaryServiceTest" endTimestamp="2014-03-18T10:27:07" id="64c0ba37-24cc-47fd-9aed-5406d9152703" name="testTermWithNoPrimaryTextAttributeLookup" startTimestamp="2014-03-18T10:27:05" time="1.413" />
  <testcase classname="com.ibm.rdm.client.api.tests.GlossaryServiceTest" endTimestamp="2014-03-18T10:27:26" id="5a609ee0-0510-48b3-924f-5a5bd4107a22" name="testTermsLookupWithOtherTermsMatch" startTimestamp="2014-03-18T10:27:07" time="19.164" />
  <testcase classname="com.ibm.rdm.client.api.tests.GlossaryServiceTest" endTimestamp="2014-03-18T10:27:58" id="d337abb3-7ad0-4ae7-94ba-cd7b6d15fdc0" name="testTermLookupPagingDefaultNextPage" startTimestamp="2014-03-18T10:27:26" time="32.286" />
  <testcase classname="com.ibm.rdm.client.api.tests.GlossaryServiceTest" endTimestamp="2014-03-18T10:28:03" id="a500ba35-c80c-43d9-8f38-e4e2ce207cab" name="testNoHits" startTimestamp="2014-03-18T10:27:58" time="4.61" />
  <testcase classname="com.ibm.rdm.client.api.tests.GlossaryServiceTest" endTimestamp="2014-03-18T10:28:21" id="df0b1cbd-a759-460c-a590-94e9d21dbbda" name="testCrossProjectTermsLookup" startTimestamp="2014-03-18T10:28:03" time="18.075" />
  <testcase classname="com.ibm.rdm.client.api.tests.GlossaryServiceTest" endTimestamp="2014-03-18T10:28:57" id="04b6fbf1-d918-4ff6-b46f-c5bbefaa7642" name="testTermLookupPagingGreenPath" startTimestamp="2014-03-18T10:28:21" time="35.969" />
  <testcase classname="com.ibm.rdm.client.api.tests.HomeMenuServiceTest" endTimestamp="2014-03-18T10:29:01" id="688b139b-e964-44ad-88ef-ad52ba2fae12" name="testGetApplicationServicesDocument" startTimestamp="2014-03-18T10:28:57" time="4.024" />
  <testcase classname="com.ibm.rdm.client.api.tests.LinkService20Test" endTimestamp="2014-03-18T10:29:08" id="94ce79a6-b3db-48ff-ae78-15aca4528b33" name="testLinkQuerySourceTargetType" startTimestamp="2014-03-18T10:29:01" time="6.829" />
  <testcase classname="com.ibm.rdm.client.api.tests.LinkService20Test" endTimestamp="2014-03-18T10:29:09" id="19b94af9-caab-45b3-9905-31503a108e8e" name="testPutInvalidLinkHasSysProperties" startTimestamp="2014-03-18T10:29:08" time="0.989" />
  <testcase classname="com.ibm.rdm.client.api.tests.LinkService20Test" endTimestamp="2014-03-18T10:29:09" id="ed5b4994-93fc-4345-9b56-ccdc31a0b251" name="testPostInvalidLinkNoPredicate" startTimestamp="2014-03-18T10:29:09" time="0.217" />
  <testcase classname="com.ibm.rdm.client.api.tests.LinkService20Test" endTimestamp="2014-03-18T10:29:09" id="7af43f32-b14b-4d25-985c-39374047b7de" name="testInvalidQueryParametersSourceWithTargetWithSourceOrTarget" startTimestamp="2014-03-18T10:29:09" time="0.162" />
  <testcase classname="com.ibm.rdm.client.api.tests.LinkService20Test" endTimestamp="2014-03-18T10:29:10" id="f54a6c29-cb9b-4e61-8870-2917a605fd81" name="testUpdateConcurrencyError" startTimestamp="2014-03-18T10:29:09" time="0.692" />
  <testcase classname="com.ibm.rdm.client.api.tests.LinkService20Test" endTimestamp="2014-03-18T10:29:13" id="66a04727-3af4-4f96-add4-cb1ac348451d" name="testLinkQuerySourceTarget" startTimestamp="2014-03-18T10:29:10" time="3.166" />
  <testcase classname="com.ibm.rdm.client.api.tests.LinkService20Test" endTimestamp="2014-03-18T10:29:16" id="2599a4a3-bee0-45a4-ba6a-8d533681938b" name="testLinkQuerySourceOrTargetAndType" startTimestamp="2014-03-18T10:29:13" time="3.117" />
  <testcase classname="com.ibm.rdm.client.api.tests.LinkService20Test" endTimestamp="2014-03-18T10:29:17" id="d2c0057c-8920-4e66-b679-606ce4eb2b95" name="testSystemAttributesArePresentOnPostedLinks" startTimestamp="2014-03-18T10:29:16" time="0.749" />
  <testcase classname="com.ibm.rdm.client.api.tests.LinkService20Test" endTimestamp="2014-03-18T10:29:20" id="8a051238-0c8f-4931-8542-c0487b99f06f" name="testLinkQuerySourceOnly" startTimestamp="2014-03-18T10:29:17" time="3.414" />
  <testcase classname="com.ibm.rdm.client.api.tests.LinkService20Test" endTimestamp="2014-03-18T10:29:20" id="312cd5e1-981e-4551-8286-f0a53384d4af" name="testInvalidRequestToLinksUrlWhenNoParametersPRovided" startTimestamp="2014-03-18T10:29:20" time="0.137" />
  <testcase classname="com.ibm.rdm.client.api.tests.LinkService20Test" endTimestamp="2014-03-18T10:29:24" id="f2d0c3d7-f5be-4ab6-ab13-c0b5d247af86" name="testLinkCreationWithInvalidProjectContext" startTimestamp="2014-03-18T10:29:20" time="3.396" />
  <testcase classname="com.ibm.rdm.client.api.tests.LinkService20Test" endTimestamp="2014-03-18T10:29:27" id="de0ff227-de39-4722-95d4-1fa567e6faab" name="testLinkQueryTargetAndType" startTimestamp="2014-03-18T10:29:24" time="3.098" />
  <testcase classname="com.ibm.rdm.client.api.tests.LinkService20Test" endTimestamp="2014-03-18T10:29:27" id="cede1721-5e4e-43be-b3d5-7fdc567a0a2b" name="testPostInvalidLinkHasSysProperties" startTimestamp="2014-03-18T10:29:27" time="0.373" />
  <testcase classname="com.ibm.rdm.client.api.tests.LinkService20Test" endTimestamp="2014-03-18T10:29:28" id="6f1b2261-4fef-4165-9066-373477b0a395" name="testLinkQuerySourceTargetDoors" startTimestamp="2014-03-18T10:29:27" time="0.482" />
  <testcase classname="com.ibm.rdm.client.api.tests.LinkService20Test" endTimestamp="2014-03-18T10:29:29" id="e6c1b74c-9cda-422c-8faa-b0b26a71a174" name="testLinkDuplicateError" startTimestamp="2014-03-18T10:29:28" time="0.857" />
  <testcase classname="com.ibm.rdm.client.api.tests.LinkService20Test" endTimestamp="2014-03-18T10:29:29" id="d5165971-24d2-4f96-90e7-486635fccb63" name="testQueryParametersSourceWithNoSourceTargetParams" startTimestamp="2014-03-18T10:29:29" time="0.858" />
  <testcase classname="com.ibm.rdm.client.api.tests.LinkService20Test" endTimestamp="2014-03-18T10:29:30" id="723a0282-bea2-4c91-879a-885510f33379" name="testPostInvalidLinkDoesNotHaveRmLinkype" startTimestamp="2014-03-18T10:29:29" time="0.341" />
  <testcase classname="com.ibm.rdm.client.api.tests.LinkService20Test" endTimestamp="2014-03-18T10:29:33" id="40e06495-3c38-4845-8c43-93ea62434e8f" name="testLinkQuerySourceOrTarget" startTimestamp="2014-03-18T10:29:30" time="3.196" />
  <testcase classname="com.ibm.rdm.client.api.tests.LinkService20Test" endTimestamp="2014-03-18T10:29:33" id="081e5f62-e89c-4415-be5b-c39b76ff1591" name="testInvalidQueryParametersTargetWithSourceOrTarget" startTimestamp="2014-03-18T10:29:33" time="0.164" />
  <testcase classname="com.ibm.rdm.client.api.tests.LinkService20Test" endTimestamp="2014-03-18T10:29:36" id="d465bdcf-b66d-4f94-a6c8-8b8614fcf4b1" name="testLinkQueryTargetOnly" startTimestamp="2014-03-18T10:29:33" time="3.075" />
  <testcase classname="com.ibm.rdm.client.api.tests.LinkService20Test" endTimestamp="2014-03-18T10:29:37" id="4983a7a6-7297-43cd-8333-edfcb83ff82f" name="testPutInvalidLinkDoesNotHaveRmLinkype" startTimestamp="2014-03-18T10:29:36" time="0.581" />
  <testcase classname="com.ibm.rdm.client.api.tests.LinkService20Test" endTimestamp="2014-03-18T10:29:44" id="80480247-1889-4c4e-a78a-1178b4c72b83" name="testLinkDeleteOnArtifactDeletion" startTimestamp="2014-03-18T10:29:37" time="7.599" />
  <testcase classname="com.ibm.rdm.client.api.tests.LinkService20Test" endTimestamp="2014-03-18T10:29:45" id="2308923d-cf68-4d9e-a95e-d786a4d5251e" name="testLinkQueryInBaselineContext" startTimestamp="2014-03-18T10:29:44" time="0.135" />
  <testcase classname="com.ibm.rdm.client.api.tests.LinkService20Test" endTimestamp="2014-03-18T10:29:50" id="1909587d-6d07-4494-84c6-73c600921143" name="testValidLinkEndConstraintsInAssociatedGlossaryLinkTypeForCrossProjectLink" startTimestamp="2014-03-18T10:29:45" time="5.812" />
  <testcase classname="com.ibm.rdm.client.api.tests.LinkService20Test" endTimestamp="2014-03-18T10:29:54" id="74b7169b-0e1c-4b89-923d-268078b37e0b" name="testLinkQuerySourceAndType" startTimestamp="2014-03-18T10:29:50" time="3.754" />
  <testcase classname="com.ibm.rdm.client.api.tests.LinkService20Test" endTimestamp="2014-03-18T10:29:57" id="35c25cf4-419c-4925-bee0-68a90fb546e1" name="testLinkQueryType" startTimestamp="2014-03-18T10:29:54" time="3.332" />
  <testcase classname="com.ibm.rdm.client.api.tests.LinkService20Test" endTimestamp="2014-03-18T10:29:58" id="eb3cb5f9-35f0-4303-b983-20ae94c1c5c7" name="testLinkCreationWithNonExistentLinkType" startTimestamp="2014-03-18T10:29:57" time="0.151" />
  <testcase classname="com.ibm.rdm.client.api.tests.LinkService20Test" endTimestamp="2014-03-18T10:30:06" id="fb817099-a6ae-47a4-897a-eee5eacaf959" name="testCrossProjectLinkDuplicateError" startTimestamp="2014-03-18T10:29:58" time="8.478" />
  <testcase classname="com.ibm.rdm.client.api.tests.LinkService20Test" endTimestamp="2014-03-18T10:30:07" id="ddb0359a-a743-4fa5-af9c-076a2601d342" name="testInvalidQueryParametersSourceWithSourceOrTarget" startTimestamp="2014-03-18T10:30:06" time="0.589" />
  <testcase classname="com.ibm.rdm.client.api.tests.LinkService20Test" endTimestamp="2014-03-18T10:30:10" id="8d837679-1522-4eef-b2f1-5fdb6ac716a4" name="testValidLinkEndConstraintsInAssociatedGlossaryLinkType" startTimestamp="2014-03-18T10:30:07" time="2.944" />
  <testcase classname="com.ibm.rdm.client.api.tests.LinkService20Test" endTimestamp="2014-03-18T10:30:11" id="01310242-8e30-4cca-b865-793231dd3974" name="testLinkCRUD" startTimestamp="2014-03-18T10:30:10" time="1.127" />
  <testcase classname="com.ibm.rdm.client.api.tests.LinkService20Test" endTimestamp="2014-03-18T10:30:12" id="560e4a45-ed39-4fe5-abb2-a0cabb6bb81f" name="testPutInvalidLinkNoPredicate" startTimestamp="2014-03-18T10:30:11" time="1.197" />
  <testcase classname="com.ibm.rdm.client.api.tests.MultiFetchServiceTest" endTimestamp="2014-03-18T10:30:20" id="e4182261-2435-44f3-81b9-84e6d1d3eec4" name="testMultiFetchRequirementQuery" startTimestamp="2014-03-18T10:30:12" time="7.681" />
  <testcase classname="com.ibm.rdm.client.api.tests.MultiFetchServiceTest" endTimestamp="2014-03-18T10:30:22" id="5098be74-7d47-4670-83e8-425b5cd3b2d3" name="testMultiFetchPagingVariation" startTimestamp="2014-03-18T10:30:20" time="2.871" />
  <testcase classname="com.ibm.rdm.client.api.tests.MultiFetchServiceTest" endTimestamp="2014-03-18T10:30:41" id="bcc7b184-5e09-422a-a7b5-9d05adff6aca" name="testMultiFetchValidateCacheResourceIn" startTimestamp="2014-03-18T10:30:22" time="18.13" />
  <testcase classname="com.ibm.rdm.client.api.tests.MultiFetchServiceTest" endTimestamp="2014-03-18T10:30:44" id="e6fe01ea-0909-4963-841b-212affd4e767" name="testMultiFetchExtendedLimit" startTimestamp="2014-03-18T10:30:41" time="3.247" />
  <testcase classname="com.ibm.rdm.client.api.tests.MultiFetchServiceTest" endTimestamp="2014-03-18T10:30:52" id="b22dcd77-87ca-4b7a-af3e-f54a5b5f74e1" name="testMultiFetchResourceIn" startTimestamp="2014-03-18T10:30:44" time="8.105" />
  <testcase classname="com.ibm.rdm.client.api.tests.MultiFetchServiceTest" endTimestamp="2014-03-18T10:30:55" id="13576160-4eef-4c07-83ad-3e617d716f01" name="testMultiFetchBasicSettingsLimit" startTimestamp="2014-03-18T10:30:52" time="3.033" />
  <testcase classname="com.ibm.rdm.client.api.tests.MultiFetchServiceTest" endTimestamp="2014-03-18T10:31:02" id="a28526d9-7881-4e64-ab02-a37ebc2a1731" name="testMultiFetchBasicSettingsResourceIn" startTimestamp="2014-03-18T10:30:55" time="6.63" />
  <testcase classname="com.ibm.rdm.client.api.tests.MultiFetchServiceTest" endTimestamp="2014-03-18T10:31:07" id="f52d1729-bfff-4fba-8c99-4e473dcaf95c" name="testMultiFetchExtendedSettingsUsingInvalidUrls" startTimestamp="2014-03-18T10:31:02" time="5.472" />
  <testcase classname="com.ibm.rdm.client.api.tests.MultiFetchServiceTest" endTimestamp="2014-03-18T10:31:09" id="d2daf3f3-e81b-4f4f-898d-518f83094009" name="testWrapperRDF" startTimestamp="2014-03-18T10:31:07" time="1.669" />
  <testcase classname="com.ibm.rdm.client.api.tests.MultiFetchServiceTest" endTimestamp="2014-03-18T10:31:16" id="359e53d9-bb12-4306-ad71-30a46621405c" name="testMultiFetchPrivateTagsResourceIn" startTimestamp="2014-03-18T10:31:09" time="7.629" />
  <testcase classname="com.ibm.rdm.client.api.tests.MultiFetchServiceTest" endTimestamp="2014-03-18T10:31:24" id="16f4bae0-3374-4781-8bac-f109c26874bc" name="testMultiFetchSwitchModeSettings" startTimestamp="2014-03-18T10:31:16" time="7.551" />
  <testcase classname="com.ibm.rdm.client.api.tests.MultiFetchServiceTest" endTimestamp="2014-03-18T10:31:28" id="00c415e7-9b45-4371-a424-c700011cbc6d" name="testProblematicXML" startTimestamp="2014-03-18T10:31:24" time="4.564" />
  <testcase classname="com.ibm.rdm.client.api.tests.MultiFetchServiceTest" endTimestamp="2014-03-18T10:31:33" id="f0a21097-9c5b-4dec-9ec9-9b1eeaa3190e" name="testMultiFetchRequirementPagingVariation" startTimestamp="2014-03-18T10:31:28" time="4.628" />
  <testcase classname="com.ibm.rdm.client.api.tests.MultiFetchServiceTest" endTimestamp="2014-03-18T10:31:33" id="091b188a-b79b-425a-a38a-fdae60d7dfbd" name="testMultiFetchPagingVariationInBaseline" startTimestamp="2014-03-18T10:31:33" time="0.0010" />
  <testcase classname="com.ibm.rdm.client.api.tests.MultiFetchServiceTest" endTimestamp="2014-03-18T10:31:36" id="7c3d3490-f56e-4343-bb01-e911f8384339" name="testMultiFetchExtendedCommentsSettingsWithLimitResourceIn" startTimestamp="2014-03-18T10:31:33" time="3.318" />
  <testcase classname="com.ibm.rdm.client.api.tests.MultiFetchServiceTest" endTimestamp="2014-03-18T10:31:42" id="1f009b3e-c5e5-4276-8379-7c9b2504ee02" name="testFetchOtherThings" startTimestamp="2014-03-18T10:31:36" time="5.391" />
  <testcase classname="com.ibm.rdm.client.api.tests.MultiFetchServiceTest" endTimestamp="2014-03-18T10:31:47" id="cf235e33-e514-4eca-9c13-e49f115ae674" name="testEscapedXML" startTimestamp="2014-03-18T10:31:42" time="4.962" />
  <testcase classname="com.ibm.rdm.client.api.tests.MultiFetchServiceTest" endTimestamp="2014-03-18T10:31:47" id="ac06c0cb-38f0-4870-a16d-447161e6681e" name="testClientQuery" startTimestamp="2014-03-18T10:31:47" time="0.059" />
  <testcase classname="com.ibm.rdm.client.api.tests.MultiFetchServiceTest" endTimestamp="2014-03-18T10:31:47" id="99e2d96c-fe2b-4dc9-a49e-36deb71e5050" name="testMultiFetchForResourcesNotInBaseline" startTimestamp="2014-03-18T10:31:47" time="0.0" />
  <testcase classname="com.ibm.rdm.client.api.tests.MultiFetchServiceTest" endTimestamp="2014-03-18T10:31:54" id="af422727-4165-4778-b549-9be33157dcd3" name="testMultiFetchPrivateTags" startTimestamp="2014-03-18T10:31:47" time="6.992" />
  <testcase classname="com.ibm.rdm.client.api.tests.MultiFetchServiceTest" endTimestamp="2014-03-18T10:31:59" id="da1e316c-631b-41eb-a125-6414ad9364be" name="testMultiFetchPaging" startTimestamp="2014-03-18T10:31:54" time="5.54" />
  <testcase classname="com.ibm.rdm.client.api.tests.MultiFetchServiceTest" endTimestamp="2014-03-18T10:32:06" id="5ef3165b-cafa-4bb0-b39a-f2d2457d2d4e" name="testSearchAndQueryForMultiFetch" startTimestamp="2014-03-18T10:31:59" time="6.42" />
  <testcase classname="com.ibm.rdm.client.api.tests.MultiFetchServiceTest" endTimestamp="2014-03-18T10:32:11" id="a7bbec67-84ee-48c2-96d1-7b81c0e8f718" name="testMultiFetchExtendedSettingsUTF8" startTimestamp="2014-03-18T10:32:06" time="5.131" />
  <testcase classname="com.ibm.rdm.client.api.tests.MultiFetchServiceTest" endTimestamp="2014-03-18T10:32:19" id="65bb1b44-9248-4a08-b5cb-a23d0223ffc5" name="testNameStartsWithQuery" startTimestamp="2014-03-18T10:32:11" time="7.877" />
  <testcase classname="com.ibm.rdm.client.api.tests.MultiFetchServiceTest" endTimestamp="2014-03-18T10:32:38" id="d1557628-69a8-4d3f-949c-03cd13821ad7" name="testMultiFetchValidateCache" startTimestamp="2014-03-18T10:32:19" time="19.496" />
  <testcase classname="com.ibm.rdm.client.api.tests.MultiFetchServiceTest" endTimestamp="2014-03-18T10:32:42" id="651ab2d8-86e1-49f1-b648-4747c47f7ffa" name="testMultiFetchRequirementResourceIn" startTimestamp="2014-03-18T10:32:38" time="3.492" />
  <testcase classname="com.ibm.rdm.client.api.tests.MultiFetchServiceTest" endTimestamp="2014-03-18T10:32:47" id="001a3ac8-49ef-46cd-8fda-378788f0ecdf" name="testEscapedXMLResourceIn" startTimestamp="2014-03-18T10:32:42" time="4.812" />
  <testcase classname="com.ibm.rdm.client.api.tests.MultiFetchServiceTest" endTimestamp="2014-03-18T10:32:47" id="533126df-6e35-4d37-9173-928dddf1d3c1" name="testMultiFetchExtendedSettingsInBaseline" startTimestamp="2014-03-18T10:32:47" time="0.0" />
  <testcase classname="com.ibm.rdm.client.api.tests.MultiFetchServiceTest" endTimestamp="2014-03-18T10:32:54" id="0e8b9925-afb5-42dd-a16e-456a54a2c33f" name="testMultiFetchExtendedSettings" startTimestamp="2014-03-18T10:32:47" time="7.415" />
  <testcase classname="com.ibm.rdm.client.api.tests.MultiFetchServiceTest" endTimestamp="2014-03-18T10:33:01" id="8e75db94-2b70-49b0-9ebe-86194926bf87" name="testMultiFetchBasicSettings" startTimestamp="2014-03-18T10:32:54" time="6.957" />
  <testcase classname="com.ibm.rdm.client.api.tests.MultiFetchServiceTest" endTimestamp="2014-03-18T10:33:08" id="4ba45d80-2bc7-4aa1-a2c7-f338c77a91d2" name="testMultiFetchExtendedSettingsResourceIn" startTimestamp="2014-03-18T10:33:01" time="7.488" />
  <testcase classname="com.ibm.rdm.client.api.tests.MultiFetchServiceTest" endTimestamp="2014-03-18T10:33:09" id="5e079081-869a-4c60-9915-9cb88a61e87c" name="testMultiFetchSearchEmpty" startTimestamp="2014-03-18T10:33:08" time="0.192" />
  <testcase classname="com.ibm.rdm.client.api.tests.MultiFetchServiceTest" endTimestamp="2014-03-18T10:33:14" id="46da3402-7183-4a4d-913f-8e30e984528e" name="testMultiFetchExtendedSettingsUTF8ResourceIn" startTimestamp="2014-03-18T10:33:09" time="5.283" />
  <testcase classname="com.ibm.rdm.client.api.tests.MultiFetchServiceTest" endTimestamp="2014-03-18T10:33:18" id="3b3f9ced-5f4a-4fc1-a850-e41467d4765f" name="testMultiFetchSearchSettings" startTimestamp="2014-03-18T10:33:14" time="4.329" />
  <testcase classname="com.ibm.rdm.client.api.tests.MultiFetchServiceTest" endTimestamp="2014-03-18T10:33:25" id="353194e1-9025-4ee0-b8cf-597286101dcb" name="testMultiFetchExtendedSettingsUsingUrls" startTimestamp="2014-03-18T10:33:18" time="7.191" />
  <testcase classname="com.ibm.rdm.client.api.tests.MultiFetchServiceTest" endTimestamp="2014-03-18T10:33:31" id="af4666e8-1daf-43eb-977f-bf1881f7c8e9" name="testReturnLastModifiedHeader" startTimestamp="2014-03-18T10:33:25" time="5.742" />
  <testcase classname="com.ibm.rdm.client.api.tests.MultiFetchServiceTest" endTimestamp="2014-03-18T10:33:31" id="dd1ec509-20db-454c-b92b-d33d45b0aaf9" name="testMultiFetchValidateCacheInBaseline" startTimestamp="2014-03-18T10:33:31" time="0.0" />
  <testcase classname="com.ibm.rdm.client.api.tests.MultiFetchServiceTest" endTimestamp="2014-03-18T10:33:39" id="6e1ad7ab-b16a-4c95-8328-1943d583ccbb" name="testMultiFetchExtendedCommentsSettings" startTimestamp="2014-03-18T10:33:31" time="7.943" />
  <testcase classname="com.ibm.rdm.client.api.tests.MultiFetchServiceTest" endTimestamp="2014-03-18T10:33:42" id="cbefba42-2aee-4b31-b856-a2923d2daeb2" name="testMultiFetchRequirementXMLLiteralQuery" startTimestamp="2014-03-18T10:33:39" time="2.525" />
  <testcase classname="com.ibm.rdm.client.api.tests.MultiFetchServiceTest" endTimestamp="2014-03-18T10:33:51" id="3a74bc63-adb1-454c-9e7c-705504af1eda" name="testMultiFetchExtendedProjectContext" startTimestamp="2014-03-18T10:33:42" time="9.341" />
  <testcase classname="com.ibm.rdm.client.api.tests.MultiFetchServiceTest" endTimestamp="2014-03-18T10:33:55" id="87d37c86-4056-4210-8be9-12a402df4abd" name="testMultiFetchExtendedCommentsSettingsWithLimit" startTimestamp="2014-03-18T10:33:51" time="3.592" />
  <testcase classname="com.ibm.rdm.client.api.tests.MultiFetchServiceTest" endTimestamp="2014-03-18T10:33:56" id="e0a5651b-518c-41b4-baa9-f7e446b0198b" name="testMultiFetchPagingVariationInBaselineResourceIn" startTimestamp="2014-03-18T10:33:55" time="1.207" />
  <testcase classname="com.ibm.rdm.client.api.tests.NotificationTest" endTimestamp="2014-03-18T10:34:00" id="6d9b2cde-e142-436e-9571-0a186c570b24" name="testmail" startTimestamp="2014-03-18T10:33:56" time="3.732" />
  <testcase classname="com.ibm.rdm.client.api.tests.NotificationTest" endTimestamp="2014-03-18T10:34:00" id="a63552cb-2f8f-439b-bf90-42530205c597" name="testCommentBadEmail" startTimestamp="2014-03-18T10:34:00" time="0.0010" />
  <testcase classname="com.ibm.rdm.client.api.tests.NotificationTest" endTimestamp="2014-03-18T10:34:00" id="19e61faf-0551-420a-bbb9-1e59fbf94d8f" name="testCommentRequirementEmail" startTimestamp="2014-03-18T10:34:00" time="0.0" />
  <testcase classname="com.ibm.rdm.client.api.tests.NotificationTest" endTimestamp="2014-03-18T10:34:00" id="ab5b9e54-87f9-476b-bbc7-7e64d5513195" name="testBigCommentTextEmail" startTimestamp="2014-03-18T10:34:00" time="0.0" />
  <testcase classname="com.ibm.rdm.client.api.tests.NotificationTest" endTimestamp="2014-03-18T10:34:00" id="9a6dc6b7-d557-49de-a8ce-09ac7203173b" name="testCommentUpdateEmail" startTimestamp="2014-03-18T10:34:00" time="0.0" />
  <testcase classname="com.ibm.rdm.client.api.tests.NotificationTest" endTimestamp="2014-03-18T10:34:03" id="ea6ad14f-10db-4513-a186-734f34e2ec50" name="testCommentEmail" startTimestamp="2014-03-18T10:34:00" time="3.159" />
  <testcase classname="com.ibm.rdm.client.api.tests.OauthAuthenticationTracingTest" endTimestamp="2014-03-18T10:34:03" id="6746276d-22a0-4d3c-a86e-e2793741f069" name="testAuthenticationJustSSOCookie" startTimestamp="2014-03-18T10:34:03" time="0.181" />
  <testcase classname="com.ibm.rdm.client.api.tests.OauthAuthenticationTracingTest" endTimestamp="2014-03-18T10:34:03" id="661633c9-74b7-42ae-a0a5-b6bcfee0fad6" name="testOAuthAuthenticationTrace" startTimestamp="2014-03-18T10:34:03" time="0.075" />
  <testcase classname="com.ibm.rdm.client.api.tests.OauthAuthenticationTracingTest" endTimestamp="2014-03-18T10:34:03" id="28f0a7e9-bca0-4c98-b096-02133f0b1a7c" name="testAuthenticationJustRMCookies" startTimestamp="2014-03-18T10:34:03" time="0.205" />
  <testcase classname="com.ibm.rdm.client.api.tests.ProjectServiceTest" endTimestamp="2014-03-18T10:34:12" id="c294c3c9-b00a-4d16-95d3-e68f5ecaf1c6" name="testAttemptToCreateDuplicateProject" startTimestamp="2014-03-18T10:34:03" time="8.781" />
  <testcase classname="com.ibm.rdm.client.api.tests.ProjectServiceTest" endTimestamp="2014-03-18T10:34:12" id="6b4337ad-f04b-48c4-81f9-589024dbd96e" name="testReviewsFeedServiceFromProjectServiceDocument" startTimestamp="2014-03-18T10:34:12" time="0.08" />
  <testcase classname="com.ibm.rdm.client.api.tests.ProjectServiceTest" endTimestamp="2014-03-18T10:34:12" id="fea76622-83b8-481f-892e-5143195108d4" name="testGetSomeDocumentFromProjectServiceDocument" startTimestamp="2014-03-18T10:34:12" time="0.136" />
  <testcase classname="com.ibm.rdm.client.api.tests.ProjectServiceTest" endTimestamp="2014-03-18T10:34:12" id="7c50789c-873b-41bf-bc8d-af5be93fdef2" name="testGetFolderServiceFromProjectServiceDocument" startTimestamp="2014-03-18T10:34:12" time="0.082" />
  <testcase classname="com.ibm.rdm.client.api.tests.ProjectServiceTest" endTimestamp="2014-03-18T10:34:13" id="fa2220ef-d5ad-4503-aa8a-c2aa6c0edd73" name="testGetProjectServiceDocument" startTimestamp="2014-03-18T10:34:12" time="0.303" />
  <testcase classname="com.ibm.rdm.client.api.tests.ProjectTemplateServiceTest" endTimestamp="2014-03-18T10:34:20" id="47703e6f-fcde-49b1-8102-b30fa8244a4b" name="testDeleteProjectTemplate" startTimestamp="2014-03-18T10:34:13" time="7.53" />
  <testcase classname="com.ibm.rdm.client.api.tests.ProjectTemplateServiceTest" endTimestamp="2014-03-18T10:34:23" id="e10b6359-d5a3-4515-9def-763cebabc85b" name="testApplyProjectTemplateWithInvalidProject" startTimestamp="2014-03-18T10:34:20" time="2.988" />
  <testcase classname="com.ibm.rdm.client.api.tests.ProjectTemplateServiceTest" endTimestamp="2014-03-18T10:34:23" id="743994e9-2ab4-495a-a4b6-b73dbb144ed0" name="testCreateProjectTemplateOnProjectInProgress" startTimestamp="2014-03-18T10:34:23" time="0.0" />
  <testcase classname="com.ibm.rdm.client.api.tests.ProjectTemplateServiceTest" endTimestamp="2014-03-18T10:34:26" id="f6954ddd-7fe1-49cd-9dcd-dd6f96f0481c" name="testCreateProjectTemplateWithInvalidTags" startTimestamp="2014-03-18T10:34:23" time="3.06" />
  <testcase classname="com.ibm.rdm.client.api.tests.ProjectTemplateServiceTest" endTimestamp="2014-03-18T10:34:26" id="b681de67-4d54-4abb-900d-f9928901db80" name="testCreateProjectTemplateWithInvalidType" startTimestamp="2014-03-18T10:34:26" time="0.073" />
  <testcase classname="com.ibm.rdm.client.api.tests.ProjectTemplateServiceTest" endTimestamp="2014-03-18T10:34:26" id="303374ae-9736-4015-810a-c3074a105271" name="test_Utility_CreateTemplateFromProject" startTimestamp="2014-03-18T10:34:26" time="0.0" />
  <testcase classname="com.ibm.rdm.client.api.tests.ProjectTemplateServiceTest" endTimestamp="2014-03-18T10:34:40" id="d9a424d4-98ff-4e96-a9de-39725dc489ef" name="testCreateProjectTemplateRequirementTypes" startTimestamp="2014-03-18T10:34:26" time="13.71" />
  <testcase classname="com.ibm.rdm.client.api.tests.ProjectTemplateServiceTest" endTimestamp="2014-03-18T10:34:44" id="91a948cd-1e8f-4237-b510-23d659ba4a1e" name="testUpdateProjectTemplateWithChangedContents" startTimestamp="2014-03-18T10:34:40" time="3.881" />
  <testcase classname="com.ibm.rdm.client.api.tests.ProjectTemplateServiceTest" endTimestamp="2014-03-18T10:34:48" id="12f04e88-63cf-4b90-8ccf-d342721ed5e0" name="testUpdateProjectTemplateWithNewArchiveUrl" startTimestamp="2014-03-18T10:34:44" time="4.615" />
  <testcase classname="com.ibm.rdm.client.api.tests.ProjectTemplateServiceTest" endTimestamp="2014-03-18T10:34:53" id="395a722e-cd08-41f4-a22f-20e3fcd6d307" name="testUpdateProjectTemplate" startTimestamp="2014-03-18T10:34:48" time="4.296" />
  <testcase classname="com.ibm.rdm.client.api.tests.ProjectTemplateServiceTest" endTimestamp="2014-03-18T10:35:07" id="593b3c16-9329-4eb0-92b4-73f443d3dfce" name="testCreateProjectStarterTemplate" startTimestamp="2014-03-18T10:34:53" time="13.89" />
  <testcase classname="com.ibm.rdm.client.api.tests.ProjectTemplateServiceTest" endTimestamp="2014-03-18T10:35:16" id="81a9b151-ff59-489e-88ed-f4320821ef04" name="testCreateProjectTemplateWithRequirementsContainingAlteredObjectTypes" startTimestamp="2014-03-18T10:35:07" time="9.382" />
  <testcase classname="com.ibm.rdm.client.api.tests.ProjectTemplateServiceTest" endTimestamp="2014-03-18T10:35:21" id="58bc417e-d5db-48b8-8b38-002921430834" name="testNonAdminCanCreateProjectTemplate" startTimestamp="2014-03-18T10:35:16" time="4.835" />
  <testcase classname="com.ibm.rdm.client.api.tests.ProjectTemplateServiceTest" endTimestamp="2014-03-18T10:35:35" id="0c68e370-edbd-4828-8dac-07bb9e3e2030" name="testApplyProjectTemplateToNonEmptyProject" startTimestamp="2014-03-18T10:35:21" time="14.539" />
  <testcase classname="com.ibm.rdm.client.api.tests.ProjectTemplateServiceTest" endTimestamp="2014-03-18T10:36:07" id="937f5498-af2b-41f8-8b86-ffa7c28523ee" name="testCreateProjectTemplateLinkPreferences" startTimestamp="2014-03-18T10:35:35" time="32.125" />
  <testcase classname="com.ibm.rdm.client.api.tests.ProjectTemplateServiceTest" endTimestamp="2014-03-18T10:36:11" id="6987aaae-0b6e-41be-a1fc-b69519d13089" name="testCreateProjectTemplateWithArchiveUrl" startTimestamp="2014-03-18T10:36:07" time="3.307" />
  <testcase classname="com.ibm.rdm.client.api.tests.ProjectTemplateServiceTest" endTimestamp="2014-03-18T10:36:11" id="228bdd61-3b3e-40b3-95f7-f61e05597f83" name="testCreateProjectTemplateWithInvalidProject" startTimestamp="2014-03-18T10:36:11" time="0.106" />
  <testcase classname="com.ibm.rdm.client.api.tests.ProjectTemplateServiceTest" endTimestamp="2014-03-18T10:36:35" id="deaac3f1-9e1a-4817-a770-1db7e0467d0f" name="testCreateAndUpdateProjectTemplateArtifactTemplates" startTimestamp="2014-03-18T10:36:11" time="24.292" />
  <testcase classname="com.ibm.rdm.client.api.tests.ProjectTemplateServiceTest" endTimestamp="2014-03-18T10:36:45" id="78f13bbf-90be-4498-8f9a-85f8586f2298" name="testCreateProjectTemplateWithUpdatedRequirementsTagsAndFolders" startTimestamp="2014-03-18T10:36:35" time="10.333" />
  <testcase classname="com.ibm.rdm.client.api.tests.ProjectTemplateServiceTest" endTimestamp="2014-03-18T10:36:49" id="43e11e6d-d35d-4528-88aa-b624c979c9d7" name="testExternalLinkTypeRemoved" startTimestamp="2014-03-18T10:36:45" time="3.484" />
  <testcase classname="com.ibm.rdm.client.api.tests.ProjectTemplateServiceTest" endTimestamp="2014-03-18T10:36:52" id="e22d57f3-eb84-4e63-911d-89cd1ee904a3" name="testApplyProjectTemplateToArchivedProject" startTimestamp="2014-03-18T10:36:49" time="3.279" />
  <testcase classname="com.ibm.rdm.client.api.tests.ProjectTemplateServiceTest" endTimestamp="2014-03-18T10:36:55" id="729e7045-ea7e-4041-83b7-048b703bb71e" name="testCreateProjectTemplateWithOtherContent" startTimestamp="2014-03-18T10:36:52" time="2.659" />
  <testcase classname="com.ibm.rdm.client.api.tests.ProjectTemplateServiceTest" endTimestamp="2014-03-18T10:36:57" id="85c27d2c-8dff-444e-a6ca-207f9ee2784c" name="testUploadDirectAndMultipart" startTimestamp="2014-03-18T10:36:55" time="1.879" />
  <testcase classname="com.ibm.rdm.client.api.tests.ProjectTemplateServiceTest" endTimestamp="2014-03-18T10:37:10" id="e94721e5-8d33-4fb0-8b6a-b769b55038f2" name="testDownloadOOBTemplate" startTimestamp="2014-03-18T10:36:57" time="13.67" />
  <testcase classname="com.ibm.rdm.client.api.tests.ProjectTemplateServiceTest" endTimestamp="2014-03-18T10:37:11" id="5f53d72e-0f50-4407-96bf-db99c305431f" name="testGetDefaultProjectTemplates" startTimestamp="2014-03-18T10:37:10" time="0.404" />
  <testcase classname="com.ibm.rdm.client.api.tests.ProjectTemplateServiceTest" endTimestamp="2014-03-18T10:37:15" id="8b9ed1fb-003f-422b-aee8-b0bf7cd4b2e9" name="testUpdateProjectTemplateWithInvalidContents" startTimestamp="2014-03-18T10:37:11" time="4.047" />
  <testcase classname="com.ibm.rdm.client.api.tests.ProjectTemplateServiceTest" endTimestamp="2014-03-18T10:37:19" id="65e2e84c-6c26-4585-ac8a-5861e55155a0" name="testUpdateProjectTemplateWithIncorrectType" startTimestamp="2014-03-18T10:37:15" time="4.297" />
  <testcase classname="com.ibm.rdm.client.api.tests.ProjectTemplateServiceTest" endTimestamp="2014-03-18T10:37:26" id="601374cc-a89a-413a-995e-eebf7b672108" name="testApplyProjectTemplateToOldProject" startTimestamp="2014-03-18T10:37:19" time="6.504" />
  <testcase classname="com.ibm.rdm.client.api.tests.ProjectTemplateServiceTest" endTimestamp="2014-03-18T10:37:28" id="77c2b692-b1b7-4c33-ad5b-f65a45bd1b92" name="testCreateProjectTemplateWithInvalidFolderValue" startTimestamp="2014-03-18T10:37:26" time="2.723" />
  <testcase classname="com.ibm.rdm.client.api.tests.ProjectTemplateServiceTest" endTimestamp="2014-03-18T10:37:55" id="a48ee551-5a0e-435a-a539-99f5dbe579b9" name="testCreateProjectTemplateRequirementsWithTagsAndFolders" startTimestamp="2014-03-18T10:37:28" time="26.784" />
  <testcase classname="com.ibm.rdm.client.api.tests.ProjectTemplateServiceTest" endTimestamp="2014-03-18T10:38:08" id="0708e6c5-ce4e-4756-a5f6-7d142e6218b9" name="testCreateProjectTemplateWithDeletedLinkEndpoints" startTimestamp="2014-03-18T10:37:55" time="13.123" />
  <testcase classname="com.ibm.rdm.client.api.tests.ProjectTemplateServiceTest" endTimestamp="2014-03-18T10:38:26" id="6c3fef26-a569-4abc-bcd5-a8f8b98ebd5a" name="testCreateAndUpdateProjectTemplateViews" startTimestamp="2014-03-18T10:38:08" time="17.996" />
  <testcase classname="com.ibm.rdm.client.api.tests.ProjectTemplateServiceTest" endTimestamp="2014-03-18T10:38:43" id="8c0e959d-a890-47cb-a0a3-d480e52391fb" name="testCreateCDClassicsTemplate" startTimestamp="2014-03-18T10:38:26" time="16.467" />
  <testcase classname="com.ibm.rdm.client.api.tests.ProjectTemplateServiceTest" endTimestamp="2014-03-18T10:38:56" id="84a2c886-c3cf-4953-b3de-5db82ef8d907" name="testUploadTemplateWithNoMetadataFile" startTimestamp="2014-03-18T10:38:43" time="13.401" />
  <testcase classname="com.ibm.rdm.client.api.tests.ProjectTemplateServiceTest" endTimestamp="2014-03-18T10:39:14" id="640dd144-077f-49eb-aae2-bbcfd37f0846" name="testUploadTemplate" startTimestamp="2014-03-18T10:38:56" time="17.837" />
  <testcase classname="com.ibm.rdm.client.api.tests.ProjectTemplateServiceTest" endTimestamp="2014-03-18T10:39:30" id="add5bb93-77cf-4d74-a325-3b47f0be6cf0" name="testCreateProjectTemplateFolders" startTimestamp="2014-03-18T10:39:14" time="15.787" />
  <testcase classname="com.ibm.rdm.client.api.tests.ProjectTemplateServiceTest" endTimestamp="2014-03-18T10:39:40" id="99e858a2-ad71-4e91-b5c8-c744da1380c5" name="testDownloadTemplate" startTimestamp="2014-03-18T10:39:30" time="10.626" />
  <testcase classname="com.ibm.rdm.client.api.tests.ProjectTemplateServiceTest" endTimestamp="2014-03-18T10:39:41" id="f9c96b93-9344-4985-bed4-1b477448880d" name="testCreateProjectWithInvalidTemplateID" startTimestamp="2014-03-18T10:39:40" time="0.645" />
  <testcase classname="com.ibm.rdm.client.api.tests.ProjectTemplateServiceTest" endTimestamp="2014-03-18T10:39:55" id="8b0fa017-1272-43ae-84c3-07343c1b20c4" name="testCreateProjectTemplateTags" startTimestamp="2014-03-18T10:39:41" time="14.325" />
  <testcase classname="com.ibm.rdm.client.api.tests.ProjectTemplateServiceTest" endTimestamp="2014-03-18T10:40:10" id="dbc4e6c1-eebe-4bea-bb8e-79cc7b1e7d59" name="testCreateProjectTemplateInverseWithoutViews" startTimestamp="2014-03-18T10:39:55" time="14.347" />
  <testcase classname="com.ibm.rdm.client.api.tests.ProjectTemplateServiceTest" endTimestamp="2014-03-18T10:40:23" id="1aa880a5-5d31-4041-8bd0-3e09923c7282" name="testPostProjectTemplate_Options" startTimestamp="2014-03-18T10:40:10" time="12.778" />
  <testcase classname="com.ibm.rdm.client.api.tests.ProjectTemplateServiceTest" endTimestamp="2014-03-18T10:40:28" id="292a2238-d038-4f35-aa4f-8867d43c2c9a" name="testUpdateProjectTemplateWithNewProjectUrl" startTimestamp="2014-03-18T10:40:23" time="5.459" />
  <testcase classname="com.ibm.rdm.client.api.tests.ProjectTemplateServiceTest" endTimestamp="2014-03-18T10:40:35" id="efd2d20f-3e98-4c1e-837b-95652362e5d8" name="testCreateBaseTemplate" startTimestamp="2014-03-18T10:40:28" time="6.701" />
  <testcase classname="com.ibm.rdm.client.api.tests.ProjectTemplateServiceTest" endTimestamp="2014-03-18T10:40:35" id="91dbb951-b855-4dfa-a960-a533787d16d8" name="testGetDefaultProjectTemplate" startTimestamp="2014-03-18T10:40:35" time="0.067" />
  <testcase classname="com.ibm.rdm.client.api.tests.ProjectTemplateServiceTest" endTimestamp="2014-03-18T10:40:35" id="d150317a-09b7-4371-a63c-0657f60e8cce" name="testCreateProjectTemplateAll" startTimestamp="2014-03-18T10:40:35" time="0.0" />
  <testcase classname="com.ibm.rdm.client.api.tests.ProjectTemplateServiceTest" endTimestamp="2014-03-18T10:40:48" id="eed9677e-558d-4936-baed-e721a34b948f" name="testApplyProjectTemplate" startTimestamp="2014-03-18T10:40:35" time="12.995" />
  <testcase classname="com.ibm.rdm.client.api.tests.ProjectTemplateServiceTest" endTimestamp="2014-03-18T10:40:48" id="a0faf716-33d5-4cfd-8bd7-731a920cd514" name="testCreateProjectTemplateOnArchivedProject" startTimestamp="2014-03-18T10:40:48" time="0.0" />
  <testcase classname="com.ibm.rdm.client.api.tests.ProjectTemplateServiceTest" endTimestamp="2014-03-18T10:40:53" id="4ba51107-c03c-41c4-a1bf-dda6ffb91a10" name="testGlobalAccessToProjectTemplates" startTimestamp="2014-03-18T10:40:48" time="5.646" />
  <testcase classname="com.ibm.rdm.client.api.tests.ProjectTemplateServiceTest" endTimestamp="2014-03-18T10:41:17" id="0502ba52-18ce-47bc-a8f2-99964f6b98c5" name="testCreateProjectTemplateWithRequirementEnum" startTimestamp="2014-03-18T10:40:53" time="23.276" />
  <testcase classname="com.ibm.rdm.client.api.tests.RequirementServiceTest" endTimestamp="2014-03-18T10:41:29" id="69c33e09-51e7-47fe-81bc-57b7d02ee394" name="testInvaldExternalAttributeDefinition" startTimestamp="2014-03-18T10:41:17" time="11.957" />
  <testcase classname="com.ibm.rdm.client.api.tests.RequirementServiceTest" endTimestamp="2014-03-18T10:41:33" id="b2c70154-3151-4f65-bb98-4342e9d9a401" name="testInvalidIncorrectArtifactFormat" startTimestamp="2014-03-18T10:41:29" time="4.227" />
  <testcase classname="com.ibm.rdm.client.api.tests.RequirementServiceTest" endTimestamp="2014-03-18T10:41:33" id="b0749f11-a1ee-4688-8b23-90b7bdaf5c8a" name="test_FAILING_DUE_TO_32913_CreateThenGetOSLCRequirements_FAILING_DUE_TO_32913" startTimestamp="2014-03-18T10:41:33" time="0.0" />
  <testcase classname="com.ibm.rdm.client.api.tests.RequirementServiceTest" endTimestamp="2014-03-18T10:41:34" id="c48b392d-20b0-4dd5-9c3e-eb2f1eda65fa" name="testQueryNameAndDescriptionExample" startTimestamp="2014-03-18T10:41:33" time="1.532" />
  <testcase classname="com.ibm.rdm.client.api.tests.RequirementServiceTest" endTimestamp="2014-03-18T10:41:38" id="c66e33ff-0d4f-4760-8526-7933f085213b" name="testRequirementMultiValueValidation" startTimestamp="2014-03-18T10:41:34" time="3.977" />
  <testcase classname="com.ibm.rdm.client.api.tests.RequirementServiceTest" endTimestamp="2014-03-18T10:41:45" id="c2ef79c3-5bf4-41a5-9fef-d57679c61517" name="testRequirementMultiValuePerformance500Attributes" startTimestamp="2014-03-18T10:41:38" time="6.731" />
  <testcase classname="com.ibm.rdm.client.api.tests.RequirementServiceTest" endTimestamp="2014-03-18T10:41:50" id="185abbba-dbab-4f99-be79-f1709ac5d1d4" name="testRequirementModifyExistingAttributes" startTimestamp="2014-03-18T10:41:45" time="5.131" />
  <testcase classname="com.ibm.rdm.client.api.tests.RequirementServiceTest" endTimestamp="2014-03-18T10:42:02" id="8a40fc5b-5329-4648-9021-868bf1099a1c" name="testDescribeMultipleRequirements" startTimestamp="2014-03-18T10:41:50" time="11.578" />
  <testcase classname="com.ibm.rdm.client.api.tests.RequirementServiceTest" endTimestamp="2014-03-18T10:42:05" id="b17e6115-9bb0-4ce7-aa6a-78277b7ad4fc" name="testRequirementMultiValueAttributes" startTimestamp="2014-03-18T10:42:02" time="3.615" />
  <testcase classname="com.ibm.rdm.client.api.tests.RequirementServiceTest" endTimestamp="2014-03-18T10:42:07" id="c8ea0789-4924-4c98-983a-bacde1df55d9" name="testPOSTAndPUTXhtmlWithRelativeLinkUriElementsReturnsAbsoluteUrisOnGET" startTimestamp="2014-03-18T10:42:05" time="1.271" />
  <testcase classname="com.ibm.rdm.client.api.tests.RequirementServiceTest" endTimestamp="2014-03-18T10:42:08" id="29b9310c-e53e-4a39-8d09-d2940f657994" name="testQueryNameAndDescriptionExampleComplex" startTimestamp="2014-03-18T10:42:07" time="1.189" />
  <testcase classname="com.ibm.rdm.client.api.tests.RequirementServiceTest" endTimestamp="2014-03-18T10:42:09" id="89bb9766-453f-4ea4-876d-e9a49423e6f5" name="testPUTValidationInvalidXhtml" startTimestamp="2014-03-18T10:42:08" time="1.04" />
  <testcase classname="com.ibm.rdm.client.api.tests.RequirementServiceTest" endTimestamp="2014-03-18T10:42:09" id="b60f4cfa-969b-4919-b96f-9be8d2c20f49" name="testMultFetchMultipleRequirementAfterCreation" startTimestamp="2014-03-18T10:42:09" time="0.0" />
  <testcase classname="com.ibm.rdm.client.api.tests.RequirementServiceTest" endTimestamp="2014-03-18T10:42:11" id="9f65c54d-4c91-4548-ac69-062695ac8d49" name="testUUID" startTimestamp="2014-03-18T10:42:09" time="1.625" />
  <testcase classname="com.ibm.rdm.client.api.tests.RequirementServiceTest" endTimestamp="2014-03-18T10:42:15" id="c587b206-a791-441c-aa18-7f7dad1f6737" name="testOnlyAddNewRequirementType" startTimestamp="2014-03-18T10:42:11" time="4.663" />
  <testcase classname="com.ibm.rdm.client.api.tests.RequirementServiceTest" endTimestamp="2014-03-18T10:42:16" id="ee86382b-9258-412a-b825-8f55f611933f" name="testPOSTAndPUTXhtmlWithAbsoluteLinkUriElementsMaintainsAbsoluteUrisOnGET" startTimestamp="2014-03-18T10:42:15" time="1.243" />
  <testcase classname="com.ibm.rdm.client.api.tests.RequirementServiceTest" endTimestamp="2014-03-18T10:42:27" id="cc31cd72-d52d-4f06-acb0-dd76be13adeb" name="testRequirementAddNewRequirementType" startTimestamp="2014-03-18T10:42:16" time="10.624" />
  <testcase classname="com.ibm.rdm.client.api.tests.RequirementServiceTest" endTimestamp="2014-03-18T10:42:27" id="188ae5f6-42c2-4ae6-9a5f-823b316648b4" name="testValidateMandatory" startTimestamp="2014-03-18T10:42:27" time="0.0" />
  <testcase classname="com.ibm.rdm.client.api.tests.RequirementServiceTest" endTimestamp="2014-03-18T10:42:34" id="1175bb54-cd3a-4c9d-97ef-0d01b188c9b5" name="testRequirementGETDoesNotReturnDenormalizedProperties" startTimestamp="2014-03-18T10:42:27" time="6.731" />
  <testcase classname="com.ibm.rdm.client.api.tests.RequirementServiceTest" endTimestamp="2014-03-18T10:42:38" id="c539b702-7447-4693-a13d-442e8662abdf" name="testValidateInvaldRequirementTypes" startTimestamp="2014-03-18T10:42:34" time="3.857" />
  <testcase classname="com.ibm.rdm.client.api.tests.RequirementServiceTest" endTimestamp="2014-03-18T10:43:02" id="79c599c4-537d-4fa5-9fce-e322ed4e327d" name="testRequirementCRUD" startTimestamp="2014-03-18T10:42:38" time="24.299" />
  <testcase classname="com.ibm.rdm.client.api.tests.RequirementServiceTest" endTimestamp="2014-03-18T10:43:05" id="3930381a-91d2-499f-b0ee-d376d0f344b9" name="testRequirementRevision" startTimestamp="2014-03-18T10:43:02" time="3.271" />
  <testcase classname="com.ibm.rdm.client.api.tests.RequirementServiceTest" endTimestamp="2014-03-18T10:43:09" id="44a56c41-0c95-4bbd-b123-253ccf1e5dfb" name="testInvalidIncorrectJena" startTimestamp="2014-03-18T10:43:05" time="4.188" />
  <testcase classname="com.ibm.rdm.client.api.tests.RequirementServiceTest" endTimestamp="2014-03-18T10:43:10" id="672bc8c7-19ae-4396-99bf-8f19736b7b4d" name="testPOSTtValidationInvalidXhtml" startTimestamp="2014-03-18T10:43:09" time="0.453" />
  <testcase classname="com.ibm.rdm.client.api.tests.RequirementServiceTest" endTimestamp="2014-03-18T10:43:14" id="3aaba262-82b0-4088-a5be-835742105fa8" name="testRequirementRemoveExistingAttributes" startTimestamp="2014-03-18T10:43:10" time="3.983" />
  <testcase classname="com.ibm.rdm.client.api.tests.RequirementServiceTest" endTimestamp="2014-03-18T10:43:14" id="98e2caa9-67a3-4847-8ea5-dd6f1dc7e7d0" name="testValidationNonExistentRequirementType" startTimestamp="2014-03-18T10:43:14" time="0.448" />
  <testcase classname="com.ibm.rdm.client.api.tests.RequirementServiceTest" endTimestamp="2014-03-18T10:43:21" id="b077a8fb-e3d6-4365-bc4a-35437f7756e9" name="testRequirementAddNewAttributes" startTimestamp="2014-03-18T10:43:14" time="7.063" />
  <testcase classname="com.ibm.rdm.client.api.tests.RequirementServiceTest" endTimestamp="2014-03-18T10:43:38" id="e1f35873-4958-4d31-aed5-d96b54f77d4d" name="testCreateThenGetRequirementsDoorsStyle" startTimestamp="2014-03-18T10:43:21" time="17.078" />
  <testcase classname="com.ibm.rdm.client.api.tests.RequirementServiceTest" endTimestamp="2014-03-18T10:43:39" id="58168f89-0089-44ef-9b32-23aeca604825" name="testGetAbsoluteURI" startTimestamp="2014-03-18T10:43:38" time="0.871" />
  <testcase classname="com.ibm.rdm.client.api.tests.RequirementServiceTest" endTimestamp="2014-03-18T10:43:41" id="e69c6503-de56-4549-8196-9d073f5acad0" name="testRequirementNameAndDescriptionExample" startTimestamp="2014-03-18T10:43:39" time="1.283" />
  <testcase classname="com.ibm.rdm.client.api.tests.RequirementServiceTest" endTimestamp="2014-03-18T10:43:41" id="4b4c37f1-4569-443a-954f-932a8b1af13f" name="testGetArtifactFormatFromArtifact" startTimestamp="2014-03-18T10:43:41" time="0.858" />
  <testcase classname="com.ibm.rdm.client.api.tests.RequirementServiceTest" endTimestamp="2014-03-18T10:43:43" id="cb62d62d-91c3-4bc5-99d4-2c5d39b8d6c3" name="testGetSystemProperties" startTimestamp="2014-03-18T10:43:41" time="1.195" />
  <testcase classname="com.ibm.rdm.client.api.tests.RequirementServiceTest" endTimestamp="2014-03-18T10:43:43" id="51e625b2-7938-4a96-b7b1-b7c81ac51c27" name="testMultFetchMultipleRequirements" startTimestamp="2014-03-18T10:43:43" time="0.0" />
  <testcase classname="com.ibm.rdm.client.api.tests.RequirementServiceTest" endTimestamp="2014-03-18T10:43:53" id="fcf6c96d-2872-420c-816a-7789fc175505" name="testEndToEndMigrationScenario" startTimestamp="2014-03-18T10:43:43" time="10.806" />
  <testcase classname="com.ibm.rdm.client.api.tests.RequirementServiceTest" endTimestamp="2014-03-18T10:44:08" id="d375ca58-83dd-4506-bdc5-64c8240001fd" name="testCreateThenGetRequirements" startTimestamp="2014-03-18T10:43:53" time="14.276" />
  <testcase classname="com.ibm.rdm.client.api.tests.RequirementServiceTest" endTimestamp="2014-03-18T10:44:13" id="b3502ee3-bea2-48be-840a-f3dba215ced2" name="testQueryForRequirements" startTimestamp="2014-03-18T10:44:08" time="5.662" />
  <testcase classname="com.ibm.rdm.client.api.tests.RequirementServiceTest" endTimestamp="2014-03-18T10:44:13" id="3c4ee7c4-a515-4b8c-902f-1c0fc86b0ee8" name="testIndexer" startTimestamp="2014-03-18T10:44:13" time="0.0" />
  <testcase classname="com.ibm.rdm.client.api.tests.RequirementServiceTest" endTimestamp="2014-03-18T10:44:16" id="56b560db-ffd1-4399-a6c1-edd876871ba3" name="testNonRequirementArtifactCRUD" startTimestamp="2014-03-18T10:44:13" time="2.123" />
  <testcase classname="com.ibm.rdm.client.api.tests.RequirementServiceTest" endTimestamp="2014-03-18T10:44:21" id="f4958368-d690-4ad9-b021-3ac9b8ad85a7" name="testValidateNonExistentAttributes" startTimestamp="2014-03-18T10:44:16" time="4.967" />
  <testcase classname="com.ibm.rdm.client.api.tests.RequirementServiceTest" endTimestamp="2014-03-18T10:44:22" id="2aa50141-9c02-4332-9f7f-dd34ca4349ad" name="testGetDetails" startTimestamp="2014-03-18T10:44:21" time="1.913" />
  <testcase classname="com.ibm.rdm.client.api.tests.RequirementServiceTest" endTimestamp="2014-03-18T10:44:26" id="9f69eb10-f4d3-4a10-a6f1-947a1212e58a" name="testQueryForNestedPropertiesNameAndDescription" startTimestamp="2014-03-18T10:44:22" time="3.176" />
  <testcase classname="com.ibm.rdm.client.api.tests.RequirementServiceTest" endTimestamp="2014-03-18T10:44:48" id="6f017917-2aa5-44c4-9c02-12d5d1937183" name="testCreateThenQueryRequirements" startTimestamp="2014-03-18T10:44:26" time="22.03" />
  <testcase classname="com.ibm.rdm.client.api.tests.RequirementServiceTest" endTimestamp="2014-03-18T10:44:53" id="c8479848-7648-4153-8059-e78af1df5001" name="testNonRequirementGlossaryCRUD" startTimestamp="2014-03-18T10:44:48" time="4.945" />
  <testcase classname="com.ibm.rdm.client.api.tests.ReviewServiceTest" endTimestamp="2014-03-18T10:45:04" id="bf43e1d1-a980-4a44-9043-23b721907267" name="testGetReviewsByNamedQuery" startTimestamp="2014-03-18T10:44:53" time="10.973" />
  <testcase classname="com.ibm.rdm.client.api.tests.ReviewServiceTest" endTimestamp="2014-03-18T10:45:12" id="e33a6e0d-3c99-4cc1-a7b6-7ffb411078bf" name="testGetParticipantResultsForAUser" startTimestamp="2014-03-18T10:45:04" time="8.589" />
  <testcase classname="com.ibm.rdm.client.api.tests.ReviewServiceTest" endTimestamp="2014-03-18T10:45:15" id="2f9e85c2-4412-4b71-801c-54f8d360dc7e" name="testParticipantResultConcurrentUpdate" startTimestamp="2014-03-18T10:45:12" time="2.708" />
  <testcase classname="com.ibm.rdm.client.api.tests.ReviewServiceTest" endTimestamp="2014-03-18T10:45:16" id="819360ea-6066-45f2-9ba6-9b6a0318ac9a" name="testInvalidReviewCauses403" startTimestamp="2014-03-18T10:45:15" time="0.832" />
  <testcase classname="com.ibm.rdm.client.api.tests.ReviewServiceTest" endTimestamp="2014-03-18T10:45:17" id="314581d1-15a7-417c-b74e-545a03d11b4e" name="testAddingPropertiesOnPutOK" startTimestamp="2014-03-18T10:45:16" time="1.082" />
  <testcase classname="com.ibm.rdm.client.api.tests.ReviewServiceTest" endTimestamp="2014-03-18T10:45:23" id="068a27af-5b53-44e6-92a8-794e63a507e9" name="testGetParticipantResultsForAReviewWith10Artifacts" startTimestamp="2014-03-18T10:45:17" time="6.014" />
  <testcase classname="com.ibm.rdm.client.api.tests.ReviewServiceTest" endTimestamp="2014-03-18T10:45:24" id="98d91f00-3e1a-434e-99bc-cfdc887dedef" name="testReviewConcurency" startTimestamp="2014-03-18T10:45:23" time="1.144" />
  <testcase classname="com.ibm.rdm.client.api.tests.ReviewServiceTest" endTimestamp="2014-03-18T10:45:25" id="e7c59e03-1b18-4cbf-9a47-032b8603756b" name="testReviewCRUDAbsoluteUrls" startTimestamp="2014-03-18T10:45:24" time="0.794" />
  <testcase classname="com.ibm.rdm.client.api.tests.ReviewServiceTest" endTimestamp="2014-03-18T10:45:28" id="35c3eef3-b94f-4ce0-9f43-37b087853636" name="testReviewSetToReviewedWhenAllParticipantSetToOptional" startTimestamp="2014-03-18T10:45:25" time="3.651" />
  <testcase classname="com.ibm.rdm.client.api.tests.ReviewServiceTest" endTimestamp="2014-03-18T10:45:29" id="8169d1bf-cd89-459f-aa3e-27d82bd6d1d5" name="test409ForDuplicateResultPosts" startTimestamp="2014-03-18T10:45:28" time="1.117" />
  <testcase classname="com.ibm.rdm.client.api.tests.ReviewServiceTest" endTimestamp="2014-03-18T10:45:39" id="1cec8c22-684f-4cfb-9e96-285273c015d8" name="testReviewSetToReviewedWhenAllParticipantsDone" startTimestamp="2014-03-18T10:45:29" time="9.539" />
  <testcase classname="com.ibm.rdm.client.api.tests.ReviewServiceTest" endTimestamp="2014-03-18T10:45:39" id="ed52f3e7-e0f1-4454-a6f2-a6cc85c2adbd" name="testCleanUp" startTimestamp="2014-03-18T10:45:39" time="0.242" />
  <testcase classname="com.ibm.rdm.client.api.tests.ReviewServiceTest" endTimestamp="2014-03-18T10:45:41" id="1c15e956-f82a-4e6b-9804-d3068a6ead49" name="testParticipantResultCRUDAbsoluteUrls" startTimestamp="2014-03-18T10:45:39" time="1.521" />
  <testcase classname="com.ibm.rdm.client.api.tests.ReviewServiceTest" endTimestamp="2014-03-18T10:45:42" id="78028062-98c0-4e5c-93e6-f6742f4a9fa9" name="testInvalidParticipantResultUpdateForRoleCauses403" startTimestamp="2014-03-18T10:45:41" time="1.713" />
  <testcase classname="com.ibm.rdm.client.api.tests.ReviewServiceTest" endTimestamp="2014-03-18T10:45:55" id="ee796bab-2fed-463e-a857-0ef52d0bf4f8" name="testGetParticipantResultsForAReview" startTimestamp="2014-03-18T10:45:42" time="12.768" />
  <testcase classname="com.ibm.rdm.client.api.tests.ReviewServiceTest" endTimestamp="2014-03-18T10:46:02" id="f3982dfb-3e09-4850-a9e9-179817e8e069" name="testGetReviewsForProject" startTimestamp="2014-03-18T10:45:55" time="6.805" />
  <testcase classname="com.ibm.rdm.client.api.tests.ReviewServiceTest" endTimestamp="2014-03-18T10:46:03" id="a4800f56-b336-44dd-b71f-0edbf8a36d49" name="testReviewCRUDRelativeUrls" startTimestamp="2014-03-18T10:46:02" time="1.094" />
  <testcase classname="com.ibm.rdm.client.api.tests.ReviewServiceTest" endTimestamp="2014-03-18T10:46:04" id="87a36ad2-d2b3-4ce0-8d74-9c82a6d68c2d" name="testContentTypeAppendedWithCharsetHandled" startTimestamp="2014-03-18T10:46:03" time="1.181" />
  <testcase classname="com.ibm.rdm.client.api.tests.ReviewServiceTest" endTimestamp="2014-03-18T10:46:05" id="aa0b1881-0951-4b7d-a120-62ea979fdf0b" name="testUseInvalidDueDate" startTimestamp="2014-03-18T10:46:04" time="0.817" />
  <testcase classname="com.ibm.rdm.client.api.tests.ReviewServiceTest" endTimestamp="2014-03-18T10:46:06" id="ff5305e6-306b-4c30-9e33-67c432b4efa0" name="testParticipantResultCRUDRelativeUrls" startTimestamp="2014-03-18T10:46:05" time="1.136" />
  <testcase classname="com.ibm.rdm.client.api.tests.ReviewServiceTest" endTimestamp="2014-03-18T10:46:09" id="46608b26-3ab0-4995-9274-de2377bfee45" name="testReviewWalkOver" startTimestamp="2014-03-18T10:46:06" time="3.127" />
  <testcase classname="com.ibm.rdm.client.api.tests.ReviewServiceTest" endTimestamp="2014-03-18T10:46:17" id="47d47d54-93d6-4617-bc0e-1e69efefdfd0" name="testGetParticipantResultsForAReviewImmediatelyAfterPUT" startTimestamp="2014-03-18T10:46:09" time="7.691" />
  <testcase classname="com.ibm.rdm.client.api.tests.RootContextUrLRedirectTest" endTimestamp="2014-03-18T10:46:21" id="94cb79c6-8455-4740-9a02-1875cba09a3c" name="testContextRootRedirect" startTimestamp="2014-03-18T10:46:17" time="4.173" />
  <testcase classname="com.ibm.rdm.client.api.tests.RootServicesAndScrSmokeTest" endTimestamp="2014-03-18T10:46:21" id="43bb6bd3-8806-46cf-b430-54de0e3b8b3b" name="testRootServicesAndScrDocuments" startTimestamp="2014-03-18T10:46:21" time="0.019" />
  <testcase classname="com.ibm.rdm.client.api.tests.ServiceDocumentServiceTest" endTimestamp="2014-03-18T10:46:25" id="2458decf-326a-424f-9ea6-53f2be86a53c" name="testGetServices" startTimestamp="2014-03-18T10:46:21" time="3.724" />
  <testcase classname="com.ibm.rdm.client.api.tests.ServiceDocumentServiceTest" endTimestamp="2014-03-18T10:46:25" id="ac2e5131-f8f8-4461-bae4-cfca81515905" name="testGet" startTimestamp="2014-03-18T10:46:25" time="0.0040" />
  <testcase classname="com.ibm.rdm.client.api.tests.ServiceDocumentServiceTest" endTimestamp="2014-03-18T10:46:25" id="443ba03c-bfc3-4f70-88c4-26e6edfd7710" name="testGetJFSProperties" startTimestamp="2014-03-18T10:46:25" time="0.0040" />
  <testcase classname="com.ibm.rdm.client.api.tests.ServiceDocumentServiceTest" endTimestamp="2014-03-18T10:46:25" id="92d9601e-3325-4809-8036-a2a5e534d3f9" name="testHeadProjectServiceDocument" startTimestamp="2014-03-18T10:46:25" time="0.0030" />
  <testcase classname="com.ibm.rdm.client.api.tests.ServiceDocumentServiceTest" endTimestamp="2014-03-18T10:46:25" id="2b3c3806-ee65-4596-8466-ee3c162a6ba8" name="testGetJFSServices" startTimestamp="2014-03-18T10:46:25" time="0.326" />
  <testcase classname="com.ibm.rdm.client.api.tests.TagServiceTest" endTimestamp="2014-03-18T10:46:34" id="c24e956c-ecf3-4c96-87d9-ca6bd5496571" name="testGetTagsGivenResource" startTimestamp="2014-03-18T10:46:25" time="9.096" />
  <testcase classname="com.ibm.rdm.client.api.tests.TagServiceTest" endTimestamp="2014-03-18T10:46:35" id="5bc55860-6648-4ec3-99df-b7dcd59bcf4d" name="testGetPublicTag" startTimestamp="2014-03-18T10:46:34" time="0.441" />
  <testcase classname="com.ibm.rdm.client.api.tests.TagServiceTest" endTimestamp="2014-03-18T10:46:35" id="8308eb3d-73e6-4814-a86c-e3b52a3db217" name="testUpdatePublicTag" startTimestamp="2014-03-18T10:46:35" time="0.546" />
  <testcase classname="com.ibm.rdm.client.api.tests.TagServiceTest" endTimestamp="2014-03-18T10:46:36" id="e0f6a8ac-763c-4334-ba96-a20387cee39d" name="testTwoUsers" startTimestamp="2014-03-18T10:46:35" time="0.651" />
  <testcase classname="com.ibm.rdm.client.api.tests.TagServiceTest" endTimestamp="2014-03-18T10:46:42" id="b130aa21-218c-41b5-98c7-39c6b9dcb300" name="testUnTagResources" startTimestamp="2014-03-18T10:46:36" time="6.22" />
  <testcase classname="com.ibm.rdm.client.api.tests.TagServiceTest" endTimestamp="2014-03-18T10:46:43" id="89ebc313-ca43-4ffe-8b6b-f0fb1c378312" name="testCreatePublicTagWithUTF8" startTimestamp="2014-03-18T10:46:42" time="0.314" />
  <testcase classname="com.ibm.rdm.client.api.tests.TagServiceTest" endTimestamp="2014-03-18T10:46:43" id="d87e2aca-08d8-49e9-9b56-3644b33940e3" name="testCreatePrivateTag" startTimestamp="2014-03-18T10:46:43" time="0.478" />
  <testcase classname="com.ibm.rdm.client.api.tests.TagServiceTest" endTimestamp="2014-03-18T10:46:43" id="c9fe6170-d68d-4ebd-9f67-9ae2b418277c" name="testUpdateNonExistentTag" startTimestamp="2014-03-18T10:46:43" time="0.056" />
  <testcase classname="com.ibm.rdm.client.api.tests.TagServiceTest" endTimestamp="2014-03-18T10:46:44" id="fb00d2a9-97e3-4609-8d46-b0269737b41b" name="testQueryForTagScope" startTimestamp="2014-03-18T10:46:43" time="0.342" />
  <testcase classname="com.ibm.rdm.client.api.tests.TagServiceTest" endTimestamp="2014-03-18T10:46:44" id="cac8d2c2-86e9-404e-bac4-45c5a9628925" name="testQueryForTagTitle" startTimestamp="2014-03-18T10:46:44" time="0.349" />
  <testcase classname="com.ibm.rdm.client.api.tests.TagServiceTest" endTimestamp="2014-03-18T10:46:49" id="468ade0e-19af-4516-b264-e43188ae5ad7" name="testPrivatelyAndPublicallyTagResources" startTimestamp="2014-03-18T10:46:44" time="5.037" />
  <testcase classname="com.ibm.rdm.client.api.tests.TagServiceTest" endTimestamp="2014-03-18T10:46:52" id="5ae413e6-bab8-4359-ada0-1222b634c554" name="testUnTagResourceWithNonExistentTag" startTimestamp="2014-03-18T10:46:49" time="3.511" />
  <testcase classname="com.ibm.rdm.client.api.tests.TagServiceTest" endTimestamp="2014-03-18T10:46:53" id="9119fa74-91b3-4e85-bad3-490ed117a964" name="testCreatePublicTag" startTimestamp="2014-03-18T10:46:52" time="0.36" />
  <testcase classname="com.ibm.rdm.client.api.tests.TagServiceTest" endTimestamp="2014-03-18T10:46:53" id="3e4f3dcb-0bd3-43e1-b80d-6aa3e9ec21dc" name="testGetNonExistentTag" startTimestamp="2014-03-18T10:46:53" time="0.064" />
  <testcase classname="com.ibm.rdm.client.api.tests.TagServiceTest" endTimestamp="2014-03-18T10:46:53" id="6785a47a-a35d-4b32-8854-697152c302c8" name="testGetTaggedResourcesFeedTagForNonExistentTag" startTimestamp="2014-03-18T10:46:53" time="0.058" />
  <testcase classname="com.ibm.rdm.client.api.tests.TagServiceTest" endTimestamp="2014-03-18T10:46:53" id="04333f47-a172-4a7b-b050-e358e82c3a2c" name="testDeleteNonExistentTag" startTimestamp="2014-03-18T10:46:53" time="0.057" />
  <testcase classname="com.ibm.rdm.client.api.tests.TagServiceTest" endTimestamp="2014-03-18T10:46:53" id="ba203b53-7ea5-4897-a864-fa7a50695297" name="testHeadPublicTag" startTimestamp="2014-03-18T10:46:53" time="0.418" />
  <testcase classname="com.ibm.rdm.client.api.tests.TagServiceTest" endTimestamp="2014-03-18T10:46:59" id="d5030036-f588-4283-8a3d-ef32b874031c" name="testQueryForTaggedResources" startTimestamp="2014-03-18T10:46:53" time="5.963" />
  <testcase classname="com.ibm.rdm.client.api.tests.TagServiceTest" endTimestamp="2014-03-18T10:46:59" id="4b0b2a88-0a72-4cbc-820e-1fd9cf130f0c" name="testGetTagsGivenResourceInBaseline" startTimestamp="2014-03-18T10:46:59" time="0.0" />
  <testcase classname="com.ibm.rdm.client.api.tests.TagServiceTest" endTimestamp="2014-03-18T10:47:03" id="39b4f346-4b5a-46e4-a12e-79f8f454788b" name="testPublicallyTagResourceWithNonExistentTag" startTimestamp="2014-03-18T10:46:59" time="3.956" />
  <testcase classname="com.ibm.rdm.client.api.tests.TagServiceTest" endTimestamp="2014-03-18T10:47:09" id="de67b050-f756-4992-9d36-0e28042382ed" name="testPrivatelyTagResources" startTimestamp="2014-03-18T10:47:03" time="5.379" />
  <testcase classname="com.ibm.rdm.client.api.tests.TagServiceTest" endTimestamp="2014-03-18T10:47:15" id="f017c79b-4143-49fc-8e67-ad8f4bc75f87" name="testGetTaggedResourcesFeedAfterUntag" startTimestamp="2014-03-18T10:47:09" time="6.563" />
  <testcase classname="com.ibm.rdm.client.api.tests.TagServiceTest" endTimestamp="2014-03-18T10:47:15" id="bf7e171a-e41c-46c5-8689-109f31cf3524" name="testGetTagsGivenResourceInBaselineInvalidParameters" startTimestamp="2014-03-18T10:47:15" time="0.0" />
  <testcase classname="com.ibm.rdm.client.api.tests.TagServiceTest" endTimestamp="2014-03-18T10:47:21" id="14316e81-7170-46e9-9c6e-39e05702d677" name="testGetTagsGivenResourceAfterDelete" startTimestamp="2014-03-18T10:47:15" time="5.333" />
  <testcase classname="com.ibm.rdm.client.api.tests.TagServiceTest" endTimestamp="2014-03-18T10:47:21" id="c7028bb5-1c4a-4118-ad4c-db8ecf3d9d86" name="testHeadNonExistentTag" startTimestamp="2014-03-18T10:47:21" time="0.061" />
  <testcase classname="com.ibm.rdm.client.api.tests.TagServiceTest" endTimestamp="2014-03-18T10:47:21" id="0c5b0fbe-a7c0-4d50-9ecc-75aeeb1819b0" name="testGetTaggedResourcesAfterTagInBaselineInvalidParameters" startTimestamp="2014-03-18T10:47:21" time="0.0" />
  <testcase classname="com.ibm.rdm.client.api.tests.TagServiceTest" endTimestamp="2014-03-18T10:47:26" id="7d2c03bd-8a32-4b16-8219-f7b0e5be9fb2" name="testGetTaggedResourcesAfterTagSlashInTagName" startTimestamp="2014-03-18T10:47:21" time="5.101" />
  <testcase classname="com.ibm.rdm.client.api.tests.TagServiceTest" endTimestamp="2014-03-18T10:47:33" id="b3e1f738-77f1-4677-9cac-77742a962030" name="testDenyAddTags" startTimestamp="2014-03-18T10:47:26" time="6.948" />
  <testcase classname="com.ibm.rdm.client.api.tests.TagServiceTest" endTimestamp="2014-03-18T10:47:38" id="f192e8d3-cbb6-4421-8061-93eab55bfabc" name="testGetTagsGivenResourcePrivate" startTimestamp="2014-03-18T10:47:33" time="5.478" />
  <testcase classname="com.ibm.rdm.client.api.tests.TagServiceTest" endTimestamp="2014-03-18T10:47:38" id="13d4a3a0-1754-42dc-952d-9aead272b1ba" name="testGetTaggedResourcesAfterTagInBaseline" startTimestamp="2014-03-18T10:47:38" time="0.0" />
  <testcase classname="com.ibm.rdm.client.api.tests.TagServiceTest" endTimestamp="2014-03-18T10:47:45" id="bb891777-2282-4163-b297-9e3fe35ff319" name="testDenyRemoveTags" startTimestamp="2014-03-18T10:47:38" time="7.08" />
  <testcase classname="com.ibm.rdm.client.api.tests.TagServiceTest" endTimestamp="2014-03-18T10:47:46" id="719083e5-8db2-4ec2-96e0-a048b0dfed4e" name="testQueryForTagDescription" startTimestamp="2014-03-18T10:47:45" time="0.573" />
  <testcase classname="com.ibm.rdm.client.api.tests.TagServiceTest" endTimestamp="2014-03-18T10:47:46" id="3c39e739-852d-4030-8332-e6f0e73d7886" name="testDeletePublicTagDojo" startTimestamp="2014-03-18T10:47:46" time="0.436" />
  <testcase classname="com.ibm.rdm.client.api.tests.TagServiceTest" endTimestamp="2014-03-18T10:47:47" id="b53f9ae8-053d-49d4-b9b7-da9cf2fb67a7" name="testDeletePublicTag" startTimestamp="2014-03-18T10:47:46" time="0.42" />
  <testcase classname="com.ibm.rdm.client.api.tests.TagServiceTest" endTimestamp="2014-03-18T10:47:52" id="ba5483db-e3d1-49c0-b04d-a4acff5459ed" name="testGetTaggedResourcesAfterTag" startTimestamp="2014-03-18T10:47:47" time="5.822" />
  <testcase classname="com.ibm.rdm.client.api.tests.TagServiceTest" endTimestamp="2014-03-18T10:48:00" id="9f41bc04-8868-4f8b-86b3-276d6f6f945e" name="testPublicallyTagResources" startTimestamp="2014-03-18T10:47:52" time="7.728" />
  <testcase classname="com.ibm.rdm.client.api.tests.TagsServiceTest" endTimestamp="2014-03-18T10:48:04" id="02277dbe-6b6a-495c-a74b-0082452b658b" name="testGetAllPrivateTagsInBaselineInvalidBaslineParameters" startTimestamp="2014-03-18T10:48:00" time="3.979" />
  <testcase classname="com.ibm.rdm.client.api.tests.TagsServiceTest" endTimestamp="2014-03-18T10:48:04" id="7350b1ff-8a0e-4a15-8aa2-7f29e6a83946" name="testGetAllPublicTagsAfterModificationInBaseline" startTimestamp="2014-03-18T10:48:04" time="0.0" />
  <testcase classname="com.ibm.rdm.client.api.tests.TagsServiceTest" endTimestamp="2014-03-18T10:48:04" id="7be7091f-6734-4a21-a1f3-ae920155785b" name="testDeleteAllTagsNotSupported" startTimestamp="2014-03-18T10:48:04" time="0.047" />
  <testcase classname="com.ibm.rdm.client.api.tests.TagsServiceTest" endTimestamp="2014-03-18T10:48:04" id="f969c201-6156-4502-b8d0-e9a3cd06cb44" name="testPutAllPublicTagsNotSupported" startTimestamp="2014-03-18T10:48:04" time="0.047" />
  <testcase classname="com.ibm.rdm.client.api.tests.TagsServiceTest" endTimestamp="2014-03-18T10:48:04" id="ddf736b1-796e-4c71-9462-5fb85fee2ec7" name="testHeadAllPrivateTagsNotSupported" startTimestamp="2014-03-18T10:48:04" time="0.047" />
  <testcase classname="com.ibm.rdm.client.api.tests.TagsServiceTest" endTimestamp="2014-03-18T10:48:15" id="4e4475ba-937f-41b7-a988-c36e2b7f5a8d" name="testGetAllPublicTagsIfNoneMatch" startTimestamp="2014-03-18T10:48:04" time="10.265" />
  <testcase classname="com.ibm.rdm.client.api.tests.TagsServiceTest" endTimestamp="2014-03-18T10:48:29" id="58f8ffb1-3f88-4ed8-b24f-d37f55480186" name="testGetAllTagsIfNoneMatch" startTimestamp="2014-03-18T10:48:15" time="14.654" />
  <testcase classname="com.ibm.rdm.client.api.tests.TagsServiceTest" endTimestamp="2014-03-18T10:48:44" id="1f09fc1a-5ebd-4de1-ba39-84cdce896407" name="testGetAllPrivateTags" startTimestamp="2014-03-18T10:48:29" time="14.8" />
  <testcase classname="com.ibm.rdm.client.api.tests.TagsServiceTest" endTimestamp="2014-03-18T10:48:44" id="9348cc7f-441c-40e1-96e3-1227248ed6df" name="testGetAllPrivateTagsInBaseline" startTimestamp="2014-03-18T10:48:44" time="0.0" />
  <testcase classname="com.ibm.rdm.client.api.tests.TagsServiceTest" endTimestamp="2014-03-18T10:48:44" id="e97b6022-0447-44eb-afdb-5cbbe72a7e36" name="testPostAllPublicTagsNotSupported" startTimestamp="2014-03-18T10:48:44" time="0.045" />
  <testcase classname="com.ibm.rdm.client.api.tests.TagsServiceTest" endTimestamp="2014-03-18T10:48:44" id="7148f285-62ca-479d-a78b-7826ea907060" name="testHeadAllTagsNotSupported" startTimestamp="2014-03-18T10:48:44" time="0.049" />
  <testcase classname="com.ibm.rdm.client.api.tests.TagsServiceTest" endTimestamp="2014-03-18T10:48:51" id="311aba1c-9cad-440d-9561-ce4ad71407c2" name="testGetAllPrivateTagsIfNoneMatch" startTimestamp="2014-03-18T10:48:44" time="6.806" />
  <testcase classname="com.ibm.rdm.client.api.tests.TagsServiceTest" endTimestamp="2014-03-18T10:48:51" id="3cbe63eb-396e-4316-8043-f98e0bd32257" name="testGetAllPublicTagsInBaselineInvalidParameters" startTimestamp="2014-03-18T10:48:51" time="0.0010" />
  <testcase classname="com.ibm.rdm.client.api.tests.TagsServiceTest" endTimestamp="2014-03-18T10:48:51" id="1d24a760-6845-4c39-a288-d44e0c11023b" name="testPostAllPrivateTagsNotSupported" startTimestamp="2014-03-18T10:48:51" time="0.048" />
  <testcase classname="com.ibm.rdm.client.api.tests.TagsServiceTest" endTimestamp="2014-03-18T10:49:02" id="e380478d-291a-4da9-8c93-6c58eca6b60b" name="testGetAllTags" startTimestamp="2014-03-18T10:48:51" time="11.05" />
  <testcase classname="com.ibm.rdm.client.api.tests.TagsServiceTest" endTimestamp="2014-03-18T10:49:19" id="2cd2315e-25ee-4d68-a19c-5afecf8fd36a" name="testGetAllPrivateTagsAfterModification" startTimestamp="2014-03-18T10:49:02" time="17.303" />
  <testcase classname="com.ibm.rdm.client.api.tests.TagsServiceTest" endTimestamp="2014-03-18T10:49:19" id="201a6c95-964f-4002-9697-1470340cac22" name="testPutAllTagsNotSupported" startTimestamp="2014-03-18T10:49:19" time="0.045" />
  <testcase classname="com.ibm.rdm.client.api.tests.TagsServiceTest" endTimestamp="2014-03-18T10:49:19" id="101cf3b6-df92-4fe5-ab14-021a542b2b93" name="testHeadAllPublicTagsNotSupported" startTimestamp="2014-03-18T10:49:19" time="0.048" />
  <testcase classname="com.ibm.rdm.client.api.tests.TagsServiceTest" endTimestamp="2014-03-18T10:49:19" id="bb54b886-0f75-43c8-87e9-773f3e7fb95b" name="testPutAllPrivateTagsNotSupported" startTimestamp="2014-03-18T10:49:19" time="0.048" />
  <testcase classname="com.ibm.rdm.client.api.tests.TagsServiceTest" endTimestamp="2014-03-18T10:49:20" id="3d3c408b-5152-4d01-b4db-e8f9a0967730" name="testDeleteAllPrivateTagsNotSupported" startTimestamp="2014-03-18T10:49:19" time="0.049" />
  <testcase classname="com.ibm.rdm.client.api.tests.TagsServiceTest" endTimestamp="2014-03-18T10:49:20" id="a9dac97a-6ed5-4943-a395-42241c7f19e5" name="testGetAllTagsInBaseline" startTimestamp="2014-03-18T10:49:20" time="0.0" />
  <testcase classname="com.ibm.rdm.client.api.tests.TagsServiceTest" endTimestamp="2014-03-18T10:49:38" id="fca01a2e-6d82-407e-b857-298d7416d95e" name="testGetAllPublicTagsAfterModificationWithProject" startTimestamp="2014-03-18T10:49:20" time="18.211" />
  <testcase classname="com.ibm.rdm.client.api.tests.TagsServiceTest" endTimestamp="2014-03-18T10:49:38" id="fad9aef0-f01e-4f05-a554-157dd4202437" name="testGetAllTagsInBaselineInvalidParameters" startTimestamp="2014-03-18T10:49:38" time="0.0" />
  <testcase classname="com.ibm.rdm.client.api.tests.TagsServiceTest" endTimestamp="2014-03-18T10:49:55" id="f7eaf1ad-9cb7-4e44-90f0-1e8702a0bcfb" name="testGetAllPublicTagsWithTolerance" startTimestamp="2014-03-18T10:49:38" time="16.927" />
  <testcase classname="com.ibm.rdm.client.api.tests.TagsServiceTest" endTimestamp="2014-03-18T10:50:22" id="f3d6571f-3b3a-4960-825b-2f3aeadd4c19" name="testGetAllTagsAfterModification" startTimestamp="2014-03-18T10:49:55" time="26.954" />
  <testcase classname="com.ibm.rdm.client.api.tests.TagsServiceTest" endTimestamp="2014-03-18T10:50:22" id="7e83a602-243b-428d-9d4d-881a7f99188c" name="testDeleteAllPublicTagsNotSupported" startTimestamp="2014-03-18T10:50:22" time="0.058" />
  <testcase classname="com.ibm.rdm.client.api.tests.TagsServiceTest" endTimestamp="2014-03-18T10:50:45" id="8bd67820-0eb6-4ca2-ad57-5cd42671d008" name="testGetAllPublicTagsAfterModification" startTimestamp="2014-03-18T10:50:22" time="23.589" />
  <testcase classname="com.ibm.rdm.client.api.tests.TagsServiceTest" endTimestamp="2014-03-18T10:51:00" id="566ef356-b05c-4c89-a154-cacad7f63a04" name="testGetAllPublicTagsWithUTF8" startTimestamp="2014-03-18T10:50:45" time="14.837" />
  <testcase classname="com.ibm.rdm.client.api.tests.TemplateServiceTest" endTimestamp="2014-03-18T10:51:15" id="9f62b40b-1634-4fba-8ac2-07782a64b296" name="testCreateApplyDeleteTemplate" startTimestamp="2014-03-18T10:51:00" time="15.033" />
  <testcase classname="com.ibm.rdm.client.api.tests.TemplateServiceTest" endTimestamp="2014-03-18T10:51:38" id="90c86186-669c-491d-8895-5f7cabd059d2" name="testQueryAllTemplatesOfAGivenTypeInProject" startTimestamp="2014-03-18T10:51:15" time="23.085" />
  <testcase classname="com.ibm.rdm.client.api.tests.TemplateServiceTest" endTimestamp="2014-03-18T10:51:57" id="8d2d849a-3a82-473f-9a1f-2459ad72e36e" name="testQueryAllTemplatesAssociatedWithArtifactInProject" startTimestamp="2014-03-18T10:51:38" time="18.418" />
  <testcase classname="com.ibm.rdm.client.api.tests.TemplateServiceTest" endTimestamp="2014-03-18T10:52:04" id="0f993a04-a5b4-4109-990d-cad5bfb3b44a" name="testApplyTemplateWithTitleDescOverrides" startTimestamp="2014-03-18T10:51:57" time="7.011" />
  <testcase classname="com.ibm.rdm.client.api.tests.TemplateServiceTest" endTimestamp="2014-03-18T10:52:11" id="de406c0e-8c21-4ceb-9b49-98e5f7c6b252" name="testCreateArtifactTemplateImportMode" startTimestamp="2014-03-18T10:52:04" time="7.191" />
  <testcase classname="com.ibm.rdm.client.api.tests.TemplateServiceTest" endTimestamp="2014-03-18T10:52:30" id="29e7cc86-6f33-42b0-8f8c-2a67696ef068" name="testQueryAllTemplatesInProject" startTimestamp="2014-03-18T10:52:11" time="19.173" />
  <testcase classname="com.ibm.rdm.client.api.tests.TemplateServiceTest" endTimestamp="2014-03-18T10:52:50" id="a9afca67-0c23-459b-b8d9-c968b806bb7e" name="testUpdateExistingArtifactTemplate" startTimestamp="2014-03-18T10:52:30" time="20.467" />
  <testcase classname="com.ibm.rdm.client.api.tests.TemplateServiceTest" endTimestamp="2014-03-18T10:52:56" id="e09f5e36-c341-466a-896c-22a8acdc4681" name="testCreateTemplateLargeDescription" startTimestamp="2014-03-18T10:52:50" time="5.83" />
  <testcase classname="com.ibm.rdm.client.api.tests.TemplateServiceTest" endTimestamp="2014-03-18T10:53:05" id="d201f137-2d91-4db5-b61f-91a89afda96a" name="testApplyTemplateWithFolderOverride" startTimestamp="2014-03-18T10:52:56" time="8.73" />
  <testcase classname="com.ibm.rdm.client.api.tests.TypeServiceTest" endTimestamp="2014-03-18T10:53:10" id="256e243a-b05a-465f-a9ea-94324b60c6ea" name="testAttributeType_NumericRange" startTimestamp="2014-03-18T10:53:05" time="4.666" />
  <testcase classname="com.ibm.rdm.client.api.tests.TypeServiceTest" endTimestamp="2014-03-18T10:53:11" id="6dd4ac2b-89a8-4e9a-813c-b7a47ad0624e" name="testAttributeDefinition_EnumDefaultValue" startTimestamp="2014-03-18T10:53:10" time="1.201" />
  <testcase classname="com.ibm.rdm.client.api.tests.TypeServiceTest" endTimestamp="2014-03-18T10:53:17" id="9cbedb63-e5a6-478d-b3d7-330760058cc6" name="testObjectTypeWithInvalidAttributes" startTimestamp="2014-03-18T10:53:11" time="6.174" />
  <testcase classname="com.ibm.rdm.client.api.tests.TypeServiceTest" endTimestamp="2014-03-18T10:53:22" id="97cf2d4f-d28a-45ec-866d-8dbc729e9137" name="testGetProjectTypeSystemFeed" startTimestamp="2014-03-18T10:53:17" time="4.773" />
  <testcase classname="com.ibm.rdm.client.api.tests.TypeServiceTest" endTimestamp="2014-03-18T10:53:23" id="f8c16d4c-3104-4d62-938d-a08741bdb2bd" name="testObjectTypeSameNameSameContext" startTimestamp="2014-03-18T10:53:22" time="1.141" />
  <testcase classname="com.ibm.rdm.client.api.tests.TypeServiceTest" endTimestamp="2014-03-18T10:53:24" id="e59fdb03-4cb1-41b6-988d-6bdff742a849" name="testPUTAttributeBadContentType" startTimestamp="2014-03-18T10:53:23" time="0.865" />
  <testcase classname="com.ibm.rdm.client.api.tests.TypeServiceTest" endTimestamp="2014-03-18T10:53:25" id="e7764e3c-c611-4959-a077-3a399521414a" name="testAttributeDefinition_SimpleDefaultValue" startTimestamp="2014-03-18T10:53:24" time="1.069" />
  <testcase classname="com.ibm.rdm.client.api.tests.TypeServiceTest" endTimestamp="2014-03-18T10:53:25" id="dd07be30-ba91-4fdb-a9a1-6288543d39a7" name="testArtifactsFormatImmutable" startTimestamp="2014-03-18T10:53:25" time="0.531" />
  <testcase classname="com.ibm.rdm.client.api.tests.TypeServiceTest" endTimestamp="2014-03-18T10:53:26" id="9feadc98-7d4d-4a03-a990-181d378e6dbf" name="testRefactoredFixtureComposingObjectType" startTimestamp="2014-03-18T10:53:25" time="0.612" />
  <testcase classname="com.ibm.rdm.client.api.tests.TypeServiceTest" endTimestamp="2014-03-18T10:53:27" id="e49d2022-3bf2-4de0-8784-5939273ec0ec" name="testTypeSameNameSameContext" startTimestamp="2014-03-18T10:53:26" time="1.188" />
  <testcase classname="com.ibm.rdm.client.api.tests.TypeServiceTest" endTimestamp="2014-03-18T10:53:27" id="fdbfa253-471b-4a05-ae8f-285eb9d48654" name="testGetProjectTypeSystemFeedInBaseline" startTimestamp="2014-03-18T10:53:27" time="0.0040" />
  <testcase classname="com.ibm.rdm.client.api.tests.TypeServiceTest" endTimestamp="2014-03-18T10:53:28" id="0c88babc-7b09-49d6-b9cb-00aa334a530c" name="testAttributeType_Enum" startTimestamp="2014-03-18T10:53:27" time="0.378" />
  <testcase classname="com.ibm.rdm.client.api.tests.TypeServiceTest" endTimestamp="2014-03-18T10:53:28" id="8f9140c4-777c-4bd8-a421-819e50caf3cd" name="testDeleteOnWellKnownType" startTimestamp="2014-03-18T10:53:28" time="0.388" />
  <testcase classname="com.ibm.rdm.client.api.tests.TypeServiceTest" endTimestamp="2014-03-18T10:53:28" id="e6136888-71ea-4904-81d7-898f34342c2b" name="testInvalidGetProjectTypeSystemFeed_NoContextHeader" startTimestamp="2014-03-18T10:53:28" time="0.053" />
  <testcase classname="com.ibm.rdm.client.api.tests.TypeServiceTest" endTimestamp="2014-03-18T10:53:31" id="a681bd3f-9f5f-4323-b66f-2e3b12a1e542" name="testAttributeDefinition_SimpleDefaultValue_BadValue" startTimestamp="2014-03-18T10:53:28" time="2.927" />
  <testcase classname="com.ibm.rdm.client.api.tests.TypeServiceTest" endTimestamp="2014-03-18T10:53:32" id="70bec383-7a84-4b24-9441-730b41aa966d" name="testSystemAttributeValuesUsingAttributeType" startTimestamp="2014-03-18T10:53:31" time="0.562" />
  <testcase classname="com.ibm.rdm.client.api.tests.TypeServiceTest" endTimestamp="2014-03-18T10:53:38" id="0d1da95b-51d9-4687-904b-2f4b836d93cd" name="testGetAllLinkTypesDescribe" startTimestamp="2014-03-18T10:53:32" time="6.048" />
  <testcase classname="com.ibm.rdm.client.api.tests.TypeServiceTest" endTimestamp="2014-03-18T10:53:39" id="7c582374-dd54-4b65-873f-6e820c430569" name="testObjectTypeWithSystem" startTimestamp="2014-03-18T10:53:38" time="0.872" />
  <testcase classname="com.ibm.rdm.client.api.tests.TypeServiceTest" endTimestamp="2014-03-18T10:53:40" id="1ad185f3-2517-4965-9ba4-d5192fd1390e" name="testAttributeDefinition_NoDefaultValue" startTimestamp="2014-03-18T10:53:39" time="1.812" />
  <testcase classname="com.ibm.rdm.client.api.tests.TypeServiceTest" endTimestamp="2014-03-18T10:53:41" id="ad4e9168-b935-4a1b-ae92-3b047cd10fbd" name="testWellKnownTypesInRepoNeg" startTimestamp="2014-03-18T10:53:40" time="0.215" />
  <testcase classname="com.ibm.rdm.client.api.tests.TypeServiceTest" endTimestamp="2014-03-18T10:53:41" id="8279aa77-a5e8-45cb-a4ac-7451ae7fe7db" name="testConceptUrlPreservedInGetResponseHeader" startTimestamp="2014-03-18T10:53:41" time="0.789" />
  <testcase classname="com.ibm.rdm.client.api.tests.TypeServiceTest" endTimestamp="2014-03-18T10:53:43" id="a00f3c48-083b-489c-a7a2-7cb24965abf4" name="testAttributeDefinitionInvalidCreate" startTimestamp="2014-03-18T10:53:41" time="1.401" />
  <testcase classname="com.ibm.rdm.client.api.tests.TypeServiceTest" endTimestamp="2014-03-18T10:53:45" id="6add02d6-ac92-46a0-98a0-44bf58adc9c7" name="testEtagExpectations" startTimestamp="2014-03-18T10:53:43" time="2.26" />
  <testcase classname="com.ibm.rdm.client.api.tests.TypeServiceTest" endTimestamp="2014-03-18T10:53:46" id="11d33c14-6c39-4abc-8a05-5335218ffb3d" name="testAttributeDefinitionEnumType" startTimestamp="2014-03-18T10:53:45" time="0.89" />
  <testcase classname="com.ibm.rdm.client.api.tests.TypeServiceTest" endTimestamp="2014-03-18T10:53:50" id="e6e99d38-adef-46c8-a9be-a8090c1b7e80" name="testObjectType" startTimestamp="2014-03-18T10:53:46" time="3.732" />
  <testcase classname="com.ibm.rdm.client.api.tests.TypeServiceTest" endTimestamp="2014-03-18T10:53:54" id="3a6aea56-16e8-42f1-953d-78b62cffbbde" name="testPrimitiveAttributeType" startTimestamp="2014-03-18T10:53:50" time="4.788" />
  <testcase classname="com.ibm.rdm.client.api.tests.TypeServiceTest" endTimestamp="2014-03-18T10:53:55" id="4fbcaec7-9b15-4421-9f6e-b6f8add15a1e" name="testAttributeType_NumericRange_BadDateTime" startTimestamp="2014-03-18T10:53:54" time="0.431" />
  <testcase classname="com.ibm.rdm.client.api.tests.TypeServiceTest" endTimestamp="2014-03-18T10:53:56" id="a5dcda28-dd0f-4267-8b91-30068daebd0f" name="testGeneralTypeValidation" startTimestamp="2014-03-18T10:53:55" time="1.053" />
  <testcase classname="com.ibm.rdm.client.api.tests.TypeServiceTest" endTimestamp="2014-03-18T10:54:00" id="ef245485-a39a-4e36-8b3b-34d9c173a70b" name="testVerifyNewProjectHasCorrectTypes" startTimestamp="2014-03-18T10:53:56" time="3.945" />
  <testcase classname="com.ibm.rdm.client.api.tests.TypeServiceTest" endTimestamp="2014-03-18T10:54:00" id="ce6bcbe3-6722-4ce1-acc2-8e2f1f5be949" name="testPOSTAttributeBadContentType" startTimestamp="2014-03-18T10:54:00" time="0.518" />
  <testcase classname="com.ibm.rdm.client.api.tests.TypeServiceTest" endTimestamp="2014-03-18T10:54:03" id="ec88c585-0db1-4ed5-9e20-e5f4ea8c5de1" name="testAttributeDefinitionInvalidUpdate" startTimestamp="2014-03-18T10:54:00" time="2.451" />
  <testcase classname="com.ibm.rdm.client.api.tests.TypeServiceTest" endTimestamp="2014-03-18T10:54:03" id="77290c59-4fae-4d58-997a-3361fe38fb19" name="testObjectTypeInvalidCreate" startTimestamp="2014-03-18T10:54:03" time="0.059" />
  <testcase classname="com.ibm.rdm.client.api.tests.TypeServiceTest" endTimestamp="2014-03-18T10:54:04" id="bf983b94-b46b-483e-8a08-ce4545e2e834" name="testEnumsWithSameValue" startTimestamp="2014-03-18T10:54:03" time="0.801" />
  <testcase classname="com.ibm.rdm.client.api.tests.TypeServiceTest" endTimestamp="2014-03-18T10:54:04" id="5dbe4e29-6008-4429-95d1-1a45d32def6c" name="testAttributeType_Simple" startTimestamp="2014-03-18T10:54:04" time="0.747" />
  <testcase classname="com.ibm.rdm.client.api.tests.TypeServiceTest" endTimestamp="2014-03-18T10:54:05" id="d9ae9691-f27f-4f75-b5fb-d33d036a5d84" name="testArtifactIconReference" startTimestamp="2014-03-18T10:54:04" time="1.02" />
  <testcase classname="com.ibm.rdm.client.api.tests.TypeServiceTest" endTimestamp="2014-03-18T10:54:07" id="e90511d6-cf1c-4d7a-bb70-e0774e8bf6e9" name="testModuleHeading" startTimestamp="2014-03-18T10:54:05" time="1.109" />
  <testcase classname="com.ibm.rdm.client.api.tests.TypeServiceTest" endTimestamp="2014-03-18T10:54:07" id="e819c9a7-d15a-40ff-9c24-5eee20eedf69" name="testPutOnWellKnownType" startTimestamp="2014-03-18T10:54:07" time="0.249" />
  <testcase classname="com.ibm.rdm.client.api.tests.TypeServiceTest" endTimestamp="2014-03-18T10:54:26" id="afa2c3e0-2453-46e6-8011-8f2deac9a984" name="testObjectTypeWithPreferredModuleContent" startTimestamp="2014-03-18T10:54:07" time="18.783" />
  <testcase classname="com.ibm.rdm.client.api.tests.TypeServiceTest" endTimestamp="2014-03-18T10:54:27" id="dc630d0a-7b45-4b1f-acb7-6ecaa3509214" name="testGetAbsoluteURI" startTimestamp="2014-03-18T10:54:26" time="1.434" />
  <testcase classname="com.ibm.rdm.client.api.tests.TypeServiceTest" endTimestamp="2014-03-18T10:54:27" id="dbeac6c5-ea68-48ae-be8f-b232ef30f37b" name="testAttributeTypeInvalidCreate" startTimestamp="2014-03-18T10:54:27" time="0.092" />
  <testcase classname="com.ibm.rdm.client.api.tests.TypeServiceTest" endTimestamp="2014-03-18T10:54:27" id="9f9c48b4-c30c-4285-950d-80ab4c8a2dd6" name="testAttributeType_NumericRange_BadInt" startTimestamp="2014-03-18T10:54:27" time="0.391" />
  <testcase classname="com.ibm.rdm.client.api.tests.TypeServiceTest" endTimestamp="2014-03-18T10:54:30" id="29d09f98-4dc1-49c6-8247-a64d7cea977e" name="testGetProjectTypeSystemFeedEntriesMatchSingleResources" startTimestamp="2014-03-18T10:54:27" time="2.966" />
  <testcase classname="com.ibm.rdm.client.api.tests.TypeServiceTest" endTimestamp="2014-03-18T10:54:31" id="c88b18d8-a8f9-43f8-a54a-a266a39a01df" name="testWellKnownTypeUpdateInvalid" startTimestamp="2014-03-18T10:54:30" time="0.248" />
  <testcase classname="com.ibm.rdm.client.api.tests.TypeServiceTest" endTimestamp="2014-03-18T10:54:31" id="63c19aa0-534c-4d7b-a549-2ac99c783b45" name="testAttributeType_NumericRange_BadFloat" startTimestamp="2014-03-18T10:54:31" time="0.366" />
  <testcase classname="com.ibm.rdm.client.api.tests.TypeServiceTest" endTimestamp="2014-03-18T10:54:39" id="c3d1749b-c8c9-4066-84b1-4b4102195e2b" name="testEnumAttributeType" startTimestamp="2014-03-18T10:54:31" time="7.918" />
  <testcase classname="com.ibm.rdm.client.api.tests.TypeServiceTest" endTimestamp="2014-03-18T10:54:40" id="f7cdc939-0f9d-4ca7-afcb-3d409e3446ac" name="testObjectTypeInvalidUpdate" startTimestamp="2014-03-18T10:54:39" time="0.966" />
  <testcase classname="com.ibm.rdm.client.api.tests.TypeServiceTest" endTimestamp="2014-03-18T10:54:41" id="1b9fcaa4-c07e-404f-94f1-10ff596307bc" name="testRefactoredFixtureUsingAttributeType" startTimestamp="2014-03-18T10:54:40" time="0.701" />
  <testcase classname="com.ibm.rdm.client.api.tests.TypeServiceTest" endTimestamp="2014-03-18T10:54:41" id="507d848f-95af-4071-a891-65e3a24fbf8e" name="testAttributeTypeInvalidUpdateSpace" startTimestamp="2014-03-18T10:54:41" time="0.63" />
  <testcase classname="com.ibm.rdm.client.api.tests.TypeServiceTest" endTimestamp="2014-03-18T10:54:41" id="6b2cd00b-9ca2-476a-a689-222da60cae26" name="testAttributeTypeInvalidCreateSpace" startTimestamp="2014-03-18T10:54:41" time="0.051" />
  <testcase classname="com.ibm.rdm.client.api.tests.TypeServiceTest" endTimestamp="2014-03-18T10:54:43" id="a5c245bc-e162-4c97-b16d-f986964fa8e5" name="testRefactoredFixtureComposingLinkType" startTimestamp="2014-03-18T10:54:41" time="1.939" />
  <testcase classname="com.ibm.rdm.client.api.tests.TypeServiceTest" endTimestamp="2014-03-18T10:54:44" id="085c15f8-3826-4a0d-be71-c82d3bd42db8" name="testGetOnDeletedType" startTimestamp="2014-03-18T10:54:43" time="0.438" />
  <testcase classname="com.ibm.rdm.client.api.tests.TypeServiceTest" endTimestamp="2014-03-18T10:54:44" id="ddae3f0e-a397-408b-b439-5c219050d40a" name="testAttributeTypeInvalidUpdate" startTimestamp="2014-03-18T10:54:44" time="0.665" />
  <testcase classname="com.ibm.rdm.client.api.tests.TypeServiceTest" endTimestamp="2014-03-18T10:54:45" id="2b75f141-e3c7-49f1-b5df-fa84e9883655" name="testWellKnownTypeUpdate" startTimestamp="2014-03-18T10:54:44" time="0.748" />
  <testcase classname="com.ibm.rdm.client.api.tests.TypeServiceTest" endTimestamp="2014-03-18T10:54:48" id="3f6d6dcd-725d-4bde-a867-fd6dc7a05300" name="testLinkType" startTimestamp="2014-03-18T10:54:45" time="2.693" />
  <testcase classname="com.ibm.rdm.client.api.tests.TypeServiceTest" endTimestamp="2014-03-18T10:54:48" id="ac4eb5b8-f0bc-43f0-93e3-5c1082a8b55b" name="testAttributeType_NumericRange_BadDate" startTimestamp="2014-03-18T10:54:48" time="0.494" />
  <testcase classname="com.ibm.rdm.client.api.tests.TypeServiceTest" endTimestamp="2014-03-18T10:54:49" id="27b4ac6f-4bea-41e1-afbd-d7acb37ce49c" name="testCreateAttributeDefinitionStringType" startTimestamp="2014-03-18T10:54:48" time="1.11" />
  <testcase classname="com.ibm.rdm.client.api.tests.TypeServiceTest" endTimestamp="2014-03-18T10:54:51" id="d20dd962-281c-489f-9c70-01a8c56bb337" name="testRefactoredFixtureComposingAttributeDefinition" startTimestamp="2014-03-18T10:54:49" time="1.481" />
  <testcase classname="com.ibm.rdm.client.api.tests.TypeServiceConcurrencyTest" endTimestamp="2014-03-18T10:55:02" id="6e929569-f1ea-488c-a43a-b6cdb7ee120b" name="testConcurrentCreateDeleteUsingAttributeType" startTimestamp="2014-03-18T10:54:51" time="11.244" />
  <testcase classname="com.ibm.rdm.client.api.tests.TypeServiceConcurrencyTest" endTimestamp="2014-03-18T10:55:12" id="e4aa9f92-d57d-45cf-a4ed-d290894669f3" name="testConcurrentCreatesUsingAttributeType" startTimestamp="2014-03-18T10:55:02" time="10.162" />
  <testcase classname="com.ibm.rdm.client.api.tests.TypeServiceConcurrencyTest" endTimestamp="2014-03-18T10:55:18" id="dea9a929-ea96-4a6f-a0f4-1e817044de0e" name="testConcurrentUpdatesUsingSingleAttributeType" startTimestamp="2014-03-18T10:55:12" time="5.714">
    <error message="junit.framework.AssertionFailedError: Test Expectation failed: Status Code : Unexpected Status Message. Expected Response Code &lt; 200 |412 |409 &gt; Response Code was &lt;404&gt;" type="java.util.concurrent.ExecutionException">java.util.concurrent.ExecutionException: junit.framework.AssertionFailedError: Test Expectation failed: Status Code : Unexpected Status Message. Expected Response Code &lt; 200 |412 |409 &gt; Response Code was &lt;404&gt;
	at java.util.concurrent.FutureTask$Sync.innerGet(FutureTask.java:233)
	at java.util.concurrent.FutureTask.get(FutureTask.java:94)
	at com.ibm.rdm.client.api.tests.TypeServiceConcurrencyTest.testConcurrentUpdatesUsingSingleAttributeType(TypeServiceConcurrencyTest.java:399)
	at com.ibm.rdm.client.api.tests.ReportingTestCase.runTest(ReportingTestCase.java:41)
	at com.ibm.rdm.client.api.tests.AcceptanceTestCase.runBare(AcceptanceTestCase.java:106)
	at com.ibm.rdm.client.api.tests.AllAutomatedTests.runTest(AllAutomatedTests.java:129)
	at com.ibm.rm.tools.headless.commands.RunJunits.executeAntScript(RunJunits.java:310)
	at com.ibm.rm.tools.headless.commands.RunJunits.doAntScript(RunJunits.java:183)
	at com.ibm.rm.tools.headless.commands.RunJunits.run(RunJunits.java:101)
	at com.ibm.rm.tools.core.commands.AbstractBuildCommand.execute(AbstractBuildCommand.java:49)
	at com.ibm.rm.tools.headless.service.extensions.ConsoleCommandRunner$1.call(ConsoleCommandRunner.java:31)
	at com.ibm.rm.tools.headless.service.extensions.ConsoleCommandRunner$1.call(ConsoleCommandRunner.java:1)
	at java.util.concurrent.FutureTask$Sync.innerRun(FutureTask.java:314)
	at java.util.concurrent.FutureTask.run(FutureTask.java:149)
	at java.util.concurrent.ThreadPoolExecutor$Worker.runTask(ThreadPoolExecutor.java:897)
	at java.util.concurrent.ThreadPoolExecutor$Worker.run(ThreadPoolExecutor.java:919)
	at java.lang.Thread.run(Thread.java:738)
Caused by: junit.framework.AssertionFailedError: Test Expectation failed: Status Code : Unexpected Status Message. Expected Response Code &lt; 200 |412 |409 &gt; Response Code was &lt;404&gt;
	at com.ibm.rdm.client.api.tests.fixture.RestFixture.evaluateExpectation(RestFixture.java:210)
	at com.ibm.rdm.client.api.tests.fixture.RestFixture.evaluateExpectations(RestFixture.java:182)
	at com.ibm.rdm.client.api.tests.fixture.TypeFixture.verifyUpdateAttributeType(TypeFixture.java:729)
	at com.ibm.rdm.client.api.tests.TypeServiceConcurrencyTest.independentAttributeTypeUpdate(TypeServiceConcurrencyTest.java:226)
	at com.ibm.rdm.client.api.tests.TypeServiceConcurrencyTest.access$0(TypeServiceConcurrencyTest.java:211)
	at com.ibm.rdm.client.api.tests.TypeServiceConcurrencyTest$SingleAttributTypeTask.call(TypeServiceConcurrencyTest.java:154)
	at com.ibm.rdm.client.api.tests.TypeServiceConcurrencyTest$SingleAttributTypeTask.call(TypeServiceConcurrencyTest.java:1)
</error>
  </testcase>
  <testcase classname="com.ibm.rdm.client.api.tests.TypeServiceStressTest" endTimestamp="2014-03-18T10:55:58" id="62017172-8f0d-437c-bdd3-afab7ca69a88" name="testStressTypeFeedCreateDeleteCylces" startTimestamp="2014-03-18T10:55:18" time="40.172" />
  <testcase classname="com.ibm.rdm.client.api.tests.TypeServiceStressTest" endTimestamp="2014-03-18T10:56:34" id="338937ff-6721-4c90-b9f1-c8415eacc86a" name="testStressUpdateOperationsUsingAttributeDefinition" startTimestamp="2014-03-18T10:55:58" time="35.372" />
  <testcase classname="com.ibm.rdm.client.api.tests.TypeServiceStressTest" endTimestamp="2014-03-18T10:57:23" id="9047d2c7-949c-4b9b-9163-a6b19889447e" name="testStressUpdateOperationsUsingAttributeType" startTimestamp="2014-03-18T10:56:34" time="49.125" />
  <testcase classname="com.ibm.rdm.client.api.tests.TypeServiceStressTest" endTimestamp="2014-03-18T10:57:49" id="0a9f0503-9a97-4059-bce5-696070f9353c" name="testStressCreateDeleteOperationsUsingObjectType" startTimestamp="2014-03-18T10:57:23" time="25.865" />
  <testcase classname="com.ibm.rdm.client.api.tests.TypeServiceStressTest" endTimestamp="2014-03-18T10:58:27" id="8b7f2f1e-c2ef-4094-964d-0125d517a313" name="testStressTypeFeedMultipleCreates" startTimestamp="2014-03-18T10:57:49" time="38.207" />
  <testcase classname="com.ibm.rdm.client.api.tests.TypeServiceStressTest" endTimestamp="2014-03-18T10:58:50" id="23759361-666a-47bd-9e4f-93bd3898c971" name="testStressCreateDeleteOperationsUsingAttributeType" startTimestamp="2014-03-18T10:58:27" time="23.453" />
  <testcase classname="com.ibm.rdm.client.api.tests.TypeServiceStressTest" endTimestamp="2014-03-18T10:59:13" id="e10bc21f-1c46-4d48-b6ec-6f7ac4b6fa7c" name="testStressUpdateOperationsUsingObjectType" startTimestamp="2014-03-18T10:58:50" time="23.181" />
  <testcase classname="com.ibm.rdm.client.api.tests.TypeServiceStressTest" endTimestamp="2014-03-18T10:59:55" id="7b5572af-a896-4ed2-bfa3-1a203f225bda" name="testStressCreateDeleteOperationsUsingLinkType" startTimestamp="2014-03-18T10:59:13" time="41.721" />
  <testcase classname="com.ibm.rdm.client.api.tests.TypeServiceStressTest" endTimestamp="2014-03-18T11:00:16" id="0a936bbe-1fb2-4235-8aab-95b9bfa6602c" name="testStressCreateDeleteOperationsUsingAttributeDefinition" startTimestamp="2014-03-18T10:59:55" time="21.38" />
  <testcase classname="com.ibm.rdm.client.api.tests.TypeServiceStressTest" endTimestamp="2014-03-18T11:00:40" id="8f6423ec-3dfb-4c7c-94d3-5771cb7c7695" name="testStressTypeFeedMultipleCreateDeletes" startTimestamp="2014-03-18T11:00:16" time="23.108" />
  <testcase classname="com.ibm.rdm.client.api.tests.TypeServiceStressTest" endTimestamp="2014-03-18T11:01:05" id="47c53144-e16d-4bac-9628-e3b91bff41b4" name="testStressUpdateOperationsUsingLinkType" startTimestamp="2014-03-18T11:00:40" time="25.82" />
  <testcase classname="com.ibm.rdm.client.api.tests.UIDServiceTest" endTimestamp="2014-03-18T11:01:10" id="ff492cef-a94a-4e0d-9deb-52352f511e14" name="testBinaryResource" startTimestamp="2014-03-18T11:01:05" time="4.693" />
  <testcase classname="com.ibm.rdm.client.api.tests.UIDServiceTest" endTimestamp="2014-03-18T11:01:10" id="6a1bf16f-ad4a-4772-8632-9acd18352bea" name="testFailureConditionsCRUD" startTimestamp="2014-03-18T11:01:10" time="0.191" />
  <testcase classname="com.ibm.rdm.client.api.tests.UIDServiceTest" endTimestamp="2014-03-18T11:01:16" id="17786627-5549-4570-bb93-8d8b65d86bf3" name="testCreateResourceInFolder" startTimestamp="2014-03-18T11:01:10" time="6.174" />
  <testcase classname="com.ibm.rdm.client.api.tests.UIDServiceTest" endTimestamp="2014-03-18T11:01:17" id="f7dbcfa6-af62-43ff-8d7f-7167ee1dd2e6" name="testResourceCRUD" startTimestamp="2014-03-18T11:01:16" time="0.169" />
  <testcase classname="com.ibm.rdm.client.api.tests.UIDServiceTest" endTimestamp="2014-03-18T11:01:22" id="fb69723c-0bf8-412c-840b-d280d0b2e03d" name="testGetProperties" startTimestamp="2014-03-18T11:01:17" time="4.873" />
  <testcase classname="com.ibm.rdm.client.api.tests.WrappedResourceServiceTest" endTimestamp="2014-03-18T11:01:30" id="5e3f6757-bdac-4225-b538-e9b27993bd54" name="testCopyWrappedResource" startTimestamp="2014-03-18T11:01:22" time="8.167" />
  <testcase classname="com.ibm.rdm.client.api.tests.WrappedResourceServiceTest" endTimestamp="2014-03-18T11:01:32" id="ac358344-52cf-4cf3-94ce-c7d446fcc04b" name="testMultiPartWeb" startTimestamp="2014-03-18T11:01:30" time="2.786" />
  <testcase classname="com.ibm.rdm.client.api.tests.WrappedResourceServiceTest" endTimestamp="2014-03-18T11:01:36" id="59c8751a-d7d9-4eaf-a914-10bbf502a10b" name="testCreateWrappedResourceInFolder" startTimestamp="2014-03-18T11:01:32" time="3.287" />
  <testcase classname="com.ibm.rdm.client.api.tests.WrappedResourceServiceTest" endTimestamp="2014-03-18T11:01:38" id="7977f2e0-1d42-4276-9d00-1a7281be015e" name="testNotModifiedGET" startTimestamp="2014-03-18T11:01:36" time="1.924" />
  <testcase classname="com.ibm.rdm.client.api.tests.WrappedResourceServiceTest" endTimestamp="2014-03-18T11:01:39" id="54fc1aa3-0615-43c2-8efc-9cedf82eda9a" name="testUploadMaliciousHtmlMultiPartWeb" startTimestamp="2014-03-18T11:01:38" time="1.471" />
  <testcase classname="com.ibm.rdm.client.api.tests.WrappedResourceServiceTest" endTimestamp="2014-03-18T11:01:42" id="bd4535e8-512c-44af-a09e-d63f69b389fe" name="testCRUD" startTimestamp="2014-03-18T11:01:39" time="2.897" />
  <testcase classname="com.ibm.rdm.client.api.tests.WrappedResourceServiceTest" endTimestamp="2014-03-18T11:01:47" id="84433f36-b5ec-4781-991e-b2798f133b3f" name="testCopyWrappedResourceNoContentType" startTimestamp="2014-03-18T11:01:42" time="4.585" />
  <testcase classname="com.ibm.rdm.client.api.tests.WrappedResourceServiceTest" endTimestamp="2014-03-18T11:01:51" id="3b2a2e0b-d8f4-4968-ad96-5672220d2ede" name="testQueryWrapperAndRequirement" startTimestamp="2014-03-18T11:01:47" time="4.343" />
  <testcase classname="com.ibm.rdm.client.api.tests.WrappedResourceServiceTest" endTimestamp="2014-03-18T11:01:52" id="d451c496-b490-4c23-9fbc-f065154c3bd4" name="testValidateCannotDeleteWrapperDirectly" startTimestamp="2014-03-18T11:01:51" time="1.232" />
  <testcase classname="com.ibm.rdm.client.api.tests.WrappedResourceServiceTest" endTimestamp="2014-03-18T11:01:53" id="6cbe2b47-3290-4841-afa7-2eda1b31e8e0" name="testValidateCannotCreateWrapperDirectly" startTimestamp="2014-03-18T11:01:52" time="0.426" />
  <testcase classname="com.ibm.rdm.client.api.tests.WrappedResourceServiceTest" endTimestamp="2014-03-18T11:01:54" id="c929bda9-b325-4a4d-bfda-2a4e3c4f7c21" name="testLinkToWrappedResourceCascadeDelete" startTimestamp="2014-03-18T11:01:53" time="1.595" />
  <testcase classname="com.ibm.rdm.client.api.tests.WrappedResourceServiceTest" endTimestamp="2014-03-18T11:01:55" id="e4aa8f42-61cd-496a-a096-343cef70d204" name="testMultiPartUploadBase64" startTimestamp="2014-03-18T11:01:54" time="0.922" />
  <testcase classname="com.ibm.rdm.client.api.tests.WrappedResourceServiceTest" endTimestamp="2014-03-18T11:01:55" id="fdbca63a-9c46-4481-8ec6-b399bf7d1802" name="testSecurity_validateSeedWrapperWithImproperSource" startTimestamp="2014-03-18T11:01:55" time="0.219" />
  <testcase classname="com.ibm.rdm.client.api.tests.WrappedResourceServiceTest" endTimestamp="2014-03-18T11:01:58" id="b7fc19de-b2b2-4eb2-898b-315c36ba09c8" name="testUpdateWrapperDirectly" startTimestamp="2014-03-18T11:01:55" time="2.472" />
  <testcase classname="com.ibm.rdm.client.api.tests.WrappedResourceServiceTest" endTimestamp="2014-03-18T11:02:02" id="879dda6a-b1d0-4971-90c1-d19e35cb24b7" name="testCreateWrappedResourceWithDefaultValueAttribute" startTimestamp="2014-03-18T11:01:58" time="4.359" />
  <testcase classname="com.ibm.rdm.client.api.tests.WrappedResourceServiceTest" endTimestamp="2014-03-18T11:02:06" id="f3a630cc-7794-4fef-b28a-a57f64755df7" name="testSeedWrapperWithExternalSourceResource_REQUIRES_INTERNET_CONNECTION" startTimestamp="2014-03-18T11:02:02" time="3.528" />
  <testcase classname="com.ibm.rdm.client.api.tests.WrappedResourceServiceTest" endTimestamp="2014-03-18T11:02:08" id="d8d38bd5-7080-4ab0-aa46-c347cd41181b" name="testUploadMaliciousHtml" startTimestamp="2014-03-18T11:02:06" time="2.689" />
  <testcase classname="com.ibm.rdm.client.api.tests.WrappedResourceServiceTest" endTimestamp="2014-03-18T11:02:16" id="e2b0d852-3d9d-42af-80c3-c29a92163adf" name="testUploadZeroBytes" startTimestamp="2014-03-18T11:02:08" time="7.797" />
  <testcase classname="com.ibm.rdm.client.api.tests.WrappedResourceServiceTest" endTimestamp="2014-03-18T11:02:18" id="8b62d062-3221-428a-8772-25317f00241f" name="testCreateWrappedResourceInFolderWithAllParams" startTimestamp="2014-03-18T11:02:16" time="2.254" />
  <testcase classname="com.ibm.rdm.client.api.tests.WrappedResourceServiceTest" endTimestamp="2014-03-18T11:02:21" id="e1766b4f-549e-4508-a76e-b7e10a0546ba" name="testMultiPartWebWithSizeZero" startTimestamp="2014-03-18T11:02:18" time="2.706" />
  <testcase classname="com.ibm.rdm.client.api.tests.WrappedResourceServiceTest" endTimestamp="2014-03-18T11:02:24" id="09a681df-ebf3-4f95-a717-a669bfd3ed7c" name="testDirectUploadBase64" startTimestamp="2014-03-18T11:02:21" time="2.709" />
  <testcase classname="com.ibm.rdm.client.api.tests.RecentFeedsTests" endTimestamp="2014-03-18T11:02:33" id="88f1ae35-2827-405a-832d-d2934b878e99" name="testGetRecentComments" startTimestamp="2014-03-18T11:02:24" time="9.539" />
  <testcase classname="com.ibm.rdm.client.api.tests.RecentFeedsTests" endTimestamp="2014-03-18T11:02:40" id="393f8a60-e90f-43ee-bcb8-42131593b2e9" name="testDeletedCommentGetsRemovedFromRecentComments" startTimestamp="2014-03-18T11:02:33" time="6.329" />
  <testcase classname="com.ibm.rdm.client.api.tests.RecentFeedsTests" endTimestamp="2014-03-18T11:02:48" id="698df72b-ee25-4f8f-b95d-31d162f491b4" name="testModifiedCommentExistsInRecentComments" startTimestamp="2014-03-18T11:02:40" time="8.321" />
  <testcase classname="com.ibm.rdm.client.api.tests.RecentFeedsTests" endTimestamp="2014-03-18T11:03:01" id="5d50425f-a7d3-470b-9376-7f59b9b71e41" name="testCommentWillShowUpImmediatelyInRecentComments" startTimestamp="2014-03-18T11:02:48" time="13.382" />
  <testcase classname="com.ibm.rdm.client.api.tests.RecentRequirementsFeedTests" endTimestamp="2014-03-18T11:03:26" id="d88e8974-f4c3-42e4-83e7-43ec887f70a7" name="testModifiedRequirementExistsInRecentRequirements" startTimestamp="2014-03-18T11:03:01" time="24.646" />
  <testcase classname="com.ibm.rdm.client.api.tests.RecentRequirementsFeedTests" endTimestamp="2014-03-18T11:03:42" id="e3339d85-105b-4d08-8390-1ffe99ab8db1" name="testGetRecentRequirements" startTimestamp="2014-03-18T11:03:26" time="15.779" />
  <testcase classname="com.ibm.rdm.client.api.tests.RecentRequirementsFeedTests" endTimestamp="2014-03-18T11:04:05" id="65e9249e-6764-44d2-b5e1-5cbde3b57590" name="testDeletedRequirementGetsRemovedFromRecentRequirements" startTimestamp="2014-03-18T11:03:42" time="23.213" />
  <testcase classname="com.ibm.rdm.client.api.tests.RecentRequirementsFeedTests" endTimestamp="2014-03-18T11:04:22" id="09d2ade3-fdcb-4ba8-840f-d4c0771d795c" name="testRequirementWillShowUpImmediatelyInRecentRequirements" startTimestamp="2014-03-18T11:04:05" time="17.358" />
  <testcase classname="com.ibm.rdm.client.api.tests.folders.FolderServiceTest" endTimestamp="2014-03-18T11:04:27" id="eba7be74-03ed-42ec-b55d-7fd085606570" name="testDeleteNonExistentFolder" startTimestamp="2014-03-18T11:04:23" time="4.156" />
  <testcase classname="com.ibm.rdm.client.api.tests.folders.FolderServiceTest" endTimestamp="2014-03-18T11:04:28" id="1723d229-a6da-48f6-ad79-c0875cc20a1f" name="testDeleteRootFolderNotSupported" startTimestamp="2014-03-18T11:04:27" time="0.114" />
  <testcase classname="com.ibm.rdm.client.api.tests.folders.FolderServiceTest" endTimestamp="2014-03-18T11:04:28" id="d922049f-0ffe-4caa-8016-dfd060f30ae9" name="testFolderFetchMethod" startTimestamp="2014-03-18T11:04:28" time="0.718" />
  <testcase classname="com.ibm.rdm.client.api.tests.folders.FolderServiceTest" endTimestamp="2014-03-18T11:04:30" id="4192052b-ac95-4d86-a8ba-f86235b829c6" name="testGetPathToRoot" startTimestamp="2014-03-18T11:04:28" time="2.071" />
  <testcase classname="com.ibm.rdm.client.api.tests.folders.FolderServiceTest" endTimestamp="2014-03-18T11:04:32" id="452f17b5-2b24-4a22-84bc-ef9e84f55e62" name="testGetParentFolderForFolder" startTimestamp="2014-03-18T11:04:30" time="2.159" />
  <testcase classname="com.ibm.rdm.client.api.tests.folders.FolderServiceTest" endTimestamp="2014-03-18T11:04:33" id="9c9c169c-4cef-4468-9f8e-d9c5e23fd105" name="testRootFolderUpdateNotSupported" startTimestamp="2014-03-18T11:04:32" time="0.215" />
  <testcase classname="com.ibm.rdm.client.api.tests.folders.FolderServiceTest" endTimestamp="2014-03-18T11:04:37" id="6b95208b-d0c6-4988-921d-84ee7d23bd77" name="testFolderUpdateRecursive" startTimestamp="2014-03-18T11:04:33" time="4.465" />
  <testcase classname="com.ibm.rdm.client.api.tests.folders.FolderServiceTest" endTimestamp="2014-03-18T11:04:37" id="90b86165-05ad-4d2d-98e2-8b25399ee9e4" name="testGetParentFolderForNonExistentResource" startTimestamp="2014-03-18T11:04:37" time="0.062" />
  <testcase classname="com.ibm.rdm.client.api.tests.folders.FolderServiceTest" endTimestamp="2014-03-18T11:04:39" id="6f455e8d-e3a9-41c6-82bc-34b4e3699d9a" name="testFolderCRUD" startTimestamp="2014-03-18T11:04:37" time="1.549" />
  <testcase classname="com.ibm.rdm.client.api.tests.folders.FolderServiceTest" endTimestamp="2014-03-18T11:04:39" id="cd51e69c-a9bc-4dc4-8828-3a6f2f1a79aa" name="testGetParentFolderForResourceInBaselineInvalidParameters" startTimestamp="2014-03-18T11:04:39" time="0.0010" />
  <testcase classname="com.ibm.rdm.client.api.tests.folders.FolderServiceTest" endTimestamp="2014-03-18T11:04:47" id="157e1a4e-0eca-41ae-8bf8-fb73ffa13a01" name="testMoveResourceToFolder" startTimestamp="2014-03-18T11:04:39" time="8.403" />
  <testcase classname="com.ibm.rdm.client.api.tests.folders.FolderServiceTest" endTimestamp="2014-03-18T11:04:48" id="9feb9724-3efc-4025-85ff-35598e5ad1e4" name="testAlreadyDeletedFolder" startTimestamp="2014-03-18T11:04:47" time="0.858" />
  <testcase classname="com.ibm.rdm.client.api.tests.folders.FolderServiceTest" endTimestamp="2014-03-18T11:04:50" id="38e6649e-e94d-45ec-aaec-47912977c281" name="testDeleteRootChildFolder" startTimestamp="2014-03-18T11:04:48" time="1.551" />
  <testcase classname="com.ibm.rdm.client.api.tests.folders.FolderServiceTest" endTimestamp="2014-03-18T11:04:50" id="d7e75db1-a55d-4e18-aaf4-267b7710ac0c" name="testGetParentFolderForResourceInBaseline" startTimestamp="2014-03-18T11:04:50" time="0.0020" />
  <testcase classname="com.ibm.rdm.client.api.tests.folders.FolderServiceTest" endTimestamp="2014-03-18T11:05:04" id="8f72032f-d7fe-45b4-a592-a8bbc0393a08" name="testUpdateRecursiveRequirements" startTimestamp="2014-03-18T11:04:50" time="13.999" />
  <testcase classname="com.ibm.rdm.client.api.tests.folders.FolderServiceTest" endTimestamp="2014-03-18T11:05:05" id="82635060-47f8-4fdb-bde7-9a957b6feb2d" name="testQueryForFolder" startTimestamp="2014-03-18T11:05:04" time="1.842" />
  <testcase classname="com.ibm.rdm.client.api.tests.folders.FolderServiceTest" endTimestamp="2014-03-18T11:05:06" id="b09a5630-b4d6-4fc6-b88b-e34dfc02c5b7" name="testRootFolderUpdateProcessArea" startTimestamp="2014-03-18T11:05:05" time="0.885" />
  <testcase classname="com.ibm.rdm.client.api.tests.folders.FolderServiceTest" endTimestamp="2014-03-18T11:05:07" id="2d56cac9-2a81-48fa-bf9c-01ff6380535b" name="testFolderPostInvalidAction" startTimestamp="2014-03-18T11:05:06" time="0.979" />
  <testcase classname="com.ibm.rdm.client.api.tests.folders.FolderServiceTest" endTimestamp="2014-03-18T11:05:08" id="c1b57223-37a4-49dc-89d4-650a774ebf6a" name="testDeleteRootChildFolderWithCache" startTimestamp="2014-03-18T11:05:07" time="1.095" />
  <testcase classname="com.ibm.rdm.client.api.tests.folders.FolderServiceTest" endTimestamp="2014-03-18T11:05:37" id="7ae59a98-5c0b-46ae-94f8-17bf9b47e7e9" name="testDeleteFolderThenChildResource" startTimestamp="2014-03-18T11:05:08" time="28.138" />
  <testcase classname="com.ibm.rdm.client.api.tests.folders.FolderServiceTest" endTimestamp="2014-03-18T11:05:39" id="028451d0-d2bc-4bb7-bbb8-c4dd9784768e" name="testInheritedProcessArea" startTimestamp="2014-03-18T11:05:37" time="2.231" />
  <testcase classname="com.ibm.rdm.client.api.tests.folders.FolderServiceTest" endTimestamp="2014-03-18T11:05:46" id="4ba0d018-3ee8-4197-bede-1a9f564bebfb" name="testPostResourceToFolder" startTimestamp="2014-03-18T11:05:39" time="7.667" />
  <testcase classname="com.ibm.rdm.client.api.tests.folders.FolderServiceTest" endTimestamp="2014-03-18T11:05:47" id="b498bfcc-411e-47df-928c-d05c4062a58c" name="testDefaultProcessArea" startTimestamp="2014-03-18T11:05:46" time="0.961" />
  <testcase classname="com.ibm.rdm.client.api.tests.folders.FolderServiceTest" endTimestamp="2014-03-18T11:05:47" id="f367bd77-608d-4a99-9124-c1bf5f4e0ed8" name="testGetChildResourcesFeedInBaselineInvalidParameters" startTimestamp="2014-03-18T11:05:47" time="0.0" />
  <testcase classname="com.ibm.rdm.client.api.tests.folders.FolderServiceTest" endTimestamp="2014-03-18T11:05:49" id="11ff3288-e35d-4dd1-9718-dda657c502c1" name="testDeleteRecursiveFolderThenParentFolder" startTimestamp="2014-03-18T11:05:47" time="1.963" />
  <testcase classname="com.ibm.rdm.client.api.tests.folders.FolderServiceTest" endTimestamp="2014-03-18T11:05:51" id="6ac88a11-db3a-4799-8001-1a30c81229d6" name="testGetRootParentFolderForFolder" startTimestamp="2014-03-18T11:05:49" time="1.42" />
  <testcase classname="com.ibm.rdm.client.api.tests.folders.FolderServiceTest" endTimestamp="2014-03-18T11:05:59" id="fe7f4973-5b73-4e57-a709-d788bca941ad" name="testGetChildResourcesFeed" startTimestamp="2014-03-18T11:05:51" time="7.795" />
  <testcase classname="com.ibm.rdm.client.api.tests.folders.FolderServiceTest" endTimestamp="2014-03-18T11:06:00" id="85db88aa-0456-4908-a6d9-526ead74ef98" name="testFolderGETWithBogusQueryParameters" startTimestamp="2014-03-18T11:05:59" time="1.033" />
  <testcase classname="com.ibm.rdm.client.api.tests.folders.FolderServiceTest" endTimestamp="2014-03-18T11:06:05" id="737cce8d-71ae-4b8b-8f7b-c02d8244c3fd" name="testGetRootParentFolderForResource" startTimestamp="2014-03-18T11:06:00" time="5.843" />
  <testcase classname="com.ibm.rdm.client.api.tests.folders.FolderServiceTest" endTimestamp="2014-03-18T11:06:09" id="2c0fa297-74a2-440c-bee2-650f142523b7" name="testForceCircularReference" startTimestamp="2014-03-18T11:06:05" time="3.115" />
  <testcase classname="com.ibm.rdm.client.api.tests.folders.FolderServiceTest" endTimestamp="2014-03-18T11:06:10" id="900a5c6e-8ec0-4f03-8a9a-77a256d2cdc4" name="testHeadRootChildFolder" startTimestamp="2014-03-18T11:06:09" time="1.035" />
  <testcase classname="com.ibm.rdm.client.api.tests.folders.FolderServiceTest" endTimestamp="2014-03-18T11:06:10" id="fe1861d0-70ca-4a96-83f8-aa8d6fe9a529" name="testGetParentFolderForNonExistentFolder" startTimestamp="2014-03-18T11:06:10" time="0.061" />
  <testcase classname="com.ibm.rdm.client.api.tests.folders.FolderServiceTest" endTimestamp="2014-03-18T11:06:24" id="0b3ea857-b9fe-4785-bda1-602a47cd751f" name="testUpdateRecursiveLockedByOtherRequirements" startTimestamp="2014-03-18T11:06:10" time="14.839" />
  <testcase classname="com.ibm.rdm.client.api.tests.folders.FolderServiceTest" endTimestamp="2014-03-18T11:06:25" id="46299e94-2db6-49b5-9ab0-77b96340a3bf" name="testGetParentFolderForRootFolder" startTimestamp="2014-03-18T11:06:24" time="0.107" />
  <testcase classname="com.ibm.rdm.client.api.tests.folders.FolderServiceTest" endTimestamp="2014-03-18T11:06:26" id="b9538939-d24e-4364-9e84-67fc195e8723" name="testDeleteFolderThenParentFolder" startTimestamp="2014-03-18T11:06:25" time="1.691" />
  <testcase classname="com.ibm.rdm.client.api.tests.folders.FolderServiceTest" endTimestamp="2014-03-18T11:06:28" id="1975de9a-5951-47d8-8514-293c017fbbb9" name="testFolderUpdateProcessArea" startTimestamp="2014-03-18T11:06:26" time="1.519" />
  <testcase classname="com.ibm.rdm.client.api.tests.folders.FolderServiceTest" endTimestamp="2014-03-18T11:06:28" id="5822b45b-45af-4c9b-9bc3-8ab65cea1bf9" name="testGetChildResourcesFeedInBaseline" startTimestamp="2014-03-18T11:06:28" time="0.0010" />
  <testcase classname="com.ibm.rdm.client.api.tests.folders.FolderServiceTest" endTimestamp="2014-03-18T11:06:43" id="1319a51c-52bf-4244-ab7b-b5359f5cff13" name="testUpdateRecursiveLockedBySelfRequirements" startTimestamp="2014-03-18T11:06:28" time="14.843" />
  <testcase classname="com.ibm.rdm.client.api.tests.folders.FolderServiceTest" endTimestamp="2014-03-18T11:06:50" id="eb6ecabd-abbf-4f1c-83cd-290cf7aee471" name="testDeleteArtifactThenParentFolderRecursive" startTimestamp="2014-03-18T11:06:43" time="6.949" />
  <testcase classname="com.ibm.rdm.client.api.tests.folders.FolderServiceTest" endTimestamp="2014-03-18T11:06:52" id="d2b92458-984e-41b9-84e8-24f13d1acf9c" name="testUpdateRootChildFolder" startTimestamp="2014-03-18T11:06:50" time="2.486" />
  <testcase classname="com.ibm.rdm.client.api.tests.folders.FolderServiceTest" endTimestamp="2014-03-18T11:07:00" id="c61cd2f9-21b6-47d8-ac0c-85ee936fa4d9" name="testMoveResourceToNonExistentFolder" startTimestamp="2014-03-18T11:06:52" time="7.576" />
  <testcase classname="com.ibm.rdm.client.api.tests.folders.FolderServiceTest" endTimestamp="2014-03-18T11:07:01" id="74b5f928-9236-46fd-92df-48f52c2affd5" name="testUpdateProcessAreaWithoutAdmin" startTimestamp="2014-03-18T11:07:00" time="1.579" />
  <testcase classname="com.ibm.rdm.client.api.tests.folders.FolderServiceTest" endTimestamp="2014-03-18T11:07:01" id="085656cc-08a4-46b5-9a45-ee17230070d4" name="testRootFolderCreationNotSupported" startTimestamp="2014-03-18T11:07:01" time="0.114" />
  <testcase classname="com.ibm.rdm.client.api.tests.folders.FolderServiceTest" endTimestamp="2014-03-18T11:07:09" id="7e21e1d4-37d6-448e-9859-fa335541d6ff" name="testGetChildResourcesFeedAfterResourceDelete" startTimestamp="2014-03-18T11:07:01" time="7.327" />
  <testcase classname="com.ibm.rdm.client.api.tests.folders.FolderServiceTest" endTimestamp="2014-03-18T11:07:09" id="c1587578-75ca-458f-b558-83bf14137794" name="testUpdateNonExistentFolder" startTimestamp="2014-03-18T11:07:09" time="0.102" />
  <testcase classname="com.ibm.rdm.client.api.tests.folders.FolderServiceTest" endTimestamp="2014-03-18T11:07:09" id="1d64f275-83f1-45a0-826b-a236efcfcf99" name="testHeadNonExistentFolder" startTimestamp="2014-03-18T11:07:09" time="0.038" />
  <testcase classname="com.ibm.rdm.client.api.tests.folders.FolderServiceTest" endTimestamp="2014-03-18T11:07:11" id="a60129ec-9077-4698-877b-d84516b77dfa" name="testCreateChildFolder" startTimestamp="2014-03-18T11:07:09" time="2.573" />
  <testcase classname="com.ibm.rdm.client.api.tests.folders.FolderServiceTest" endTimestamp="2014-03-18T11:07:30" id="4f28aed7-2555-47d0-9489-919d3f08dcfb" name="testConcurrentFolderUpdates" startTimestamp="2014-03-18T11:07:11" time="18.662" />
  <testcase classname="com.ibm.rdm.client.api.tests.folders.FolderServiceTest" endTimestamp="2014-03-18T11:07:37" id="a2e1ee37-2126-4117-ab16-c074aa78f319" name="testGetParentFolderForResource" startTimestamp="2014-03-18T11:07:30" time="6.908" />
  <testcase classname="com.ibm.rdm.client.api.tests.folders.FolderServiceTest" endTimestamp="2014-03-18T11:07:52" id="feafdfde-91f5-48ac-bc83-ae8d011a67c2" name="testDeleteRecursiveWithBinaryResources" startTimestamp="2014-03-18T11:07:37" time="15.308" />
  <testcase classname="com.ibm.rdm.client.api.tests.folders.FolderServiceTest" endTimestamp="2014-03-18T11:07:55" id="64441b60-a084-41a1-b217-fe91cd1347de" name="testNullAndBlankProcessArea" startTimestamp="2014-03-18T11:07:52" time="2.819" />
  <testcase classname="com.ibm.rdm.client.api.tests.folders.FolderServiceTest" endTimestamp="2014-03-18T11:07:56" id="9b7d7811-0fe2-4194-b523-4a2b3e268e1c" name="testDeleteRecursiveRootFolderNotSupported" startTimestamp="2014-03-18T11:07:55" time="0.806" />
  <testcase classname="com.ibm.rdm.client.api.tests.folders.FolderServiceTest" endTimestamp="2014-03-18T11:08:23" id="a861d7fb-9ba6-4b2f-a9b9-8b07f4ab714f" name="testDeleteRecursive" startTimestamp="2014-03-18T11:07:56" time="26.963" />
  <testcase classname="com.ibm.rdm.client.api.tests.folders.FolderServiceTest" endTimestamp="2014-03-18T11:08:28" id="804484e3-0627-4c34-a487-8866e14c4ed8" name="testPostResourceToFolderAndCheckXsdModified" startTimestamp="2014-03-18T11:08:23" time="5.19" />
  <testcase classname="com.ibm.rdm.client.api.tests.folders.FolderServiceTest" endTimestamp="2014-03-18T11:08:29" id="b82dd112-2e3f-435f-ac95-eadf7d512c54" name="testUpdateAsRootNotSupported" startTimestamp="2014-03-18T11:08:28" time="0.903" />
  <testcase classname="com.ibm.rdm.client.api.tests.folders.FolderServiceTest" endTimestamp="2014-03-18T11:08:31" id="f269ca2a-5c57-44f3-a643-a7d92161b972" name="testDeleteRecursiveFolderThenParentFolderSingleChild" startTimestamp="2014-03-18T11:08:29" time="2.052" />
  <testcase classname="com.ibm.rdm.client.api.tests.folders.FolderTreeTest" endTimestamp="2014-03-18T11:08:35" id="430da31b-0d19-4ed8-ba34-9068038e8431" name="testInitialisedProjectHasEmptyCache" startTimestamp="2014-03-18T11:08:31" time="4.176" />
  <testcase classname="com.ibm.rdm.client.api.tests.folders.FolderTreeTest" endTimestamp="2014-03-18T11:08:35" id="7f0fd224-167f-4681-b245-0e83b237ee49" name="testGetChildFoldersInBaselineContextDoesNotInvalidateCache" startTimestamp="2014-03-18T11:08:35" time="0.048" />
  <testcase classname="com.ibm.rdm.client.api.tests.folders.FolderTreeTest" endTimestamp="2014-03-18T11:08:35" id="52cace83-9c13-4ca5-8221-5edc2c9cf2cd" name="testPartition" startTimestamp="2014-03-18T11:08:35" time="0.05" />
  <testcase classname="com.ibm.rdm.client.api.tests.folders.FolderTreeTest" endTimestamp="2014-03-18T11:08:54" id="88d4d094-a618-4e4d-a589-45a2d2ea2f36" name="testGetFolderWithChildrenWalkThru" startTimestamp="2014-03-18T11:08:35" time="18.799" />
  <testcase classname="com.ibm.rdm.client.api.tests.folders.FolderTreeTest" endTimestamp="2014-03-18T11:08:54" id="5e2d3efd-9d28-44a4-97b6-55468f6e9c61" name="testRecursiveUpdates" startTimestamp="2014-03-18T11:08:54" time="0.055" />
  <testcase classname="com.ibm.rdm.client.api.tests.folders.FolderTreeTest" endTimestamp="2014-03-18T11:09:20" id="563a9038-1276-422f-bbd7-533224277156" name="testGetChildFolders" startTimestamp="2014-03-18T11:08:54" time="25.942" />
  <testcase classname="com.ibm.rdm.client.api.tests.folders.FolderTreeTest" endTimestamp="2014-03-18T11:09:48" id="29f75707-db1d-4d47-b672-cfa877210b5d" name="testGrandparentFilterPaging" startTimestamp="2014-03-18T11:09:20" time="27.968" />
  <testcase classname="com.ibm.rdm.client.api.tests.bulk.MultiRequestServiceTest" endTimestamp="2014-03-18T11:10:18" id="0e75ff5f-574c-4a90-b44c-aff7a96712c6" name="testMultiRequestHEAD_GET" startTimestamp="2014-03-18T11:09:48" time="29.973" />
  <testcase classname="com.ibm.rdm.client.api.tests.bulk.MultiRequestServiceTest" endTimestamp="2014-03-18T11:10:27" id="9d9ea11c-7154-47cc-a6f3-f584f23fc054" name="testGetMultiRequestUserUrls" startTimestamp="2014-03-18T11:10:18" time="8.548" />
  <testcase classname="com.ibm.rdm.client.api.tests.bulk.MultiRequestServiceTest" endTimestamp="2014-03-18T11:10:27" id="0d41b6ed-0887-42ea-bf19-9c09f9c70d3f" name="testMultiRequestPutValidContent" startTimestamp="2014-03-18T11:10:27" time="0.707" />
  <testcase classname="com.ibm.rdm.client.api.tests.bulk.MultiRequestServiceTest" endTimestamp="2014-03-18T11:10:27" id="b9fa5240-3f3f-4f18-a3ea-7d13900c2ab8" name="testEscapedURL" startTimestamp="2014-03-18T11:10:27" time="0.0020" />
  <testcase classname="com.ibm.rdm.client.api.tests.bulk.MultiRequestServiceTest" endTimestamp="2014-03-18T11:10:27" id="b4c3ed53-e211-4dbe-a9b2-2490fa2ff369" name="testMultiRequestPostValidContent" startTimestamp="2014-03-18T11:10:27" time="0.064" />
  <testcase classname="com.ibm.rdm.client.api.tests.bulk.MultiRequestServiceTest" endTimestamp="2014-03-18T11:10:27" id="cb4a566c-8ba7-459d-b7de-68f19ab7211e" name="testUnsupportedMethodsOnService" startTimestamp="2014-03-18T11:10:27" time="0.014" />
  <testcase classname="com.ibm.rdm.client.api.tests.bulk.MultiRequestServiceTest" endTimestamp="2014-03-18T11:10:36" id="19081481-0255-46e7-8c12-4fb6da081117" name="testHeadMultiRequestUserUrls" startTimestamp="2014-03-18T11:10:27" time="8.684" />
  <testcase classname="com.ibm.rdm.client.api.tests.bulk.MultiRequestServiceTest" endTimestamp="2014-03-18T11:10:45" id="800d57e6-6264-403a-b7db-a1231551224d" name="testMultiGetWithQueryStringUrls" startTimestamp="2014-03-18T11:10:36" time="8.709" />
  <testcase classname="com.ibm.rdm.client.api.tests.importer.ImportServiceTest" endTimestamp="2014-03-18T11:12:48" id="f833ce3a-98a6-4282-83e0-f85b1d624c58" name="testBasicPerformanceLoad" startTimestamp="2014-03-18T11:10:45" time="123.474" />
  <testcase classname="com.ibm.rdm.client.api.tests.importer.ImportServiceTest" endTimestamp="2014-03-18T11:13:05" id="ee796a4c-9b8b-4396-a366-96f0cdb82dfa" name="testLeadingSpaceHandling" startTimestamp="2014-03-18T11:12:48" time="16.788" />
  <testcase classname="com.ibm.rdm.client.api.tests.importer.ImportServiceTest" endTimestamp="2014-03-18T11:13:22" id="6c49c29a-9306-4f39-9dd1-4cab0f79cd15" name="testImportScenario" startTimestamp="2014-03-18T11:13:05" time="17.454" />
  <testcase classname="com.ibm.rdm.client.api.tests.importer.ImportServiceTest" endTimestamp="2014-03-18T11:13:39" id="4513ebfb-1367-4c48-9b50-6b2d184fe0fd" name="testMultiValueAttributesWithCommasScenario" startTimestamp="2014-03-18T11:13:22" time="16.914" />
  <testcase classname="com.ibm.rdm.client.api.tests.importer.ImportServiceTest" endTimestamp="2014-03-18T11:13:56" id="6daf36c2-b065-40ae-8f5f-fa4784ab0f27" name="testInvalidMultiValueAttributeScenario" startTimestamp="2014-03-18T11:13:39" time="16.423" />
  <testcase classname="com.ibm.rdm.client.api.tests.importer.ImportServiceTest" endTimestamp="2014-03-18T11:14:12" id="7e2e22dd-0f14-4478-b676-1fe985f54c36" name="testMultiValueUserAttributes" startTimestamp="2014-03-18T11:13:56" time="16.421" />
  <testcase classname="com.ibm.rdm.client.api.tests.importer.ImportServiceTest" endTimestamp="2014-03-18T11:14:28" id="86d08fbf-3361-4fb3-b1b1-20614ce99756" name="testInvalidArtifactFormat" startTimestamp="2014-03-18T11:14:12" time="15.3" />
  <testcase classname="com.ibm.rdm.client.api.tests.importer.ImportServiceTest" endTimestamp="2014-03-18T11:14:44" id="e7e484f0-3bb4-4330-89d7-b3dfeb4a8a50" name="testEmptyValueErrorScenario" startTimestamp="2014-03-18T11:14:28" time="16.897" />
  <testcase classname="com.ibm.rdm.client.api.tests.importer.ImportServiceTest" endTimestamp="2014-03-18T11:14:54" id="28303c62-8068-4931-b191-ab39bb996179" name="testUnmatchedColumns" startTimestamp="2014-03-18T11:14:44" time="9.475" />
  <testcase classname="com.ibm.rdm.client.api.tests.importer.ImportServiceTest" endTimestamp="2014-03-18T11:15:11" id="db7e2423-0ca4-4556-b1f7-95c2a936efbf" name="testValidationErrorScenario" startTimestamp="2014-03-18T11:14:54" time="17.422" />
  <testcase classname="com.ibm.rdm.client.api.tests.importer.ImportServiceTest" endTimestamp="2014-03-18T11:15:27" id="96a26ce5-e6b8-471e-be5a-1d102e615013" name="testMatchedColumns" startTimestamp="2014-03-18T11:15:11" time="15.354" />
  <testcase classname="com.ibm.rdm.client.api.tests.importer.ImportServiceTest" endTimestamp="2014-03-18T11:15:41" id="759f58f8-22ca-4789-985a-256f3d7a642a" name="testImportColumnContainingTypeWithTrailingSpace" startTimestamp="2014-03-18T11:15:27" time="14.436" />
  <testcase classname="com.ibm.rdm.client.api.tests.importer.ImportServiceTest" endTimestamp="2014-03-18T11:15:59" id="877f02ed-ed66-420f-98c0-b2cdb5a79332" name="testLeadingTabHandling" startTimestamp="2014-03-18T11:15:41" time="18.055" />
  <testcase classname="com.ibm.rdm.client.api.tests.importer.ImportServiceTest" endTimestamp="2014-03-18T11:16:16" id="85c3c731-3195-4ef4-b80c-5fa578681e3a" name="testAsynchronousInvocation" startTimestamp="2014-03-18T11:15:59" time="16.744" />
  <testcase classname="com.ibm.rdm.client.api.tests.importer.ExportServiceTest" endTimestamp="2014-03-18T11:16:32" id="0d9d0fa6-7758-44e9-be98-9458b110b1af" name="testBasicOslcLinkColumn" startTimestamp="2014-03-18T11:16:20" time="11.791" />
  <testcase classname="com.ibm.rdm.client.api.tests.importer.ExportServiceTest" endTimestamp="2014-03-18T11:16:40" id="8f60999f-d2b1-409b-9830-5c60b355e6da" name="testExportOfSetSameAsPageSize" startTimestamp="2014-03-18T11:16:32" time="8.088" />
  <testcase classname="com.ibm.rdm.client.api.tests.importer.ExportServiceTest" endTimestamp="2014-03-18T11:16:51" id="81cfe615-7c16-4829-85d1-8bcd5d7ec156" name="testBasicCrossProjectLink" startTimestamp="2014-03-18T11:16:40" time="10.299" />
  <testcase classname="com.ibm.rdm.client.api.tests.importer.ExportServiceTest" endTimestamp="2014-03-18T11:16:56" id="6a8f7b82-87ec-4339-b1db-8342443bcbdb" name="testExportThenImport" startTimestamp="2014-03-18T11:16:51" time="5.664" />
  <testcase classname="com.ibm.rdm.client.api.tests.importer.ExportServiceTest" endTimestamp="2014-03-18T11:17:06" id="43f27afe-3010-44f5-a174-446ef28104e2" name="testDefaultValues" startTimestamp="2014-03-18T11:16:56" time="9.539" />
  <testcase classname="com.ibm.rdm.client.api.tests.importer.ExportServiceTest" endTimestamp="2014-03-18T11:17:08" id="d80c8391-80d0-40b2-9a67-8e94a162faa3" name="testExportViewWithZeroArtifacts" startTimestamp="2014-03-18T11:17:06" time="2.312" />
  <testcase classname="com.ibm.rdm.client.api.tests.importer.ExportServiceTest" endTimestamp="2014-03-18T11:17:15" id="588b71e3-9ab2-4a51-8d78-6c10f156a1e5" name="testDateFormats_pt_BR" startTimestamp="2014-03-18T11:17:08" time="7.435" />
  <testcase classname="com.ibm.rdm.client.api.tests.importer.ExportServiceTest" endTimestamp="2014-03-18T11:17:22" id="8e75e0a0-58ac-49ee-bf1d-f6946e63081a" name="testWellKnownLinkColumn" startTimestamp="2014-03-18T11:17:15" time="6.186" />
  <testcase classname="com.ibm.rdm.client.api.tests.importer.ExportServiceTest" endTimestamp="2014-03-18T11:17:29" id="0dfe3dc6-85af-4566-bf5d-dd2a858ff3f1" name="testUsersAndDate" startTimestamp="2014-03-18T11:17:22" time="7.001" />
  <testcase classname="com.ibm.rdm.client.api.tests.importer.ExportServiceTest" endTimestamp="2014-03-18T11:17:37" id="c353d684-ab92-4e88-b35d-f0d59aceb9c5" name="testExportOfSetOneLessPageSize" startTimestamp="2014-03-18T11:17:29" time="8.524" />
  <testcase classname="com.ibm.rdm.client.api.tests.importer.ExportServiceTest" endTimestamp="2014-03-18T11:17:46" id="652108a4-0a5d-43c8-b892-7ec12757eb1a" name="testContentEscaping" startTimestamp="2014-03-18T11:17:37" time="9.195" />
  <testcase classname="com.ibm.rdm.client.api.tests.importer.ExportServiceTest" endTimestamp="2014-03-18T11:17:53" id="9346cb48-fadd-4fe1-bd3a-3053e6b33f59" name="testExternalLinkColumn" startTimestamp="2014-03-18T11:17:46" time="6.24" />
  <testcase classname="com.ibm.rdm.client.api.tests.importer.ExportServiceTest" endTimestamp="2014-03-18T11:17:57" id="f3719746-7d1c-4569-9920-30047a3b89f7" name="testArtifactExportWithLinkColumn" startTimestamp="2014-03-18T11:17:53" time="4.298" />
  <testcase classname="com.ibm.rdm.client.api.tests.importer.ExportServiceTest" endTimestamp="2014-03-18T11:18:09" id="fcc59d11-66d0-46eb-9b57-ffe3684a83d1" name="testArtifactsExportWithRdfColumns" startTimestamp="2014-03-18T11:17:57" time="11.702" />
  <testcase classname="com.ibm.rdm.client.api.tests.importer.ExportServiceTest" endTimestamp="2014-03-18T11:18:18" id="b0ea2475-a6e8-491d-818f-5365971e093f" name="testDateFormats_CN" startTimestamp="2014-03-18T11:18:09" time="9.867" />
  <testcase classname="com.ibm.rdm.client.api.tests.importer.ExportServiceTest" endTimestamp="2014-03-18T11:18:28" id="a6010f1a-10d3-4c91-8605-f42aa89348b9" name="testDateFormats_DE" startTimestamp="2014-03-18T11:18:18" time="10.007" />
  <testcase classname="com.ibm.rdm.client.api.tests.importer.ExportServiceTest" endTimestamp="2014-03-18T11:18:36" id="d365d199-249a-4682-afb6-fd26741476ce" name="testDateFormats_JP" startTimestamp="2014-03-18T11:18:28" time="7.95" />
  <testcase classname="com.ibm.rdm.client.api.tests.importer.ExportServiceTest" endTimestamp="2014-03-18T11:18:44" id="8b7d4776-cc54-4612-a562-a0c3c7c539c5" name="testDateFormats_RU" startTimestamp="2014-03-18T11:18:36" time="7.976" />
  <testcase classname="com.ibm.rdm.client.api.tests.importer.ExportServiceTest" endTimestamp="2014-03-18T11:18:52" id="70cb50c0-e9ad-44b8-962f-8c7f4d70fbd3" name="testDateFormats_UK" startTimestamp="2014-03-18T11:18:44" time="7.807" />
  <testcase classname="com.ibm.rdm.client.api.tests.importer.ExportServiceTest" endTimestamp="2014-03-18T11:19:01" id="407e4930-9a49-479c-ae02-57f6cde82404" name="testDateFormats_US" startTimestamp="2014-03-18T11:18:52" time="9.2" />
  <testcase classname="com.ibm.rdm.client.api.tests.importer.ExportServiceTest" endTimestamp="2014-03-18T11:19:17" id="dce1f022-8b6d-49ca-9066-d96ad28a4d52" name="testExportOfSetMultipleOfPageSize" startTimestamp="2014-03-18T11:19:01" time="15.346" />
  <testcase classname="com.ibm.rdm.client.api.tests.importer.ExportServiceTest" endTimestamp="2014-03-18T11:19:26" id="20fffa26-f619-4ad5-bea2-b710735a647a" name="testExportOfSetOneMoreThanPageSize" startTimestamp="2014-03-18T11:19:17" time="9.386" />
  <testcase classname="com.ibm.rdm.client.api.tests.importer.ExportServiceTest" endTimestamp="2014-03-18T11:19:43" id="b5c6c7cb-e6d2-4b2d-8c19-c6e4eda0d139" name="testGridView" startTimestamp="2014-03-18T11:19:26" time="16.35" />
  <testcase classname="com.ibm.rdm.client.api.tests.importer.ExportServiceTest" endTimestamp="2014-03-18T11:19:55" id="e3c330c5-7d31-4a66-a4f5-088d241884bf" name="testArtifactsExport" startTimestamp="2014-03-18T11:19:43" time="12.361" />
  <testcase classname="com.ibm.rdm.client.api.tests.importer.ExportServiceTest" endTimestamp="2014-03-18T11:20:02" id="6c61c6ba-a712-476d-911f-9c80de1f1b05" name="testBasicLinkColumn" startTimestamp="2014-03-18T11:19:55" time="7.289" />
  <testcase classname="com.ibm.rdm.client.api.tests.importer.ExportServiceTest" endTimestamp="2014-03-18T11:20:15" id="4f3d1a8b-1b2e-4497-8f5e-533b63886554" name="testMixedLinkColumn" startTimestamp="2014-03-18T11:20:02" time="12.699" />
  <testcase classname="com.ibm.rdm.client.api.tests.importer.ExportServiceTest" endTimestamp="2014-03-18T11:20:29" id="ac1784b8-b20c-44b3-8028-47fc8ed3fbef" name="testRdfArtifactsExportWithRdfColumns" startTimestamp="2014-03-18T11:20:15" time="13.836" />
  <testcase classname="com.ibm.rdm.client.api.tests.importer.ExportServiceTest" endTimestamp="2014-03-18T11:20:53" id="143b82e4-ff06-403a-9227-33a9ded7f9e1" name="testMultiValueAttributes" startTimestamp="2014-03-18T11:20:29" time="23.863" />
  <testcase classname="com.ibm.rdm.client.api.tests.importer.ExportServiceTest" endTimestamp="2014-03-18T11:21:03" id="83dda264-c3a6-4ae1-a0f1-f56015717758" name="testExportOfSetOfPageSizeOfOne" startTimestamp="2014-03-18T11:20:53" time="10.568" />
  <testcase classname="com.ibm.rdm.client.api.tests.query.SparqlQueryServiceTest" endTimestamp="2014-03-18T11:21:13" id="5dad0cdf-930d-45c2-b796-b6ddac4a38a3" name="testDate" startTimestamp="2014-03-18T11:21:03" time="10.349" />
  <testcase classname="com.ibm.rdm.client.api.tests.query.SparqlQueryServiceTest" endTimestamp="2014-03-18T11:21:18" id="94dc77e1-99e8-47f2-97b2-52182734a6ba" name="testName" startTimestamp="2014-03-18T11:21:13" time="4.19" />
  <testcase classname="com.ibm.rdm.client.api.tests.query.SparqlQueryServiceTest" endTimestamp="2014-03-18T11:21:22" id="5f27c95c-6652-43ac-901f-267ae304dbde" name="testContentType" startTimestamp="2014-03-18T11:21:18" time="4.384" />
  <testcase classname="com.ibm.rdm.client.api.tests.query.SparqlQueryServiceTest" endTimestamp="2014-03-18T11:21:27" id="1753f907-fbdd-4997-9c1f-59f9ad082a22" name="testMultiDescribe" startTimestamp="2014-03-18T11:21:22" time="5.387" />
  <testcase classname="com.ibm.rdm.client.api.tests.query.SparqlQueryServiceTest" endTimestamp="2014-03-18T11:21:28" id="9432b2c9-b6e5-4ac6-8200-1b6c8cdaec53" name="testRunSparqlCommand" startTimestamp="2014-03-18T11:21:27" time="0.07" />
  <testcase classname="com.ibm.rdm.client.api.tests.query.SparqlQueryServiceTest" endTimestamp="2014-03-18T11:21:32" id="0d272dd5-8bca-4c90-bc88-3876180ab369" name="testCreator" startTimestamp="2014-03-18T11:21:28" time="4.8" />
  <testcase classname="com.ibm.rdm.client.api.tests.query.QueryServiceTest" endTimestamp="2014-03-18T11:21:41" id="f7473af5-9414-465d-aa60-9515cd4d8aa8" name="testDescribe2" startTimestamp="2014-03-18T11:21:32" time="9.084" />
  <testcase classname="com.ibm.rdm.client.api.tests.query.QueryServiceTest" endTimestamp="2014-03-18T11:21:49" id="07d1bc55-e051-481f-bd4e-6373cf76f553" name="testMultiFetchResourceURLs" startTimestamp="2014-03-18T11:21:41" time="8.021" />
  <testcase classname="com.ibm.rdm.client.api.tests.query.QueryServiceTest" endTimestamp="2014-03-18T11:21:50" id="4e247652-9c84-4c93-8d99-422374eb02f9" name="testNoResults" startTimestamp="2014-03-18T11:21:49" time="0.135" />
  <testcase classname="com.ibm.rdm.client.api.tests.query.QueryServiceTest" endTimestamp="2014-03-18T11:21:50" id="86d7fd2c-1b5a-4c26-a1b0-5b8f973c415a" name="testPagingMultiplePages" startTimestamp="2014-03-18T11:21:50" time="0.0" />
  <testcase classname="com.ibm.rdm.client.api.tests.query.QueryServiceTest" endTimestamp="2014-03-18T11:21:51" id="d5e86961-c868-4a98-9032-a77548abc541" name="testSubExpressions" startTimestamp="2014-03-18T11:21:50" time="1.131" />
  <testcase classname="com.ibm.rdm.client.api.tests.query.QueryServiceTest" endTimestamp="2014-03-18T11:21:57" id="b5cdac1c-1b65-4f4c-95f8-787ae72e539b" name="testNamQuery" startTimestamp="2014-03-18T11:21:51" time="5.831" />
  <testcase classname="com.ibm.rdm.client.api.tests.query.QueryServiceTest" endTimestamp="2014-03-18T11:21:58" id="2794976f-98a4-421c-8340-1090a483c34d" name="testNoQueryOnlyProperties" startTimestamp="2014-03-18T11:21:57" time="1.493" />
  <testcase classname="com.ibm.rdm.client.api.tests.query.QueryServiceTest" endTimestamp="2014-03-18T11:22:02" id="ec0b496b-1c46-4bc0-97cd-7a09373a9f40" name="testNameReturnURL_Format_Name" startTimestamp="2014-03-18T11:21:58" time="4.188" />
  <testcase classname="com.ibm.rdm.client.api.tests.query.QueryServiceTest" endTimestamp="2014-03-18T11:22:08" id="749c1423-7c3a-49f8-95e0-7c342a900009" name="testDuplicateNameInFolder" startTimestamp="2014-03-18T11:22:02" time="5.885" />
  <testcase classname="com.ibm.rdm.client.api.tests.query.QueryServiceTest" endTimestamp="2014-03-18T11:22:18" id="090ac0bf-01f6-4a12-8d34-bdcd29a70da6" name="testProjectAreaContextQueryTWOProjects" startTimestamp="2014-03-18T11:22:08" time="9.484" />
  <testcase classname="com.ibm.rdm.client.api.tests.query.QueryServiceTest" endTimestamp="2014-03-18T11:22:22" id="8985480b-779a-4d51-b1c9-5176e0038f77" name="testProjectAreaContextQueryOneProj" startTimestamp="2014-03-18T11:22:18" time="4.341" />
  <testcase classname="com.ibm.rdm.client.api.tests.query.QueryServiceTest" endTimestamp="2014-03-18T11:22:31" id="c8959c8e-ea3b-4527-9566-93e8c6ab72d8" name="testGetResourcesFromListOfFolders" startTimestamp="2014-03-18T11:22:22" time="8.878" />
  <testcase classname="com.ibm.rdm.client.api.tests.query.QueryServiceTest" endTimestamp="2014-03-18T11:22:36" id="c51a1d43-a282-4862-8cd2-b3636f8e9817" name="testNameStartsWithCaseInsensitiveQuery" startTimestamp="2014-03-18T11:22:31" time="4.881" />
  <testcase classname="com.ibm.rdm.client.api.tests.query.QueryServiceTest" endTimestamp="2014-03-18T11:22:44" id="62840176-2146-40ea-9094-72cf55516eac" name="testUnion" startTimestamp="2014-03-18T11:22:36" time="8.253" />
  <testcase classname="com.ibm.rdm.client.api.tests.query.QueryServiceTest" endTimestamp="2014-03-18T11:22:51" id="d600a28e-80e2-407f-b709-39b1b9e8819f" name="testHypenVariables" startTimestamp="2014-03-18T11:22:44" time="6.917" />
  <testcase classname="com.ibm.rdm.client.api.tests.query.QueryServiceTest" endTimestamp="2014-03-18T11:23:00" id="9daf8a92-da4b-4109-947c-01cad45b9764" name="testDate" startTimestamp="2014-03-18T11:22:51" time="8.664" />
  <testcase classname="com.ibm.rdm.client.api.tests.query.QueryServiceTest" endTimestamp="2014-03-18T11:23:04" id="0d6ae08b-45b0-40cb-822c-1d908e0ae323" name="testName" startTimestamp="2014-03-18T11:23:00" time="4.883" />
  <testcase classname="com.ibm.rdm.client.api.tests.query.QueryServiceTest" endTimestamp="2014-03-18T11:23:09" id="696b6f94-bbeb-4b2e-9aa9-077694bb21bb" name="testQueryUTF8" startTimestamp="2014-03-18T11:23:04" time="4.103" />
  <testcase classname="com.ibm.rdm.client.api.tests.query.QueryServiceTest" endTimestamp="2014-03-18T11:23:13" id="78cba8ae-ad5a-4ca9-acab-e12ca7ccbeb8" name="testNameReturnNameEtagShortNames" startTimestamp="2014-03-18T11:23:09" time="4.252" />
  <testcase classname="com.ibm.rdm.client.api.tests.query.QueryServiceTest" endTimestamp="2014-03-18T11:23:21" id="d569c3bf-8c39-4fd7-b720-9c1b9d582b83" name="testReturnAllResourceTypeNamesOrig" startTimestamp="2014-03-18T11:23:13" time="8.131" />
  <testcase classname="com.ibm.rdm.client.api.tests.query.QueryServiceTest" endTimestamp="2014-03-18T11:23:25" id="9ab2b320-43c0-49f9-b450-5627ea818ee4" name="testProjectAreaQuery" startTimestamp="2014-03-18T11:23:21" time="4.378" />
  <testcase classname="com.ibm.rdm.client.api.tests.query.QueryServiceTest" endTimestamp="2014-03-18T11:23:30" id="2c515537-4da2-4fcc-a0b7-67b84588888e" name="testNameStartsWithQuery" startTimestamp="2014-03-18T11:23:25" time="4.648" />
  <testcase classname="com.ibm.rdm.client.api.tests.query.QueryServiceTest" endTimestamp="2014-03-18T11:23:30" id="21205cb3-afe8-457b-aca4-65cf869658d5" name="testNoResults2" startTimestamp="2014-03-18T11:23:30" time="0.055" />
  <testcase classname="com.ibm.rdm.client.api.tests.query.QueryServiceTest" endTimestamp="2014-03-18T11:23:36" id="d04aa525-24de-493f-af2c-4e116a492796" name="testDuplicateNameInFolder2" startTimestamp="2014-03-18T11:23:30" time="6.511" />
  <testcase classname="com.ibm.rdm.client.api.tests.query.QueryServiceTest" endTimestamp="2014-03-18T11:23:45" id="64805c8d-fe70-4ed5-b0f0-ef9529551750" name="testGetAllResourcesOfListOfContentTypes" startTimestamp="2014-03-18T11:23:36" time="8.207" />
  <testcase classname="com.ibm.rdm.client.api.tests.query.QueryServiceTest" endTimestamp="2014-03-18T11:23:50" id="d574c29f-39cb-4740-8155-baa943116d12" name="testMultiDescribe" startTimestamp="2014-03-18T11:23:45" time="5.234" />
  <testcase classname="com.ibm.rdm.client.api.tests.query.QueryServiceTest" endTimestamp="2014-03-18T11:24:05" id="26198ba3-9a54-4820-b7dc-dff365fe7ff8" name="testLimitResults" startTimestamp="2014-03-18T11:23:50" time="14.783" />
  <testcase classname="com.ibm.rdm.client.api.tests.query.QueryServiceTest" endTimestamp="2014-03-18T11:24:19" id="c1efdad4-71bb-4f74-afa7-9c7ab973f2be" name="testLimitMaxParam" startTimestamp="2014-03-18T11:24:05" time="14.435" />
  <testcase classname="com.ibm.rdm.client.api.tests.query.QueryServiceTest" endTimestamp="2014-03-18T11:24:23" id="e5e7e302-0d6a-4036-9f1f-ff2b44b3d51c" name="testNameWithQuotes" startTimestamp="2014-03-18T11:24:19" time="4.332" />
  <testcase classname="com.ibm.rdm.client.api.tests.query.QueryServiceTest" endTimestamp="2014-03-18T11:24:29" id="88c65ab8-a65a-4667-9e62-00f55a1b2165" name="testCreator" startTimestamp="2014-03-18T11:24:23" time="5.363" />
  <testcase classname="com.ibm.rdm.client.api.tests.query.QueryServiceTest" endTimestamp="2014-03-18T11:24:29" id="b7912711-f122-4370-8eec-a4d1bfa33a8f" name="testLimitMAXResults" startTimestamp="2014-03-18T11:24:29" time="0.0" />
  <testcase classname="com.ibm.rdm.client.api.tests.query.QueryServiceTest" endTimestamp="2014-03-18T11:24:39" id="765c665b-8563-4a6c-b683-a8096f7cb7b0" name="testComplexUnion" startTimestamp="2014-03-18T11:24:29" time="10.458" />
  <testcase classname="com.ibm.rdm.client.api.tests.query.QueryServiceTest" endTimestamp="2014-03-18T11:24:42" id="6bb388bf-fe24-4515-ba94-e991ef21c2a2" name="testRegularExpressions" startTimestamp="2014-03-18T11:24:39" time="2.578" />
  <testcase classname="com.ibm.rdm.client.api.tests.query.QueryServiceTest" endTimestamp="2014-03-18T11:24:51" id="5d61ce1d-a0f7-4513-9c71-ead64f284c7f" name="testGetAllResourcesOfListOfContentTypesWithCharsetUTF8" startTimestamp="2014-03-18T11:24:42" time="9.097" />
  <testcase classname="com.ibm.rdm.client.api.tests.query.QueryServiceTest" endTimestamp="2014-03-18T11:24:56" id="590e947c-b2f3-4480-acbd-1caa2c027279" name="testPaging" startTimestamp="2014-03-18T11:24:51" time="5.311" />
  <testcase classname="com.ibm.rdm.client.api.tests.query.QueryServiceTest" endTimestamp="2014-03-18T11:25:01" id="024d093c-5694-4e8f-9cd8-58e7f5a72261" name="testNameReturnNameEtagWithNamespaceOverrideDefault" startTimestamp="2014-03-18T11:24:56" time="4.942" />
  <testcase classname="com.ibm.rdm.client.api.tests.query.QueryServiceTest" endTimestamp="2014-03-18T11:25:09" id="0c38b35b-d60e-47a2-a860-2b8fdeeba27d" name="testQueryAndReturnAllNames" startTimestamp="2014-03-18T11:25:01" time="7.631" />
  <testcase classname="com.ibm.rdm.client.api.tests.query.QueryServiceTest" endTimestamp="2014-03-18T11:25:14" id="50eb8c51-08b4-4e30-afa8-234c91585ff9" name="testNameReturnNameEtagWithNamespace" startTimestamp="2014-03-18T11:25:09" time="4.866" />
  <testcase classname="com.ibm.rdm.client.api.tests.query.QueryServiceTest" endTimestamp="2014-03-18T11:25:23" id="156a06ad-275e-47d0-ba7b-a0e311dc0e91" name="testGetOPTIONAL" startTimestamp="2014-03-18T11:25:14" time="9.582" />
  <testcase classname="com.ibm.rdm.client.api.tests.query.QueryTextSearchServiceTest" endTimestamp="2014-03-18T11:25:32" id="981cbf28-fc58-4eb9-881c-649644f5acdd" name="testGVTAccentInsensitive" startTimestamp="2014-03-18T11:25:23" time="8.736" />
  <testcase classname="com.ibm.rdm.client.api.tests.query.QueryTextSearchServiceTest" endTimestamp="2014-03-18T11:25:46" id="af5b2722-4ea3-4f0e-9c06-1d0ed1360823" name="testTextProject" startTimestamp="2014-03-18T11:25:32" time="13.676" />
  <testcase classname="com.ibm.rdm.client.api.tests.query.QueryTextSearchServiceTest" endTimestamp="2014-03-18T11:25:46" id="58585d0e-4f11-4f31-83ce-e55dce911c87" name="testWeightWithSpace" startTimestamp="2014-03-18T11:25:46" time="0.0" />
  <testcase classname="com.ibm.rdm.client.api.tests.query.QueryTextSearchServiceTest" endTimestamp="2014-03-18T11:25:46" id="2d1931fe-4849-4c38-813e-e466be7bae75" name="testWeightUnderscoreNameWasFailing" startTimestamp="2014-03-18T11:25:46" time="0.0" />
  <testcase classname="com.ibm.rdm.client.api.tests.query.QueryTextSearchServiceTest" endTimestamp="2014-03-18T11:25:50" id="570a22e6-84e3-4066-8cf7-e480d8b4d9ac" name="testText" startTimestamp="2014-03-18T11:25:46" time="3.854" />
  <testcase classname="com.ibm.rdm.client.api.tests.query.QueryTextSearchServiceTest" endTimestamp="2014-03-18T11:25:53" id="ac6ecc1e-ff4e-43a1-94ca-9da546adcf1c" name="testRequirementWrapperText" startTimestamp="2014-03-18T11:25:50" time="3.32" />
  <testcase classname="com.ibm.rdm.client.api.tests.query.QueryTextSearchServiceTest" endTimestamp="2014-03-18T11:25:53" id="4d87d9f9-686f-4443-91fb-a51b26af670a" name="testTextBadSyntax" startTimestamp="2014-03-18T11:25:53" time="0.212" />
  <testcase classname="com.ibm.rdm.client.api.tests.query.QueryTextSearchServiceTest" endTimestamp="2014-03-18T11:25:53" id="8480acdc-e4c3-4a35-9f10-eef1044f005a" name="testTextEscapeSyntax" startTimestamp="2014-03-18T11:25:53" time="0.0" />
  <testcase classname="com.ibm.rdm.client.api.tests.query.QueryTextSearchServiceTest" endTimestamp="2014-03-18T11:25:55" id="c5d8aa0c-8006-4936-9868-f5977315d0c9" name="testPunctuatationChars" startTimestamp="2014-03-18T11:25:53" time="2.168" />
  <testcase classname="com.ibm.rdm.client.api.tests.query.QueryTextSearchServiceTest" endTimestamp="2014-03-18T11:26:00" id="f3069b52-dd51-45ab-8257-187c10b7fc35" name="testSearchAndQuery" startTimestamp="2014-03-18T11:25:55" time="4.446" />
  <testcase classname="com.ibm.rdm.client.api.tests.query.QueryTextSearchServiceTest" endTimestamp="2014-03-18T11:26:02" id="a593ced0-1658-4a6b-8840-9cc8706325e0" name="testWeightProperty" startTimestamp="2014-03-18T11:26:00" time="2.424" />
  <testcase classname="com.ibm.rdm.client.api.tests.query.QueryTextSearchServiceTest" endTimestamp="2014-03-18T11:26:03" id="88cb9729-f357-45f4-9674-d9b6ea769fee" name="testSearchRequirement" startTimestamp="2014-03-18T11:26:02" time="0.815" />
  <testcase classname="com.ibm.rdm.client.api.tests.query.QueryTextSearchServiceTest" endTimestamp="2014-03-18T11:26:05" id="d3e601a9-9a38-4fd8-93f9-69eb561efd8c" name="testWeightAndText" startTimestamp="2014-03-18T11:26:03" time="2.335" />
  <testcase classname="com.ibm.rdm.client.api.tests.query.QueryTextSearchServiceTest" endTimestamp="2014-03-18T11:26:05" id="16149a0a-0949-494c-9f67-0c2367011352" name="testTextEscapeSyntax2" startTimestamp="2014-03-18T11:26:05" time="0.0010" />
  <testcase classname="com.ibm.rdm.client.api.tests.query.QueryTextSearchServiceTest" endTimestamp="2014-03-18T11:26:10" id="cc45e636-7c99-4dee-b3dc-3bdd25a009a7" name="testNoSearchResults" startTimestamp="2014-03-18T11:26:05" time="4.61" />
  <testcase classname="com.ibm.rdm.client.api.tests.query.QueryTextSearchServiceTest" endTimestamp="2014-03-18T11:26:11" id="2ce80f1a-7892-4a59-b41b-f52972799962" name="testSearchRequirement___WORKAROUND_FOR_FAILING_DUE_TO_JFS_DEFECT____FIXED_IN_JFS_M8" startTimestamp="2014-03-18T11:26:10" time="1.565" />
  <testcase classname="com.ibm.rdm.client.api.tests.query.QueryTextSearchServiceTest" endTimestamp="2014-03-18T11:26:21" id="79969690-28a2-4be4-a771-0cca5214f05b" name="testContentTypes" startTimestamp="2014-03-18T11:26:11" time="9.783" />
  <testcase classname="com.ibm.rdm.client.api.tests.reqparser.RequirementsParsingAcceptanceTest" endTimestamp="2014-03-18T11:27:03" id="d05d10a1-58e7-45d6-96c5-1daa5054bd75" name="testThatCommentsAttachedToImportedArtifacts" startTimestamp="2014-03-18T11:26:21" time="41.229" />
  <testcase classname="com.ibm.rdm.client.api.tests.reqparser.RequirementsParsingAcceptanceTest" endTimestamp="2014-03-18T11:27:08" id="e655ceb1-9fc2-4261-97ae-a320578b9466" name="testThatEmptyHeadingNodesDoNotGetCreated" startTimestamp="2014-03-18T11:27:03" time="5.848" />
  <testcase classname="com.ibm.rdm.client.api.tests.reqparser.RequirementsParsingAcceptanceTest" endTimestamp="2014-03-18T11:27:15" id="a26b01ae-1888-424c-a864-88e41389b5c9" name="testPreviewCountsMatchesPersistedCounts" startTimestamp="2014-03-18T11:27:08" time="6.152" />
  <testcase classname="com.ibm.rdm.client.api.tests.reqparser.RequirementsParsingAcceptanceTest" endTimestamp="2014-03-18T11:27:21" id="50178994-d3e0-4699-95c7-4422a1edacf6" name="testDelimiterExtractionDoesntOvergraciouslyRemoveChildren" startTimestamp="2014-03-18T11:27:15" time="6.37" />
  <testcase classname="com.ibm.rdm.client.api.tests.reqparser.RequirementsParsingAcceptanceTest" endTimestamp="2014-03-18T11:27:23" id="3ec6af62-7412-4f13-9a35-94101339c04d" name="testImportDocumentWithHorizontalShape" startTimestamp="2014-03-18T11:27:21" time="2.075" />
  <testcase classname="com.ibm.rdm.client.api.tests.reqparser.RequirementsParsingAcceptanceTest" endTimestamp="2014-03-18T11:27:30" id="4abf6bc1-1965-4a25-b38d-76d7ae057047" name="testThatCommentContentDoestNotContainIDAttribute" startTimestamp="2014-03-18T11:27:23" time="6.642" />
  <testcase classname="com.ibm.rdm.client.api.tests.reqparser.RequirementsParsingAcceptanceTest" endTimestamp="2014-03-18T11:27:31" id="c6b63d4e-1c23-406a-a4fa-bd86230e6a3f" name="testListDisqualification" startTimestamp="2014-03-18T11:27:30" time="1.664" />
  <testcase classname="com.ibm.rdm.client.api.tests.reqparser.RequirementsParsingAcceptanceTest" endTimestamp="2014-03-18T11:27:37" id="8f7657ae-faa1-4ab5-8731-e27d218d7cda" name="testLineBreaks" startTimestamp="2014-03-18T11:27:31" time="5.505" />
  <testcase classname="com.ibm.rdm.client.api.tests.reqparser.RequirementsParsingAcceptanceTest" endTimestamp="2014-03-18T11:27:38" id="e829e5ce-485a-4e7e-a53b-8bd4d93cc9ee" name="testKeywordExtractionIssueAt75492" startTimestamp="2014-03-18T11:27:37" time="1.719" />
  <testcase classname="com.ibm.rdm.client.api.tests.reqparser.RequirementsParsingAcceptanceTest" endTimestamp="2014-03-18T11:27:45" id="4ebda6fe-3b98-4fcf-b8f4-3ebcf4f41663" name="testBreakSeparatedSentencesWithinDoubleQuotes" startTimestamp="2014-03-18T11:27:38" time="6.316" />
  <testcase classname="com.ibm.rdm.client.api.tests.reqparser.RequirementsParsingAcceptanceTest" endTimestamp="2014-03-18T11:27:47" id="c2f955c5-00c0-443e-bdc1-aa4f540486ed" name="testLineBreakBRRegression" startTimestamp="2014-03-18T11:27:45" time="2.003" />
  <testcase classname="com.ibm.rdm.client.api.tests.reqparser.RequirementsParsingAcceptanceTest" endTimestamp="2014-03-18T11:27:53" id="d7090085-b52b-4bd3-b3a8-658764131f53" name="testThatRTLDirectionalityIsPreservedInHeadings" startTimestamp="2014-03-18T11:27:47" time="5.801" />
  <testcase classname="com.ibm.rdm.client.api.tests.reqparser.RequirementsParsingAcceptanceTest" endTimestamp="2014-03-18T11:27:54" id="95136d99-668e-4189-8f56-aaf111455172" name="testParseDocumentWithMissingStartDelimiter" startTimestamp="2014-03-18T11:27:53" time="1.878" />
  <testcase classname="com.ibm.rdm.client.api.tests.reqparser.RequirementsParsingAcceptanceTest" endTimestamp="2014-03-18T11:28:00" id="4a6ca6fd-1944-41b9-adbc-6822506adda6" name="testHyperlinkWithMultipleRuns" startTimestamp="2014-03-18T11:27:54" time="5.542" />
  <testcase classname="com.ibm.rdm.client.api.tests.reqparser.RequirementsParsingAcceptanceTest" endTimestamp="2014-03-18T11:28:01" id="a72fcc87-a000-4c6a-9c8c-4720366f56ad" name="testThatInvalidDelimitersAreRejected" startTimestamp="2014-03-18T11:28:00" time="1.317" />
  <testcase classname="com.ibm.rdm.client.api.tests.reqparser.RequirementsParsingAcceptanceTest" endTimestamp="2014-03-18T11:28:07" id="074de98b-a58b-4c1e-9f59-f2a5ea673a1e" name="testEnsureThatUpdateTableLayoutNotCalled" startTimestamp="2014-03-18T11:28:01" time="5.311" />
  <testcase classname="com.ibm.rdm.client.api.tests.reqparser.RequirementsParsingAcceptanceTest" endTimestamp="2014-03-18T11:28:12" id="f267d3f2-ff2c-4356-a8d4-fed7aa6897a4" name="testThatKeywordsAreTrimmed" startTimestamp="2014-03-18T11:28:07" time="5.482" />
  <testcase classname="com.ibm.rdm.client.api.tests.reqparser.RequirementsParsingAcceptanceTest" endTimestamp="2014-03-18T11:28:18" id="017c7606-074a-40df-976d-6b80b223ab76" name="testRTLSupportForTables" startTimestamp="2014-03-18T11:28:12" time="5.485" />
  <testcase classname="com.ibm.rdm.client.api.tests.reqparser.RequirementsParsingAcceptanceTest" endTimestamp="2014-03-18T11:28:25" id="0e8a85ff-a021-48af-a13e-3dd15accb8bf" name="testImportFileWithImageInHeading" startTimestamp="2014-03-18T11:28:18" time="6.979" />
  <testcase classname="com.ibm.rdm.client.api.tests.reqparser.RequirementsParsingAcceptanceTest" endTimestamp="2014-03-18T11:28:31" id="a4dded0f-d5cd-457f-a1c5-400e134b67df" name="testThatCommentsOnEmptyParagraphsAreImported" startTimestamp="2014-03-18T11:28:25" time="6.41" />
  <testcase classname="com.ibm.rdm.client.api.tests.reqparser.RequirementsParsingAcceptanceTest" endTimestamp="2014-03-18T11:28:32" id="63636e6c-3123-4228-80ea-6e7bba69529b" name="testThatInvalidKeywordsAreRejected" startTimestamp="2014-03-18T11:28:31" time="1.442" />
  <testcase classname="com.ibm.rdm.client.api.tests.reqparser.RequirementsParsingAcceptanceTest" endTimestamp="2014-03-18T11:28:45" id="6c2f9c3f-768d-4fc8-8735-5bb89ccb0c6b" name="testUploadBehaviourWhenMissingFolderCreatePermission" startTimestamp="2014-03-18T11:28:32" time="12.075" />
  <testcase classname="com.ibm.rdm.client.api.tests.reqparser.RequirementsParsingAcceptanceTest" endTimestamp="2014-03-18T11:28:51" id="6b07fc80-4b51-485f-9bdb-d85f800f4281" name="testBreakSeparatedSentencesWithKeywordShould" startTimestamp="2014-03-18T11:28:45" time="6.633" />
  <testcase classname="com.ibm.rdm.client.api.tests.reqparser.RequirementsParsingAcceptanceTest" endTimestamp="2014-03-18T11:28:57" id="ff2a0547-a66b-49ea-b15a-59cc70488216" name="testDelimiterExtractionAcrossListItem" startTimestamp="2014-03-18T11:28:51" time="6.148" />
  <testcase classname="com.ibm.rdm.client.api.tests.reqparser.RequirementsParsingAcceptanceTest" endTimestamp="2014-03-18T11:28:59" id="28f31207-0a10-4b0e-93ea-aed8ff6713bd" name="testGIFImagesInDOCXFilesImported" startTimestamp="2014-03-18T11:28:57" time="2.015" />
  <testcase classname="com.ibm.rdm.client.api.tests.reqparser.RequirementsParsingAcceptanceTest" endTimestamp="2014-03-18T11:29:06" id="b9980b5c-f98c-4f2c-88c5-be46cd0b0ef6" name="testSpaceSeparatedSentencesWithKeywordShould" startTimestamp="2014-03-18T11:28:59" time="6.63" />
  <testcase classname="com.ibm.rdm.client.api.tests.reqparser.RequirementsParsingAcceptanceTest" endTimestamp="2014-03-18T11:29:11" id="185f2b8a-1258-4667-aa54-09273b994752" name="testThatHeadingStripperIsNotTooGenerous" startTimestamp="2014-03-18T11:29:06" time="5.474" />
  <testcase classname="com.ibm.rdm.client.api.tests.reqparser.RequirementsParsingAcceptanceTest" endTimestamp="2014-03-18T11:29:18" id="d60224ba-8036-4844-8842-1389ff480d0d" name="testThatHeadingListsAreImportedCorrectly" startTimestamp="2014-03-18T11:29:11" time="6.507" />
  <testcase classname="com.ibm.rdm.client.api.tests.reqparser.RequirementsParsingAcceptanceTest" endTimestamp="2014-03-18T11:29:24" id="228f4438-13d9-4cad-9e5b-8062adb627ff" name="testBackToBackDelimitersExtractedSuccessfully" startTimestamp="2014-03-18T11:29:18" time="6.228" />
  <testcase classname="com.ibm.rdm.client.api.tests.reqparser.RequirementsParsingAcceptanceTest" endTimestamp="2014-03-18T11:29:30" id="29fca57c-a924-422a-8b13-48dee201b2fa" name="testThatKeywordsAreDetectedFromLists" startTimestamp="2014-03-18T11:29:24" time="5.801" />
  <testcase classname="com.ibm.rdm.client.api.tests.reqparser.RequirementsParsingAcceptanceTest" endTimestamp="2014-03-18T11:29:36" id="23c5eff3-92ba-49bb-b016-24aef0910700" name="testThatDelimitersAreTrimmed" startTimestamp="2014-03-18T11:29:30" time="5.573" />
  <testcase classname="com.ibm.rdm.client.api.tests.reqparser.RequirementsParsingAcceptanceTest" endTimestamp="2014-03-18T11:29:41" id="4cdce821-449a-47fe-8eda-826f24351104" name="testDIVHandling" startTimestamp="2014-03-18T11:29:36" time="5.901" />
  <testcase classname="com.ibm.rdm.client.api.tests.reqparser.RequirementsParsingAcceptanceTest" endTimestamp="2014-03-18T11:29:43" id="d48e2e4c-7d64-4c94-adce-508f75ce9623" name="testKeywordExtractionNotTooGenerous" startTimestamp="2014-03-18T11:29:41" time="1.764" />
  <testcase classname="com.ibm.rdm.client.api.tests.validation.ValidationServiceTest" endTimestamp="2014-03-18T11:29:47" id="f6b00c9d-f937-4665-9370-bb297c9145e1" name="testIllegalXmlCharacterAttribute" startTimestamp="2014-03-18T11:29:43" time="3.915" />
  <testcase classname="com.ibm.rdm.client.api.tests.validation.ValidationServiceTest" endTimestamp="2014-03-18T11:29:47" id="65351019-b538-44c2-a13d-99f7605c2782" name="testProcessLinksNoBaseUri" startTimestamp="2014-03-18T11:29:47" time="0.0070" />
  <testcase classname="com.ibm.rdm.client.api.tests.validation.ValidationServiceTest" endTimestamp="2014-03-18T11:29:47" id="3b144fee-49ad-4363-82da-f0332b6128fb" name="testValidateIllegalAnchorTag" startTimestamp="2014-03-18T11:29:47" time="0.0040" />
  <testcase classname="com.ibm.rdm.client.api.tests.validation.ValidationServiceTest" endTimestamp="2014-03-18T11:29:47" id="5601c19a-85bc-4145-9c53-acbde460b5f8" name="testValidateInvalidXhtml" startTimestamp="2014-03-18T11:29:47" time="0.0060" />
  <testcase classname="com.ibm.rdm.client.api.tests.validation.ValidationServiceTest" endTimestamp="2014-03-18T11:29:47" id="8a6cdc6f-fce4-44c9-b031-6f49f99e7af7" name="testValidateXhtml" startTimestamp="2014-03-18T11:29:47" time="0.0040" />
  <testcase classname="com.ibm.rdm.client.api.tests.validation.ValidationServiceTest" endTimestamp="2014-03-18T11:29:47" id="dcea7a5f-5c16-49a2-9bab-094147019755" name="testValidateSimpleXhtml" startTimestamp="2014-03-18T11:29:47" time="0.0060" />
  <testcase classname="com.ibm.rdm.client.api.tests.validation.ValidationServiceTest" endTimestamp="2014-03-18T11:29:48" id="8b66fb6a-5a9e-484e-95ee-95a11d938b12" name="testListStartAttribute" startTimestamp="2014-03-18T11:29:47" time="0.301" />
  <testcase classname="com.ibm.rdm.client.api.tests.url.bulk.BulkUriAllocationServiceTest" endTimestamp="2014-03-18T11:29:52" id="0d201ec0-1d7d-4637-97ac-ddb3be258876" name="testGetBulkUrlAllocationFailsWithCountExceedingMaxAllowed" startTimestamp="2014-03-18T11:29:48" time="4.007" />
  <testcase classname="com.ibm.rdm.client.api.tests.url.bulk.BulkUriAllocationServiceTest" endTimestamp="2014-03-18T11:29:52" id="710ec6ee-715d-4127-b581-3e67a45e3671" name="testGetBulkUrlAllocationWithNoCountProvidesDefaultAllocation" startTimestamp="2014-03-18T11:29:52" time="0.199" />
  <testcase classname="com.ibm.rdm.client.api.tests.url.bulk.BulkUriAllocationServiceTest" endTimestamp="2014-03-18T11:29:52" id="80200420-3918-49da-bf4f-0a9b2f0e9e7e" name="testGetBulkUrlAllocationFailsWithNonServiceUrl" startTimestamp="2014-03-18T11:29:52" time="0.047" />
  <testcase classname="com.ibm.rdm.client.api.tests.url.bulk.BulkUriAllocationServiceTest" endTimestamp="2014-03-18T11:29:52" id="7a77e235-18ad-431b-ab21-3d88c5ac80fa" name="testGetBulkUrlAllocationFailsWithMalformedCount" startTimestamp="2014-03-18T11:29:52" time="0.055" />
  <testcase classname="com.ibm.rdm.client.api.tests.url.bulk.BulkUriAllocationServiceTest" endTimestamp="2014-03-18T11:29:52" id="40599cf1-3702-4967-b853-3260c3ff4288" name="testGetBulkUrlAllocationFailsWithMissingTemplateUrl" startTimestamp="2014-03-18T11:29:52" time="0.048" />
  <testcase classname="com.ibm.rdm.client.api.tests.url.bulk.BulkUriAllocationServiceTest" endTimestamp="2014-03-18T11:29:52" id="c2b80510-77ce-4152-9d47-3967b34c3453" name="testGetBulkUrlAllocationFailsWithMalformedTemplateUrl" startTimestamp="2014-03-18T11:29:52" time="0.05" />
  <testcase classname="com.ibm.rdm.client.api.tests.url.bulk.BulkUriAllocationServiceTest" endTimestamp="2014-03-18T11:29:52" id="de795d7d-ceae-400b-af8c-36e106354007" name="testGetBulkUrlAllocationWithGivenCountAndTemplate" startTimestamp="2014-03-18T11:29:52" time="0.418" />
  <testcase classname="com.ibm.rdm.client.api.tests.url.bulk.BulkUriAllocatorUnitLevelTest" endTimestamp="2014-03-18T11:29:53" id="ab0b3809-426f-4236-a98a-40ee307ba3d7" name="testAllocationCreation" startTimestamp="2014-03-18T11:29:52" time="0.089" />
  <testcase classname="com.ibm.rdm.client.api.tests.url.bulk.BulkUriAllocatorUnitLevelTest" endTimestamp="2014-03-18T11:29:53" id="a2dc1ff9-7d98-48d5-98cb-57a70a3cc051" name="testParseAllocationFromRDF" startTimestamp="2014-03-18T11:29:53" time="0.015" />
  <testcase classname="com.ibm.rdm.client.api.tests.url.bulk.BulkUriAllocatorUnitLevelTest" endTimestamp="2014-03-18T11:29:53" id="b42dc04d-ebb6-4f8e-9355-9a6b61d64909" name="testOutputAllocationToRDF" startTimestamp="2014-03-18T11:29:53" time="0.0" />
  <testcase classname="com.ibm.rdm.client.api.tests.calm.OSLCBackLinkTest" endTimestamp="2014-03-18T11:31:36" id="db48f7e0-2e86-4542-b5ef-3c2db3ed5573" name="testOSLCBackLink" startTimestamp="2014-03-18T11:29:53" time="103.024" />
  <testcase classname="com.ibm.rdm.client.api.tests.calm.OSLCBackLinkTest" endTimestamp="2014-03-18T11:31:38" id="32a9d340-d249-46d4-ae0d-bfbe96dd5c40" name="testCollectionNotAllowedForOSLCRequirement" startTimestamp="2014-03-18T11:31:36" time="1.934" />
  <testcase classname="com.ibm.rdm.client.api.tests.calm.OSLCBackLinkTest" endTimestamp="2014-03-18T11:31:42" id="01e87bac-ad23-458c-8f6a-730cbd93a901" name="testCollection" startTimestamp="2014-03-18T11:31:38" time="4.496" />
  <testcase classname="com.ibm.rdm.client.api.tests.calm.OSLCBackLinkTest" endTimestamp="2014-03-18T11:31:43" id="96d313e2-6e1c-4bb1-aa68-90d7b7d74608" name="testOSLCCollectionNotAllowedForOtherArtifacts" startTimestamp="2014-03-18T11:31:42" time="1.002" />
  <testcase classname="com.ibm.rdm.client.api.tests.calm.OSLCBackLinkTest" endTimestamp="2014-03-18T11:31:59" id="ccc19466-7838-47eb-8cad-640fe52c8050" name="testOSLCBackLinkWithMultipleProjects" startTimestamp="2014-03-18T11:31:43" time="16.031" />
  <testcase classname="com.ibm.rdm.client.api.tests.calm.OSLCPreV1Test" endTimestamp="2014-03-18T11:32:04" id="5edc48b8-48d2-43f8-a16f-2e2ea0c2edb8" name="testRequirementCollection" startTimestamp="2014-03-18T11:31:59" time="4.645" />
  <testcase classname="com.ibm.rdm.client.api.tests.calm.OSLCPreV1Test" endTimestamp="2014-03-18T11:32:08" id="a91a108c-8956-4a49-94b7-9ff5d1a4124d" name="testRequirement" startTimestamp="2014-03-18T11:32:04" time="3.936" />
  <testcase classname="com.ibm.rdm.client.api.tests.calm.OSLCV1Test" endTimestamp="2014-03-18T11:32:14" id="cc6fb7a1-5fe3-4e00-b07f-a9da5afcecde" name="testRequirementCollection" startTimestamp="2014-03-18T11:32:08" time="5.931" />
  <testcase classname="com.ibm.rdm.client.api.tests.calm.OSLCV1Test" endTimestamp="2014-03-18T11:32:18" id="44d8a2e4-c1e5-4a40-b7c2-aa52de720989" name="testRequirement" startTimestamp="2014-03-18T11:32:14" time="4.818" />
  <testcase classname="com.ibm.rdm.client.api.tests.calm.OSLCV1Test" endTimestamp="2014-03-18T11:32:22" id="e8146331-60c0-45fd-951e-1466e46b7f74" name="testRequirementFactory" startTimestamp="2014-03-18T11:32:18" time="4.036" />
  <testcase classname="com.ibm.rdm.client.api.tests.calm.OSLCV2Test" endTimestamp="2014-03-18T11:32:24" id="6610e9e4-3239-4b22-adc9-1a89268866d9" name="testXMLContentNegotion" startTimestamp="2014-03-18T11:32:22" time="1.086" />
  <testcase classname="com.ibm.rdm.client.api.tests.calm.OSLCV2Test" endTimestamp="2014-03-18T11:32:26" id="3ae4c75c-a10d-442a-965f-d2711841aa9c" name="testBackEndLinksFromLinkCreation" startTimestamp="2014-03-18T11:32:24" time="2.208" />
  <testcase classname="com.ibm.rdm.client.api.tests.calm.OSLCV2Test" endTimestamp="2014-03-18T11:32:30" id="395facef-7cf8-4b8f-a65f-44d0cdeb4335" name="testBackLinkingWithInternalLinks" startTimestamp="2014-03-18T11:32:26" time="4.103" />
  <testcase classname="com.ibm.rdm.client.api.tests.calm.OSLCV2Test" endTimestamp="2014-03-18T11:32:32" id="566e3889-d1f1-4e93-b4c2-5523b6af380b" name="testUpdateLinksWithCommenterRole" startTimestamp="2014-03-18T11:32:30" time="2.514" />
  <testcase classname="com.ibm.rdm.client.api.tests.calm.OSLCV2Test" endTimestamp="2014-03-18T11:32:37" id="1f0be80a-386d-44b7-a901-29b9d348d4b3" name="testRequirementInternalLinks" startTimestamp="2014-03-18T11:32:32" time="5.054" />
  <testcase classname="com.ibm.rdm.client.api.tests.calm.OSLCV2Test" endTimestamp="2014-03-18T11:32:45" id="ca07c127-025d-44c5-847e-aa7afc6e83c9" name="testRequirementMultiValueAttributes" startTimestamp="2014-03-18T11:32:37" time="7.678" />
  <testcase classname="com.ibm.rdm.client.api.tests.calm.OSLCV2Test" endTimestamp="2014-03-18T11:32:47" id="f8e3439e-4808-490e-978f-af6229f66dca" name="testRDFContentNegotiation" startTimestamp="2014-03-18T11:32:45" time="1.434" />
  <testcase classname="com.ibm.rdm.client.api.tests.calm.OSLCV2Test" endTimestamp="2014-03-18T11:32:51" id="7e26fdaf-5726-4ed5-a04a-64c7a88b0e75" name="testRequirementCollection" startTimestamp="2014-03-18T11:32:47" time="4.753" />
  <testcase classname="com.ibm.rdm.client.api.tests.calm.OSLCV2Test" endTimestamp="2014-03-18T11:32:54" id="fcd41c87-cab0-4b24-a033-f82989d7d838" name="testRequirementFactoryWithNotFoundFolder" startTimestamp="2014-03-18T11:32:51" time="2.639" />
  <testcase classname="com.ibm.rdm.client.api.tests.calm.OSLCV2Test" endTimestamp="2014-03-18T11:32:59" id="f59d9b85-653a-46ff-aebb-c92079533e69" name="testRequirement" startTimestamp="2014-03-18T11:32:54" time="5.176" />
  <testcase classname="com.ibm.rdm.client.api.tests.calm.OSLCV2Test" endTimestamp="2014-03-18T11:33:00" id="36670660-2a74-4fd7-947d-65b262e4b900" name="testInvalidContentNegotion" startTimestamp="2014-03-18T11:32:59" time="1.304" />
  <testcase classname="com.ibm.rdm.client.api.tests.calm.OSLCV2Test" endTimestamp="2014-03-18T11:33:04" id="431f8299-bb25-4b0a-8bd2-aead7adbff75" name="testLinkLabels" startTimestamp="2014-03-18T11:33:00" time="3.402" />
  <testcase classname="com.ibm.rdm.client.api.tests.calm.OSLCV2Test" endTimestamp="2014-03-18T11:33:09" id="24c78a1d-3029-491a-922d-3f72cc99d7be" name="testEnumAttributeResourceShape" startTimestamp="2014-03-18T11:33:04" time="4.875" />
  <testcase classname="com.ibm.rdm.client.api.tests.calm.OSLCV2Test" endTimestamp="2014-03-18T11:33:11" id="32a66cd4-8fc5-439d-ae5b-87a8cc5709e5" name="testOSLCWriter" startTimestamp="2014-03-18T11:33:09" time="1.907" />
  <testcase classname="com.ibm.rdm.client.api.tests.calm.OSLCV2Test" endTimestamp="2014-03-18T11:33:20" id="1a3bbcc5-2fb0-4051-8fb9-2a24fac4d770" name="testRequirementFactory" startTimestamp="2014-03-18T11:33:11" time="9.841" />
  <testcase classname="com.ibm.rdm.client.api.tests.calm.OSLCV2Test" endTimestamp="2014-03-18T11:33:23" id="c551bc27-431e-4570-b6b3-7759e13fe7b1" name="testRequirementWithOslcPropertiesAndLinks" startTimestamp="2014-03-18T11:33:20" time="3.009" />
  <testcase classname="com.ibm.rdm.client.api.tests.calm.OSLCV2Test" endTimestamp="2014-03-18T11:33:24" id="9d6dbe5e-245c-4dad-871f-571a7f70f79f" name="testRequirementCollectionWithOslcProperties" startTimestamp="2014-03-18T11:33:23" time="1.041" />
  <testcase classname="com.ibm.rdm.client.api.tests.calm.OSLCV2Test" endTimestamp="2014-03-18T11:33:29" id="635b3320-409b-4bb5-9a9c-23d562cd1841" name="testRequirementFactoryImpersonation" startTimestamp="2014-03-18T11:33:24" time="4.87" />
  <testcase classname="com.ibm.rdm.client.api.tests.calm.OSLCV2Test" endTimestamp="2014-03-18T11:33:31" id="7b01d73f-1827-4458-8145-f0f9685f7876" name="testCollectionFactory" startTimestamp="2014-03-18T11:33:29" time="1.595" />
  <testcase classname="com.ibm.rdm.client.api.tests.calm.OSLCV2ModuleTest" endTimestamp="2014-03-18T11:33:40" id="7a3cfd4e-8cef-4bad-8a2b-5ae1d5611dff" name="testUpdateModule" startTimestamp="2014-03-18T11:33:31" time="8.899" />
  <testcase classname="com.ibm.rdm.client.api.tests.calm.OSLCV2ModuleTest" endTimestamp="2014-03-18T11:33:48" id="24fce1c8-5208-4a42-83e0-1cd09520bd2a" name="testModuleBindingUpdate" startTimestamp="2014-03-18T11:33:40" time="7.872" />
  <testcase classname="com.ibm.rdm.client.api.tests.calm.OSLCV2LinkTest" endTimestamp="2014-03-18T11:33:52" id="e1508a3c-4555-4024-a197-e626b225831e" name="test_GET_UserDefinedLinksOSLC" startTimestamp="2014-03-18T11:33:48" time="3.957" />
  <testcase classname="com.ibm.rdm.client.api.tests.calm.OSLCV2LinkTest" endTimestamp="2014-03-18T11:33:55" id="f7f00924-8fbd-4155-a69f-028a2b31da88" name="test_Query_UserDefinedLinkOSLC" startTimestamp="2014-03-18T11:33:52" time="2.965" />
  <testcase classname="com.ibm.rdm.client.api.tests.calm.OSLCV2LinkTest" endTimestamp="2014-03-18T11:33:58" id="f2a9182f-64e6-4ec0-b0cc-9743a1c677d9" name="test_Query_Select_Wildcard_UserDefinedLinkOSLC" startTimestamp="2014-03-18T11:33:55" time="3.808" />
  <testcase classname="com.ibm.rdm.client.api.tests.calm.OSLCV2LinkTest" endTimestamp="2014-03-18T11:34:01" id="3059372b-40d1-4006-89b9-3474ebbde687" name="test_Query_Select_Wildcard_OSLCLink" startTimestamp="2014-03-18T11:33:58" time="2.519" />
  <testcase classname="com.ibm.rdm.client.api.tests.calm.CALMQuerySimpleTest" endTimestamp="2014-03-18T11:34:09" id="f9de4909-ee68-4b04-a0c2-c8a6a5d4e57e" name="testCalmQueryImplementedByMultipleResourcesNoFilter" startTimestamp="2014-03-18T11:34:01" time="7.854" />
  <testcase classname="com.ibm.rdm.client.api.tests.calm.CALMQuerySimpleTest" endTimestamp="2014-03-18T11:34:17" id="5bc17749-9073-4e43-a1f4-003de1d6387b" name="testCalmQueryMultiProject" startTimestamp="2014-03-18T11:34:09" time="7.896" />
  <testcase classname="com.ibm.rdm.client.api.tests.calm.CALMQuerySimpleTest" endTimestamp="2014-03-18T11:34:24" id="067e5384-29ff-4cf6-8a8e-32eaf2abfd67" name="testCalmQueryNoResourcesSpecified" startTimestamp="2014-03-18T11:34:17" time="6.91" />
  <testcase classname="com.ibm.rdm.client.api.tests.calm.CALMFilterServiceTest" endTimestamp="2014-03-18T11:34:37" id="1df5e05c-6a3f-48c2-8c41-d88593fafc58" name="testRequirementsChangedSinceMaterializedView" startTimestamp="2014-03-18T11:34:24" time="13.772" />
  <testcase classname="com.ibm.rdm.client.api.tests.calm.CALMFilterServiceTest" endTimestamp="2014-03-18T11:34:48" id="874b3610-c35c-43c0-a9c8-ff572119571f" name="testRequirementsChangedSinceModule" startTimestamp="2014-03-18T11:34:37" time="10.613" />
  <testcase classname="com.ibm.rdm.client.api.tests.calm.CALMFilterServiceTest" endTimestamp="2014-03-18T11:34:48" id="ff27691e-a09b-43ce-b185-18435a5665bf" name="testInvalidAcceptValue" startTimestamp="2014-03-18T11:34:48" time="0.093" />
  <testcase classname="com.ibm.rdm.client.api.tests.calm.CALMFilterServiceTest" endTimestamp="2014-03-18T11:34:55" id="11f4aaa9-ffea-457e-9c80-14ede6c4f3bf" name="testRequirementsChangedSinceArtifacts" startTimestamp="2014-03-18T11:34:48" time="6.818" />
  <testcase classname="com.ibm.rdm.client.api.tests.calm.CALMFilterServiceTest" endTimestamp="2014-03-18T11:34:55" id="0c191dae-5b7a-44e5-8831-09940d0307b0" name="testRequirementsChangedSinceInvalidParameters" startTimestamp="2014-03-18T11:34:55" time="0.128" />
  <testcase classname="com.ibm.rdm.client.api.tests.calm.CALMFilterServiceTest" endTimestamp="2014-03-18T11:34:56" id="12f34836-41c7-4cf1-8825-a45e9e4ccbab" name="testRequirementsChangedSinceNoItems" startTimestamp="2014-03-18T11:34:55" time="0.887" />
  <testcase classname="com.ibm.rdm.client.api.tests.calm.CALMFilterServiceTest" endTimestamp="2014-03-18T11:35:06" id="33b8d01e-6801-4b42-aba3-967f99f8be07" name="testRequirementsChangedSinceCollection" startTimestamp="2014-03-18T11:34:56" time="9.877" />
  <testcase classname="com.ibm.rdm.client.api.tests.calm.CALMFilterServiceTest" endTimestamp="2014-03-18T11:35:06" id="50d967eb-7f57-4f1c-882c-da01e044d354" name="testInvalidFilterId" startTimestamp="2014-03-18T11:35:06" time="0.099" />
  <testcase classname="com.ibm.rdm.client.api.tests.calm.OSLCUIPreviewTest" endTimestamp="2014-03-18T11:35:07" id="20f4dbd9-b652-4a90-b2f6-d90a9964dc8e" name="testOSLCCompactRendering" startTimestamp="2014-03-18T11:35:06" time="0.787" />
  <testcase classname="com.ibm.rdm.client.api.tests.DiscoveryDocumentsTest" endTimestamp="2014-03-18T11:35:11" id="181872d7-9fee-469d-b907-b8a08c2cd034" name="testWalkDiscoveryDocumentsToPreV10ServiceDescriptor" startTimestamp="2014-03-18T11:35:07" time="4.345" />
  <testcase classname="com.ibm.rdm.client.api.tests.DiscoveryDocumentsTest" endTimestamp="2014-03-18T11:35:11" id="99f970b8-ba43-4dfb-be43-181720689a8a" name="testGetApplicationServicesDocument" startTimestamp="2014-03-18T11:35:11" time="0.014" />
  <testcase classname="com.ibm.rdm.client.api.tests.DiscoveryDocumentsTest" endTimestamp="2014-03-18T11:35:11" id="00b76383-e34e-4b0f-bd34-7fa650f5505a" name="testHeadRootServicesDocument" startTimestamp="2014-03-18T11:35:11" time="0.0030" />
  <testcase classname="com.ibm.rdm.client.api.tests.DiscoveryDocumentsTest" endTimestamp="2014-03-18T11:35:11" id="0e07206e-7945-4bad-b4d8-8b96b58c1bcf" name="testHeadApplicationServicesDocument" startTimestamp="2014-03-18T11:35:11" time="0.0030" />
  <testcase classname="com.ibm.rdm.client.api.tests.DiscoveryDocumentsTest" endTimestamp="2014-03-18T11:35:11" id="b86b90c9-17e0-4de9-a6a4-1d9fbc85bda0" name="testGetRootServicesDocument" startTimestamp="2014-03-18T11:35:11" time="0.105" />
  <testcase classname="com.ibm.rdm.client.api.tests.DiscoveryDocumentsTest" endTimestamp="2014-03-18T11:35:11" id="d72a3183-4362-4b71-94e4-ee9da06919ea" name="testWalkDiscoveryDocumentsToV20ServiceDescriptor" startTimestamp="2014-03-18T11:35:11" time="0.099" />
  <testcase classname="com.ibm.rdm.client.api.tests.DiscoveryDocumentsTest" endTimestamp="2014-03-18T11:35:11" id="8ecbfa54-cf25-4ab7-a8cd-aafee9c8331f" name="testWalkDiscoveryDocumentsToV10ServiceDescriptor" startTimestamp="2014-03-18T11:35:11" time="0.054" />
  <testcase classname="com.ibm.rdm.client.api.tests.DiscoveryDocumentsTest" endTimestamp="2014-03-18T11:35:12" id="37735b38-f163-44c4-9b60-bbc9518ec0e7" name="testHeadMalformedPaths" startTimestamp="2014-03-18T11:35:11" time="0.427" />
  <testcase classname="com.ibm.rdm.client.api.tests.compactrender.MaterializedViewCompactRenderingTest" endTimestamp="2014-03-18T11:36:50" id="e1d633ac-c9de-4d36-a3de-9a685e447554" name="testNonModuleSpecificPublicMaterializedViewCompactRenderingForbidden" startTimestamp="2014-03-18T11:35:12" time="97.8" />
  <testcase classname="com.ibm.rdm.client.api.tests.compactrender.MaterializedViewCompactRenderingTest" endTimestamp="2014-03-18T11:37:03" id="75b2fe82-d2c9-41b1-9717-bdb68aa3b52c" name="testMaterializedViewCompactRendering" startTimestamp="2014-03-18T11:36:50" time="12.445" />
  <testcase classname="com.ibm.rdm.client.api.tests.compactrender.MaterializedViewCompactRenderingTest" endTimestamp="2014-03-18T11:37:03" id="10c7e548-d6d7-4e76-807a-0e7c7e275a5e" name="testMaterializedViewModuleBaselineCompactRendering" startTimestamp="2014-03-18T11:37:03" time="0.131" />
  <testcase classname="com.ibm.rdm.client.api.tests.compactrender.MaterializedViewCompactRenderingTest" endTimestamp="2014-03-18T11:37:03" id="5ae6b103-ccf8-4687-b245-66c9ce510703" name="testMaterializedViewBaselineCompactRendering" startTimestamp="2014-03-18T11:37:03" time="0.075" />
  <testcase classname="com.ibm.rdm.client.api.tests.compactrender.TextCompactRenderingTest" endTimestamp="2014-03-18T11:37:15" id="10e6eeab-4563-4322-8b35-85c856d70dfc" name="testTextCompactRendering" startTimestamp="2014-03-18T11:37:03" time="12.263" />
  <testcase classname="com.ibm.rdm.client.api.tests.compactrender.TextOfTypeWithIconReferenceCompactRenderingTest" endTimestamp="2014-03-18T11:37:28" id="2b90f57d-4749-4ccb-a7a8-9a51cdd366b2" name="testTextOfTypeWithIconReferenceCompactRendering" startTimestamp="2014-03-18T11:37:15" time="13.488" />
  <testcase classname="com.ibm.rdm.client.api.tests.compactrender.TextMultiValueCompactRenderingTest" endTimestamp="2014-03-18T11:37:49" id="fc3834c9-7eb5-41c5-a1b2-c2a8f51cf7aa" name="testMultiValueTruncateCompactRendering" startTimestamp="2014-03-18T11:37:28" time="20.963" />
  <testcase classname="com.ibm.rdm.client.api.tests.compactrender.TextMultiValueCompactRenderingTest" endTimestamp="2014-03-18T11:38:12" id="c1e726f0-365e-477c-93ef-ec6cce6ff8b1" name="testTextCompactRendering" startTimestamp="2014-03-18T11:37:49" time="22.386" />
  <testcase classname="com.ibm.rdm.client.api.tests.compactrender.WrapperResourceCompactRenderingTest" endTimestamp="2014-03-18T11:38:24" id="d9eff106-50db-4c2e-95f8-5be339471d60" name="testWrapperResourceCompactRendering" startTimestamp="2014-03-18T11:38:12" time="12.643" />
  <testcase classname="com.ibm.rdm.client.api.tests.compactrender.CollectionCompactRenderingTest" endTimestamp="2014-03-18T11:38:40" id="82ab1df0-8c20-462c-9462-c5bc7b65ea72" name="testCollectionCompactRendering" startTimestamp="2014-03-18T11:38:24" time="15.176" />
  <testcase classname="com.ibm.rdm.client.api.tests.compactrender.CollectionCompactRenderingTest" endTimestamp="2014-03-18T11:38:40" id="186ff651-8253-4d56-87a7-b9e52151c02e" name="testCollectionCompactBaselineRendering" startTimestamp="2014-03-18T11:38:40" time="0.174" />
  <testcase classname="com.ibm.rdm.client.api.tests.compactrender.TermCompactRenderingTest" endTimestamp="2014-03-18T11:38:55" id="57929349-d2ad-4407-bfce-0f8f9a7437b6" name="testTermSmallCompactRendering" startTimestamp="2014-03-18T11:38:40" time="14.688" />
  <testcase classname="com.ibm.rdm.client.api.tests.compactrender.TermCompactRenderingTest" endTimestamp="2014-03-18T11:39:08" id="a3aa5fd9-0bde-4c34-81a6-f1d505dcc696" name="testTermLargeCompactRendering" startTimestamp="2014-03-18T11:38:55" time="13.779" />
  <testcase classname="com.ibm.rdm.client.api.tests.compactrender.CommentsCompactRenderingTest" endTimestamp="2014-03-18T11:39:10" id="7c67ef90-fc46-4b85-a64c-b485059813f7" name="testCommentCompactRendering" startTimestamp="2014-03-18T11:39:08" time="1.931" />
  <testcase classname="com.ibm.rdm.client.api.tests.compactrender.BaselineCompactRenderingTest" endTimestamp="2014-03-18T11:39:15" id="a15a0dd7-8444-4732-a23b-942b7a5cd10a" name="testBaselineCompactRendering" startTimestamp="2014-03-18T11:39:10" time="4.786" />
  <testcase classname="com.ibm.rdm.client.api.tests.compactrender.ProjectCompactRenderingTest" endTimestamp="2014-03-18T11:39:21" id="e6445fac-f5c4-4f9f-b455-3b0b62ad66c9" name="testProjectCompactRenderingLarge" startTimestamp="2014-03-18T11:39:15" time="5.481" />
  <testcase classname="com.ibm.rdm.client.api.tests.compactrender.ProjectCompactRenderingTest" endTimestamp="2014-03-18T11:39:25" id="cd9b3f2f-a2a8-4a70-a10b-2939c2ca4096" name="testProjectCompactRenderingSmall" startTimestamp="2014-03-18T11:39:21" time="4.418" />
  <testcase classname="com.ibm.rdm.client.api.tests.compactrender.ReviewCompactRenderingTestCase" endTimestamp="2014-03-18T11:39:29" id="587c9642-3ff0-4316-bad5-fdb33e4b3c92" name="testReviewCompactRendering" startTimestamp="2014-03-18T11:39:25" time="4.044" />
  <testcase classname="com.ibm.rdm.client.api.tests.compactrender.NullInfoCompactRenderingTest" endTimestamp="2014-03-18T11:39:31" id="81523656-8b58-48cb-95cd-c520943cfbdf" name="testDeletedArtifactCompactRendering" startTimestamp="2014-03-18T11:39:29" time="1.803" />
  <testcase classname="com.ibm.rdm.client.api.tests.modules.ModuleCompactRenderingTest" endTimestamp="2014-03-18T11:40:11" id="03b14d9e-eee8-49b8-8015-0b500569e15d" name="testModuleCompactRendering" startTimestamp="2014-03-18T11:39:31" time="40.196" />
  <testcase classname="com.ibm.rdm.client.api.tests.process.OperationsTest" endTimestamp="2014-03-18T11:40:17" id="30b35dc3-ca43-4b65-9a0f-a23b81d989de" name="testCheckPermissions" startTimestamp="2014-03-18T11:40:12" time="4.813" />
  <testcase classname="com.ibm.rdm.client.api.tests.process.OperationsTest" endTimestamp="2014-03-18T11:40:17" id="5557ef58-d3e2-43ef-9a69-eb2cd4b9e7c3" name="testCheckOperationNeg1" startTimestamp="2014-03-18T11:40:17" time="0.018" />
  <testcase classname="com.ibm.rdm.client.api.tests.process.OperationsTest" endTimestamp="2014-03-18T11:40:17" id="fa7a382e-b8d9-4beb-ae0e-bb2a6bd01ce3" name="testCheckOperationNeg2" startTimestamp="2014-03-18T11:40:17" time="0.0040" />
  <testcase classname="com.ibm.rdm.client.api.tests.process.OperationsTest" endTimestamp="2014-03-18T11:40:17" id="d6467fdb-4b1f-4809-a8c1-f87cc0c258bd" name="testCheckOperationNeg3" startTimestamp="2014-03-18T11:40:17" time="0.015" />
  <testcase classname="com.ibm.rdm.client.api.tests.process.OperationsTest" endTimestamp="2014-03-18T11:40:18" id="ed5a5e0f-bfab-41d3-a865-1d79034b4eb9" name="testOperationDeclarations" startTimestamp="2014-03-18T11:40:17" time="1.008" />
  <testcase classname="com.ibm.rdm.client.api.tests.process.OperationsTest" endTimestamp="2014-03-18T11:40:18" id="e9cd17ae-47ff-419e-a03c-86d7c5217bad" name="testGetOperationsDojo" startTimestamp="2014-03-18T11:40:18" time="0.02" />
  <testcase classname="com.ibm.rdm.client.api.tests.process.OperationsTest" endTimestamp="2014-03-18T11:40:19" id="3fa7afa5-e218-43c6-bcbe-3858c5761b37" name="testCheckOperations" startTimestamp="2014-03-18T11:40:18" time="0.549" />
  <testcase classname="com.ibm.rdm.client.api.tests.process.OperationsTest" endTimestamp="2014-03-18T11:40:19" id="32329443-4636-4986-b39d-f022d103715f" name="testOperationCategories" startTimestamp="2014-03-18T11:40:19" time="0.028" />
  <testcase classname="com.ibm.rdm.client.api.tests.process.OperationsTest" endTimestamp="2014-03-18T11:40:19" id="0470d170-ea73-4a62-a6a2-514218b5b6e9" name="testGetOperations" startTimestamp="2014-03-18T11:40:19" time="0.38" />
  <testcase classname="com.ibm.rdm.client.api.tests.process.OperationsServiceTest" endTimestamp="2014-03-18T11:40:35" id="e44bec2a-6c4d-474e-b666-9a2f8be8b22f" name="testPermissionsDiscoveryNeg" startTimestamp="2014-03-18T11:40:19" time="16.459" />
  <testcase classname="com.ibm.rdm.client.api.tests.process.OperationsServiceTest" endTimestamp="2014-03-18T11:40:42" id="2988571f-5e13-4a06-9dc7-62e7324e18d9" name="testPermissionsDiscovery" startTimestamp="2014-03-18T11:40:35" time="6.135" />
  <testcase classname="com.ibm.rdm.client.api.tests.process.OperationsServiceTest" endTimestamp="2014-03-18T11:40:43" id="80099ecf-7152-49e1-98f9-cd33cd8e04d5" name="testProcessOperationsDeclaration" startTimestamp="2014-03-18T11:40:42" time="1.673" />
  <testcase classname="com.ibm.rdm.client.api.tests.process.OperationsServiceTest" endTimestamp="2014-03-18T11:40:43" id="aa6a77f4-b0eb-4cc6-887a-2f64ede1baf5" name="testProjectOperationsJSON" startTimestamp="2014-03-18T11:40:43" time="0.147" />
  <testcase classname="com.ibm.rdm.client.api.tests.process.OperationsServiceTest" endTimestamp="2014-03-18T11:40:43" id="a1c6679a-c79d-48ca-8865-333f5e297b20" name="testProjectOperationsRDF" startTimestamp="2014-03-18T11:40:43" time="0.137" />
  <testcase classname="com.ibm.rdm.client.api.tests.process.CheckPermissionsTest" endTimestamp="2014-03-18T11:40:55" id="4ba3c237-bb2a-4974-9293-34b128c0b462" name="testProjectOperations" startTimestamp="2014-03-18T11:40:43" time="11.175" />
  <testcase classname="com.ibm.rdm.client.api.tests.process.CheckPermissionsTest" endTimestamp="2014-03-18T11:41:02" id="a0acf5af-f02b-4113-82dd-bc87fa0b0527" name="testTeamOperations" startTimestamp="2014-03-18T11:40:55" time="6.918" />
  <testcase classname="com.ibm.rdm.client.api.tests.process.ArtifactTypePermissionsTest" endTimestamp="2014-03-18T11:41:15" id="40cd32f4-ba11-4cab-9347-c6f4b07b81de" name="testDeleteRecursiveWithArtifactDeleteFailure" startTimestamp="2014-03-18T11:41:02" time="13.018" />
  <testcase classname="com.ibm.rdm.client.api.tests.process.ArtifactTypePermissionsTest" endTimestamp="2014-03-18T11:41:22" id="303e6607-c804-4a1c-951b-566933d9608c" name="testArtifactPermissionsTest" startTimestamp="2014-03-18T11:41:15" time="7.307" />
  <testcase classname="com.ibm.rdm.client.api.tests.process.ArtifactTypePermissionsTest" endTimestamp="2014-03-18T11:41:29" id="2a6c5181-a276-4517-a6d5-60d382bd8705" name="testCollectionModifyPermissions" startTimestamp="2014-03-18T11:41:22" time="6.767" />
  <testcase classname="com.ibm.rdm.client.api.tests.process.ArtifactTypePermissionsTest" endTimestamp="2014-03-18T11:41:32" id="ef87826d-eed5-47dc-beb2-3c6d4938ad28" name="testWrappedResourceCreatePermission" startTimestamp="2014-03-18T11:41:29" time="3.55" />
  <testcase classname="com.ibm.rdm.client.api.tests.process.ArtifactTypePermissionsTest" endTimestamp="2014-03-18T11:41:37" id="6be5d63f-e1bc-4ffd-9497-c294ba5d32bd" name="testWrappedResourceDeletePermission" startTimestamp="2014-03-18T11:41:32" time="4.781" />
  <testcase classname="com.ibm.rdm.client.api.tests.process.ArtifactTypePermissionsTest" endTimestamp="2014-03-18T11:41:42" id="7210c3a0-f168-41a1-a8c7-c7e48cb2a5ff" name="testWrappedResourceUpdatePermission" startTimestamp="2014-03-18T11:41:37" time="5.019" />
  <testcase classname="com.ibm.rdm.client.api.tests.process.LinkTypePermissionsTest" endTimestamp="2014-03-18T11:41:46" id="8ddede80-e88d-4ec7-9abf-d206e41a9ede" name="testCreateCLMLinkNotAllowed" startTimestamp="2014-03-18T11:41:42" time="3.668" />
  <testcase classname="com.ibm.rdm.client.api.tests.process.LinkTypePermissionsTest" endTimestamp="2014-03-18T11:41:53" id="6a0ee411-09e0-416d-9a05-a4e33f462a77" name="testCreateLinkNotAllowed" startTimestamp="2014-03-18T11:41:46" time="7.389" />
  <testcase classname="com.ibm.rdm.client.api.tests.process.LinkTypePermissionsTest" endTimestamp="2014-03-18T11:41:57" id="0bc70f76-b084-4e6b-b85f-0caacafb3e0e" name="testDeleteCLMLinkNotAllowed" startTimestamp="2014-03-18T11:41:53" time="4.402" />
  <testcase classname="com.ibm.rdm.client.api.tests.process.LinkTypePermissionsTest" endTimestamp="2014-03-18T11:42:06" id="84fd7254-99f2-47f8-bfd3-2f090d42a117" name="testModifyLinkNotAllowed" startTimestamp="2014-03-18T11:41:57" time="8.172" />
  <testcase classname="com.ibm.rdm.client.api.tests.process.LinkTypePermissionsTest" endTimestamp="2014-03-18T11:42:14" id="486eb992-6058-4384-b8f4-fa0cbff7a9f7" name="testDeleteLinkNotAllowed" startTimestamp="2014-03-18T11:42:06" time="8.731" />
  <testcase classname="com.ibm.rdm.client.api.tests.process.LinkTypePermissionsTest" endTimestamp="2014-03-18T11:42:19" id="dfdc5c87-6292-4e96-8494-6bb7555c560c" name="testModifyCLMLinkNotAllowed" startTimestamp="2014-03-18T11:42:14" time="4.638" />
  <testcase classname="com.ibm.rdm.client.api.tests.process.WriteAccessWalkthroughTest" endTimestamp="2014-03-18T11:42:56" id="60fdd9b7-527a-4018-9423-4aeee817b662" name="testStories" startTimestamp="2014-03-18T11:42:19" time="37.057" />
  <testcase classname="com.ibm.rdm.client.api.tests.process.TeamOwnershipDifferencesTest" endTimestamp="2014-03-18T11:43:17" id="087c949b-5754-44cc-8ca0-236cc67e27fc" name="testDiffsOnUpgrade" startTimestamp="2014-03-18T11:42:56" time="21.306" />
  <testcase classname="com.ibm.rdm.client.api.tests.process.TeamOwnershipDifferencesTest" endTimestamp="2014-03-18T11:43:36" id="e22f0436-d9c3-4af1-809f-35dc42e1b69d" name="testDiffs" startTimestamp="2014-03-18T11:43:17" time="18.475" />
  <testcase classname="com.ibm.rdm.client.api.tests.process.ArtifactProcessAreaTest" endTimestamp="2014-03-18T11:43:39" id="db011b2e-7be8-4d5b-89b0-a0ba02cc37cf" name="testArtifactUpgradeGET" startTimestamp="2014-03-18T11:43:36" time="3.545" />
  <testcase classname="com.ibm.rdm.client.api.tests.process.ArtifactProcessAreaTest" endTimestamp="2014-03-18T11:43:43" id="e1d46740-0c10-4a29-bd88-deeb577bacee" name="testArtifactUpgradePermissionsHandler" startTimestamp="2014-03-18T11:43:39" time="4.103" />
  <testcase classname="com.ibm.rdm.client.api.tests.process.ArtifactProcessAreaTest" endTimestamp="2014-03-18T11:43:49" id="81519dd0-7c29-48ca-b664-a6f7b70ca1c2" name="testArtifactUpgradeMove" startTimestamp="2014-03-18T11:43:43" time="5.516" />
  <testcase classname="com.ibm.rdm.client.api.tests.process.ArtifactProcessAreaTest" endTimestamp="2014-03-18T11:43:53" id="c87850f6-6b88-49e8-9433-db672bf6a3d2" name="testCreateArtifactInFolder" startTimestamp="2014-03-18T11:43:49" time="3.565" />
  <testcase classname="com.ibm.rdm.client.api.tests.process.CreateProjectTest" endTimestamp="2014-03-18T11:44:07" id="0c3a7169-f600-4c77-b077-9379919cd1af" name="testCreateWithProjectTemplateLocale_RFC3066" startTimestamp="2014-03-18T11:43:53" time="14.386" />
  <testcase classname="com.ibm.rdm.client.api.tests.process.CreateProjectTest" endTimestamp="2014-03-18T11:44:18" id="9cd59506-d82a-4f14-831a-eed183632a04" name="testCreateWithProjectTemplate" startTimestamp="2014-03-18T11:44:07" time="10.734" />
  <testcase classname="com.ibm.rdm.client.api.tests.process.CreateProjectTest" endTimestamp="2014-03-18T11:44:22" id="dcaaeb5e-5a00-42fe-a179-caaf1f066995" name="testCreateWithProjectEmptyTemplateLocale" startTimestamp="2014-03-18T11:44:18" time="4.642" />
  <testcase classname="com.ibm.rdm.client.api.tests.process.CreateProjectTest" endTimestamp="2014-03-18T11:44:26" id="ad2fc26c-8e35-45b7-8a63-0ae13a083149" name="testCreateWithJKEProjectTemplate" startTimestamp="2014-03-18T11:44:22" time="3.632" />
  <testcase classname="com.ibm.rdm.client.api.tests.process.CreateProjectTest" endTimestamp="2014-03-18T11:44:31" id="1cdf1769-a214-4092-bd77-f2cef532bda9" name="testCreateUTF8" startTimestamp="2014-03-18T11:44:26" time="5.211" />
  <testcase classname="com.ibm.rdm.client.api.tests.process.CreateProjectTest" endTimestamp="2014-03-18T11:44:35" id="89ad53fc-c72e-407f-9ef0-1d645a56e028" name="testCreate" startTimestamp="2014-03-18T11:44:31" time="3.94" />
  <testcase classname="com.ibm.rdm.client.api.tests.publicapi.ArtifactResourceTest" endTimestamp="2014-03-18T11:44:57" id="bc40579a-6079-4aed-8eac-8906665fcbc3" name="testUpdateTitleDescriptionWithXMLContent" startTimestamp="2014-03-18T11:44:36" time="21.637" />
  <testcase classname="com.ibm.rdm.client.api.tests.publicapi.FolderResourceTest" endTimestamp="2014-03-18T11:45:17" id="58b6715c-4811-4227-b612-efaf2a44fb19" name="testRetrieveTitleAndDescriptionFromContainer" startTimestamp="2014-03-18T11:44:57" time="20.246" />
  <testcase classname="com.ibm.rdm.client.api.tests.publicapi.FolderResourceTest" endTimestamp="2014-03-18T11:45:33" id="763ca02f-03a3-4d43-b003-55443644cd9b" name="testBinaryCRUDOnFolderContainedResources" startTimestamp="2014-03-18T11:45:17" time="15.596" />
  <testcase classname="com.ibm.rdm.client.api.tests.publicapi.FolderResourceTest" endTimestamp="2014-03-18T11:45:56" id="cb1ddad1-43e8-4ada-bf12-d03337ef9c33" name="testPUTArtifactOnFolderContainedResources" startTimestamp="2014-03-18T11:45:33" time="22.712" />
  <testcase classname="com.ibm.rdm.client.api.tests.publicapi.FolderResourceTest" endTimestamp="2014-03-18T11:46:10" id="0d4c582a-69c6-401d-b1a6-d0f55ece38ac" name="testFoldersNotMovedInContainedResourcesPUT" startTimestamp="2014-03-18T11:45:56" time="13.993" />
  <testcase classname="com.ibm.rdm.client.api.tests.publicapi.FolderResourceTest" endTimestamp="2014-03-18T11:46:25" id="398b6d77-a8e4-4b26-98ab-ac10e42fd8c9" name="testFileUploadOnFolderContainedResources" startTimestamp="2014-03-18T11:46:10" time="14.862" />
  <testcase classname="com.ibm.rdm.client.api.tests.publicapi.FolderResourceTest" endTimestamp="2014-03-18T11:46:40" id="a0172a3a-57d0-4197-85d5-a49161279da6" name="testArtifactRemovalFromFolderResultsInAdditionToRootFolder" startTimestamp="2014-03-18T11:46:25" time="15.579" />
  <testcase classname="com.ibm.rdm.client.api.tests.publicapi.FolderResourceTest" endTimestamp="2014-03-18T11:46:55" id="0a0c591a-c114-46b8-8fb3-522854c4fad6" name="testArtifactRemovalFromRootFolderHasNoEffect" startTimestamp="2014-03-18T11:46:40" time="14.805" />
  <testcase classname="com.ibm.rdm.client.api.tests.publicapi.FolderResourceTest" endTimestamp="2014-03-18T11:47:10" id="4a7a9373-e616-40e5-b2c8-32311a2116d3" name="testRetrieveTitleAndDescriptionAndProcessAreaFromContainer" startTimestamp="2014-03-18T11:46:55" time="14.661" />
  <testcase classname="com.ibm.rdm.client.api.tests.publicapi.ProjectAndFolderDiscoveryTest" endTimestamp="2014-03-18T11:47:30" id="3fdb0e99-e293-40bb-b3ab-c6e7bf977992" name="testGetChildArtifactsFromFolderQuery" startTimestamp="2014-03-18T11:47:10" time="20.647" />
  <testcase classname="com.ibm.rdm.client.api.tests.publicapi.ProjectAndFolderDiscoveryTest" endTimestamp="2014-03-18T11:47:46" id="5584a82f-9f0f-4224-9a15-50d71ad67e26" name="testCacheConditionalRequestsOnContainedResources" startTimestamp="2014-03-18T11:47:30" time="15.75" />
  <testcase classname="com.ibm.rdm.client.api.tests.publicapi.ProjectAndFolderDiscoveryTest" endTimestamp="2014-03-18T11:47:54" id="36447fc6-9300-4fb2-baf1-fe17b60b104e" name="testProjectDiscoveryViaRMCatalog" startTimestamp="2014-03-18T11:47:46" time="8.133">
    <failure message="expected:&lt;200&gt; but was:&lt;500&gt;" type="junit.framework.AssertionFailedError">junit.framework.AssertionFailedError: expected:&lt;200&gt; but was:&lt;500&gt;
	at com.ibm.rdm.client.api.tests.publicapi.PAPI_1_0_BaseTestCase.getPapi10Resource(PAPI_1_0_BaseTestCase.java:256)
	at com.ibm.rdm.client.api.tests.publicapi.PAPI_1_0_BaseTestCase.getPapi10Resource(PAPI_1_0_BaseTestCase.java:243)
	at com.ibm.rdm.client.api.tests.publicapi.PAPI_1_0_BaseTestCase.getRootFolderCatalogResource(PAPI_1_0_BaseTestCase.java:374)
	at com.ibm.rdm.client.api.tests.publicapi.ProjectAndFolderDiscoveryTest.discoverProjectRootFolder(ProjectAndFolderDiscoveryTest.java:168)
	at com.ibm.rdm.client.api.tests.publicapi.ProjectAndFolderDiscoveryTest.testProjectDiscoveryViaRMCatalog(ProjectAndFolderDiscoveryTest.java:43)
	at com.ibm.rdm.client.api.tests.ReportingTestCase.runTest(ReportingTestCase.java:41)
	at com.ibm.rdm.client.api.tests.AllAutomatedTests.runTest(AllAutomatedTests.java:129)
	at com.ibm.rm.tools.headless.commands.RunJunits.executeAntScript(RunJunits.java:310)
	at com.ibm.rm.tools.headless.commands.RunJunits.doAntScript(RunJunits.java:183)
	at com.ibm.rm.tools.headless.commands.RunJunits.run(RunJunits.java:101)
	at com.ibm.rm.tools.core.commands.AbstractBuildCommand.execute(AbstractBuildCommand.java:49)
	at com.ibm.rm.tools.headless.service.extensions.ConsoleCommandRunner$1.call(ConsoleCommandRunner.java:31)
	at com.ibm.rm.tools.headless.service.extensions.ConsoleCommandRunner$1.call(ConsoleCommandRunner.java:1)
	at java.util.concurrent.FutureTask$Sync.innerRun(FutureTask.java:314)
	at java.util.concurrent.FutureTask.run(FutureTask.java:149)
	at java.util.concurrent.ThreadPoolExecutor$Worker.runTask(ThreadPoolExecutor.java:897)
	at java.util.concurrent.ThreadPoolExecutor$Worker.run(ThreadPoolExecutor.java:919)
	at java.lang.Thread.run(Thread.java:738)
</failure>
  </testcase>
  <testcase classname="com.ibm.rdm.client.api.tests.publicapi.ResourceShapeTest" endTimestamp="2014-03-18T11:49:47" id="e7b8c515-dfdc-4be5-aa9a-539bcbf6d3e4" name="testResourceUpdate" startTimestamp="2014-03-18T11:47:54" time="112.537" />
  <testcase classname="com.ibm.rdm.client.api.tests.publicapi.ResourceShapeTest" endTimestamp="2014-03-18T11:49:54" id="bb97482f-138e-4c7a-ac90-5d385391ac0b" name="testShapes" startTimestamp="2014-03-18T11:49:47" time="7.316" />
  <testcase classname="com.ibm.rdm.client.api.tests.publicapi.EndToEndWalkThruTest" endTimestamp="2014-03-18T11:50:17" id="b857a963-c3aa-4b7b-8312-07a1b023488e" name="testEndToEndWalkThru" startTimestamp="2014-03-18T11:49:54" time="22.555">
    <failure message="expected:&lt;200&gt; but was:&lt;500&gt;" type="junit.framework.AssertionFailedError">junit.framework.AssertionFailedError: expected:&lt;200&gt; but was:&lt;500&gt;
	at com.ibm.rdm.client.api.tests.publicapi.PAPI_1_0_BaseTestCase.getPapi10Resource(PAPI_1_0_BaseTestCase.java:256)
	at com.ibm.rdm.client.api.tests.publicapi.PAPI_1_0_BaseTestCase.getPapi10Resource(PAPI_1_0_BaseTestCase.java:243)
	at com.ibm.rdm.client.api.tests.publicapi.PAPI_1_0_BaseTestCase.getRootFolderCatalogResource(PAPI_1_0_BaseTestCase.java:374)
	at com.ibm.rdm.client.api.tests.publicapi.EndToEndWalkThruTest.discoverProjectRootFolder(EndToEndWalkThruTest.java:336)
	at com.ibm.rdm.client.api.tests.publicapi.EndToEndWalkThruTest.testEndToEndWalkThru(EndToEndWalkThruTest.java:63)
	at com.ibm.rdm.client.api.tests.ReportingTestCase.runTest(ReportingTestCase.java:41)
	at com.ibm.rdm.client.api.tests.AllAutomatedTests.runTest(AllAutomatedTests.java:129)
	at com.ibm.rm.tools.headless.commands.RunJunits.executeAntScript(RunJunits.java:310)
	at com.ibm.rm.tools.headless.commands.RunJunits.doAntScript(RunJunits.java:183)
	at com.ibm.rm.tools.headless.commands.RunJunits.run(RunJunits.java:101)
	at com.ibm.rm.tools.core.commands.AbstractBuildCommand.execute(AbstractBuildCommand.java:49)
	at com.ibm.rm.tools.headless.service.extensions.ConsoleCommandRunner$1.call(ConsoleCommandRunner.java:31)
	at com.ibm.rm.tools.headless.service.extensions.ConsoleCommandRunner$1.call(ConsoleCommandRunner.java:1)
	at java.util.concurrent.FutureTask$Sync.innerRun(FutureTask.java:314)
	at java.util.concurrent.FutureTask.run(FutureTask.java:149)
	at java.util.concurrent.ThreadPoolExecutor$Worker.runTask(ThreadPoolExecutor.java:897)
	at java.util.concurrent.ThreadPoolExecutor$Worker.run(ThreadPoolExecutor.java:919)
	at java.lang.Thread.run(Thread.java:738)
</failure>
  </testcase>
  <testcase classname="com.ibm.rdm.client.api.tests.review.ParticipantResultChangeValidatorTest" endTimestamp="2014-03-18T11:50:22" id="43d840c1-e5c3-42e1-ae47-3842a9bb3cde" name="testResultStatusChangesForApporover" startTimestamp="2014-03-18T11:50:17" time="4.633" />
  <testcase classname="com.ibm.rdm.client.api.tests.review.ParticipantResultChangeValidatorTest" endTimestamp="2014-03-18T11:50:22" id="fa0f4ff1-abca-4e2a-b462-d8ad220ea945" name="testResultStatusChangesForRequiredReviewer" startTimestamp="2014-03-18T11:50:22" time="0.151" />
  <testcase classname="com.ibm.rdm.client.api.tests.review.ParticipantResultChangeValidatorTest" endTimestamp="2014-03-18T11:50:22" id="b2f1bab8-fcc7-48b8-9d09-6b5f392e3adb" name="testResultStatusChangesForOptionalReviewer" startTimestamp="2014-03-18T11:50:22" time="0.093" />
  <testcase classname="com.ibm.rdm.client.api.tests.review.ParticipantResultChangeValidatorTest" endTimestamp="2014-03-18T11:50:23" id="db3e82c4-b270-4165-ae0a-6da43582098e" name="testResultIsDoneUpdatedAgainstReviewState" startTimestamp="2014-03-18T11:50:22" time="0.32" />
  <testcase classname="com.ibm.rdm.client.api.tests.review.ParticipantResultDiffServiceTest" endTimestamp="2014-03-18T11:50:27" id="2a139702-1213-4892-9837-a847b1b91ea8" name="testMultiplePropertyChanges" startTimestamp="2014-03-18T11:50:23" time="4.203" />
  <testcase classname="com.ibm.rdm.client.api.tests.review.ParticipantResultDiffServiceTest" endTimestamp="2014-03-18T11:50:27" id="d86564d8-5927-4b11-8c19-c2fd405df0cb" name="testNoResultResourceInModel" startTimestamp="2014-03-18T11:50:27" time="0.313" />
  <testcase classname="com.ibm.rdm.client.api.tests.review.ReviewAprovalNotificationBuilderTest" endTimestamp="2014-03-18T11:50:31" id="54e2f6f0-974a-4bee-924a-fb238742f020" name="testReviewInstructionsChanged" startTimestamp="2014-03-18T11:50:27" time="4.066" />
  <testcase classname="com.ibm.rdm.client.api.tests.review.ReviewAprovalNotificationBuilderTest" endTimestamp="2014-03-18T11:50:31" id="38ef3e6c-a81f-4463-b7e6-177c38a62168" name="testParticipantResultPropertiesChangedNotification" startTimestamp="2014-03-18T11:50:31" time="0.0020" />
  <testcase classname="com.ibm.rdm.client.api.tests.review.ReviewAprovalNotificationBuilderTest" endTimestamp="2014-03-18T11:50:31" id="0a02f4e1-dbcf-45d1-982c-c06fda5ae972" name="testParticipantRemovedNotification" startTimestamp="2014-03-18T11:50:31" time="0.0020" />
  <testcase classname="com.ibm.rdm.client.api.tests.review.ReviewAprovalNotificationBuilderTest" endTimestamp="2014-03-18T11:50:31" id="bf90cfd3-df84-4965-9876-c9d40678bce8" name="testReviewPropertiesAddedNotification" startTimestamp="2014-03-18T11:50:31" time="0.0020" />
  <testcase classname="com.ibm.rdm.client.api.tests.review.ReviewAprovalNotificationBuilderTest" endTimestamp="2014-03-18T11:50:31" id="15113427-d854-48d2-a3f1-7be18b3b3651" name="testParticipantAddedNotification" startTimestamp="2014-03-18T11:50:31" time="0.0020" />
  <testcase classname="com.ibm.rdm.client.api.tests.review.ReviewAprovalNotificationBuilderTest" endTimestamp="2014-03-18T11:50:31" id="1d764d66-b669-47ba-a1dd-95b10c93ad12" name="testParticipantRoleChangedNotification" startTimestamp="2014-03-18T11:50:31" time="0.0020" />
  <testcase classname="com.ibm.rdm.client.api.tests.review.ReviewAprovalNotificationBuilderTest" endTimestamp="2014-03-18T11:50:31" id="ed4fa4f5-23c4-4599-8b08-e5a9065f9ddc" name="testReviewStartedNotification" startTimestamp="2014-03-18T11:50:31" time="0.0080" />
  <testcase classname="com.ibm.rdm.client.api.tests.review.ReviewAprovalNotificationBuilderTest" endTimestamp="2014-03-18T11:50:31" id="5b4b25e6-895a-4d57-aecc-5c17b6b63e0c" name="testNotificationNotGeneratedInDraft" startTimestamp="2014-03-18T11:50:31" time="0.0020" />
  <testcase classname="com.ibm.rdm.client.api.tests.review.ReviewAprovalNotificationBuilderTest" endTimestamp="2014-03-18T11:50:31" id="99b6629a-22c2-4740-a832-67d31d30c694" name="testReviewPropertiesChangedNotification" startTimestamp="2014-03-18T11:50:31" time="0.0080" />
  <testcase classname="com.ibm.rdm.client.api.tests.review.ReviewAprovalNotificationBuilderTest" endTimestamp="2014-03-18T11:50:31" id="dad0ec4e-ea42-46d6-82dd-9201f7d39627" name="testReviewArtifactRemovedNotification" startTimestamp="2014-03-18T11:50:31" time="0.0020" />
  <testcase classname="com.ibm.rdm.client.api.tests.review.ReviewAprovalNotificationBuilderTest" endTimestamp="2014-03-18T11:50:32" id="9a177b12-24f2-44bd-8bc5-d121c68734b0" name="testReviewArtifactAddedNotification" startTimestamp="2014-03-18T11:50:31" time="0.444" />
  <testcase classname="com.ibm.rdm.client.api.tests.review.ReviewChangeValidatorTest" endTimestamp="2014-03-18T11:50:36" id="2425dd44-176d-421e-acaf-51c993d46999" name="testReviewStatusChanges" startTimestamp="2014-03-18T11:50:32" time="4.712" />
  <testcase classname="com.ibm.rdm.client.api.tests.review.ReviewChangeValidatorTest" endTimestamp="2014-03-18T11:50:36" id="87e6857f-a280-4c1a-a34e-28f7a3a7ce70" name="testInvalidArtifactRevisionUpdate" startTimestamp="2014-03-18T11:50:36" time="0.0080" />
  <testcase classname="com.ibm.rdm.client.api.tests.review.ReviewChangeValidatorTest" endTimestamp="2014-03-18T11:50:36" id="d4ff9978-94cc-48d5-b57f-4ce0d1e6d46e" name="testInvalidArtifactRemoval" startTimestamp="2014-03-18T11:50:36" time="0.073" />
  <testcase classname="com.ibm.rdm.client.api.tests.review.ReviewChangeValidatorTest" endTimestamp="2014-03-18T11:50:36" id="360f27c6-c006-485a-a395-897013df631f" name="testInvalidArtifactAddition" startTimestamp="2014-03-18T11:50:36" time="0.016" />
  <testcase classname="com.ibm.rdm.client.api.tests.review.ReviewChangeValidatorTest" endTimestamp="2014-03-18T11:50:37" id="e4643176-6a90-4bbf-bb61-39ec2c8549c4" name="testFinalizeStateInvalidatesFurtherChanges" startTimestamp="2014-03-18T11:50:36" time="0.343" />
  <testcase classname="com.ibm.rdm.client.api.tests.review.ReviewDiffServiceTest" endTimestamp="2014-03-18T11:50:41" id="f45d7d6a-6439-432e-89aa-75f15f8a55ab" name="testMultiplePropertyChanges" startTimestamp="2014-03-18T11:50:37" time="4.621" />
  <testcase classname="com.ibm.rdm.client.api.tests.review.ReviewDiffServiceTest" endTimestamp="2014-03-18T11:50:41" id="58b96cb5-5178-4f8a-b3ac-e01ba50df54f" name="testZeroPropertyChanges" startTimestamp="2014-03-18T11:50:41" time="0.0080" />
  <testcase classname="com.ibm.rdm.client.api.tests.review.ReviewDiffServiceTest" endTimestamp="2014-03-18T11:50:41" id="aee3d8d2-de3d-4a8f-9b8f-517a05e0c7d0" name="testSinglePropertyChange" startTimestamp="2014-03-18T11:50:41" time="0.0070" />
  <testcase classname="com.ibm.rdm.client.api.tests.review.ReviewDiffServiceTest" endTimestamp="2014-03-18T11:50:41" id="d17f536b-87c1-4be4-9476-b6d90dcbbfae" name="testParticipantsAdded" startTimestamp="2014-03-18T11:50:41" time="0.0030" />
  <testcase classname="com.ibm.rdm.client.api.tests.review.ReviewDiffServiceTest" endTimestamp="2014-03-18T11:50:41" id="969e3dd1-1885-4607-988c-8feb418001dc" name="testNoDcTitleInReviewResource" startTimestamp="2014-03-18T11:50:41" time="0.0070" />
  <testcase classname="com.ibm.rdm.client.api.tests.review.ReviewDiffServiceTest" endTimestamp="2014-03-18T11:50:41" id="99445810-65cc-416e-81db-ee30ab1c9470" name="testParticipantPropertiesChanged" startTimestamp="2014-03-18T11:50:41" time="0.0020" />
  <testcase classname="com.ibm.rdm.client.api.tests.review.ReviewDiffServiceTest" endTimestamp="2014-03-18T11:50:41" id="72067f9c-1ec5-4d51-96bf-03df835665ce" name="testTopLevelPropertyAdded" startTimestamp="2014-03-18T11:50:41" time="0.0020" />
  <testcase classname="com.ibm.rdm.client.api.tests.review.ReviewDiffServiceTest" endTimestamp="2014-03-18T11:50:41" id="b9d6d8bc-8365-4d22-8bd7-8184be785cf1" name="testNoReviewResourceInModel" startTimestamp="2014-03-18T11:50:41" time="0.0" />
  <testcase classname="com.ibm.rdm.client.api.tests.review.ReviewDiffServiceTest" endTimestamp="2014-03-18T11:50:41" id="a0f34b58-2448-4c90-bae7-c257576de55e" name="testReviewDiffTitleAndUri" startTimestamp="2014-03-18T11:50:41" time="0.0080" />
  <testcase classname="com.ibm.rdm.client.api.tests.review.ReviewDiffServiceTest" endTimestamp="2014-03-18T11:50:42" id="c26df22e-80e6-4f6a-9d12-9d357931ed34" name="testParticipantRemoved" startTimestamp="2014-03-18T11:50:41" time="0.491" />
  <testcase classname="com.ibm.rdm.client.api.tests.review.ReviewStatusTest" endTimestamp="2014-03-18T11:50:47" id="875f75db-b723-4c1d-8488-a7d3994e4b88" name="testNoReviewResourceInModel" startTimestamp="2014-03-18T11:50:42" time="4.869" />
  <testcase classname="com.ibm.rdm.client.api.tests.storedquery.StoredQueryServiceTest" endTimestamp="2014-03-18T11:50:51" id="13acc146-9a03-44d1-a178-7b1c168e4e9c" name="testInvalidArgumentsForSimpleQuery" startTimestamp="2014-03-18T11:50:47" time="4.368" />
  <testcase classname="com.ibm.rdm.client.api.tests.storedquery.StoredQueryServiceTest" endTimestamp="2014-03-18T11:50:51" id="d3855c1d-a1b0-4fcf-9571-c94090fed459" name="testNotFoundUrl" startTimestamp="2014-03-18T11:50:51" time="0.0050" />
  <testcase classname="com.ibm.rdm.client.api.tests.storedquery.StoredQueryServiceTest" endTimestamp="2014-03-18T11:50:51" id="fb30a19b-b87a-4564-8d85-567a3e003dff" name="testFunctionalTestCoverage" startTimestamp="2014-03-18T11:50:51" time="0.357" />
  <testcase classname="com.ibm.rdm.client.api.tests.storedquery.functionalTests.GetReviewsWithArtifactTest" endTimestamp="2014-03-18T11:51:02" id="4de63842-f07d-4c3d-8257-422f2fa639af" name="testScript" startTimestamp="2014-03-18T11:50:51" time="10.771" />
  <testcase classname="com.ibm.rdm.client.api.tests.storedquery.functionalTests.GetTermsTest" endTimestamp="2014-03-18T11:51:13" id="773a3d98-5200-43ed-9fba-999be2f4cf57" name="testScript" startTimestamp="2014-03-18T11:51:02" time="10.672" />
  <testcase classname="com.ibm.rdm.client.api.tests.storedquery.functionalTests.GetUpdatedCommentsTest" endTimestamp="2014-03-18T11:51:33" id="64da44fc-0dbf-4fc4-99ea-6d3476380253" name="testXMLInArtifactTitle" startTimestamp="2014-03-18T11:51:13" time="20.28" />
  <testcase classname="com.ibm.rdm.client.api.tests.storedquery.functionalTests.GetUpdatedCommentsTest" endTimestamp="2014-03-18T11:51:40" id="aea751c3-4cf1-45e1-bcac-48ee40472146" name="testCommentText" startTimestamp="2014-03-18T11:51:33" time="6.924" />
  <testcase classname="com.ibm.rdm.client.api.tests.storedquery.functionalTests.GetUpdatedCommentsTest" endTimestamp="2014-03-18T11:52:22" id="0778c5e2-c631-42a9-803a-db4bb696195c" name="testScript" startTimestamp="2014-03-18T11:51:40" time="42.224" />
  <testcase classname="com.ibm.rdm.client.api.tests.storedquery.functionalTests.GetArtifactsByObjectTypeTest" endTimestamp="2014-03-18T11:52:35" id="d0769495-e309-4614-b78d-14ead652dd94" name="testScript" startTimestamp="2014-03-18T11:52:22" time="12.879" />
  <testcase classname="com.ibm.rdm.client.api.tests.storedquery.functionalTests.FindArtifactByIdTest" endTimestamp="2014-03-18T11:52:54" id="a1bd983f-ad75-450c-b0ad-731ba1e740e8" name="testScript" startTimestamp="2014-03-18T11:52:35" time="19.06" />
  <testcase classname="com.ibm.rdm.client.api.tests.storedquery.functionalTests.ExistingFolderNamesInFolderTest" endTimestamp="2014-03-18T11:53:06" id="03edd84d-91c7-4c35-b30f-70217a9ad6b1" name="testScript" startTimestamp="2014-03-18T11:52:54" time="12.047" />
  <testcase classname="com.ibm.rdm.client.api.tests.storedquery.functionalTests.GetUpdatedCommentsToUserTest" endTimestamp="2014-03-18T11:53:32" id="3526493e-5931-436b-8f2d-27812def15bf" name="testScript" startTimestamp="2014-03-18T11:53:06" time="25.911" />
  <testcase classname="com.ibm.rdm.client.api.tests.storedquery.functionalTests.FindTagsForResourcesTest" endTimestamp="2014-03-18T11:53:45" id="dcc0a830-0965-4a6d-91f7-560a2132967c" name="testScript" startTimestamp="2014-03-18T11:53:32" time="12.9" />
  <testcase classname="com.ibm.rdm.client.api.tests.storedquery.functionalTests.GetRequirementsInReqIFTest" endTimestamp="2014-03-18T11:54:04" id="c0905ab3-12f9-4989-96e0-10d482e9f66f" name="testScript" startTimestamp="2014-03-18T11:53:45" time="19.171" />
  <testcase classname="com.ibm.rdm.client.api.tests.storedquery.functionalTests.MockResultsSampleTest" endTimestamp="2014-03-18T11:54:10" id="a86864ce-73e0-405d-81af-4e649e59c5b4" name="testScript" startTimestamp="2014-03-18T11:54:04" time="5.537" />
  <testcase classname="com.ibm.rdm.client.api.tests.storedquery.functionalTests.GetParentFolderOfArtifactTest" endTimestamp="2014-03-18T11:54:24" id="767d84a7-87a0-40a2-9eea-c7b17d17adf7" name="testScript" startTimestamp="2014-03-18T11:54:10" time="14.4" />
  <testcase classname="com.ibm.rdm.client.api.tests.storedquery.functionalTests.GetUpdatedRequirementsTest" endTimestamp="2014-03-18T11:54:43" id="d0ee3533-0257-4a0b-aee6-68b9e832a9a9" name="testXMLInTitle" startTimestamp="2014-03-18T11:54:24" time="18.343" />
  <testcase classname="com.ibm.rdm.client.api.tests.storedquery.functionalTests.GetUpdatedRequirementsTest" endTimestamp="2014-03-18T11:55:27" id="227341b7-6d88-4bae-8bbc-e70bf202b0e9" name="testScript" startTimestamp="2014-03-18T11:54:43" time="44.191" />
  <testcase classname="com.ibm.rdm.client.api.tests.storedquery.functionalTests.FetchETagAndTypeTest" endTimestamp="2014-03-18T11:55:39" id="89ffc956-06cd-4e01-944e-7a73b0e8c825" name="testScript" startTimestamp="2014-03-18T11:55:27" time="12.325" />
  <testcase classname="com.ibm.rdm.client.api.tests.storedquery.functionalTests.ExistingArtifactNamesInFolderTest" endTimestamp="2014-03-18T11:55:57" id="112cb499-ef95-4021-8592-1a0848fb4ced" name="testScript" startTimestamp="2014-03-18T11:55:39" time="17.743" />
  <testcase classname="com.ibm.rdm.client.api.tests.storedquery.functionalTests.GetUpdatedCommentsByUserTest" endTimestamp="2014-03-18T11:56:22" id="9edceec6-9e2f-4d94-99f8-792472fc1a55" name="testScript" startTimestamp="2014-03-18T11:55:57" time="24.933" />
  <testcase classname="com.ibm.rdm.client.api.tests.storedquery.functionalTests.FetchSystemAttributesTest" endTimestamp="2014-03-18T11:56:32" id="443593cb-2a0c-431e-8c54-0afb9d76fc63" name="testScript" startTimestamp="2014-03-18T11:56:22" time="9.803" />
  <testcase classname="com.ibm.rdm.client.api.tests.storedquery.functionalTests.ExistingPublicTagNamesTest" endTimestamp="2014-03-18T11:56:41" id="2b8f481c-6357-4dc1-9ea0-ebbf2d1e7fe4" name="testScript" startTimestamp="2014-03-18T11:56:32" time="8.956" />
  <testcase classname="com.ibm.rdm.client.api.tests.storedquery.functionalTests.ExistingPrivateTagNamesTest" endTimestamp="2014-03-18T11:56:48" id="aad21ddb-03b9-4c23-8d3a-f72649088647" name="testScript" startTimestamp="2014-03-18T11:56:41" time="6.982" />
  <testcase classname="com.ibm.rdm.client.api.tests.storedquery.functionalTests.FetchTitleIdentifierAndFormatTest" endTimestamp="2014-03-18T11:56:58" id="d84d15c4-164f-44c8-a081-af84018a9b4b" name="testScript" startTimestamp="2014-03-18T11:56:48" time="10.846" />
  <testcase classname="com.ibm.rdm.client.api.tests.storedquery.functionalTests.CommentsInReviewTest" endTimestamp="2014-03-18T11:57:09" id="631651c3-988d-4e56-8fe4-6f60626a8bfe" name="testScript" startTimestamp="2014-03-18T11:56:58" time="10.971" />
  <testcase classname="com.ibm.rdm.client.api.tests.storedquery.functionalTests.GetExternalArtifactsByMimeTypeTest" endTimestamp="2014-03-18T11:57:22" id="5d48bc71-96f5-498a-a10c-d92b83984064" name="testScript" startTimestamp="2014-03-18T11:57:09" time="12.879" />
  <testcase classname="com.ibm.rdm.client.api.tests.storedquery.functionalTests.GetBaselinesTest" endTimestamp="2014-03-18T11:57:27" id="cfbaf0b1-2572-4179-a6c9-bad9ff3dc9a1" name="testScript" startTimestamp="2014-03-18T11:57:22" time="4.623" />
  <testcase classname="com.ibm.rdm.client.api.tests.storedquery.functionalTests.GetCollectionsWithArtifactTest" endTimestamp="2014-03-18T11:57:40" id="d26d37d6-8fbe-4594-ae14-9d9bb0c891e9" name="testScript" startTimestamp="2014-03-18T11:57:27" time="12.758" />
  <testcase classname="com.ibm.rdm.client.api.tests.storedquery.functionalTests.GetWrapperResourceTest" endTimestamp="2014-03-18T11:57:50" id="660dd37d-062d-4949-a490-ebbd994fdd5e" name="testScript" startTimestamp="2014-03-18T11:57:40" time="10.582" />
  <testcase classname="com.ibm.rdm.client.api.tests.storedquery.functionalTests.GetProjectOfArtifactTest" endTimestamp="2014-03-18T11:58:06" id="79f2151b-f364-4cec-9e24-ab5fe8aa5804" name="testScript" startTimestamp="2014-03-18T11:57:50" time="16.162" />
  <testcase classname="com.ibm.rdm.client.api.tests.locks.LockServiceTest" endTimestamp="2014-03-18T11:58:19" id="c0d24d13-56af-438c-9772-d2dfc64dc645" name="testBreakAndTakeNoPermissionToBreak" startTimestamp="2014-03-18T11:58:06" time="13.092" />
  <testcase classname="com.ibm.rdm.client.api.tests.locks.LockServiceTest" endTimestamp="2014-03-18T11:58:25" id="dc2b2dd5-e5e6-49ba-87ab-55bf05675609" name="testLockIsReentrant" startTimestamp="2014-03-18T11:58:19" time="6.011" />
  <testcase classname="com.ibm.rdm.client.api.tests.locks.LockServiceTest" endTimestamp="2014-03-18T11:58:32" id="1a02530a-e5b8-4383-9295-1cfde7b8e49f" name="testBreakAndTake" startTimestamp="2014-03-18T11:58:25" time="6.239" />
  <testcase classname="com.ibm.rdm.client.api.tests.locks.LockServiceTest" endTimestamp="2014-03-18T11:58:39" id="62c92af4-023e-41b6-973d-4eb2f07c134b" name="testLockReleaseEtag" startTimestamp="2014-03-18T11:58:32" time="7.208" />
  <testcase classname="com.ibm.rdm.client.api.tests.locks.LockServiceTest" endTimestamp="2014-03-18T11:58:44" id="d9f1636d-f448-4db3-aed5-00382c81e59d" name="testUserMustHavePermissionToModifyResourceForLockAcquire" startTimestamp="2014-03-18T11:58:39" time="4.905" />
  <testcase classname="com.ibm.rdm.client.api.tests.locks.LockServiceTest" endTimestamp="2014-03-18T11:58:50" id="2f52eca5-b9b9-4c26-9d13-d07d85d3f531" name="testBreakLock" startTimestamp="2014-03-18T11:58:44" time="5.802" />
  <testcase classname="com.ibm.rdm.client.api.tests.locks.LockServiceTest" endTimestamp="2014-03-18T11:58:56" id="a41d2412-4084-468c-85a0-9509b601e0b5" name="testAutomaticLockIfNoneMatchUnlocked" startTimestamp="2014-03-18T11:58:50" time="6.083" />
  <testcase classname="com.ibm.rdm.client.api.tests.locks.LockServiceTest" endTimestamp="2014-03-18T11:59:02" id="9218c17f-e392-48c4-8e90-0510f6bceedf" name="testBreakNoPermissionToBreak" startTimestamp="2014-03-18T11:58:56" time="5.855" />
  <testcase classname="com.ibm.rdm.client.api.tests.locks.LockServiceTest" endTimestamp="2014-03-18T11:59:08" id="012eab45-3428-4d9d-85ce-334edf020c52" name="testAutomaticLockIfNoneMatchLockedByRequestor" startTimestamp="2014-03-18T11:59:02" time="5.977" />
  <testcase classname="com.ibm.rdm.client.api.tests.locks.LockServiceTest" endTimestamp="2014-03-18T11:59:49" id="bc0fbef9-2a92-49b1-ae2e-5c0220220b26" name="testReHashLockGraphs" startTimestamp="2014-03-18T11:59:08" time="41.63" />
  <testcase classname="com.ibm.rdm.client.api.tests.locks.LockServiceTest" endTimestamp="2014-03-18T11:59:55" id="03405127-2d82-4260-982c-8e20e36b60f4" name="testAutoLockThenManualLockThenAutoReleaseThenManualRelease" startTimestamp="2014-03-18T11:59:49" time="6.189" />
  <testcase classname="com.ibm.rdm.client.api.tests.locks.LockServiceTest" endTimestamp="2014-03-18T12:00:01" id="3af596e8-1058-44f2-8dbd-c3c85dd87803" name="testAutomaticLockIfNoneMatchLockedByOther" startTimestamp="2014-03-18T11:59:55" time="6.068" />
  <testcase classname="com.ibm.rdm.client.api.tests.locks.LockServiceTest" endTimestamp="2014-03-18T12:00:10" id="a3db5337-f938-415e-813a-cd775e1e97a6" name="testBreakAndTakeNoModifyPermission" startTimestamp="2014-03-18T12:00:01" time="8.398" />
  <testcase classname="com.ibm.rdm.client.api.tests.locks.LockServiceTest" endTimestamp="2014-03-18T12:00:17" id="79b6d519-a079-463b-a8a5-679f99c8fada" name="testLockBulkAcquireEnforcement" startTimestamp="2014-03-18T12:00:10" time="7.018" />
  <testcase classname="com.ibm.rdm.client.api.tests.locks.LockServiceTest" endTimestamp="2014-03-18T12:00:25" id="0cc2d2c8-26fb-45bc-a938-c1f083c2c4e2" name="testLockServiceAcceptanceTest" startTimestamp="2014-03-18T12:00:17" time="7.778" />
  <testcase classname="com.ibm.rdm.client.api.tests.locks.LockServiceTest" endTimestamp="2014-03-18T12:00:32" id="ceb4b2d9-60c3-47d6-ba6e-a56535adfcb1" name="testLockBulkAcquireAndRelease" startTimestamp="2014-03-18T12:00:25" time="7.646" />
  <testcase classname="com.ibm.rdm.client.api.tests.reqif.ReqIFServiceAcceptanceTests" endTimestamp="2014-03-18T12:00:53" id="5c6ef4c2-34cf-4e5c-8931-e7d961b0b1f4" name="testCommonAttributesRememberAssociations" startTimestamp="2014-03-18T12:00:32" time="20.282" />
  <testcase classname="com.ibm.rdm.client.api.tests.reqif.ReqIFServiceAcceptanceTests" endTimestamp="2014-03-18T12:01:06" id="5f325515-e4ee-4f59-96c2-050680201c7c" name="testRepeatedFailingImportsDoNotDuplicateFolders" startTimestamp="2014-03-18T12:00:53" time="13.737" />
  <testcase classname="com.ibm.rdm.client.api.tests.reqif.ReqIFServiceAcceptanceTests" endTimestamp="2014-03-18T12:01:06" id="bf2196c2-89bf-4a13-a114-629cea3f09c4" name="testInvalidRIFPackage" startTimestamp="2014-03-18T12:01:06" time="0.123" />
  <testcase classname="com.ibm.rdm.client.api.tests.reqif.ReqIFServiceAcceptanceTests" endTimestamp="2014-03-18T12:01:24" id="1e30094e-d44b-486a-8251-19f973ea8824" name="testAttStringSizeBeingPersisted" startTimestamp="2014-03-18T12:01:06" time="17.975" />
  <testcase classname="com.ibm.rdm.client.api.tests.reqif.ReqIFServiceAcceptanceTests" endTimestamp="2014-03-18T12:01:59" id="3d0df57d-223e-415b-b1f0-03bd7bf513fd" name="testModuleLinks" startTimestamp="2014-03-18T12:01:24" time="34.945" />
  <testcase classname="com.ibm.rdm.client.api.tests.reqif.ReqIFServiceAcceptanceTests" endTimestamp="2014-03-18T12:02:13" id="d1159088-20a2-4f4a-969f-47dfff7213fb" name="testRepeatedFailingImportsDoNotDuplicateTypes" startTimestamp="2014-03-18T12:01:59" time="14.031" />
  <testcase classname="com.ibm.rdm.client.api.tests.reqif.ReqIFServiceAcceptanceTests" endTimestamp="2014-03-18T12:02:46" id="07bfb245-f6af-49ba-abb8-87fa479b8623" name="testLinkFixupComplete" startTimestamp="2014-03-18T12:02:13" time="32.91" />
  <testcase classname="com.ibm.rdm.client.api.tests.reqif.ReqIFServiceAcceptanceTests" endTimestamp="2014-03-18T12:03:53" id="34f24c03-5c58-438f-b3e1-af35c1617c94" name="testDOORSOLE_Embeds" startTimestamp="2014-03-18T12:02:46" time="67.02" />
  <testcase classname="com.ibm.rdm.client.api.tests.reqif.ReqIFServiceAcceptanceTests" endTimestamp="2014-03-18T12:03:55" id="a1640d3c-2a0e-4fc3-9ad8-56fc5eabdd0c" name="testPackagesXMLandGZIP" startTimestamp="2014-03-18T12:03:53" time="1.573" />
  <testcase classname="com.ibm.rdm.client.api.tests.reqif.ReqIFServiceAcceptanceTests" endTimestamp="2014-03-18T12:04:10" id="5549574c-5a8c-4b16-a572-529029825e32" name="testCommonAttributesForeignNames" startTimestamp="2014-03-18T12:03:55" time="15.118" />
  <testcase classname="com.ibm.rdm.client.api.tests.reqif.ReqIFServiceAcceptanceTests" endTimestamp="2014-03-18T12:04:46" id="fd4f38e8-789e-4fdd-b6cc-f02c3fca935e" name="testUpdateOle" startTimestamp="2014-03-18T12:04:10" time="36.455" />
  <testcase classname="com.ibm.rdm.client.api.tests.reqif.ReqIFServiceAcceptanceTests" endTimestamp="2014-03-18T12:05:54" id="5d119744-42be-4f6b-8b72-cd7ebb55567b" name="testImportIntoInvalidFolder" startTimestamp="2014-03-18T12:04:46" time="67.679" />
  <testcase classname="com.ibm.rdm.client.api.tests.reqif.ReqIFServiceAcceptanceTests" endTimestamp="2014-03-18T12:05:54" id="78cbd4b3-92fa-4124-a77e-494c922afdf2" name="testImportInvalidContentType" startTimestamp="2014-03-18T12:05:54" time="0.123" />
  <testcase classname="com.ibm.rdm.client.api.tests.reqif.ReqIFServiceAcceptanceTests" endTimestamp="2014-03-18T12:05:54" id="5ca59433-b7c8-42bd-8c2b-eecc77b6c0f9" name="testParse" startTimestamp="2014-03-18T12:05:54" time="0.053" />
  <testcase classname="com.ibm.rdm.client.api.tests.reqif.ReqIFServiceAcceptanceTests" endTimestamp="2014-03-18T12:06:05" id="1e5977a5-4b8f-463f-b261-ff7aed923df9" name="testXHTML" startTimestamp="2014-03-18T12:05:54" time="10.802" />
  <testcase classname="com.ibm.rdm.client.api.tests.reqif.ReqIFServiceAcceptanceTests" endTimestamp="2014-03-18T12:06:21" id="2c4958a1-ccfe-45c1-b29d-5bda717013b5" name="testTags" startTimestamp="2014-03-18T12:06:05" time="16.166" />
  <testcase classname="com.ibm.rdm.client.api.tests.reqif.ReqIFServiceAcceptanceTests" endTimestamp="2014-03-18T12:06:38" id="b179701f-23ec-42e1-9460-5406ca70fc9d" name="testObjectTypeLinkPreferences" startTimestamp="2014-03-18T12:06:21" time="17.018" />
  <testcase classname="com.ibm.rdm.client.api.tests.reqif.ReqIFServiceAcceptanceTests" endTimestamp="2014-03-18T12:06:51" id="90c5f751-65a7-45f3-a20f-fe78010d2153" name="testDateDataTypes" startTimestamp="2014-03-18T12:06:38" time="12.811" />
  <testcase classname="com.ibm.rdm.client.api.tests.reqif.ReqIFServiceAcceptanceTests" endTimestamp="2014-03-18T12:07:08" id="39adbdb9-dd4a-43f5-9535-1d6fd6d98169" name="testLinkElementInfo" startTimestamp="2014-03-18T12:06:51" time="16.861" />
  <testcase classname="com.ibm.rdm.client.api.tests.reqif.ReqIFServiceAcceptanceTests" endTimestamp="2014-03-18T12:07:28" id="900b4d49-f0e0-4a33-8068-5f2705c81a9d" name="testModuleWithSharedBoundArtifacts" startTimestamp="2014-03-18T12:07:08" time="20.36" />
  <testcase classname="com.ibm.rdm.client.api.tests.reqif.ReqIFServiceAcceptanceTests" endTimestamp="2014-03-18T12:09:40" id="57e29f6b-6cf6-49f4-9622-5bc5ca8b439d" name="testReImport" startTimestamp="2014-03-18T12:07:28" time="131.863" />
  <testcase classname="com.ibm.rdm.client.api.tests.reqif.ReqIFServiceAcceptanceTests" endTimestamp="2014-03-18T12:09:43" id="9414bf25-788e-40c7-89e9-633c749ddbe7" name="testPackagesFeed" startTimestamp="2014-03-18T12:09:40" time="2.792" />
  <testcase classname="com.ibm.rdm.client.api.tests.reqif.ReqIFServiceAcceptanceTests" endTimestamp="2014-03-18T12:10:21" id="ff75c67b-f994-4454-ad6f-233f8af94be9" name="testNonPrimaryTextOLEIsSimplified" startTimestamp="2014-03-18T12:09:43" time="37.866" />
  <testcase classname="com.ibm.rdm.client.api.tests.reqif.ReqIFServiceAcceptanceTests" endTimestamp="2014-03-18T12:10:46" id="0102366c-a976-4518-93c6-d1dfe61642d5" name="testEnumReimport" startTimestamp="2014-03-18T12:10:21" time="24.782" />
  <testcase classname="com.ibm.rdm.client.api.tests.reqif.ReqIFServiceAcceptanceTests" endTimestamp="2014-03-18T12:11:01" id="70883f60-e857-4f30-9f89-9c0bb7014a93" name="testHeadings" startTimestamp="2014-03-18T12:10:46" time="15.218" />
  <testcase classname="com.ibm.rdm.client.api.tests.reqif.ReqIFServiceAcceptanceTests" endTimestamp="2014-03-18T12:11:30" id="a7b8efed-5ec8-4ec0-9474-ac744c580fbd" name="testUpdateModuleTwice" startTimestamp="2014-03-18T12:11:01" time="29.109" />
  <testcase classname="com.ibm.rdm.client.api.tests.reqif.ReqIFServiceAcceptanceTests" endTimestamp="2014-03-18T12:11:44" id="78b5ffcb-986c-497d-92fd-2fb73d915171" name="testAttDefDefaultValues" startTimestamp="2014-03-18T12:11:30" time="13.936" />
  <testcase classname="com.ibm.rdm.client.api.tests.reqif.ReqIFServiceAcceptanceTests" endTimestamp="2014-03-18T12:12:00" id="32b7a2d6-06a4-428a-a512-b22adc122ffc" name="testImportModuleReferencingSameWrappedResourceTwice" startTimestamp="2014-03-18T12:11:44" time="16.492" />
  <testcase classname="com.ibm.rdm.client.api.tests.reqif.ReqIFServiceAcceptanceTests" endTimestamp="2014-03-18T12:12:34" id="8843db09-6dcb-4c89-9b46-a6d1e685dc47" name="testAlternateIDPersistence" startTimestamp="2014-03-18T12:12:00" time="33.268" />
  <testcase classname="com.ibm.rdm.client.api.tests.reqif.ReqIFServiceAcceptanceTests" endTimestamp="2014-03-18T12:12:45" id="f41f8e1f-dabe-49a4-b5d1-827db52eb244" name="testInvalidEmptyUserAttributeValues" startTimestamp="2014-03-18T12:12:34" time="11.325" />
  <testcase classname="com.ibm.rdm.client.api.tests.reqif.ReqIFServiceAcceptanceTests" endTimestamp="2014-03-18T12:12:52" id="76018446-be2c-4555-9dea-7257e064d5a6" name="testImportDataTypeWithEmptyEnumValueTitle" startTimestamp="2014-03-18T12:12:45" time="7.392" />
  <testcase classname="com.ibm.rdm.client.api.tests.reqif.ReqIFServiceAcceptanceTests" endTimestamp="2014-03-18T12:13:08" id="a5d74b7d-70f8-4e1b-871c-81338c102aea" name="testLinkLabelEncoding" startTimestamp="2014-03-18T12:12:52" time="15.96" />
  <testcase classname="com.ibm.rdm.client.api.tests.reqif.ReqIFServiceAcceptanceTests" endTimestamp="2014-03-18T12:14:15" id="9ceb1917-d188-4a96-9e21-9eb307ee105c" name="testUploadAndImport" startTimestamp="2014-03-18T12:13:08" time="66.421" />
  <testcase classname="com.ibm.rdm.client.api.tests.reqif.ReqIFServiceAcceptanceTests" endTimestamp="2014-03-18T12:14:32" id="961e667a-9b3a-43a8-94dc-aac393dd6b95" name="testModuleArtifactANDCoreArtifactsIncludedSeparately" startTimestamp="2014-03-18T12:14:15" time="17.243" />
  <testcase classname="com.ibm.rdm.client.api.tests.reqif.ReqIFServiceAcceptanceTests" endTimestamp="2014-03-18T12:21:03" id="5b9ad89b-87e9-43bf-b884-4c1202e3ef87" name="testImportZip" startTimestamp="2014-03-18T12:14:32" time="390.577" />
  <testcase classname="com.ibm.rdm.client.api.tests.reqif.ReqIFServiceAcceptanceTests" endTimestamp="2014-03-18T12:21:03" id="7705c17c-3448-43fc-bcca-438dbd599a70" name="testInvalidZippedFileUpload" startTimestamp="2014-03-18T12:21:03" time="0.425" />
  <testcase classname="com.ibm.rdm.client.api.tests.reqif.ReqIFServiceAcceptanceTests" endTimestamp="2014-03-18T12:21:03" id="ecde82dc-8c35-48b9-bcfb-157b41b76c9e" name="test_TODO_Operations_NOT_IMPLEMENTED" startTimestamp="2014-03-18T12:21:03" time="0.0" />
  <testcase classname="com.ibm.rdm.client.api.tests.reqif.ReqIFServiceAcceptanceTests" endTimestamp="2014-03-18T12:21:51" id="d9728155-4f8d-4eff-8e39-bd3e727eaf5f" name="testUploadAndImportWithErrors" startTimestamp="2014-03-18T12:21:03" time="48.187" />
  <testcase classname="com.ibm.rdm.client.api.tests.reqif.ReqIFServiceAcceptanceTests" endTimestamp="2014-03-18T12:24:08" id="78751e3f-d720-47cb-b4d3-4b6847b8f52d" name="testDeleteAndRecreateArtifact" startTimestamp="2014-03-18T12:21:51" time="137.105" />
  <testcase classname="com.ibm.rdm.client.api.tests.reqif.ReqIFServiceAcceptanceTests" endTimestamp="2014-03-18T12:24:24" id="089e5897-bd4d-44af-9061-de2edf18b277" name="testDuplicateTags" startTimestamp="2014-03-18T12:24:08" time="15.318" />
  <testcase classname="com.ibm.rdm.client.api.tests.reqif.ReqIFServiceAcceptanceTests" endTimestamp="2014-03-18T12:24:36" id="0bb9a91d-ad35-4a4a-a36c-08abe5fa7b3a" name="testDeletePackageMetadataCascade" startTimestamp="2014-03-18T12:24:24" time="12.375" />
  <testcase classname="com.ibm.rdm.client.api.tests.reqif.ReqIFServiceAcceptanceTests" endTimestamp="2014-03-18T12:25:04" id="bd2efca0-fd49-4ce8-838c-08a4fe5f53f9" name="testModuleHeadingExport" startTimestamp="2014-03-18T12:24:36" time="28.07" />
  <testcase classname="com.ibm.rdm.client.api.tests.reqif.ReqIFServiceAcceptanceTests" endTimestamp="2014-03-18T12:26:13" id="33b0dd4e-efa6-420b-bff6-4f8f7c0ac298" name="testImportIntoDefaultFolder" startTimestamp="2014-03-18T12:25:04" time="69.19" />
  <testcase classname="com.ibm.rdm.client.api.tests.reqif.ReqIFServiceAcceptanceTests" endTimestamp="2014-03-18T12:26:39" id="eff11852-9a81-407d-af3b-8c599fed52ac" name="testAttDefDefaultValuesXHTML" startTimestamp="2014-03-18T12:26:13" time="26.181" />
  <testcase classname="com.ibm.rdm.client.api.tests.reqif.ReqIFServiceAcceptanceTests" endTimestamp="2014-03-18T12:27:19" id="4cf25758-ed3f-4059-846a-51adf712bd20" name="testFormattedTextModule" startTimestamp="2014-03-18T12:26:39" time="39.175" />
  <testcase classname="com.ibm.rdm.client.api.tests.reqif.ReqIFServiceAcceptanceTests" endTimestamp="2014-03-18T12:27:32" id="cfebb7fc-00b6-4638-aa34-36d0ef514426" name="testCollections" startTimestamp="2014-03-18T12:27:19" time="13.863" />
  <testcase classname="com.ibm.rdm.client.api.tests.reqif.ReqIFServiceAcceptanceTests" endTimestamp="2014-03-18T12:28:11" id="f7a487a8-9cba-4c1e-87ba-319096096de9" name="testImportExportOLEWithAlternateImage" startTimestamp="2014-03-18T12:27:32" time="38.101" />
  <testcase classname="com.ibm.rdm.client.api.tests.reqif.ReqIFServiceAcceptanceTests" endTimestamp="2014-03-18T12:28:43" id="bc0de2c6-51d4-4e5f-8294-2dace1c89a70" name="testExportModuleInACollection" startTimestamp="2014-03-18T12:28:11" time="32.11" />
  <testcase classname="com.ibm.rdm.client.api.tests.reqif.ReqIFServiceAcceptanceTests" endTimestamp="2014-03-18T12:29:05" id="79a6505a-ae66-4921-ad2d-2a96c9be01e6" name="testFoldersComplete" startTimestamp="2014-03-18T12:28:43" time="22.412" />
  <testcase classname="com.ibm.rdm.client.api.tests.reqif.ReqIFServiceAcceptanceTests" endTimestamp="2014-03-18T12:29:15" id="24b15e5b-47f0-43a0-9748-d475ffc1cf55" name="testArtifactFormats" startTimestamp="2014-03-18T12:29:05" time="9.724" />
  <testcase classname="com.ibm.rdm.client.api.tests.reqif.ReqIFServiceAcceptanceTests" endTimestamp="2014-03-18T12:29:43" id="d695a7d4-4290-44fa-bf8e-704ed27e329e" name="testIncludeLinksFoldersOption" startTimestamp="2014-03-18T12:29:15" time="28.378" />
  <testcase classname="com.ibm.rdm.client.api.tests.reqif.ReqIFServiceAcceptanceTests" endTimestamp="2014-03-18T12:30:06" id="85c3bbd1-1a5d-4ee8-957e-b422cd9ba717" name="testSpecObjectTypeIconRef" startTimestamp="2014-03-18T12:29:43" time="22.776" />
  <testcase classname="com.ibm.rdm.client.api.tests.reqif.ReqIFServiceAcceptanceTests" endTimestamp="2014-03-18T12:30:33" id="5ba0c274-1441-4c49-b673-504c0dc7d1d4" name="testCreateDeleteRecreateModule" startTimestamp="2014-03-18T12:30:06" time="26.751" />
  <testcase classname="com.ibm.rdm.client.api.tests.reqif.ReqIFServiceAcceptanceTests" endTimestamp="2014-03-18T12:31:02" id="7d406c3d-5ee5-4f33-bcfb-2cc840f164a7" name="testUpdateModuleLinksTest" startTimestamp="2014-03-18T12:30:33" time="29.398" />
  <testcase classname="com.ibm.rdm.client.api.tests.reqif.ReqIFServiceAcceptanceTests" endTimestamp="2014-03-18T12:31:27" id="3f469ab2-e7e5-446b-8c32-a46843a69b5b" name="testDeleteAndRecreateFolders" startTimestamp="2014-03-18T12:31:02" time="24.905" />
  <testcase classname="com.ibm.rdm.client.api.tests.reqif.ReqIFServiceAcceptanceTests" endTimestamp="2014-03-18T12:31:58" id="35f65ec1-878a-4bce-b2f7-fd565b98abdf" name="testModuleValidation" startTimestamp="2014-03-18T12:31:27" time="31.321" />
  <testcase classname="com.ibm.rdm.client.api.tests.reqif.ReqIFServiceAcceptanceTests" endTimestamp="2014-03-18T12:31:59" id="64064b47-a24e-4066-81ac-b41dfc1fccca" name="testInvalidPackage" startTimestamp="2014-03-18T12:31:58" time="0.581" />
  <testcase classname="com.ibm.rdm.client.api.tests.reqif.ReqIFServiceAcceptanceTests" endTimestamp="2014-03-18T12:32:14" id="51753776-2c53-4a9b-9110-34e256e89876" name="testExternalLinksNotModified" startTimestamp="2014-03-18T12:31:59" time="15.18" />
  <testcase classname="com.ibm.rdm.client.api.tests.reqif.ReqIFServiceAcceptanceTests" endTimestamp="2014-03-18T12:32:19" id="3a541ac1-34c4-40b8-babe-460842f0f222" name="testDefinitionCRUD" startTimestamp="2014-03-18T12:32:14" time="5.372" />
  <testcase classname="com.ibm.rdm.client.api.tests.SuspectLinksTest" endTimestamp="2014-03-18T12:32:27" id="d7ae4898-6110-4c2c-81f3-235e7c579b57" name="testCreateProfile" startTimestamp="2014-03-18T12:32:20" time="6.342" />
  <testcase classname="com.ibm.rdm.client.api.tests.publish.ResourcesTest" endTimestamp="2014-03-18T12:32:53" id="801b2ee7-5eb5-48ad-9235-261b3f714efa" name="testLinks" startTimestamp="2014-03-18T12:32:27" time="26.206" />
  <testcase classname="com.ibm.rdm.client.api.tests.publish.ResourcesTest" endTimestamp="2014-03-18T12:32:58" id="8cfb51d4-5c21-4f80-a742-8d478c0dc8a6" name="testNameDescription" startTimestamp="2014-03-18T12:32:53" time="5.137" />
  <testcase classname="com.ibm.rdm.client.api.tests.publish.ResourcesTest" endTimestamp="2014-03-18T12:33:21" id="1931dc04-d90f-4c02-b65c-b96a415c5ac6" name="testFilterByModifiedSince" startTimestamp="2014-03-18T12:32:58" time="23.49" />
  <testcase classname="com.ibm.rdm.client.api.tests.publish.ResourcesTest" endTimestamp="2014-03-18T12:33:27" id="29e35906-7970-4f22-aff3-92c6fd441474" name="testCustomAttributes" startTimestamp="2014-03-18T12:33:21" time="5.552" />
  <testcase classname="com.ibm.rdm.client.api.tests.publish.ResourcesTest" endTimestamp="2014-03-18T12:33:27" id="5a04980f-ca94-4603-bbb3-6015ddf67a3b" name="testSimpleModifiedSince" startTimestamp="2014-03-18T12:33:27" time="0.244" />
  <testcase classname="com.ibm.rdm.client.api.tests.publish.ResourcesTest" endTimestamp="2014-03-18T12:33:49" id="55aae91f-c1b5-4672-b8d8-729a3b17678c" name="testFilterByModifiedSinceUTC" startTimestamp="2014-03-18T12:33:27" time="21.95" />
  <testcase classname="com.ibm.rdm.client.api.tests.publish.ResourcesTest" endTimestamp="2014-03-18T12:33:58" id="170bc397-b982-4e37-beb2-4774ffe49ec1" name="testMultipleResources" startTimestamp="2014-03-18T12:33:49" time="8.979" />
  <testcase classname="com.ibm.rdm.client.api.tests.publish.ResourcesTest" endTimestamp="2014-03-18T12:33:59" id="66abb9f9-5bba-42d9-8912-88de0aedde19" name="testTypeNameFilterNotValidNeg" startTimestamp="2014-03-18T12:33:58" time="0.461" />
  <testcase classname="com.ibm.rdm.client.api.tests.publish.ResourcesTest" endTimestamp="2014-03-18T12:33:59" id="3fdc03a0-ad45-4381-aa58-75cdf4fa6a15" name="testBaselineFilter" startTimestamp="2014-03-18T12:33:59" time="0.0" />
  <testcase classname="com.ibm.rdm.client.api.tests.publish.ResourcesTest" endTimestamp="2014-03-18T12:34:35" id="68fd2093-a5e7-42d7-86e3-3811e2950a49" name="testSavedFilterMultiple" startTimestamp="2014-03-18T12:33:59" time="36.264" />
  <testcase classname="com.ibm.rdm.client.api.tests.publish.ResourcesTest" endTimestamp="2014-03-18T12:34:35" id="d4f3d4db-3586-4c02-aedb-dedc86e9694f" name="testTypeUriFilterNotValidNeg" startTimestamp="2014-03-18T12:34:35" time="0.25" />
  <testcase classname="com.ibm.rdm.client.api.tests.publish.ResourcesTest" endTimestamp="2014-03-18T12:35:13" id="7dc78817-8d1d-4e16-8916-1c9e97e4d290" name="testFilterByProject" startTimestamp="2014-03-18T12:34:35" time="37.63" />
  <testcase classname="com.ibm.rdm.client.api.tests.publish.ResourcesTest" endTimestamp="2014-03-18T12:35:20" id="789fe544-0e2b-411a-aae1-9f3ea7338dea" name="testSingleResource" startTimestamp="2014-03-18T12:35:13" time="7.707" />
  <testcase classname="com.ibm.rdm.client.api.tests.publish.ResourcesTest" endTimestamp="2014-03-18T12:35:45" id="eccc38a8-7ba0-4e2e-a0d2-49584d7dff3c" name="testSavedFilter" startTimestamp="2014-03-18T12:35:20" time="24.105" />
  <testcase classname="com.ibm.rdm.client.api.tests.publish.ResourcesTest" endTimestamp="2014-03-18T12:36:09" id="34472822-e108-46ad-8e4e-675e59b7579b" name="testTypeFilterMultiple" startTimestamp="2014-03-18T12:35:45" time="24.307" />
  <testcase classname="com.ibm.rdm.client.api.tests.publish.ResourcesTest" endTimestamp="2014-03-18T12:36:09" id="52c39214-144c-4dfa-8789-c64647e2d0ba" name="testTypeNameFilterNoProjectNeg" startTimestamp="2014-03-18T12:36:09" time="0.049" />
  <testcase classname="com.ibm.rdm.client.api.tests.publish.ResourcesTest" endTimestamp="2014-03-18T12:36:24" id="1dc65aa4-6088-43d1-8aaf-d1193ee3e3db" name="testTypeFilterWithProjectFilter" startTimestamp="2014-03-18T12:36:09" time="15.245" />
  <testcase classname="com.ibm.rdm.client.api.tests.publish.ResourcesTest" endTimestamp="2014-03-18T12:36:24" id="a5db833b-3da6-4ef3-8874-8ccf7632fa0e" name="testViewNameFilterNoProjectNeg" startTimestamp="2014-03-18T12:36:24" time="0.047" />
  <testcase classname="com.ibm.rdm.client.api.tests.publish.ResourcesTest" endTimestamp="2014-03-18T12:36:24" id="7f902f5c-5f2a-4280-8435-fde87edd8be8" name="testMetadata" startTimestamp="2014-03-18T12:36:24" time="0.132" />
  <testcase classname="com.ibm.rdm.client.api.tests.publish.ResourcesTest" endTimestamp="2014-03-18T12:36:40" id="44ee19b1-2bb2-42af-82af-6a7bd991c6b2" name="testTypeNameFilter" startTimestamp="2014-03-18T12:36:24" time="16.015" />
  <testcase classname="com.ibm.rdm.client.api.tests.publish.ResourcesTest" endTimestamp="2014-03-18T12:36:40" id="22e63391-edc8-47be-9033-b244201697fb" name="testViewUriFilterNotValidNeg" startTimestamp="2014-03-18T12:36:40" time="0.096" />
  <testcase classname="com.ibm.rdm.client.api.tests.publish.ResourcesTest" endTimestamp="2014-03-18T12:36:41" id="6906cdbe-7381-4ca9-bfd2-ab7fd17d78c1" name="testViewNameFilterNotValidNeg" startTimestamp="2014-03-18T12:36:40" time="0.103" />
  <testcase classname="com.ibm.rdm.client.api.tests.publish.ResourcesTest" endTimestamp="2014-03-18T12:37:02" id="34c27f08-4cec-404b-99db-25357c566a25" name="testPaging" startTimestamp="2014-03-18T12:36:41" time="21.354" />
  <testcase classname="com.ibm.rdm.client.api.tests.publish.ResourcesTest" endTimestamp="2014-03-18T12:37:18" id="725e1ff3-f9ba-45ac-92fd-685b67411c4d" name="testTypeFilter" startTimestamp="2014-03-18T12:37:02" time="16.507" />
  <testcase classname="com.ibm.rdm.client.api.tests.publish.ResourcesTest" endTimestamp="2014-03-18T12:37:18" id="d3098ac2-6d0c-4bd0-95de-2fa401bffdb1" name="testBaselineSavedFilter" startTimestamp="2014-03-18T12:37:18" time="0.0" />
  <testcase classname="com.ibm.rdm.client.api.tests.publish.ResourcesTest" endTimestamp="2014-03-18T12:37:39" id="7edd5047-2cf2-458c-9c44-ce6cc452c89d" name="testSavedFilterAddRemove" startTimestamp="2014-03-18T12:37:18" time="20.662" />
  <testcase classname="com.ibm.rdm.client.api.tests.publish.TextTest" endTimestamp="2014-03-18T12:37:45" id="7a6e75e2-987f-464d-850d-5e9481f75f4e" name="testRequirementsNeg" startTimestamp="2014-03-18T12:37:39" time="6.032" />
  <testcase classname="com.ibm.rdm.client.api.tests.publish.TextTest" endTimestamp="2014-03-18T12:37:45" id="8fa75669-369a-4455-831c-0e6099353a0d" name="testUsecasesNeg" startTimestamp="2014-03-18T12:37:45" time="0.046" />
  <testcase classname="com.ibm.rdm.client.api.tests.publish.TextTest" endTimestamp="2014-03-18T12:37:45" id="ff6668bd-2a5d-49f5-aa90-155cc16ad8db" name="testActorsNeg" startTimestamp="2014-03-18T12:37:45" time="0.047" />
  <testcase classname="com.ibm.rdm.client.api.tests.publish.TextTest" endTimestamp="2014-03-18T12:37:45" id="815f71e2-2346-430c-944b-7c3f5d036913" name="testBaselineFilterText" startTimestamp="2014-03-18T12:37:45" time="0.0" />
  <testcase classname="com.ibm.rdm.client.api.tests.publish.TextTest" endTimestamp="2014-03-18T12:37:55" id="763ff30b-bb97-45c6-a16d-37a1c2ea3b13" name="testMultipleResources" startTimestamp="2014-03-18T12:37:45" time="9.425" />
  <testcase classname="com.ibm.rdm.client.api.tests.publish.TextTest" endTimestamp="2014-03-18T12:37:55" id="f9b1cf37-029a-44f3-8bc4-b3093a73d610" name="testTypeNameFilterNotValidNeg" startTimestamp="2014-03-18T12:37:55" time="0.602" />
  <testcase classname="com.ibm.rdm.client.api.tests.publish.TextTest" endTimestamp="2014-03-18T12:37:55" id="b19a28f4-dbef-447c-a769-ccdadde55806" name="testBaselineFilter" startTimestamp="2014-03-18T12:37:55" time="0.0" />
  <testcase classname="com.ibm.rdm.client.api.tests.publish.TextTest" endTimestamp="2014-03-18T12:38:33" id="4800b419-45fb-454e-a30b-a5182daa398b" name="testSavedFilterMultiple" startTimestamp="2014-03-18T12:37:55" time="38.296" />
  <testcase classname="com.ibm.rdm.client.api.tests.publish.TextTest" endTimestamp="2014-03-18T12:38:34" id="cc086e8c-f4e9-4e0e-af5c-3223ebff5ca7" name="testTypeUriFilterNotValidNeg" startTimestamp="2014-03-18T12:38:33" time="0.283" />
  <testcase classname="com.ibm.rdm.client.api.tests.publish.TextTest" endTimestamp="2014-03-18T12:39:13" id="002fa39d-1b48-4255-9875-37222e7e425c" name="testFilterByProject" startTimestamp="2014-03-18T12:38:34" time="39.273" />
  <testcase classname="com.ibm.rdm.client.api.tests.publish.TextTest" endTimestamp="2014-03-18T12:39:21" id="17bd1d42-32ec-4e55-8ae3-3f625f01ee1a" name="testSingleResource" startTimestamp="2014-03-18T12:39:13" time="7.564" />
  <testcase classname="com.ibm.rdm.client.api.tests.publish.TextTest" endTimestamp="2014-03-18T12:39:45" id="d161c05a-95c2-433b-a217-f5ede35a6a82" name="testSavedFilter" startTimestamp="2014-03-18T12:39:21" time="24.711" />
  <testcase classname="com.ibm.rdm.client.api.tests.publish.TextTest" endTimestamp="2014-03-18T12:40:10" id="9db99d2f-936e-419d-943e-35c2fbad436e" name="testTypeFilterMultiple" startTimestamp="2014-03-18T12:39:45" time="25.03" />
  <testcase classname="com.ibm.rdm.client.api.tests.publish.TextTest" endTimestamp="2014-03-18T12:40:10" id="5d44a99a-c50f-4a86-8d3d-4bb46cbd3950" name="testTypeNameFilterNoProjectNeg" startTimestamp="2014-03-18T12:40:10" time="0.061" />
  <testcase classname="com.ibm.rdm.client.api.tests.publish.TextTest" endTimestamp="2014-03-18T12:40:26" id="2d985e2f-4f95-49a3-93b4-763f4c275718" name="testTypeFilterWithProjectFilter" startTimestamp="2014-03-18T12:40:10" time="16.04" />
  <testcase classname="com.ibm.rdm.client.api.tests.publish.TextTest" endTimestamp="2014-03-18T12:40:26" id="eb43ce3d-843f-4064-a21e-d501c044987c" name="testViewNameFilterNoProjectNeg" startTimestamp="2014-03-18T12:40:26" time="0.046" />
  <testcase classname="com.ibm.rdm.client.api.tests.publish.TextTest" endTimestamp="2014-03-18T12:40:27" id="e2f8c904-bf51-4e5c-aee3-346a689ecc3b" name="testMetadata" startTimestamp="2014-03-18T12:40:26" time="0.102" />
  <testcase classname="com.ibm.rdm.client.api.tests.publish.TextTest" endTimestamp="2014-03-18T12:40:44" id="ca20a8eb-9e89-420c-8ae6-f1be32104133" name="testTypeNameFilter" startTimestamp="2014-03-18T12:40:27" time="17.237" />
  <testcase classname="com.ibm.rdm.client.api.tests.publish.TextTest" endTimestamp="2014-03-18T12:40:44" id="ffef648e-6de0-4eef-8773-27ae047784bb" name="testViewUriFilterNotValidNeg" startTimestamp="2014-03-18T12:40:44" time="0.127" />
  <testcase classname="com.ibm.rdm.client.api.tests.publish.TextTest" endTimestamp="2014-03-18T12:40:44" id="37035394-4e55-4276-86c7-14f884bc98e4" name="testViewNameFilterNotValidNeg" startTimestamp="2014-03-18T12:40:44" time="0.121" />
  <testcase classname="com.ibm.rdm.client.api.tests.publish.TextTest" endTimestamp="2014-03-18T12:41:11" id="128fed6d-2115-496c-bf74-f675d9edc9a5" name="testPaging" startTimestamp="2014-03-18T12:40:44" time="26.513" />
  <testcase classname="com.ibm.rdm.client.api.tests.publish.TextTest" endTimestamp="2014-03-18T12:41:28" id="5cf65eaa-1c2a-4fcd-9269-2390ed350609" name="testTypeFilter" startTimestamp="2014-03-18T12:41:11" time="17.368" />
  <testcase classname="com.ibm.rdm.client.api.tests.publish.TextTest" endTimestamp="2014-03-18T12:41:28" id="78b181ab-8979-4199-96e8-642974c8fac0" name="testBaselineSavedFilter" startTimestamp="2014-03-18T12:41:28" time="0.0010" />
  <testcase classname="com.ibm.rdm.client.api.tests.publish.TextTest" endTimestamp="2014-03-18T12:41:49" id="026ea8ec-7238-414b-9937-95f5b7ec7511" name="testSavedFilterAddRemove" startTimestamp="2014-03-18T12:41:28" time="21.348" />
  <testcase classname="com.ibm.rdm.client.api.tests.publish.TermsTest" endTimestamp="2014-03-18T12:42:13" id="c283d700-a288-43f1-97f8-21e3c46ff16c" name="testMultipleDifferentResources" startTimestamp="2014-03-18T12:41:49" time="23.191" />
  <testcase classname="com.ibm.rdm.client.api.tests.publish.TermsTest" endTimestamp="2014-03-18T12:42:19" id="94f90470-66da-4657-9718-6be147e63b27" name="testMultipleResources" startTimestamp="2014-03-18T12:42:13" time="6.545" />
  <testcase classname="com.ibm.rdm.client.api.tests.publish.TermsTest" endTimestamp="2014-03-18T12:42:20" id="863be343-a086-4219-ad41-0e56b0e08618" name="testTypeNameFilterNotValidNeg" startTimestamp="2014-03-18T12:42:19" time="0.486" />
  <testcase classname="com.ibm.rdm.client.api.tests.publish.TermsTest" endTimestamp="2014-03-18T12:42:20" id="94567a36-f280-47c1-9c44-6e30103547c6" name="testBaselineFilter" startTimestamp="2014-03-18T12:42:20" time="0.0" />
  <testcase classname="com.ibm.rdm.client.api.tests.publish.TermsTest" endTimestamp="2014-03-18T12:42:48" id="d0788032-e3f9-462d-b562-58ce18a3e732" name="testSavedFilterMultiple" startTimestamp="2014-03-18T12:42:20" time="28.487" />
  <testcase classname="com.ibm.rdm.client.api.tests.publish.TermsTest" endTimestamp="2014-03-18T12:42:48" id="8045ba28-20a5-499b-aebb-8d7ee8108950" name="testTypeUriFilterNotValidNeg" startTimestamp="2014-03-18T12:42:48" time="0.277" />
  <testcase classname="com.ibm.rdm.client.api.tests.publish.TermsTest" endTimestamp="2014-03-18T12:43:23" id="f57e3e8d-4890-4925-b7f9-1b12c6be9d46" name="testFilterByProject" startTimestamp="2014-03-18T12:42:48" time="34.994" />
  <testcase classname="com.ibm.rdm.client.api.tests.publish.TermsTest" endTimestamp="2014-03-18T12:43:28" id="486f74b1-56b9-4393-b8ba-e1e7b718e047" name="testSingleResource" startTimestamp="2014-03-18T12:43:23" time="5.17" />
  <testcase classname="com.ibm.rdm.client.api.tests.publish.TermsTest" endTimestamp="2014-03-18T12:43:48" id="5ab5764c-9226-4b8b-b4da-e24d0d7fed62" name="testSavedFilter" startTimestamp="2014-03-18T12:43:28" time="19.585" />
  <testcase classname="com.ibm.rdm.client.api.tests.publish.TermsTest" endTimestamp="2014-03-18T12:44:06" id="1bc21ef7-898c-4614-b308-83ca76758111" name="testTypeFilterMultiple" startTimestamp="2014-03-18T12:43:48" time="18.125" />
  <testcase classname="com.ibm.rdm.client.api.tests.publish.TermsTest" endTimestamp="2014-03-18T12:44:06" id="a5360e5a-b96a-427e-8683-8357255579f2" name="testTypeNameFilterNoProjectNeg" startTimestamp="2014-03-18T12:44:06" time="0.046" />
  <testcase classname="com.ibm.rdm.client.api.tests.publish.TermsTest" endTimestamp="2014-03-18T12:44:18" id="725eaccf-5cb0-496d-8176-bf0e8e19d1b7" name="testTypeFilterWithProjectFilter" startTimestamp="2014-03-18T12:44:06" time="11.935" />
  <testcase classname="com.ibm.rdm.client.api.tests.publish.TermsTest" endTimestamp="2014-03-18T12:44:18" id="1c60012e-f1f8-40a0-8d38-bcab31de9f50" name="testViewNameFilterNoProjectNeg" startTimestamp="2014-03-18T12:44:18" time="0.044" />
  <testcase classname="com.ibm.rdm.client.api.tests.publish.TermsTest" endTimestamp="2014-03-18T12:44:18" id="0a319408-11e7-4403-b6ed-cb8c1f474608" name="testMetadata" startTimestamp="2014-03-18T12:44:18" time="0.261" />
  <testcase classname="com.ibm.rdm.client.api.tests.publish.TermsTest" endTimestamp="2014-03-18T12:44:31" id="0e0b031e-486d-4d6e-85b3-8e97142e97e3" name="testTypeNameFilter" startTimestamp="2014-03-18T12:44:18" time="12.164" />
  <testcase classname="com.ibm.rdm.client.api.tests.publish.TermsTest" endTimestamp="2014-03-18T12:44:31" id="2b45d829-e55d-4356-911a-e93c01775d52" name="testViewUriFilterNotValidNeg" startTimestamp="2014-03-18T12:44:31" time="0.094" />
  <testcase classname="com.ibm.rdm.client.api.tests.publish.TermsTest" endTimestamp="2014-03-18T12:44:31" id="7fc5573d-3913-40e9-b0f7-eb203694d524" name="testViewNameFilterNotValidNeg" startTimestamp="2014-03-18T12:44:31" time="0.105" />
  <testcase classname="com.ibm.rdm.client.api.tests.publish.TermsTest" endTimestamp="2014-03-18T12:44:47" id="71d5e484-6933-4287-8b23-d8a9accff708" name="testPaging" startTimestamp="2014-03-18T12:44:31" time="16.506" />
  <testcase classname="com.ibm.rdm.client.api.tests.publish.TermsTest" endTimestamp="2014-03-18T12:45:00" id="3d268890-9e3e-4e22-8d4e-e29323809ee6" name="testTypeFilter" startTimestamp="2014-03-18T12:44:47" time="12.676" />
  <testcase classname="com.ibm.rdm.client.api.tests.publish.TermsTest" endTimestamp="2014-03-18T12:45:00" id="814c5ffb-0263-423c-b3ef-82b7602cc703" name="testBaselineSavedFilter" startTimestamp="2014-03-18T12:45:00" time="0.0" />
  <testcase classname="com.ibm.rdm.client.api.tests.publish.TermsTest" endTimestamp="2014-03-18T12:45:16" id="67f45d72-28dd-4533-a168-ea3c0301be65" name="testSavedFilterAddRemove" startTimestamp="2014-03-18T12:45:00" time="15.765" />
  <testcase classname="com.ibm.rdm.client.api.tests.publish.CollectionsTest" endTimestamp="2014-03-18T12:45:21" id="b0551a25-738f-4886-a0ec-a85b2071cc4d" name="testSavedFilterMultiple" startTimestamp="2014-03-18T12:45:16" time="5.483" />
  <testcase classname="com.ibm.rdm.client.api.tests.publish.CollectionsTest" endTimestamp="2014-03-18T12:45:33" id="ca7792a0-b7aa-46cf-a740-c394cd49bd46" name="testLinks" startTimestamp="2014-03-18T12:45:21" time="11.646" />
  <testcase classname="com.ibm.rdm.client.api.tests.publish.CollectionsTest" endTimestamp="2014-03-18T12:45:33" id="6c86c160-5a68-4955-9cb6-fc90aa205095" name="testSavedFilter" startTimestamp="2014-03-18T12:45:33" time="0.0010" />
  <testcase classname="com.ibm.rdm.client.api.tests.publish.CollectionsTest" endTimestamp="2014-03-18T12:45:33" id="f9d76e59-0f48-45c0-a01e-0e16fb6c94b0" name="testTypeFilterMultiple" startTimestamp="2014-03-18T12:45:33" time="0.0" />
  <testcase classname="com.ibm.rdm.client.api.tests.publish.CollectionsTest" endTimestamp="2014-03-18T12:45:46" id="7e6d93ba-92c7-407d-ba68-5b7490b29250" name="testCollectionWithDeletedArtifact" startTimestamp="2014-03-18T12:45:33" time="13.275" />
  <testcase classname="com.ibm.rdm.client.api.tests.publish.CollectionsTest" endTimestamp="2014-03-18T12:45:46" id="f6b3e6e3-901f-4b20-8334-3fff6e154b5c" name="testTypeFilterWithProjectFilter" startTimestamp="2014-03-18T12:45:46" time="0.0010" />
  <testcase classname="com.ibm.rdm.client.api.tests.publish.CollectionsTest" endTimestamp="2014-03-18T12:45:46" id="42cc2555-cc63-42d3-8221-76100a460bbb" name="testTypeNameFilter" startTimestamp="2014-03-18T12:45:46" time="0.0" />
  <testcase classname="com.ibm.rdm.client.api.tests.publish.CollectionsTest" endTimestamp="2014-03-18T12:45:46" id="eaac2899-0812-44e5-82f5-66d67c6a562e" name="testGlossariesNeg" startTimestamp="2014-03-18T12:45:46" time="0.049" />
  <testcase classname="com.ibm.rdm.client.api.tests.publish.CollectionsTest" endTimestamp="2014-03-18T12:45:58" id="e99e8d50-6946-4161-bd54-8b84ac01a2f0" name="testCollections" startTimestamp="2014-03-18T12:45:46" time="11.791" />
  <testcase classname="com.ibm.rdm.client.api.tests.publish.CollectionsTest" endTimestamp="2014-03-18T12:45:58" id="373bf845-7b37-4248-8feb-d0b678c75037" name="testPaging" startTimestamp="2014-03-18T12:45:58" time="0.0" />
  <testcase classname="com.ibm.rdm.client.api.tests.publish.CollectionsTest" endTimestamp="2014-03-18T12:45:58" id="cc8c20be-2eb6-4343-8ab8-c1932a378fc1" name="testTypeFilter" startTimestamp="2014-03-18T12:45:58" time="0.0" />
  <testcase classname="com.ibm.rdm.client.api.tests.publish.CollectionsTest" endTimestamp="2014-03-18T12:45:58" id="03acdd60-38ed-4de8-ac97-d02073e5a274" name="testBaselineSavedFilter" startTimestamp="2014-03-18T12:45:58" time="0.0010" />
  <testcase classname="com.ibm.rdm.client.api.tests.publish.CollectionsTest" endTimestamp="2014-03-18T12:45:58" id="d71c1e17-8197-4d47-b677-77eb872a8188" name="testSavedFilterAddRemove" startTimestamp="2014-03-18T12:45:58" time="0.0" />
  <testcase classname="com.ibm.rdm.client.api.tests.publish.CollectionsTest" endTimestamp="2014-03-18T12:46:21" id="5ef3f93c-88d8-40f3-8a38-27c7291e8617" name="testMultipleResources" startTimestamp="2014-03-18T12:45:58" time="22.567" />
  <testcase classname="com.ibm.rdm.client.api.tests.publish.CollectionsTest" endTimestamp="2014-03-18T12:46:21" id="715787eb-7990-4ccf-b66e-8035660e782b" name="testTypeNameFilterNotValidNeg" startTimestamp="2014-03-18T12:46:21" time="0.613" />
  <testcase classname="com.ibm.rdm.client.api.tests.publish.CollectionsTest" endTimestamp="2014-03-18T12:46:21" id="647512d1-8ba8-48b0-a1ef-a1171b431966" name="testBaselineFilter" startTimestamp="2014-03-18T12:46:21" time="0.0" />
  <testcase classname="com.ibm.rdm.client.api.tests.publish.CollectionsTest" endTimestamp="2014-03-18T12:46:21" id="f6916ec8-9ba5-48c2-a6cd-9ef07f16e95d" name="testTypeUriFilterNotValidNeg" startTimestamp="2014-03-18T12:46:21" time="0.248" />
  <testcase classname="com.ibm.rdm.client.api.tests.publish.CollectionsTest" endTimestamp="2014-03-18T12:47:54" id="7b2f1d97-13b5-45f0-a9e7-138d4579a118" name="testFilterByProject" startTimestamp="2014-03-18T12:46:21" time="92.286" />
  <testcase classname="com.ibm.rdm.client.api.tests.publish.CollectionsTest" endTimestamp="2014-03-18T12:48:06" id="2d26a9a4-d1fa-4d19-9442-90c78c3797fe" name="testSingleResource" startTimestamp="2014-03-18T12:47:54" time="12.046" />
  <testcase classname="com.ibm.rdm.client.api.tests.publish.CollectionsTest" endTimestamp="2014-03-18T12:48:06" id="a0edb62a-a8e6-4f7b-b3f9-ee71bee1089a" name="testTypeNameFilterNoProjectNeg" startTimestamp="2014-03-18T12:48:06" time="0.05" />
  <testcase classname="com.ibm.rdm.client.api.tests.publish.CollectionsTest" endTimestamp="2014-03-18T12:48:06" id="c8a9bc00-ee97-442f-8fe6-78405c7e5e8a" name="testViewNameFilterNoProjectNeg" startTimestamp="2014-03-18T12:48:06" time="0.049" />
  <testcase classname="com.ibm.rdm.client.api.tests.publish.CollectionsTest" endTimestamp="2014-03-18T12:48:06" id="252846c0-1209-4750-bc90-9d2578b7b14b" name="testMetadata" startTimestamp="2014-03-18T12:48:06" time="0.105" />
  <testcase classname="com.ibm.rdm.client.api.tests.publish.CollectionsTest" endTimestamp="2014-03-18T12:48:06" id="3a3d1ca9-cf27-4c2f-974b-58093e598e35" name="testViewUriFilterNotValidNeg" startTimestamp="2014-03-18T12:48:06" time="0.227" />
  <testcase classname="com.ibm.rdm.client.api.tests.publish.CollectionsTest" endTimestamp="2014-03-18T12:48:08" id="de941ff1-9ef8-49f8-9bca-a53a76ff0cb9" name="testViewNameFilterNotValidNeg" startTimestamp="2014-03-18T12:48:06" time="1.313" />
  <testcase classname="com.ibm.rdm.client.api.tests.publish.CommentsTest" endTimestamp="2014-03-18T12:48:22" id="c670817a-2fba-4be2-b2dc-1eb91ee32092" name="testComments" startTimestamp="2014-03-18T12:48:08" time="14.081" />
  <testcase classname="com.ibm.rdm.client.api.tests.publish.CommentsTest" endTimestamp="2014-03-18T12:48:22" id="f73c057e-c8e6-4cfd-b4da-13e518d9dc25" name="testCommentsNeg" startTimestamp="2014-03-18T12:48:22" time="0.495" />
  <testcase classname="com.ibm.rdm.client.api.tests.publish.ReviewsTest" endTimestamp="2014-03-18T12:48:34" id="139049e0-c330-4bc7-8e03-f3c50b77e3e6" name="testReviews" startTimestamp="2014-03-18T12:48:22" time="11.438" />
  <testcase classname="com.ibm.rdm.client.api.tests.publish.RevisionsTest" endTimestamp="2014-03-18T12:48:39" id="16d0bcd1-aaf2-4ef6-a448-129bf0a17eff" name="testRevisionsNeg" startTimestamp="2014-03-18T12:48:34" time="5.191" />
  <testcase classname="com.ibm.rdm.client.api.tests.publish.RevisionsTest" endTimestamp="2014-03-18T12:48:50" id="332f55a6-453b-4239-bd06-d78b707e5575" name="testRevisions" startTimestamp="2014-03-18T12:48:39" time="11.733" />
  <testcase classname="com.ibm.rdm.client.api.tests.publish.PrintModulesTest" endTimestamp="2014-03-18T12:50:45" id="cc367d9a-f318-46e2-a115-d25cdbeadcbf" name="testPublishPrintViewFromModuleWithoutAttributes" startTimestamp="2014-03-18T12:48:50" time="114.924" />
  <testcase classname="com.ibm.rdm.client.api.tests.publish.PrintModulesTest" endTimestamp="2014-03-18T12:50:51" id="9c5f7fce-4e5c-44f5-bba6-0150dbcee92e" name="testPublishPrintViewFromModule" startTimestamp="2014-03-18T12:50:45" time="5.341" />
  <testcase classname="com.ibm.rdm.client.api.tests.publish.PrintModulesTest" endTimestamp="2014-03-18T12:50:51" id="0bc169b9-8d3a-4b94-870e-ca7a9622cf38" name="testPublishPrintViewBadRequest" startTimestamp="2014-03-18T12:50:51" time="0.085" />
  <testcase classname="com.ibm.rdm.client.api.tests.publish.PublishPrintViewsTest" endTimestamp="2014-03-18T12:50:57" id="e1c5f944-6f66-4a5c-aeb1-e3a32f9ee687" name="testPublishPrintViewFromModuleWithoutAttributes" startTimestamp="2014-03-18T12:50:51" time="6.071" />
  <testcase classname="com.ibm.rdm.client.api.tests.publish.PublishPrintViewsTest" endTimestamp="2014-03-18T12:51:03" id="f800abda-8519-4a4a-b500-20b1f98a9a25" name="testPublishPrintViewFromModule" startTimestamp="2014-03-18T12:50:57" time="5.875" />
  <testcase classname="com.ibm.rdm.client.api.tests.publish.PublishPrintViewsTest" endTimestamp="2014-03-18T12:51:03" id="d0cf05f7-fa3d-48cd-b815-376eda958f86" name="testPublishPrintViewBadRequest" startTimestamp="2014-03-18T12:51:03" time="0.073" />
  <testcase classname="com.ibm.rdm.client.api.tests.publish.PublishAPITest" endTimestamp="2014-03-18T12:51:11" id="9171629c-54fa-4734-9375-58cb78427f34" name="testTemplateLibrary" startTimestamp="2014-03-18T12:51:03" time="8.497" />
  <testcase classname="com.ibm.rdm.client.api.tests.publish.PublishAPITest" endTimestamp="2014-03-18T12:54:11" id="af2d3d03-1401-4111-a4d2-fc478aa362b5" name="testDeleteManyAttributeTypeInFeed" startTimestamp="2014-03-18T12:51:11" time="179.735" />
  <testcase classname="com.ibm.rdm.client.api.tests.publish.PublishAPITest" endTimestamp="2014-03-18T12:54:29" id="719bda66-9398-45a6-9eff-41ee629c29c9" name="testAuthentication" startTimestamp="2014-03-18T12:54:11" time="17.759" />
  <testcase classname="com.ibm.rdm.client.api.tests.publish.PublishAPITest" endTimestamp="2014-03-18T12:55:58" id="8637224a-5c9b-40c5-8edc-074f340643ab" name="testDeleteRequirementInFeed" startTimestamp="2014-03-18T12:54:29" time="89.628" />
  <testcase classname="com.ibm.rdm.client.api.tests.publish.PublishAPITest" endTimestamp="2014-03-18T12:56:17" id="5db68e3e-1fd5-46aa-b330-4f2d70511f93" name="testTemplateLibraryWithInitialization" startTimestamp="2014-03-18T12:55:58" time="18.31" />
  <testcase classname="com.ibm.rdm.client.api.tests.publish.PublishAPITest" endTimestamp="2014-03-18T12:56:33" id="d8098d47-184c-48ac-8373-e289ebb641da" name="testInitialization" startTimestamp="2014-03-18T12:56:17" time="15.93" />
  <testcase classname="com.ibm.rdm.client.api.tests.publish.PublishAPITest" endTimestamp="2014-03-18T12:57:43" id="4fc7e711-6ffe-4f81-ba38-0ce355f43076" name="testDeleteAttributeTypeInFeed" startTimestamp="2014-03-18T12:56:33" time="70.633" />
  <testcase classname="com.ibm.rdm.client.api.tests.publish.PublishAPITest" endTimestamp="2014-03-18T13:00:38" id="06adf527-afc2-4dcb-a833-ef5dd4a0b8ca" name="testLinksInFeed" startTimestamp="2014-03-18T12:57:43" time="175.147" />
  <testcase classname="com.ibm.rdm.client.api.tests.publish.PublishXMLTest" endTimestamp="2014-03-18T13:01:08" id="410bcd6a-5688-47d3-a170-d0df21e9b106" name="testSchemas" startTimestamp="2014-03-18T13:00:38" time="29.497" />
  <testcase classname="com.ibm.rdm.client.api.tests.publish.MaterializedViewReportingTest" endTimestamp="2014-03-18T13:02:56" id="c91b9032-96ed-4529-bdc0-5c6072f99ec0" name="testMaterializedViewReporting" startTimestamp="2014-03-18T13:01:08" time="108.137" />
  <testcase classname="com.ibm.rdm.client.api.tests.publish.MaterializedViewReportingTest" endTimestamp="2014-03-18T13:03:56" id="cc481b33-01b6-4263-be38-943e2943e232" name="testMaterializedViewReportingWithPaging" startTimestamp="2014-03-18T13:02:56" time="59.633" />
  <testcase classname="com.ibm.rdm.client.api.tests.LinkPreferencesServiceTest" endTimestamp="2014-03-18T13:04:09" id="344ae298-dde9-4a71-a7c2-1627ee9138b7" name="testDeleteLinkPreferencesByDeletingArtifactType" startTimestamp="2014-03-18T13:03:57" time="12.785" />
  <testcase classname="com.ibm.rdm.client.api.tests.LinkPreferencesServiceTest" endTimestamp="2014-03-18T13:04:15" id="2c61d013-6f59-4871-8cb5-f2bdee1c8526" name="testUpdateLinkPreferencesViaResourceUri" startTimestamp="2014-03-18T13:04:09" time="5.221" />
  <testcase classname="com.ibm.rdm.client.api.tests.LinkPreferencesServiceTest" endTimestamp="2014-03-18T13:04:27" id="33e0130f-5686-4d04-a0c7-804c432f18c1" name="testUpdateLinkPreferencesByDeletingContainingLinkType" startTimestamp="2014-03-18T13:04:15" time="12.189" />
  <testcase classname="com.ibm.rdm.client.api.tests.LinkPreferencesServiceTest" endTimestamp="2014-03-18T13:04:38" id="dc3a6e56-80f8-4ea1-b3aa-296e5870a84d" name="testGetAllLinkPreferencesViaProjectArea" startTimestamp="2014-03-18T13:04:27" time="10.71" />
  <testcase classname="com.ibm.rdm.client.api.tests.LinkPreferencesServiceTest" endTimestamp="2014-03-18T13:04:44" id="27b180de-c768-4560-8016-2ed765b1819a" name="testCreateAndRetrieveLinkPreferencesByCreatingArtifactType" startTimestamp="2014-03-18T13:04:38" time="6.448" />
  <testcase classname="com.ibm.rdm.client.api.tests.LinkPreferencesServiceTest" endTimestamp="2014-03-18T13:04:52" id="5e58ba4b-5326-4e41-adde-4ba0d6ae2f03" name="testUpdateLinkPreferencesViaProjectAreaAndArtifactType" startTimestamp="2014-03-18T13:04:44" time="7.898" />
</testsuite>

